$
aaymuvpzck
yjaosxjajt
xdxdcgdkix
$
chzitgdyvm
voawpjkawr
dhgwhiimqm
mgqmcbaien
vvygvshatc
$
$
jssqwjkzxs
zrfxcjjqdb
arlfwjghkc
wjlkgodtgl
$
yziymsniqq
dvnzsxydeh
gljtcidvtu
juhikknjuy
$
mwjujbptuq
bmrsxfjzab
iqbnkassuf
$
brofoaazdw
ytxlsmygtv
ojdufgcqho
sklgmjhxih
$
brofoaazdw
qdtytatpml
fdhwqzjurw
lpimgxzxpy
$
hkwxpwrkzw
wenifobrzd
yxoaikfmre
oyvicmrylq
jigggkdnrr
$
kbpywtjmmb
gjdnaxstpq
yevbzruavz
enhgwlpykb
$
$
no
$
no
$
wjlkgodtgl
tgjcbjlqdf
yefjwilxae
xzbwutwohe
nrtbkqwohs
$
$
no
$
$
oiqocumpty
erjtkemobu
szuycuccnr
xzbwutwohe
lxwvqcchwp
$
$
mywzdnlrlq
$
chzitgdyvm
voawpjkawr
ntxohkeuej
$
no
$
esaqawyjsx
vtyyubioyw
xszxqpdqui
lqubywljlu
ttcnwhajvx
$
$
rqlwpluyun
kaquzvziwc
wlaexbenap
eikjsnpejs
$
aaymuvpzck
ttcnwhajvx
rqlwpluyun
hmknqugkkn
gbhyjeivod
$
jauadgmmoz
hlvdepduif
iwusuxmvae
bdwstsliiq
$
gydiewtykl
locaypvcfq
noyeoizjof
bydzzatkfd
$
no
$
pdkavipltc
sjvlrknkgc
onlgeezfwv
hxiyfjquxm
$
vtygzpvxiw
cmjocyxmfy
mfdmaescws
ntapiiwggt
$
eczxnpcqsn
xwbocflesn
macverinvv
kweyymzhzc
$
$
0
$
$
$
zrixjbsoum
hkyyhkvurp
$
no
$
ntapiiwggt
pucxuwtqhb
ntxohkeuej
$
$
no
$
no
$
umlgcghdod
erivmraapy
qlksgfccec
hzrggdjcms
$
xykqemhbwl
womgvqamhl
eikjsnpejs
qgfvoazwub
$
$
$
no
$
hrfkojdazg
jaovqnefzh
wnvflqlado
$
orhsrinsyk
sjvlrknkgc
onlgeezfwv
hzhsimyruk
$
iezhyxmokp
nshbsbqkqv
ykkgmgzwbs
$
no
$
no
$
no
$
no
$
xqflzyzorj
xdxdcgdkix
akdlwirvcw
ecyfiavgof
$
ngxkdvnzkk
gbnwmqupwb
vrbtpjocum
oaptkphynr
bydzzatkfd
$
pexvqeskyt
rkrceziokv
atkqyusvla
$
tdecubskrc
hmknqugkkn
cajhkikxmd
econthenov
$
no
$
$
no
$
lqubywljlu
iwzfkjuelk
lzwsjkldoi
mvlvvoyfgf
vsdacmmwbm
$
dzqieduady
xyckvbjfsa
pxfmxznysx
macverinvv
$
$
fzmbetsztx
vqueqmdjus
gkqacbnwoq
hzrggdjcms
$
zqruvvhrhh
hjtuiykqqs
uoqirqepdc
ttkjcfallz
$
wnsouiinfi
pxmoxdpgjt
ntapiiwggt
bmvvmtnseg
hsgggvdvfl
$
$
ttkjcfallz
uoqirqepdc
hjtuiykqqs
zqruvvhrhh
$
tecbcdjegn
drqggimpxv
hqvenzrtbl
tubmndqgos
$
no
$
no
$
xzbwutwohe
togqqhuhkg
ypanthcioo
iwdqxczlaz
$
dvbvneqbzm
gbhyjeivod
xykqemhbwl
euebzokmuw
$
no
$
no
$
hmknqugkkn
ckwmwpdipw
iatvzemgib
aufxzmilkw
$
no
$
qgfymozinn
tkwgsbxxdd
frkthisonc
qzxxdukjir
$
vbmmrreytx
$
$
$
bzyyfulkms
ikkhrumdoy
gldhydqygl
bafvectpzz
$
$
$
no
$
irlwcljqyd
rbohynwisd
facqloixvv
yqwugrhlwj
$
hyskfikuhj
wzdnceswhh
ykkgmgzwbs
nlnzjjziyp
oaptkphynr
$
$
yes
$
no
$
tndismughe
ckwmwpdipw
spupojfott
ikcfkxvktf
$
no
$
idieuikwvj
xszxqpdqui
vtyyubioyw
wzdnceswhh
hyskfikuhj
$
$
no
$
ivqqyvdcpc
gpdofnloxc
pxfmxznysx
fgvzwvfkuw
$
$
mhvewnwccy
ehiuwejjbk
jdimhmrpju
hsgggvdvfl
eizrbxshnp
$
mxvhbluypm
lzwsjkldoi
rqscrulnih
nibfjpkudu
bdwstsliiq
$
$
$
gwkacclugl
vfjgzxzvxq
spsmpybade
noyeoizjof
$
ncinprfizl
hxiyfjquxm
oipnvpxyat
topuhuuaqe
$
no
$
oyvicmrylq
gvcdwhbwcb
vbmmrreytx
gldhydqygl
bafvectpzz
$
$
no
$
xntisnxaju
ogizdwyujs
$
nohfpmdpvk
yefjwilxae
xqphgsrxmx
mxvhbluypm
$
ykkgmgzwbs
nlnzjjziyp
zyovraquyw
quieewneyi
$
no
$
odjiczbzsu
mfdmaescws
$
jaovqnefzh
kngrhelnzs
dwdokhvdqx
cpirotdfsd
$
cwihfitkmd
vtygzpvxiw
beifnrqpbd
hrfkojdazg
$
ffwzpvzbcu
oieklklfky
zdgvpvidnh
pphurxiott
atkqyusvla
$
iwzfkjuelk
nlnzjjziyp
$
no
$
no
$
no
$
$
yes
$
hkyyhkvurp
$
yevbzruavz
uybpyqxxrp
ecyfiavgof
ikcfkxvktf
tohyrlsxyr
$
$
$
$
ykqrerrlho
heyotalfow
zrfxcjjqdb
cojnhvzksh
$
mwhssbsnmy
cnadbqtvbz
lfutxwaoem
lkwwlhcimq
$
no
$
zajqiuirzn
hrtlwyaneo
yhqpresbad
yomirrfojq
xkrlafapec
$
no
$
$
no
$
no
$
no
$
no
$
$
tkwgsbxxdd
ntapiiwggt
$
$
no
$
$
$
no
$
$
qqnqanuofy
jdimhmrpju
didtyqcfxe
gwkacclugl
$
fyesiadzdm
tzdrsxucsn
rkrceziokv
ibzdhdniai
$
$
no
$
$
lzwsjkldoi
mxvhbluypm
tubmndqgos
eulvsmcdoi
$
xntqqziwqe
locaypvcfq
uejbmrebva
cxttrtfanf
pxfmxznysx
$
no
$
hmistswali
yiwggaaycn
hxdlekppwf
ugsevkbwdx
oaptkphynr
$
no
$
no
$
eczxnpcqsn
xwbocflesn
noddkyvuyd
kbsppeeyzs
nddnuwuaql
$
no
$
$
no
$
$
ajkkhsfogm
ezsxyrqcyi
vbmmrreytx
zqmtybmbrq
$
$
no
$
$
$
$
lfutxwaoem
ljzarfxktj
$
$
ergpxcplzy
epbwbzluhb
$
$
$
eczxnpcqsn
xwbocflesn
noddkyvuyd
tecbcdjegn
ajkkhsfogm
$
grporkynze
lwgwwwrcsf
ccegdlxbqn
$
ubjyrjdfwx
$
$
$
mxvhbluypm
hdumkdlxqg
uoqirqepdc
$
iwdqxczlaz
kbsppeeyzs
edejmigpse
noyeoizjof
kweyymzhzc
$
vrbtpjocum
jdimhmrpju
didtyqcfxe
izfdweslbs
$
no
$
no
$
lfutxwaoem
hsgggvdvfl
wzdnceswhh
sklgmjhxih
$
$
qdtytatpml
fdhwqzjurw
hkfjmuyhig
$
xntqqziwqe
iuynhrazyu
mfdmaescws
tgjcbjlqdf
$
$
$
pxkzuxchls
dmsdldsvdu
$
no
$
no
$
xszxqpdqui
ivqqyvdcpc
gpdofnloxc
jvovuwyrig
vqueqmdjus
$
$
$
no
$
lhwjzwfbsq
kmdmaadqxu
iehtssfluu
mwjujbptuq
tndismughe
$
hsdomaboeo
cdgzbpgiry
fgvzwvfkuw
xwbocflesn
eczxnpcqsn
$
no
$
$
no
$
pvhblznkzc
bdwstsliiq
pxfmxznysx
djvrrsnqid
$
$
$
exjfhgmajn
ocvxncrtpw
$
no
$
no
$
$
$
no
$
no
$
zzyxkdqeqp
lqubywljlu
xszxqpdqui
rbohynwisd
$
no
$
jtksyxjdha
cntfcuazaw
$
no
$
vfllzbkpim
qwwuhqbkra
yziymsniqq
xyckvbjfsa
$
no
$
cntfcuazaw
nwkriwosub
nlnzjjziyp
hyzlreblwt
rniirsqfax
$
mcokmjyrvi
vbmmrreytx
rmwjgzwolv
topuhuuaqe
dpanojueau
$
no
$
$
$
no
$
no
$
amtvupstfz
npwlbmbssq
chzitgdyvm
voawpjkawr
$
$
$
owvyunyegv
fyesiadzdm
fzmbetsztx
jpjhtuwray
pexvqeskyt
$
no
$
no
$
$
$
pexvqeskyt
qgfymozinn
sacvtotilb
cmjocyxmfy
$
no
$
no
$
mfdmaescws
ntapiiwggt
pxmoxdpgjt
lwqvruikyt
$
$
fsotctpyrt
ypanthcioo
mywzdnlrlq
rqlwpluyun
kafolbenwx
$
hlvdepduif
tdwmftjjzm
dmsdldsvdu
kbsppeeyzs
zqruvvhrhh
$
$
no
$
no
$
no
$
gegaeqvcdb
kdaksvsoje
jxlqjktegl
nibfjpkudu
szuycuccnr
$
$
$
no
$
$
mwjujbptuq
$
aufxzmilkw
$
$
no
$
no
$
bmvvmtnseg
qmalqvbaql
ytwcllewbc
aibnccxrtl
$
no
$
no
$
$
$
no
$
uybpyqxxrp
$
no
$
ivqqyvdcpc
ikkhrumdoy
znjifbuabt
$
$
$
no
$
no
$
$
no
$
mwjujbptuq
bmrsxfjzab
noyeoizjof
moxbrwsffj
$
no
$
giycrmunob
nlnzjjziyp
oaptkphynr
svemvpdecs
$
no
$
no
$
no
$
no
$
no
$
no
$
$
dhaglmzqjw
yziymsniqq
mmbstgpbsn
rlrmjxrgaj
$
zmnzxsyqng
azjtrogbdg
xntqqziwqe
iuynhrazyu
hxdlekppwf
$
no
$
no
$
no
$
no
$
umlgcghdod
papdpotkcd
ljzarfxktj
sfpxiitcxu
$
no
$
$
no
$
aahpxmswea
akmezqyjra
tzdrsxucsn
$
tkwgsbxxdd
ntapiiwggt
mfdmaescws
iuynhrazyu
$
no
$
$
no
$
$
dfacngzdpc
xdxdcgdkix
sgcgspjbua
cbhsamwejv
$
no
$
rmwjgzwolv
jaovqnefzh
$
no
$
no
$
iucxhtlayk
jssqwjkzxs
wenifobrzd
$
rqlwpluyun
hmknqugkkn
kaufhwxsiv
$
$
$
no
$
no
$
$
$
$
iwzfkjuelk
nlnzjjziyp
$
no
$
mucgryflpq
mywzdnlrlq
zychpxjfyu
kcskopgbti
$
no
$
$
no
$
no
$
$
jrcbompyqm
xtnswhloum
ygxkdswmzl
mijubgyylv
ihtvxnjsre
$
$
spkmpebbxx
qbwtmbtkhm
tzdrsxucsn
fyesiadzdm
$
becxnfwmkf
xqphgsrxmx
voawpjkawr
euebzokmuw
$
$
$
xyckvbjfsa
pdkavipltc
ihtvxnjsre
bmvvmtnseg
$
osjrbiqqkc
nfcbevsegp
bzyyfulkms
eizrbxshnp
$
sodvnwyxrr
zytvdapewz
gldhydqygl
bafvectpzz
$
$
cozdimsmqp
spupojfott
ikcfkxvktf
nlnzjjziyp
dzqieduady
$
no
$
gegaeqvcdb
ogizdwyujs
ikkhrumdoy
$
tkwgsbxxdd
zqmtybmbrq
iatvzemgib
$
dxuxmmbavi
jdytwvrbfq
cpirotdfsd
ciolkltguo
itkwivhojc
$
no
$
no
$
xzbwutwohe
nrtbkqwohs
nwkriwosub
gljtcidvtu
hlvdepduif
$
cntfcuazaw
gvcdwhbwcb
locaypvcfq
noyeoizjof
$
cdgzbpgiry
fgvzwvfkuw
xwbocflesn
oyvicmrylq
$
hzhsimyruk
mhvewnwccy
hkyyhkvurp
iqbnkassuf
bmrsxfjzab
$
kwqimmkfxv
zooyylktig
dooccyhxwz
nlnzjjziyp
yqveaafqwk
$
no
$
$
no
$
cmjocyxmfy
sacvtotilb
erjtkemobu
szuycuccnr
qclephysve
$
$
no
$
$
svemvpdecs
dhgwhiimqm
vtygzpvxiw
hmudmxcbkh
$
no
$
gkqacbnwoq
ntapiiwggt
mfdmaescws
$
$
no
$
no
$
$
erivmraapy
vubvlagnpm
lakuorfawn
emkbpbvndt
$
$
mcokmjyrvi
vbmmrreytx
eikjsnpejs
iwdqxczlaz
$
$
ogizdwyujs
xntisnxaju
hkfjmuyhig
$
uneqvflmaz
rbohynwisd
facqloixvv
ojkpdzztfl
$
xyckvbjfsa
tuctdtbwam
mwhssbsnmy
cnadbqtvbz
$
$
no
$
$
npwlbmbssq
onlgeezfwv
bcmzmwigwq
gmswjtpvxs
$
$
no
$
$
no
$
emkbpbvndt
eikjsnpejs
pibeqcvwaw
ohzvottzeu
$
no
$
no
$
no
$
aaymuvpzck
ttcnwhajvx
umlgcghdod
papdpotkcd
$
ntapiiwggt
tkwgsbxxdd
qgfymozinn
tkasfthjup
$
rpqlmessna
zqmtybmbrq
vbmmrreytx
bmtvdnmhwa
$
no
$
drqggimpxv
$
$
usylsgggiv
clbgspafay
seupvfjpqk
hioiquyopq
$
no
$
$
cdgzbpgiry
rmwjgzwolv
thbbunbzig
vubvlagnpm
$
no
$
$
mvlvvoyfgf
xwbocflesn
axwjdiinwm
xntqqziwqe
$
0
$
no
$
$
hmknqugkkn
$
no
$
dzqieduady
itzrsxtfxg
szuycuccnr
qclephysve
$
no
$
no
$
$
no
$
pibeqcvwaw
uoqirqepdc
kquojmxifo
ztcqtefoku
$
ytwcllewbc
$
gfdoutpzcz
vvygvshatc
gbnwmqupwb
zzyxkdqeqp
$
$
$
$
$
$
gpdofnloxc
lebnpcckyt
odjiczbzsu
yevbzruavz
$
$
$
exjfhgmajn
ccegdlxbqn
hsgggvdvfl
ljzarfxktj
$
no
$
no
$
mucgryflpq
wthuuclhtj
iwzfkjuelk
crpvdzpony
$
hetkfzcqhj
sklgmjhxih
ojdufgcqho
orhsrinsyk
$
no
$
$
$
xszxqpdqui
idieuikwvj
vltgeenhnl
aahpxmswea
$
hlvdepduif
tdwmftjjzm
bafvectpzz
edejmigpse
fzmbetsztx
$
$
no
$
$
yomirrfojq
vtyyubioyw
xszxqpdqui
ewslhabqpc
$
no
$
no
$
mvjegruhgn
livwvverig
hyaqfputhm
dhgwhiimqm
$
$
no
$
no
$
$
$
no
$
$
$
vltgeenhnl
wthuuclhtj
iwtkhbxyhd
kbsppeeyzs
$
mnacjmvumt
qqnqanuofy
ocvxncrtpw
kngrhelnzs
$
hxiyfjquxm
jzzadkvdsv
rmwjgzwolv
cdgzbpgiry
azjtrogbdg
$
no
$
$
no
$
$
zvuwxyfwqd
noyeoizjof
chzitgdyvm
kwqimmkfxv
zrixjbsoum
$
no
$
no
$
yqfuvwfvkq
nwzulxrcpj
mvdyegpwgb
vtygzpvxiw
$
no
$
xdxdcgdkix
sgcgspjbua
thbbunbzig
clenjbuvag
iezhyxmokp
$
no
$
$
no
$
$
qwwuhqbkra
irlwcljqyd
ikxigjzepn
cntfcuazaw
$
no
$
dyrqfjkted
$
bmtvdnmhwa
gegaeqvcdb
$
no
$
$
no
$
$
no
$
vbmmrreytx
mcokmjyrvi
wenifobrzd
owvyunyegv
$
eqfdgppgzj
tndismughe
zrixjbsoum
kwqimmkfxv
iucxhtlayk
$
kwqimmkfxv
tgjcbjlqdf
$
$
no
$
tkasfthjup
$
gkqacbnwoq
xntisnxaju
mnacjmvumt
$
$
no
$
no
$
$
nrtbkqwohs
nwkriwosub
xkrlafapec
ohdkuocgjo
$
jzzadkvdsv
vfuvrevknv
ttcnwhajvx
bydzzatkfd
$
no
$
pwsqpmzvjg
bussbxvhbo
xxyixylvpo
kbsppeeyzs
$
$
pdkavipltc
vrbtpjocum
tkwgsbxxdd
lbyxzjseai
$
no
$
no
$
$
ibzdhdniai
pvhblznkzc
kbpywtjmmb
aibnccxrtl
$
zrixjbsoum
ocvxncrtpw
kbpywtjmmb
aibnccxrtl
ytwcllewbc
$
yyriqovmvd
facqloixvv
zxhntnmrtl
$
no
$
$
no
$
no
$
jdimhmrpju
didtyqcfxe
izfdweslbs
$
hetkfzcqhj
$
no
$
rlrmjxrgaj
$
yqveaafqwk
fzmbetsztx
ixrzdrmern
jcqqdctkwx
$
no
$
no
$
$
no
$
xntqqziwqe
jigggkdnrr
cbhsamwejv
gljtcidvtu
dvnzsxydeh
$
pwsqpmzvjg
$
$
$
no
$
no
$
$
no
$
no
$
$
dwdokhvdqx
toehleaugs
$
no
$
no
$
$
no
$
ipfejeitps
rniirsqfax
xfnudbzbmt
jxlqjktegl
kdaksvsoje
$
ciolkltguo
cxttrtfanf
aukpbwufwj
kbpywtjmmb
$
wntphvycam
amtvupstfz
rbohynwisd
irlwcljqyd
$
sgcgspjbua
macverinvv
xwbocflesn
$
no
$
no
$
eulvsmcdoi
gldhydqygl
zytvdapewz
quieewneyi
kweyymzhzc
$
bcmzmwigwq
onlgeezfwv
sjvlrknkgc
dyrqfjkted
qclephysve
$
$
zvuwxyfwqd
clenjbuvag
egtwrpdyth
xxyixylvpo
osjrbiqqkc
$
fmrluiahdv
pvhblznkzc
kbpywtjmmb
aukpbwufwj
brofoaazdw
$
no
$
no
$
$
no
$
no
$
no
$
$
$
$
qongmusjac
ouipqmskks
rsckoaebtn
vanrlykmgg
$
crpvdzpony
qqnqanuofy
mnacjmvumt
vltgeenhnl
aibnccxrtl
$
calvoowcmn
xyckvbjfsa
pdkavipltc
vrbtpjocum
$
no
$
emkbpbvndt
vffvvlsrzz
epbwbzluhb
tzdrsxucsn
gfdoutpzcz
$
wenifobrzd
$
no
$
no
$
$
cqiqhywnmx
didtyqcfxe
zyovraquyw
hyaqfputhm
iucxhtlayk
hpyihdrrcc
$
no
$
wmejygupjd
jauadgmmoz
vqntvotcsm
jcqqdctkwx
$
$
gmswjtpvxs
ihtvxnjsre
$
jvovuwyrig
yqveaafqwk
tkasfthjup
qgfymozinn
sacvtotilb
$
$
no
$
papdpotkcd
eulvsmcdoi
tubmndqgos
moxbrwsffj
zmnzxsyqng
$
$
$
no
$
mijubgyylv
epbwbzluhb
cbhsamwejv
rpeazmdjtz
wenifobrzd
$
pibeqcvwaw
jaovqnefzh
xisaiwasli
$
no
$
tuctdtbwam
ytxlsmygtv
dxuxmmbavi
$
dkllikwtqf
iqbnkassuf
pxmoxdpgjt
$
uoqirqepdc
$
$
no
$
no
$
no
$
$
no
$
$
mvjegruhgn
vfuvrevknv
uejbmrebva
$
luoxaydybd
$
no
$
no
$
$
no
$
no
$
crpvdzpony
iwzfkjuelk
ihrmedexdt
vqueqmdjus
$
$
$
$
$
no
$
$
lakuorfawn
ihrmedexdt
ccegdlxbqn
facqloixvv
$
$
$
no
$
no
$
no
$
yxaqahkimk
hhpjabpsha
ncsriywfhb
dkllikwtqf
iqbnkassuf
$
no
$
no
$
$
yziymsniqq
dvnzsxydeh
hmknqugkkn
gbhyjeivod
$
no
$
cozdimsmqp
macverinvv
kweyymzhzc
noyeoizjof
lqvipukzxx
$
ihrmedexdt
ewivtfjanr
rpeazmdjtz
cdgzbpgiry
$
$
iuynhrazyu
hxdlekppwf
vtygzpvxiw
dhgwhiimqm
hyaqfputhm
$
mfdmaescws
moxbrwsffj
dbvgchgqja
mgqmcbaien
$
izfdweslbs
qbwtmbtkhm
tzdrsxucsn
$
no
$
lxwvqcchwp
beifnrqpbd
rjbizvhrpn
$
no
$
no
$
no
$
$
no
$
lhwjzwfbsq
kmdmaadqxu
xyckvbjfsa
wntphvycam
$
no
$
$
vrbtpjocum
tdwmftjjzm
dmsdldsvdu
soawrsugry
$
$
atkqyusvla
vltgeenhnl
wthuuclhtj
tdwmftjjzm
$
no
$
$
no
$
$
$
no
$
bcmzmwigwq
rkdkgkcqez
hyzlreblwt
rniirsqfax
$
$
yxoaikfmre
yomirrfojq
pexvqeskyt
$
$
xvsxsutiwg
$
$
no
$
$
no
$
no
$
no
$
no
$
no
$
$
$
oieklklfky
egtwrpdyth
ivqqyvdcpc
gpdofnloxc
$
$
no
$
ocvxncrtpw
kbpywtjmmb
epbwbzluhb
mvlvvoyfgf
$
nddnuwuaql
mxvhbluypm
xfnudbzbmt
iqbnkassuf
iehsopygen
$
zooyylktig
kwqimmkfxv
lbyxzjseai
mnacjmvumt
rlrmjxrgaj
$
iwzfkjuelk
nlnzjjziyp
$
no
$
cmsbkuvver
syrqutoqes
kwqimmkfxv
emkbpbvndt
$
no
$
$
$
yes
$
oyvicmrylq
gvcdwhbwcb
fyesiadzdm
kyrbjgkmdq
$
$
no
$
no
$
sodvnwyxrr
syrqutoqes
kwqimmkfxv
luoxaydybd
$
$
wenifobrzd
nohfpmdpvk
locaypvcfq
xntqqziwqe
osjrbiqqkc
$
yes
$
no
$
mwhssbsnmy
mxvhbluypm
cozdimsmqp
ohzvottzeu
$
osjrbiqqkc
hjtuiykqqs
uoqirqepdc
$
no
$
no
$
$
no
$
hyaqfputhm
mxvhbluypm
lzwsjkldoi
rqscrulnih
$
$
no
$
no
$
xkszwlkcxa
didtyqcfxe
xyckvbjfsa
wntphvycam
$
no
$
$
soawrsugry
hrfkojdazg
qvabofojil
ohzvottzeu
$
no
$
$
$
no
$
$
$
odjiczbzsu
lwgwwwrcsf
itzrsxtfxg
dzqieduady
$
$
no
$
$
mavjrnksqn
lqvipukzxx
noyeoizjof
moxbrwsffj
$
no
$
no
$
$
$
$
$
$
no
$
ivqqyvdcpc
vtyyubioyw
esaqawyjsx
admqflcogw
$
$
$
oiqocumpty
vffvvlsrzz
iwzfkjuelk
wthuuclhtj
$
no
$
$
no
$
$
no
$
lkwwlhcimq
wzjgtofigu
hxiyfjquxm
qvabofojil
$
no
$
no
$
gbnwmqupwb
ngxkdvnzkk
alwyrmrftx
ojdufgcqho
$
npwlbmbssq
amtvupstfz
rqlwpluyun
ttcnwhajvx
ogizdwyujs
$
oqyauatiwc
$
iwzfkjuelk
nlnzjjziyp
$
kbpywtjmmb
itzrsxtfxg
dzqieduady
owvyunyegv
$
epbwbzluhb
kbpywtjmmb
pvhblznkzc
ecyfiavgof
$
$
tttgerujrb
nzdooedeyq
mvdyegpwgb
axwjdiinwm
$
no
$
lwgwwwrcsf
odjiczbzsu
hkwxpwrkzw
$
mywzdnlrlq
xqphgsrxmx
voawpjkawr
ntxohkeuej
pucxuwtqhb
$
ntapiiwggt
bmvvmtnseg
nshbsbqkqv
tcsosbnjoo
$
yiwggaaycn
ezsxyrqcyi
ajkkhsfogm
sjvlrknkgc
onlgeezfwv
$
$
no
$
$
$
$
yqfuvwfvkq
kwqimmkfxv
mfdmaescws
dwdokhvdqx
$
$
no
$
$
$
gegaeqvcdb
jflxkfrsbh
didtyqcfxe
$
no
$
$
no
$
no
$
$
$
no
$
owvyunyegv
wenifobrzd
toehleaugs
bmtvdnmhwa
$
aahpxmswea
wlaexbenap
quieewneyi
zytvdapewz
$
qgfvoazwub
ogizdwyujs
gegaeqvcdb
ytxlsmygtv
ojdufgcqho
$
enhgwlpykb
mowjlsbteq
ncinprfizl
kqkjbaeqqo
$
no
$
tkasfthjup
cntfcuazaw
gvcdwhbwcb
oyvicmrylq
$
no
$
no
$
$
no
$
$
drqggimpxv
dhaglmzqjw
dyrqfjkted
qclephysve
$
$
no
$
no
$
$
$
$
vfuvrevknv
jvovuwyrig
yqveaafqwk
$
$
soawrsugry
zdgvpvidnh
erjtkemobu
mcokmjyrvi
tkasfthjup
$
no
$
$
no
$
$
mxvhbluypm
$
no
$
no
$
$
0
$
no
$
$
$
jzouewnryc
$
$
hhpjabpsha
zlelkpblpj
tohyrlsxyr
ikcfkxvktf
$
no
$
no
$
dhgwhiimqm
hyaqfputhm
rmwjgzwolv
jzzadkvdsv
papdpotkcd
$
$
erjtkemobu
syrqutoqes
usylsgggiv
$
no
$
$
xisaiwasli
qwwuhqbkra
yziymsniqq
sgjldzfcvx
$
topuhuuaqe
dpanojueau
zytvdapewz
dkllikwtqf
$
no
$
$
no
$
no
$
yomirrfojq
zrfxcjjqdb
gljtcidvtu
sodvnwyxrr
$
no
$
$
zqruvvhrhh
hmudmxcbkh
clbgspafay
seupvfjpqk
hioiquyopq
$
no
$
$
$
no
$
oipnvpxyat
aejebqewrq
cdgzbpgiry
azjtrogbdg
xntqqziwqe
$
$
noddkyvuyd
rmwjgzwolv
lkzvdpshgc
$
no
$
pphurxiott
ytwcllewbc
aibnccxrtl
ixrzdrmern
$
jcqqdctkwx
facqloixvv
rbohynwisd
mowjlsbteq
$
no
$
$
no
$
cntfcuazaw
tkasfthjup
tafeuexxqp
lbyxzjseai
rakgdgecow
$
no
$
no
$
rqscrulnih
$
qvabofojil
yoboufnlre
ecyfiavgof
uybpyqxxrp
brofoaazdw
$
dzqieduady
itzrsxtfxg
szuycuccnr
qclephysve
$
no
$
no
$
no
$
no
$
$
no
$
$
no
$
iwtkhbxyhd
yxaqahkimk
yqveaafqwk
$
no
$
$
kyrbjgkmdq
fyesiadzdm
owyfnqluyp
nwzulxrcpj
takjyqabgx
$
no
$
no
$
mvlvvoyfgf
pdzxqodpzn
rakgdgecow
$
$
no
$
econthenov
jaovqnefzh
ugsevkbwdx
fsotctpyrt
$
$
no
$
$
$
zzyxkdqeqp
gbnwmqupwb
ngxkdvnzkk
xdxdcgdkix
sgcgspjbua
$
no
$
emtgnytsdl
yziymsniqq
kafolbenwx
pxkzuxchls
rlldyfclyy
$
no
$
no
$
no
$
no
$
no
$
econthenov
jaovqnefzh
pibeqcvwaw
ohzvottzeu
hqvenzrtbl
$
$
ccegdlxbqn
rlrmjxrgaj
mnacjmvumt
lbyxzjseai
$
$
iatvzemgib
nibfjpkudu
jxlqjktegl
zvuwxyfwqd
$
epbwbzluhb
mijubgyylv
vqntvotcsm
zlelkpblpj
wzjgtofigu
$
$
no
$
no
$
$
ciolkltguo
lxwvqcchwp
beifnrqpbd
vtygzpvxiw
lpimgxzxpy
$
dwdokhvdqx
tcssocvprz
yjaosxjajt
izfdweslbs
$
tndismughe
$
zajqiuirzn
cryilcgegd
hhpjabpsha
zlelkpblpj
wzjgtofigu
$
noyeoizjof
$
$
no
$
$
no
$
$
$
$
no
$
no
$
xxyixylvpo
nwzulxrcpj
npwlbmbssq
$
no
$
no
$
no
$
no
$
$
no
$
$
xntqqziwqe
jigggkdnrr
uybpyqxxrp
ecyfiavgof
pvhblznkzc
$
no
$
wgalrlwyov
ciolkltguo
hzhsimyruk
mgqmcbaien
$
no
$
$
jzzadkvdsv
hxiyfjquxm
onlgeezfwv
ytahogtmef
$
qngcekeyiz
edejmigpse
sgcgspjbua
ojdufgcqho
cnadbqtvbz
$
tohyrlsxyr
$
$
$
vfuvrevknv
jzzadkvdsv
papdpotkcd
$
no
$
0
$
$
fsotctpyrt
ypanthcioo
xyckvbjfsa
pxfmxznysx
$
itkwivhojc
$
no
$
no
$
no
$
oqyauatiwc
rmwjgzwolv
$
no
$
no
$
tohyrlsxyr
clbgspafay
seupvfjpqk
ezmednekpa
wmejygupjd
$
no
$
rmwjgzwolv
$
mwhssbsnmy
grporkynze
ntapiiwggt
bmvvmtnseg
$
pggzpqaeip
fgvzwvfkuw
pxfmxznysx
clbgspafay
ohzvottzeu
$
no
$
no
$
no
$
macverinvv
kweyymzhzc
ixrzdrmern
zmnzxsyqng
$
vqueqmdjus
fzmbetsztx
ixrzdrmern
ojkpdzztfl
$
no
$
$
jpjhtuwray
emkbpbvndt
eikjsnpejs
$
nwkriwosub
$
$
yxoaikfmre
$
qgfvoazwub
$
no
$
$
ixrzdrmern
fzmbetsztx
yomirrfojq
zrfxcjjqdb
jssqwjkzxs
$
no
$
$
$
ljzarfxktj
oieklklfky
$
$
hsdomaboeo
naijywxexy
dmsdldsvdu
spupojfott
hyskfikuhj
$
no
$
0
$
no
$
wlaexbenap
tubmndqgos
nshbsbqkqv
xxyixylvpo
$
no
$
$
ffwzpvzbcu
foxeznkhqk
rjypgeaxmd
iwtkhbxyhd
$
tohyrlsxyr
clbgspafay
pxfmxznysx
ciolkltguo
$
$
no
$
no
$
xyckvbjfsa
dzqieduady
nlnzjjziyp
fgmbwyxunk
$
$
$
hhpjabpsha
$
no
$
$
no
$
no
$
cajhkikxmd
topuhuuaqe
dfacngzdpc
vlcrnfzayn
$
no
$
no
$
xdxdcgdkix
sgcgspjbua
edejmigpse
fzmbetsztx
yqveaafqwk
$
giycrmunob
cxttrtfanf
cwihfitkmd
dhaglmzqjw
$
rlrmjxrgaj
$
rakgdgecow
togqqhuhkg
ynygxszsta
xxyixylvpo
$
$
rlldyfclyy
pxkzuxchls
vvygvshatc
bjiikpkbyo
$
no
$
hrfkojdazg
hdumkdlxqg
uoqirqepdc
vfllzbkpim
$
no
$
no
$
no
$
ajkkhsfogm
ouipqmskks
jxlqjktegl
nibfjpkudu
$
0
$
no
$
no
$
no
$
$
$
uhidcloudi
fzmbetsztx
lfutxwaoem
xntisnxaju
$
no
$
no
$
eizrbxshnp
xqflzyzorj
ykqrerrlho
odjiczbzsu
kngrhelnzs
$
no
$
zrfxcjjqdb
wmejygupjd
ezmednekpa
xykqemhbwl
gbhyjeivod
$
$
no
$
no
$
ivqqyvdcpc
xszxqpdqui
rbohynwisd
amtvupstfz
$
$
$
no
$
no
$
gljtcidvtu
oqyauatiwc
jxlqjktegl
nibfjpkudu
$
$
eulvsmcdoi
papdpotkcd
umlgcghdod
jzouewnryc
cpirotdfsd
$
ncsriywfhb
jssqwjkzxs
ytxlsmygtv
crpvdzpony
$
$
no
$
$
$
papdpotkcd
ttkjcfallz
uoqirqepdc
kafolbenwx
pxkzuxchls
$
$
no
$
no
$
$
$
dooccyhxwz
rbohynwisd
hlvdepduif
lhwjzwfbsq
$
no
$
$
$
juhikknjuy
axwjdiinwm
xwbocflesn
emtgnytsdl
$
sacvtotilb
erjtkemobu
dhaglmzqjw
dyrqfjkted
$
xqflzyzorj
bwuafyfgsx
lbyxzjseai
tafeuexxqp
$
$
$
iehtssfluu
gswxkuwtde
hyskfikuhj
spupojfott
xkszwlkcxa
$
no
$
$
no
$
lxwvqcchwp
xqflzyzorj
cmsbkuvver
brofoaazdw
$
$
amtvupstfz
$
uybpyqxxrp
ecyfiavgof
pvhblznkzc
wthuuclhtj
iwtkhbxyhd
$
no
$
giycrmunob
nlnzjjziyp
ncinprfizl
kqkjbaeqqo
emtgnytsdl
$
ogizdwyujs
$
no
$
no
$
lqubywljlu
xszxqpdqui
dvnzsxydeh
ykqrerrlho
$
no
$
yoboufnlre
odjiczbzsu
lwgwwwrcsf
$
no
$
jaovqnefzh
iwzfkjuelk
wthuuclhtj
weqviaunre
$
$
$
$
no
$
thbbunbzig
mywzdnlrlq
ypanthcioo
$
no
$
orhsrinsyk
xdxdcgdkix
xqflzyzorj
bwuafyfgsx
$
$
$
bmrsxfjzab
mwjujbptuq
rjbizvhrpn
bafvectpzz
$
no
$
$
yjaosxjajt
zqmtybmbrq
bzyyfulkms
$
iotnnrrzua
ergpxcplzy
vbmmrreytx
ezsxyrqcyi
yiwggaaycn
$
afylbcezzc
wzdnceswhh
zxhntnmrtl
aufxzmilkw
ipfejeitps
$
no
$
uhidcloudi
tuctdtbwam
ytxlsmygtv
crpvdzpony
$
jjugezhfkf
ivqqyvdcpc
ehiuwejjbk
ckwmwpdipw
$
rsckoaebtn
owvyunyegv
dzqieduady
$
no
$
$
mnacjmvumt
rlrmjxrgaj
uneqvflmaz
mgqmcbaien
$
$
jssqwjkzxs
wenifobrzd
hkwxpwrkzw
becxnfwmkf
hzrggdjcms
$
udggytghes
ncinprfizl
pexvqeskyt
ntxohkeuej
ezmednekpa
lqvipukzxx
$
$
zlelkpblpj
$
no
$
$
wenifobrzd
nohfpmdpvk
yefjwilxae
pdzxqodpzn
$
no
$
$
no
$
ygxkdswmzl
takjyqabgx
kbpywtjmmb
$
$
rqscrulnih
hxiyfjquxm
zooyylktig
vffvvlsrzz
xxyixylvpo
$
$
no
$
no
$
$
beifnrqpbd
oaptkphynr
nlnzjjziyp
yomirrfojq
$
vtyyubioyw
xdxdcgdkix
mavjrnksqn
$
uoqirqepdc
pibeqcvwaw
ohzvottzeu
clbgspafay
tohyrlsxyr
$
togqqhuhkg
kngrhelnzs
$
gkqacbnwoq
akdlwirvcw
gmswjtpvxs
$
xqflzyzorj
$
mnacjmvumt
zxhntnmrtl
wzdnceswhh
dyrqfjkted
$
$
hzrggdjcms
gkqacbnwoq
ntapiiwggt
pucxuwtqhb
$
mgqmcbaien
$
jigggkdnrr
qzxxdukjir
tzdrsxucsn
qbwtmbtkhm
mucgryflpq
$
no
$
ezmednekpa
ntxohkeuej
pucxuwtqhb
tafeuexxqp
$
$
no
$
enhgwlpykb
admqflcogw
akdlwirvcw
xtnswhloum
$
$
no
$
jdimhmrpju
vubvlagnpm
tttgerujrb
tkasfthjup
$
$
$
no
$
tcssocvprz
dwdokhvdqx
toehleaugs
tecbcdjegn
ffwzpvzbcu
$
no
$
$
nddnuwuaql
kbsppeeyzs
edejmigpse
hetkfzcqhj
wnvflqlado
$
no
$
no
$
rpeazmdjtz
$
no
$
dxuxmmbavi
lwqvruikyt
pxmoxdpgjt
iqbnkassuf
vtygzpvxiw
$
no
$
no
$
no
$
no
$
$
spupojfott
ikcfkxvktf
nlnzjjziyp
nwkriwosub
$
no
$
ytwcllewbc
aibnccxrtl
arlfwjghkc
zrfxcjjqdb
$
$
$
vltgeenhnl
idieuikwvj
tkwgsbxxdd
ngxkdvnzkk
$
$
cojnhvzksh
hhpjabpsha
zlelkpblpj
iotnnrrzua
pxmoxdpgjt
$
no
$
$
zrfxcjjqdb
jssqwjkzxs
ytxlsmygtv
crpvdzpony
$
uoqirqepdc
ttkjcfallz
iehtssfluu
pwsqpmzvjg
$
$
$
$
$
no
$
rlrmjxrgaj
izfdweslbs
didtyqcfxe
xkszwlkcxa
otlddyamvv
$
no
$
locaypvcfq
nohfpmdpvk
ymmyitaxnd
$
no
$
$
ozuqfjmwxi
gxvmfjhfwx
$
$
$
no
$
no
$
no
$
nddnuwuaql
mxvhbluypm
lzwsjkldoi
yqveaafqwk
jvovuwyrig
$
$
no
$
no
$
no
$
no
$
kweyymzhzc
macverinvv
dyrqfjkted
pwsqpmzvjg
$
no
$
$
qgfvoazwub
spupojfott
qvabofojil
$
no
$
lebnpcckyt
bmvvmtnseg
mijubgyylv
ogizdwyujs
gmswjtpvxs
pdkavipltc
$
no
$
no
$
itkwivhojc
ahvqvzgjxv
zqmtybmbrq
iatvzemgib
$
no
$
ivqqyvdcpc
vtyyubioyw
xzbwutwohe
$
hyskfikuhj
izfdweslbs
qbwtmbtkhm
iotnnrrzua
$
jxukjcrhcq
sgcgspjbua
xdxdcgdkix
kbpywtjmmb
iewjhlgmkf
$
naijywxexy
bcmzmwigwq
onlgeezfwv
$
chzitgdyvm
ehiuwejjbk
ajkkhsfogm
tecbcdjegn
lebnpcckyt
$
$
no
$
ntapiiwggt
sklgmjhxih
wzdnceswhh
macverinvv
$
$
ewslhabqpc
bmrsxfjzab
noyeoizjof
cojnhvzksh
$
$
no
$
no
$
no
$
oqyauatiwc
$
no
$
qbwtmbtkhm
$
tdecubskrc
hmknqugkkn
izfdweslbs
rlrmjxrgaj
$
itzrsxtfxg
kafolbenwx
yziymsniqq
dhaglmzqjw
$
pwsqpmzvjg
bussbxvhbo
iqbnkassuf
$
no
$
$
no
$
$
no
$
no
$
$
0
$
$
$
$
mxvhbluypm
xfnudbzbmt
jxlqjktegl
$
no
$
no
$
$
kquojmxifo
xvsxsutiwg
arlfwjghkc
$
$
nddnuwuaql
mwhssbsnmy
zajqiuirzn
fgvzwvfkuw
$
tttgerujrb
cxttrtfanf
kngrhelnzs
bmtvdnmhwa
$
dkxjgqyrqv
togqqhuhkg
izfdweslbs
didtyqcfxe
$
no
$
no
$
oyvicmrylq
hmknqugkkn
togqqhuhkg
svemvpdecs
$
wnsouiinfi
xzbwutwohe
togqqhuhkg
pvwspvztpc
$
hyskfikuhj
wzdnceswhh
crpvdzpony
$
kweyymzhzc
pggzpqaeip
fgvzwvfkuw
rlrmjxrgaj
ccegdlxbqn
$
$
no
$
$
ipfejeitps
aufxzmilkw
iatvzemgib
nibfjpkudu
rqscrulnih
$
no
$
no
$
wzjgtofigu
becxnfwmkf
wthuuclhtj
weqviaunre
$
ewivtfjanr
rpeazmdjtz
jauadgmmoz
hlvdepduif
$
no
$
$
no
$
$
ewivtfjanr
ihrmedexdt
yoboufnlre
odjiczbzsu
$
no
$
$
$
no
$
$
$
no
$
0
$
bzyyfulkms
$
no
$
$
$
$
no
$
dvnzsxydeh
yziymsniqq
qwwuhqbkra
$
no
$
mywzdnlrlq
ixrzdrmern
aibnccxrtl
arlfwjghkc
$
xvsxsutiwg
$
no
$
no
$
$
ttcnwhajvx
rqlwpluyun
mywzdnlrlq
mucgryflpq
$
hioiquyopq
gldhydqygl
zytvdapewz
dkllikwtqf
$
no
$
$
rniirsqfax
lfutxwaoem
xntisnxaju
mnacjmvumt
wednqddkdr
$
$
no
$
no
$
no
$
$
$
tafeuexxqp
tkasfthjup
cntfcuazaw
esaqawyjsx
$
locaypvcfq
xykqemhbwl
hzaihgaiei
noddkyvuyd
$
no
$
$
xwbocflesn
$
vfuvrevknv
fmrluiahdv
pvhblznkzc
ibzdhdniai
$
$
wenifobrzd
nohfpmdpvk
ikcfkxvktf
nlnzjjziyp
erivmraapy
$
umlgcghdod
cnadbqtvbz
akdlwirvcw
xtnswhloum
$
no
$
no
$
no
$
$
hzaihgaiei
tuctdtbwam
xyckvbjfsa
$
$
$
$
no
$
no
$
no
$
$
tndismughe
dvbvneqbzm
exjfhgmajn
xhumvbvxit
$
$
umlgcghdod
papdpotkcd
vrbtpjocum
szuycuccnr
nibfjpkudu
$
ojkpdzztfl
pdkavipltc
ihtvxnjsre
gmswjtpvxs
$
$
$
$
oqyauatiwc
gxvmfjhfwx
jjugezhfkf
ciolkltguo
$
gldhydqygl
vbmmrreytx
mcokmjyrvi
$
no
$
$
epbwbzluhb
mvlvvoyfgf
lzwsjkldoi
wzdnceswhh
$
no
$
$
xykqemhbwl
vmxlwdptzo
jjugezhfkf
sgcgspjbua
$
no
$
macverinvv
wzdnceswhh
ykkgmgzwbs
ouipqmskks
$
emtgnytsdl
xwbocflesn
noddkyvuyd
tecbcdjegn
sfpxiitcxu
$
$
no
$
seupvfjpqk
kwqimmkfxv
yqfuvwfvkq
nwzulxrcpj
exjfhgmajn
$
xqflzyzorj
heyotalfow
$
livwvverig
$
no
$
$
no
$
no
$
no
$
aibnccxrtl
arlfwjghkc
ojdufgcqho
zajqiuirzn
hrtlwyaneo
$
rjypgeaxmd
sahiyxwrxl
hdumkdlxqg
ocvxncrtpw
zrixjbsoum
$
jcqqdctkwx
lpimgxzxpy
sfpxiitcxu
cntfcuazaw
sgjldzfcvx
$
$
$
ezmednekpa
pwsqpmzvjg
wzdnceswhh
zxhntnmrtl
$
pmcdxixjmq
ezmednekpa
seupvfjpqk
clbgspafay
mgqmcbaien
$
ugpgcpnmwx
rmwjgzwolv
jzzadkvdsv
hxiyfjquxm
qoytnbufat
$
$
$
$
emkbpbvndt
eikjsnpejs
iewjhlgmkf
$
$
no
$
no
$
$
dyrqfjkted
szuycuccnr
xzbwutwohe
hkfjmuyhig
jigggkdnrr
$
no
$
no
$
erjtkemobu
aufxzmilkw
hkfjmuyhig
amtvupstfz
$
no
$
qvabofojil
yoboufnlre
fhokrkqogo
mhvewnwccy
iwdqxczlaz
$
ecyfiavgof
pvhblznkzc
xkrlafapec
ihpslshbfa
rlldyfclyy
$
dhaglmzqjw
topuhuuaqe
oipnvpxyat
$
no
$
aahpxmswea
dwdokhvdqx
kngrhelnzs
odjiczbzsu
ewergrhhbf
$
no
$
admqflcogw
esaqawyjsx
cntfcuazaw
$
$
aksinysfih
sfpxiitcxu
takjyqabgx
livwvverig
hyaqfputhm
$
no
$
no
$
ntapiiwggt
fhokrkqogo
yoboufnlre
gvcdwhbwcb
$
$
qwwuhqbkra
qjlyeedeot
mnacjmvumt
xntisnxaju
lfutxwaoem
$
no
$
spupojfott
dmsdldsvdu
kbsppeeyzs
zqruvvhrhh
$
no
$
$
no
$
no
$
$
lzwsjkldoi
iwzfkjuelk
xkszwlkcxa
kcskopgbti
$
$
sgjldzfcvx
cntfcuazaw
hmistswali
yqwugrhlwj
ipfejeitps
$
no
$
lqvipukzxx
ynygxszsta
ykkgmgzwbs
pdzxqodpzn
lvpxabeadq
$
no
$
euebzokmuw
rpeazmdjtz
wenifobrzd
$
no
$
$
$
no
$
edejmigpse
sgcgspjbua
ojdufgcqho
ytxlsmygtv
jssqwjkzxs
$
$
no
$
no
$
ihpslshbfa
$
wthuuclhtj
nwzulxrcpj
cpirotdfsd
ciolkltguo
$
fzmbetsztx
ixrzdrmern
zmnzxsyqng
moxbrwsffj
$
oipnvpxyat
hxiyfjquxm
ncinprfizl
nlnzjjziyp
hyzlreblwt
$
zvuwxyfwqd
yhqpresbad
yomirrfojq
xkrlafapec
$
$
no
$
jzouewnryc
mcokmjyrvi
zychpxjfyu
aksinysfih
$
$
$
no
$
no
$
no
$
no
$
kbpywtjmmb
ocvxncrtpw
iatvzemgib
$
no
$
yiwggaaycn
hxdlekppwf
bafvectpzz
tdwmftjjzm
kaufhwxsiv
$
no
$
no
$
$
$
no
$
yes
$
pexvqeskyt
yomirrfojq
livwvverig
gvcdwhbwcb
$
no
$
yiwggaaycn
iwtkhbxyhd
qgfymozinn
tkwgsbxxdd
$
lwgwwwrcsf
xntisnxaju
wornpvzupn
eulvsmcdoi
$
yiwggaaycn
hxdlekppwf
ugsevkbwdx
oaptkphynr
bydzzatkfd
$
seupvfjpqk
kaufhwxsiv
hmknqugkkn
cnadbqtvbz
arlfwjghkc
$
$
no
$
no
$
$
cbhsamwejv
rpeazmdjtz
hxdlekppwf
$
ntxohkeuej
tndismughe
pdkavipltc
sjvlrknkgc
$
no
$
$
lkzvdpshgc
rmwjgzwolv
oqyauatiwc
jxlqjktegl
gbnwmqupwb
$
cwihfitkmd
cxttrtfanf
ciolkltguo
$
$
$
bmvvmtnseg
nshbsbqkqv
tcsosbnjoo
$
$
no
$
no
$
no
$
no
$
no
$
no
$
dooccyhxwz
cpirotdfsd
wzjgtofigu
$
no
$
$
$
$
$
rsckoaebtn
vanrlykmgg
sgcgspjbua
cbhsamwejv
$
no
$
no
$
exjfhgmajn
dvbvneqbzm
tndismughe
ntxohkeuej
$
zajqiuirzn
mwhssbsnmy
grporkynze
rjypgeaxmd
$
$
cozdimsmqp
ohzvottzeu
qvabofojil
hxiyfjquxm
frkthisonc
$
no
$
$
$
iwzfkjuelk
nlnzjjziyp
$
cwihfitkmd
edejmigpse
hetkfzcqhj
ncinprfizl
$
hkyyhkvurp
uganzfbirw
noyeoizjof
cojnhvzksh
$
$
atkqyusvla
zytvdapewz
gldhydqygl
admqflcogw
$
no
$
rqscrulnih
qngcekeyiz
edejmigpse
xyckvbjfsa
wntphvycam
$
no
$
no
$
nlnzjjziyp
hyzlreblwt
jrcbompyqm
$
$
$
no
$
xwbocflesn
qdtytatpml
fdhwqzjurw
ozuqfjmwxi
$
$
$
pdzxqodpzn
didtyqcfxe
xyckvbjfsa
ewergrhhbf
pucxuwtqhb
$
$
amtvupstfz
qlksgfccec
ugpgcpnmwx
$
no
$
no
$
vmxlwdptzo
ajkkhsfogm
ouipqmskks
fsotctpyrt
$
$
no
$
drqggimpxv
enhgwlpykb
kwqimmkfxv
seupvfjpqk
$
vqntvotcsm
jcqqdctkwx
lpimgxzxpy
sfpxiitcxu
$
$
$
nddnuwuaql
mxvhbluypm
tubmndqgos
jtksyxjdha
$
no
$
$
0
$
no
$
lebnpcckyt
didtyqcfxe
xkszwlkcxa
kcskopgbti
wnsouiinfi
$
mnacjmvumt
qqnqanuofy
ouipqmskks
ykkgmgzwbs
ykqrerrlho
$
no
$
$
no
$
no
$
$
ikkhrumdoy
djvrrsnqid
frkthisonc
zycurhnphh
$
yyriqovmvd
yomirrfojq
zrfxcjjqdb
luoxaydybd
$
$
papdpotkcd
umlgcghdod
jzouewnryc
macverinvv
xwbocflesn
$
$
hzaihgaiei
xykqemhbwl
locaypvcfq
gkqacbnwoq
$
no
$
no
$
zyovraquyw
quieewneyi
wlaexbenap
luoxaydybd
$
$
no
$
no
$
no
$
no
$
$
$
no
$
$
no
$
$
no
$
$
fzmbetsztx
ixrzdrmern
trsuzgkgqg
hioiquyopq
$
no
$
$
$
no
$
nlnzjjziyp
$
no
$
facqloixvv
gswxkuwtde
kasvsghidq
vbmmrreytx
$
no
$
gxvmfjhfwx
ozuqfjmwxi
$
$
no
$
kigexxcocx
kbsppeeyzs
zychpxjfyu
mcokmjyrvi
$
$
iucxhtlayk
hyaqfputhm
mxvhbluypm
xqphgsrxmx
alwyrmrftx
$
no
$
hkyyhkvurp
$
no
$
no
$
no
$
$
$
no
$
no
$
tttgerujrb
$
$
lfutxwaoem
drqggimpxv
tcsosbnjoo
$
pphurxiott
zdgvpvidnh
erjtkemobu
mcokmjyrvi
$
no
$
$
$
luoxaydybd
kwqimmkfxv
dmsdldsvdu
cajhkikxmd
$
$
no
$
hmistswali
dmsdldsvdu
cajhkikxmd
topuhuuaqe
dfacngzdpc
$
no
$
no
$
rkrceziokv
ynygxszsta
togqqhuhkg
pggzpqaeip
$
$
no
$
qqnqanuofy
mnacjmvumt
rlrmjxrgaj
mwjujbptuq
bmrsxfjzab
$
$
no
$
no
$
no
$
aufxzmilkw
tdwmftjjzm
wthuuclhtj
irlwcljqyd
$
oiqocumpty
locaypvcfq
noyeoizjof
$
no
$
$
$
no
$
$
$
$
$
$
no
$
$
$
pvhblznkzc
ecyfiavgof
uybpyqxxrp
$
no
$
$
no
$
$
$
gkqacbnwoq
yjaosxjajt
tjsgvmmqpv
uybpyqxxrp
$
$
no
$
$
qqnqanuofy
xxyixylvpo
bussbxvhbo
iqbnkassuf
$
no
$
lakuorfawn
ihrmedexdt
oyvicmrylq
didtyqcfxe
udggytghes
$
qwwuhqbkra
qjlyeedeot
amtvupstfz
npwlbmbssq
chzitgdyvm
$
no
$
hrfkojdazg
jaovqnefzh
kngrhelnzs
gydiewtykl
$
pdzxqodpzn
yefjwilxae
nohfpmdpvk
wenifobrzd
$
$
wmejygupjd
ezmednekpa
seupvfjpqk
zlelkpblpj
lwqvruikyt
$
no
$
$
$
no
$
no
$
$
$
ojdufgcqho
sgcgspjbua
vanrlykmgg
gmswjtpvxs
tohyrlsxyr
$
no
$
yziymsniqq
szuycuccnr
nibfjpkudu
jxlqjktegl
$
$
ibhkizjwzv
tndismughe
ckwmwpdipw
otlddyamvv
$
irlwcljqyd
itzrsxtfxg
kbpywtjmmb
bmtvdnmhwa
$
$
kwqimmkfxv
$
no
$
amtvupstfz
jrcbompyqm
hrtlwyaneo
$
$
no
$
no
$
lvpxabeadq
aejebqewrq
$
no
$
$
$
pexvqeskyt
bafvectpzz
edejmigpse
noyeoizjof
$
no
$
no
$
$
$
no
$
no
$
lfawgwgedv
rjbizvhrpn
beifnrqpbd
hrfkojdazg
$
$
sodvnwyxrr
zytvdapewz
fzmbetsztx
vqueqmdjus
$
vmxlwdptzo
xykqemhbwl
jaovqnefzh
iwzfkjuelk
$
$
no
$
akmezqyjra
qlksgfccec
mwhssbsnmy
ncsriywfhb
$
no
$
$
no
$
iwzfkjuelk
nlnzjjziyp
$
no
$
gkqacbnwoq
hzrggdjcms
becxnfwmkf
xqphgsrxmx
uoqirqepdc
$
bmtvdnmhwa
vbmmrreytx
gldhydqygl
ymmyitaxnd
$
tecbcdjegn
sfpxiitcxu
zychpxjfyu
esaqawyjsx
jdytwvrbfq
$
no
$
ikcfkxvktf
ogizdwyujs
xvsxsutiwg
rqscrulnih
$
no
$
kigexxcocx
aahpxmswea
vltgeenhnl
idieuikwvj
kquojmxifo
$
$
no
$
no
$
no
$
no
$
no
$
vqueqmdjus
fzmbetsztx
uhidcloudi
lfawgwgedv
rjbizvhrpn
$
no
$
$
no
$
hrfkojdazg
hdumkdlxqg
bzyyfulkms
eizrbxshnp
$
xwbocflesn
fgvzwvfkuw
zajqiuirzn
mwhssbsnmy
$
tzdrsxucsn
zytvdapewz
qoytnbufat
$
no
$
$
$
hlvdepduif
tdwmftjjzm
vrbtpjocum
tkwgsbxxdd
frkthisonc
$
$
zychpxjfyu
mcokmjyrvi
cdgzbpgiry
azjtrogbdg
$
no
$
axwjdiinwm
yefjwilxae
xzbwutwohe
szuycuccnr
itzrsxtfxg
$
$
$
hrtlwyaneo
zajqiuirzn
mwhssbsnmy
nddnuwuaql
$
hyaqfputhm
mwhssbsnmy
ncsriywfhb
iwusuxmvae
$
no
$
ygxkdswmzl
mijubgyylv
gjdnaxstpq
pdzxqodpzn
econthenov
$
$
no
$
no
$
dpanojueau
topuhuuaqe
rmwjgzwolv
clenjbuvag
$
$
$
kwqimmkfxv
$
no
$
no
$
$
$
rjypgeaxmd
ztcqtefoku
akdlwirvcw
vfjgzxzvxq
$
no
$
mxvhbluypm
mwhssbsnmy
cxttrtfanf
$
nwkriwosub
qlksgfccec
yqveaafqwk
jvovuwyrig
$
ugsevkbwdx
hxdlekppwf
rpeazmdjtz
qfgmwvzjsk
$
no
$
xisaiwasli
qwwuhqbkra
qjlyeedeot
czeggdtiei
$
$
wbsormwhld
eikjsnpejs
pibeqcvwaw
$
hyzlreblwt
rkdkgkcqez
qngcekeyiz
eczxnpcqsn
$
cpirotdfsd
dooccyhxwz
rbohynwisd
amtvupstfz
qlksgfccec
$
no
$
$
no
$
xdxdcgdkix
pmcdxixjmq
ezmednekpa
ntxohkeuej
$
no
$
no
$
no
$
no
$
grporkynze
lwgwwwrcsf
bjiikpkbyo
iwzfkjuelk
jpjhtuwray
$
$
hioiquyopq
gldhydqygl
runkgzmrfi
sgcgspjbua
$
no
$
fhokrkqogo
$
svemvpdecs
qgfymozinn
sacvtotilb
$
ntapiiwggt
fhokrkqogo
pibeqcvwaw
ikkhrumdoy
gldhydqygl
$
no
$
no
$
no
$
no
$
orhsrinsyk
syrqutoqes
uneqvflmaz
yxoaikfmre
$
no
$
rmwjgzwolv
$
$
jpjhtuwray
emkbpbvndt
lakuorfawn
vubvlagnpm
$
$
$
yziymsniqq
$
no
$
ohdkuocgjo
xkrlafapec
nwkriwosub
cntfcuazaw
owyfnqluyp
$
$
lwgwwwrcsf
tkwgsbxxdd
idieuikwvj
hioiquyopq
$
jdytwvrbfq
frkthisonc
quieewneyi
$
$
iwusuxmvae
iewjhlgmkf
vfjgzxzvxq
$
bzyyfulkms
qgfvoazwub
spupojfott
xkszwlkcxa
$
no
$
no
$
no
$
no
$
$
yjaosxjajt
izfdweslbs
rlrmjxrgaj
tuctdtbwam
$
no
$
no
$
no
$
$
$
cozdimsmqp
ohzvottzeu
qvabofojil
hxiyfjquxm
qoytnbufat
$
no
$
$
hdumkdlxqg
$
econthenov
bdwstsliiq
gxvmfjhfwx
rlrmjxrgaj
$
zlelkpblpj
seupvfjpqk
kaufhwxsiv
bfgqaqqjqg
$
kbsppeeyzs
edejmigpse
qngcekeyiz
rkdkgkcqez
$
iwzfkjuelk
$
$
$
vzjlpdbeqq
yziymsniqq
emtgnytsdl
kqkjbaeqqo
$
$
$
no
$
no
$
no
$
$
$
soawrsugry
sjvlrknkgc
orhsrinsyk
xdxdcgdkix
$
mowjlsbteq
$
no
$
enhgwlpykb
drqggimpxv
dhaglmzqjw
papdpotkcd
vrbtpjocum
$
wzjgtofigu
zlelkpblpj
iotnnrrzua
qbwtmbtkhm
$
bwuafyfgsx
lbyxzjseai
nshbsbqkqv
hrfkojdazg
jaovqnefzh
$
$
qwwuhqbkra
nshbsbqkqv
xxyixylvpo
vffvvlsrzz
$
$
no
$
no
$
no
$
tubmndqgos
bydzzatkfd
bzyyfulkms
$
$
aibnccxrtl
ixrzdrmern
axwjdiinwm
$
no
$
no
$
$
no
$
dkllikwtqf
iqbnkassuf
xfnudbzbmt
jxlqjktegl
nibfjpkudu
$
no
$
no
$
$
$
$
gxvmfjhfwx
rlrmjxrgaj
ccegdlxbqn
ihrmedexdt
$
erivmraapy
nlnzjjziyp
kaquzvziwc
frkthisonc
$
no
$
tdecubskrc
pvhblznkzc
wthuuclhtj
iwzfkjuelk
$
no
$
no
$
mowjlsbteq
nfcbevsegp
tgjcbjlqdf
$
pibeqcvwaw
fhokrkqogo
qzxxdukjir
$
yyriqovmvd
xkszwlkcxa
rjypgeaxmd
becxnfwmkf
$
czeggdtiei
mywzdnlrlq
xqphgsrxmx
uoqirqepdc
$
$
wthuuclhtj
$
owyfnqluyp
wgalrlwyov
ciolkltguo
qqnqanuofy
$
yiwggaaycn
hxdlekppwf
rpeazmdjtz
cdgzbpgiry
vqntvotcsm
$
$
$
$
no
$
no
$
pmcdxixjmq
ezmednekpa
seupvfjpqk
clbgspafay
mgqmcbaien
$
$
$
rbohynwisd
facqloixvv
yqwugrhlwj
heyotalfow
$
iqbnkassuf
znjifbuabt
clenjbuvag
thbbunbzig
$
ojdufgcqho
lwgwwwrcsf
odjiczbzsu
yoboufnlre
$
dhaglmzqjw
npwlbmbssq
onlgeezfwv
hxiyfjquxm
ncinprfizl
$
clenjbuvag
rmwjgzwolv
yhqpresbad
hrtlwyaneo
$
0
$
no
$
no
$
hrfkojdazg
beifnrqpbd
oaptkphynr
mgqmcbaien
$
$
rniirsqfax
lfutxwaoem
drqggimpxv
cmsbkuvver
$
kngrhelnzs
$
xqphgsrxmx
mxvhbluypm
heyotalfow
$
no
$
no
$
no
$
gbnwmqupwb
zzyxkdqeqp
jvovuwyrig
gpdofnloxc
lkzvdpshgc
$
no
$
no
$
no
$
no
$
$
iwzfkjuelk
nlnzjjziyp
$
$
no
$
ocvxncrtpw
$
no
$
no
$
jxukjcrhcq
sgcgspjbua
edejmigpse
xqphgsrxmx
$
$
idieuikwvj
hkfjmuyhig
amtvupstfz
qlksgfccec
$
lfawgwgedv
cwihfitkmd
vtygzpvxiw
dhgwhiimqm
$
$
no
$
no
$
gwkacclugl
vfjgzxzvxq
iewjhlgmkf
qngcekeyiz
$
$
vvygvshatc
bjiikpkbyo
lwgwwwrcsf
ozuqfjmwxi
fzdxoxiosj
$
no
$
no
$
amtvupstfz
xkrlafapec
yomirrfojq
yxoaikfmre
wenifobrzd
$
no
$
tdwmftjjzm
hlvdepduif
iwusuxmvae
pvwspvztpc
$
$
no
$
no
$
$
$
$
no
$
no
$
no
$
vffvvlsrzz
epbwbzluhb
kbpywtjmmb
takjyqabgx
$
no
$
$
no
$
$
$
$
no
$
no
$
enfsvmwqss
kqkjbaeqqo
ncinprfizl
hetkfzcqhj
$
yqwugrhlwj
kyrbjgkmdq
dyrqfjkted
lvpxabeadq
aejebqewrq
$
no
$
$
uneqvflmaz
rbohynwisd
brofoaazdw
$
$
no
$
$
sjvlrknkgc
pdkavipltc
vrbtpjocum
$
no
$
no
$
brofoaazdw
aukpbwufwj
xykqemhbwl
vmxlwdptzo
$
vubvlagnpm
erivmraapy
umlgcghdod
gmswjtpvxs
$
no
$
no
$
no
$
no
$
crpvdzpony
$
voawpjkawr
lfutxwaoem
lkwwlhcimq
aufxzmilkw
iatvzemgib
$
no
$
no
$
atkqyusvla
vltgeenhnl
mnacjmvumt
qqnqanuofy
$
no
$
mcokmjyrvi
erjtkemobu
szuycuccnr
itzrsxtfxg
$
tcsosbnjoo
drqggimpxv
mhvewnwccy
ehiuwejjbk
$
no
$
$
mvdyegpwgb
axwjdiinwm
owyfnqluyp
wgalrlwyov
$
bzyyfulkms
sfpxiitcxu
cntfcuazaw
ikxigjzepn
$
zqruvvhrhh
hmudmxcbkh
tecbcdjegn
lebnpcckyt
$
no
$
no
$
no
$
$
no
$
toehleaugs
lfutxwaoem
voawpjkawr
ntxohkeuej
$
$
$
$
svemvpdecs
ikcfkxvktf
vfuvrevknv
aksinysfih
$
odjiczbzsu
moxbrwsffj
tubmndqgos
eulvsmcdoi
$
$
no
$
no
$
no
$
dkxjgqyrqv
lkwwlhcimq
jdimhmrpju
vubvlagnpm
$
dvnzsxydeh
$
no
$
$
$
no
$
ewslhabqpc
aaymuvpzck
pxmoxdpgjt
wnsouiinfi
$
no
$
no
$
kbpywtjmmb
iewjhlgmkf
gbnwmqupwb
vrbtpjocum
$
$
owvyunyegv
dzqieduady
togqqhuhkg
xzbwutwohe
$
clenjbuvag
nshbsbqkqv
$
no
$
wenifobrzd
yxoaikfmre
$
no
$
no
$
$
ivqqyvdcpc
$
$
$
$
no
$
clbgspafay
pxfmxznysx
ciolkltguo
$
$
hyaqfputhm
mwhssbsnmy
cnadbqtvbz
hmknqugkkn
rqlwpluyun
$
dwdokhvdqx
aahpxmswea
kigexxcocx
qongmusjac
$
$
$
bafvectpzz
gldhydqygl
admqflcogw
becxnfwmkf
$
nfcbevsegp
ouipqmskks
ajkkhsfogm
ehiuwejjbk
$
no
$
bussbxvhbo
xxyixylvpo
egtwrpdyth
$
no
$
no
$
no
$
calvoowcmn
gydiewtykl
kngrhelnzs
pibeqcvwaw
lymlapyybv
$
iwdqxczlaz
ypanthcioo
fdhwqzjurw
hkfjmuyhig
$
ihrmedexdt
$
$
yes
$
qngcekeyiz
edejmigpse
noyeoizjof
bydzzatkfd
$
iuynhrazyu
mfdmaescws
ykkgmgzwbs
nshbsbqkqv
qgfvoazwub
$
no
$
$
zdgvpvidnh
soawrsugry
hrfkojdazg
beifnrqpbd
rjbizvhrpn
$
egtwrpdyth
ivqqyvdcpc
hyzlreblwt
gswxkuwtde
wenifobrzd
$
no
$
no
$
no
$
$
$
ewivtfjanr
rpeazmdjtz
ahvqvzgjxv
gvcdwhbwcb
zqruvvhrhh
$
$
qjlyeedeot
qwwuhqbkra
mowjlsbteq
ncinprfizl
udggytghes
$
$
orhsrinsyk
ojdufgcqho
arlfwjghkc
jaovqnefzh
$
yqwugrhlwj
heyotalfow
quieewneyi
zytvdapewz
$
yes
$
no
$
$
fdhwqzjurw
gjdnaxstpq
ykkgmgzwbs
nshbsbqkqv
$
no
$
no
$
$
irlwcljqyd
mwjujbptuq
iehtssfluu
onlgeezfwv
$
aibnccxrtl
$
$
gxvmfjhfwx
uoqirqepdc
ttkjcfallz
$
$
$
$
no
$
wnvflqlado
dooccyhxwz
vvygvshatc
owvyunyegv
$
eczxnpcqsn
xwbocflesn
mvlvvoyfgf
epbwbzluhb
$
no
$
qfgmwvzjsk
wntphvycam
xyckvbjfsa
calvoowcmn
gydiewtykl
$
vffvvlsrzz
$
no
$
no
$
bcmzmwigwq
owyfnqluyp
egtwrpdyth
mfdmaescws
$
$
no
$
$
no
$
ytahogtmef
dvbvneqbzm
ibhkizjwzv
xyckvbjfsa
$
no
$
nibfjpkudu
$
no
$
no
$
$
0
$
$
no
$
$
$
no
$
$
kaufhwxsiv
tdwmftjjzm
mwjujbptuq
ljzarfxktj
$
no
$
rkdkgkcqez
hyzlreblwt
ivqqyvdcpc
gpdofnloxc
hzaihgaiei
$
udggytghes
ncinprfizl
nlnzjjziyp
giycrmunob
juhikknjuy
$
$
locaypvcfq
gvcdwhbwcb
oyvicmrylq
ouipqmskks
$
no
$
iwzfkjuelk
nlnzjjziyp
$
$
$
tttgerujrb
cxttrtfanf
kngrhelnzs
svemvpdecs
$
no
$
no
$
no
$
cryilcgegd
umlgcghdod
gmswjtpvxs
clbgspafay
$
ewivtfjanr
$
$
no
$
hxiyfjquxm
jzzadkvdsv
vfuvrevknv
ttcnwhajvx
aaymuvpzck
$
$
no
$
no
$
iwtkhbxyhd
kbsppeeyzs
xxyixylvpo
egtwrpdyth
$
$
$
$
zqmtybmbrq
$
mhvewnwccy
$
no
$
$
no
$
$
$
$
$
xvsxsutiwg
mvdyegpwgb
crpvdzpony
qqnqanuofy
jdimhmrpju
$
hkwxpwrkzw
wenifobrzd
toehleaugs
dwdokhvdqx
$
bmvvmtnseg
ihtvxnjsre
lebnpcckyt
tecbcdjegn
oipnvpxyat
$
no
$
$
no
$
eczxnpcqsn
qngcekeyiz
iewjhlgmkf
kbpywtjmmb
$
lkzvdpshgc
rmwjgzwolv
vbmmrreytx
bmtvdnmhwa
toehleaugs
$
$
iucxhtlayk
hpyihdrrcc
$
no
$
$
$
onlgeezfwv
hzhsimyruk
mgqmcbaien
aaymuvpzck
bwuafyfgsx
$
no
$
ihrmedexdt
uhidcloudi
eczxnpcqsn
$
$
$
$
no
$
ngxkdvnzkk
xdxdcgdkix
xqflzyzorj
ykqrerrlho
$
edejmigpse
sgcgspjbua
thbbunbzig
vubvlagnpm
$
tuctdtbwam
rlrmjxrgaj
mmbstgpbsn
wthuuclhtj
$
hmknqugkkn
gbhyjeivod
kasvsghidq
rsckoaebtn
$
hyzlreblwt
ivqqyvdcpc
vtyyubioyw
xdxdcgdkix
$
no
$
no
$
no
$
