$
msuzpldbwo
bjkoptytkw
tnfbtmzhhm
rhirvbmijl
csquasszds
$
xxxyphanpz
$
no
$
no
$
eydfnjmclm
ydacxskxfj
fqonfthrmu
rncdcazopv
$
$
xywtebopfk
$
no
$
$
wdyonpcsxg
wptzcamtmn
ibqhhzqazn
zjbsqxwdhw
$
no
$
no
$
no
$
$
$
jbdfykfpfn
$
$
jtdwfdvulh
yzyeiwcrpo
evznadmbfe
qxlezrjmar
$
no
$
no
$
$
no
$
no
$
no
$
sreclpagwa
$
uqecmwwqaj
$
$
mipemibazo
$
gaisatdpzm
lwpdxfpidm
msuzpldbwo
gldeuopwam
$
no
$
no
$
$
no
$
$
hfqibkrwap
ewntceuuim
ecfxwqzzir
$
no
$
qlcfekeelr
urhimsbxuh
xwluiokruu
pxvsnsbfek
$
no
$
no
$
no
$
ctlkgnmlgy
yyugzsixer
qlcfekeelr
spvxkenevl
$
qlhbmsuolh
jevtztciiq
aybewgawvu
wdyonpcsxg
$
no
$
yes
$
olsdfpvirg
gwbepuwzrq
dbczxbwfmi
kcngnyrusb
$
$
no
$
aybewgawvu
urhimsbxuh
anzbxdhutt
meeyaonanb
$
no
$
no
$
pktuakimwv
ktkmafijoi
nwtmquqxcu
hcdcvsiqaq
$
anzbxdhutt
urhimsbxuh
fwnrzlmsdg
uqecmwwqaj
udyagndjau
$
tfkapeqvpr
spvxkenevl
$
no
$
wdyonpcsxg
wptzcamtmn
uvseuhlhio
$
$
$
wvktqsuzqc
lrmbxpxscp
lzybtuhqgl
tmuopywoen
$
zzradquevx
$
no
$
slwcvtajmh
$
ydacxskxfj
rbdvcsikvo
dwrpdufhph
xamhqjurml
$
no
$
no
$
no
$
no
$
rvkhvdivum
cnheccnmhg
mipemibazo
kvodkkobvr
$
$
$
$
vzduqfwzyv
voplnhxent
bptoeyzbof
rjlzfllazb
$
no
$
no
$
$
rhirvbmijl
$
uqecmwwqaj
udyagndjau
qzfidepjhi
$
ivnjzfsrts
yyskrsfkds
uhvvnqtmhw
sreclpagwa
$
no
$
ptcghxqtpq
lsexgxutvu
eeitmhalof
kwgcqsdbmp
$
vxwuxnsklq
jsuytnwoth
ktkmafijoi
pwcqeemcfr
ydlxhrkuwt
$
ctlkgnmlgy
ecfxwqzzir
zrehbytxog
govgztzebj
$
$
$
mizoxslewf
njksvofhnk
spvxkenevl
yurpbycspj
$
no
$
$
jnmyxwmxlv
pktuakimwv
kiczxjnuxk
eydfnjmclm
$
awwbjzetfs
udyagndjau
falguiqyku
rjlzfllazb
xcpracduod
$
no
$
rrbbohnagr
$
$
$
no
$
qqzyogrqzi
udyagndjau
ecusiqhyns
njksvofhnk
nwnlbbqkjv
$
rrboaoonyy
$
$
yzyeiwcrpo
ugtlctoghd
dwrpdufhph
hrlejqlrrz
$
no
$
$
gicqghsdbp
uhvvnqtmhw
qlcfekeelr
mwlfucqzhs
$
$
no
$
urhimsbxuh
rvrwbhdjht
ecfxwqzzir
$
0
$
dbczxbwfmi
gwbepuwzrq
lxuzfvgjov
xglgqnpdkg
$
no
$
hwrnpctaed
jsuytnwoth
jbdfykfpfn
fqonfthrmu
$
no
$
zkrcopxfpz
ewnnpiszgg
hrlejqlrrz
ehamvszhxo
$
khriiratbg
ctlkgnmlgy
yyugzsixer
$
no
$
no
$
bqbpgtzaoa
fycktsjvok
mipemibazo
cnheccnmhg
$
no
$
wptzcamtmn
$
$
pzyjlexzbh
fsclwsswau
bjkoptytkw
msuzpldbwo
gldeuopwam
$
uhvvnqtmhw
qlcfekeelr
hwrnpctaed
uzptmrksib
$
no
$
tpsfigzoxa
uqecmwwqaj
jbwssjnubp
vzduqfwzyv
yqtzsxvskz
$
$
uvseuhlhio
$
ktkmafijoi
$
no
$
yes
$
no
$
$
no
$
$
pwcqeemcfr
tuagurslqs
hwrnpctaed
jkiocwryet
$
uzbvmpadit
$
iufzladsnw
$
no
$
$
no
$
$
no
$
no
$
no
$
no
$
kiczxjnuxk
$
phvdwvqacq
ledbtwkuya
buzispywua
gkmcjzoaps
$
no
$
$
no
$
oarcxzemyk
oiqvqpzxbf
ehamvszhxo
xywtebopfk
tfkapeqvpr
$
$
$
xwluiokruu
dwrpdufhph
ugtlctoghd
uszcolwxmv
$
$
no
$
bptoeyzbof
$
$
$
$
no
$
gttikfplwv
mizoxslewf
njksvofhnk
$
0
$
no
$
yjptfvjhra
bcpjibhfzv
mfswdsthmr
hfqibkrwap
falguiqyku
$
$
fqonfthrmu
$
$
mrmzjxuxgo
zntwoqowmc
uhvvnqtmhw
euuksogysu
$
ssahjeazeh
csquasszds
xglgqnpdkg
$
rbdvcsikvo
lrmbxpxscp
lvofvkpydh
zrpzdnekok
$
pneffwwiiw
$
dmbajycidc
yjptfvjhra
$
no
$
lzybtuhqgl
lrmbxpxscp
wixbeadgjf
gmzqchqgqv
jfpsflixrm
$
oarcxzemyk
slwcvtajmh
kcyoksspml
ocashjukni
$
rvrwbhdjht
$
gwbepuwzrq
olsdfpvirg
zrpzdnekok
sddzusuood
$
idvhosyyyf
sluvomgouw
rbdvcsikvo
icufmkwsng
$
$
no
$
no
$
$
no
$
$
no
$
xjtamlpclr
iqnliatttq
hrlejqlrrz
ewnnpiszgg
$
fujhvtjocn
fgdmvuyswz
gkmcjzoaps
jqcavlkfmx
$
no
$
no
$
$
$
mfswdsthmr
$
mipemibazo
fycktsjvok
uqnvrzstju
kcyoksspml
$
uwttrgcsig
eydfnjmclm
hlelakgoic
mrpbrfmwno
$
$
yes
$
$
urhimsbxuh
$
$
yurpbycspj
$
jfpsflixrm
gkoihixdmx
uqnvrzstju
ssahjeazeh
ydlxhrkuwt
$
hscwqjdace
$
$
grqzltioek
wvktqsuzqc
xxxyphanpz
wiygxgckap
$
$
no
$
no
$
auahacntuy
kiczxjnuxk
zkfpxulgvs
swnzfkqvyk
nxvqqgngpo
$
xlxbihffdj
wixbeadgjf
lrmbxpxscp
unthgngwby
yurpbycspj
$
rbdvcsikvo
$
tuagurslqs
zrpzdnekok
ctlbaxychp
$
$
khriiratbg
pneffwwiiw
slwcvtajmh
$
$
no
$
$
udyagndjau
$
no
$
no
$
no
$
rjlzfllazb
bptoeyzbof
tfkapeqvpr
$
no
$
vceisgbjaw
lueiaiarsx
nwtmquqxcu
uhalldgrua
ssahjeazeh
$
$
$
ivnjzfsrts
$
no
$
kwgcqsdbmp
zrpzdnekok
hcdcvsiqaq
$
niodidtefz
evznadmbfe
swnzfkqvyk
zkfpxulgvs
$
xglgqnpdkg
tfkapeqvpr
xywtebopfk
bqbpgtzaoa
hltfolmiwy
$
tpsfigzoxa
$
ctlbaxychp
ivnjzfsrts
cieavfxrqc
gaisatdpzm
$
$
$
kupsxegmzq
$
$
bptoeyzbof
meeyaonanb
fsclwsswau
bjkoptytkw
$
$
no
$
fgdmvuyswz
evznadmbfe
olsdfpvirg
gmzqchqgqv
$
no
$
ufnzlkiwul
kupsxegmzq
utbxwoqbgm
ygkafowoxd
cqntftyjlk
$
$
pquhraxzhg
lxuzfvgjov
kybccubqqb
uqecmwwqaj
$
anzbxdhutt
urhimsbxuh
aybewgawvu
wdyonpcsxg
ydlxhrkuwt
$
ugtlctoghd
yzyeiwcrpo
fbxtjtabsh
pzyjlexzbh
szpsufdvll
$
no
$
no
$
yurpbycspj
baihtqyegu
falguiqyku
bkvthvkfjg
$
no
$
no
$
gkoihixdmx
iyiqywyzxc
xjtamlpclr
$
$
unthgngwby
lrmbxpxscp
lzybtuhqgl
pktuakimwv
$
$
$
no
$
no
$
jqcavlkfmx
uhalldgrua
ssahjeazeh
rncdcazopv
$
mfswdsthmr
jqcavlkfmx
uhalldgrua
nwtmquqxcu
$
xjtamlpclr
gicqghsdbp
slwcvtajmh
pktuakimwv
$
$
no
$
no
$
$
cnheccnmhg
bjkoptytkw
fsclwsswau
$
$
nuidyhaxld
xxxyphanpz
zrehbytxog
$
no
$
$
no
$
falguiqyku
rjlzfllazb
bptoeyzbof
ecfxwqzzir
$
nkqdmmlhsc
ftzrjgfqno
nwtmquqxcu
ewnnpiszgg
nwnlbbqkjv
$
no
$
no
$
no
$
eztmeoedkq
tfkapeqvpr
xywtebopfk
iscuhajppt
$
no
$
$
no
$
$
$
no
$
oiqvqpzxbf
dbczxbwfmi
$
no
$
uqnvrzstju
qqfiudavkv
xxxyphanpz
gttikfplwv
$
xamhqjurml
pzyjlexzbh
jszczpctru
bkvthvkfjg
$
$
no
$
uzptmrksib
lsexgxutvu
rrboaoonyy
$
$
no
$
no
$
no
$
bcpjibhfzv
spvxkenevl
uhalldgrua
rvkhvdivum
$
$
no
$
$
no
$
svmhggidij
uzptmrksib
$
rvrwbhdjht
kiczxjnuxk
utbxwoqbgm
baihtqyegu
$
no
$
kcskkklfzw
rrboaoonyy
qxlezrjmar
$
urhimsbxuh
xwluiokruu
mfswdsthmr
jqcavlkfmx
$
no
$
$
$
yyskrsfkds
$
no
$
lxuzfvgjov
lueiaiarsx
lwurzxwwev
nuidyhaxld
$
no
$
no
$
no
$
no
$
no
$
rbdvcsikvo
sluvomgouw
idvhosyyyf
fujhvtjocn
$
pzyjlexzbh
$
$
$
no
$
sddzusuood
zrpzdnekok
zkfpxulgvs
yzyeiwcrpo
$
no
$
$
jqcavlkfmx
$
no
$
$
no
$
$
no
$
$
no
$
$
ewnnpiszgg
yruubmvgqb
lxuzfvgjov
xglgqnpdkg
$
lvofvkpydh
lrmbxpxscp
wixbeadgjf
awwbjzetfs
$
no
$
$
tnfbtmzhhm
bjkoptytkw
aovevtrzct
$
$
tfkapeqvpr
xjtamlpclr
vylxgqyfwr
$
no
$
$
no
$
$
$
$
$
no
$
$
no
$
mrmzjxuxgo
utbxwoqbgm
kupsxegmzq
dmbajycidc
$
no
$
no
$
$
$
no
$
uvseuhlhio
$
$
no
$
ufnzlkiwul
$
qqzyogrqzi
rhirvbmijl
tnfbtmzhhm
gaisatdpzm
$
$
iqnliatttq
dznwqfuxto
lxuzfvgjov
yruubmvgqb
jevtztciiq
$
no
$
$
$
wixbeadgjf
qupowpzblf
buzquptrmb
lxuzfvgjov
$
$
auahacntuy
urhimsbxuh
ledbtwkuya
$
no
$
no
$
no
$
uqecmwwqaj
$
$
no
$
eztmeoedkq
hfqibkrwap
ewntceuuim
ecfxwqzzir
ctlkgnmlgy
$
uwttrgcsig
olsdfpvirg
nxvqqgngpo
$
no
$
$
$
qlhbmsuolh
jevtztciiq
eeitmhalof
$
no
$
no
$
no
$
$
no
$
$
no
$
iqnliatttq
dznwqfuxto
lxuzfvgjov
lueiaiarsx
vceisgbjaw
$
ivnjzfsrts
yyskrsfkds
thfckjyhaw
buzispywua
$
cgapozbeaq
yyugzsixer
dwrpdufhph
$
$
bqbpgtzaoa
fycktsjvok
mfswdsthmr
eydfnjmclm
$
$
no
$
no
$
$
kupsxegmzq
utbxwoqbgm
wyxnfqbclb
sreclpagwa
$
no
$
no
$
$
no
$
$
no
$
hlelakgoic
kcskkklfzw
kcngnyrusb
cieavfxrqc
$
ibqhhzqazn
ptcghxqtpq
kcngnyrusb
pneffwwiiw
$
no
$
ufnzlkiwul
xglgqnpdkg
tfkapeqvpr
$
baihtqyegu
nsnrvepsmt
mipemibazo
$
$
wdyonpcsxg
aybewgawvu
pktuakimwv
lzybtuhqgl
$
$
bqbpgtzaoa
hltfolmiwy
olsdfpvirg
zrpzdnekok
$
no
$
no
$
$
no
$
$
ydlxhrkuwt
$
no
$
$
qcnxvhgsac
$
$
no
$
sluvomgouw
aovevtrzct
xywtebopfk
bqbpgtzaoa
$
$
$
utbxwoqbgm
$
gdwdvwkibe
buzispywua
eydfnjmclm
$
no
$
no
$
uvseuhlhio
rrboaoonyy
kcskkklfzw
$
no
$
bkvthvkfjg
falguiqyku
ajwjvddaio
$
no
$
no
$
$
no
$
$
no
$
xjddrqbwcd
$
nsesszjfsc
$
yruubmvgqb
aovevtrzct
xywtebopfk
tfkapeqvpr
$
no
$
eztmeoedkq
bjkoptytkw
aovevtrzct
$
no
$
$
no
$
no
$
ydlxhrkuwt
pwcqeemcfr
xywtebopfk
ehamvszhxo
$
qupowpzblf
wixbeadgjf
cgapozbeaq
yyugzsixer
$
no
$
ctlbaxychp
xokkwnuncq
eummpnwdst
rjlzfllazb
xcpracduod
$
no
$
xamhqjurml
dwrpdufhph
ocashjukni
njksvofhnk
nwnlbbqkjv
$
$
gkmcjzoaps
lwurzxwwev
nuidyhaxld
$
$
ksimjccdev
dmbajycidc
kupsxegmzq
rvkhvdivum
$
no
$
qzfidepjhi
uzbvmpadit
zntwoqowmc
ygebuysyqn
$
no
$
no
$
no
$
vzduqfwzyv
vpvsvekluf
kupsxegmzq
$
fbxtjtabsh
yzyeiwcrpo
evznadmbfe
thqycninyv
$
hwrnpctaed
lxuzfvgjov
$
cieavfxrqc
nsesszjfsc
spvxkenevl
bcpjibhfzv
$
no
$
$
ciafjcxwdo
iufzladsnw
idvhosyyyf
$
no
$
no
$
no
$
no
$
urhimsbxuh
$
fmcmbcqnaz
buzispywua
ledbtwkuya
phvdwvqacq
$
no
$
$
no
$
no
$
$
qzfidepjhi
cgapozbeaq
rncdcazopv
$
$
$
zrehbytxog
tcwiukynhv
hcdcvsiqaq
zmdiahzzom
$
$
no
$
ydlxhrkuwt
pwcqeemcfr
qqfiudavkv
uszcolwxmv
$
no
$
zyajgrvmma
tksbbmxrlp
njksvofhnk
spvxkenevl
$
0
$
gdwdvwkibe
buzispywua
aybewgawvu
khriiratbg
$
no
$
no
$
no
$
no
$
$
szpsufdvll
pzyjlexzbh
iufzladsnw
svmhggidij
$
no
$
slwcvtajmh
buzquptrmb
qupowpzblf
nxvqqgngpo
$
jkiocwryet
hnokdojoew
jbdfykfpfn
tfkapeqvpr
$
$
lsexgxutvu
$
iufzladsnw
$
$
$
$
no
$
$
wtaqsjtcfu
wixbeadgjf
lrmbxpxscp
pquhraxzhg
fsclwsswau
$
no
$
wixbeadgjf
qupowpzblf
thfckjyhaw
$
no
$
no
$
szpsufdvll
zntwoqowmc
ydacxskxfj
$
oarcxzemyk
fmcmbcqnaz
gkoihixdmx
jqecchlhuf
$
idvhosyyyf
rhirvbmijl
yqtzsxvskz
gicqghsdbp
$
wixbeadgjf
jtdwfdvulh
yzyeiwcrpo
$
no
$
no
$
ewnnpiszgg
$
no
$
$
gdwdvwkibe
iqnliatttq
agbijyauao
ivnjzfsrts
$
$
tkigiheetn
ciafjcxwdo
nsesszjfsc
zmdiahzzom
$
vvwbqbwtys
ciafjcxwdo
nsesszjfsc
zmdiahzzom
$
$
$
ufnzlkiwul
xywtebopfk
nuidyhaxld
$
cgapozbeaq
udyagndjau
tuagurslqs
eydfnjmclm
$
$
no
$
cnheccnmhg
mipemibazo
hnokdojoew
gkoihixdmx
$
$
jqcavlkfmx
uvseuhlhio
txtvvpsupg
$
no
$
no
$
no
$
tfkapeqvpr
xywtebopfk
fgdmvuyswz
fujhvtjocn
$
vylxgqyfwr
ydlxhrkuwt
pwcqeemcfr
qcnxvhgsac
$
$
ygkafowoxd
uhalldgrua
spvxkenevl
nsesszjfsc
pxvsnsbfek
$
ftzrjgfqno
zrehbytxog
mrmzjxuxgo
$
no
$
$
$
no
$
lrmbxpxscp
pquhraxzhg
fsclwsswau
$
no
$
hrlejqlrrz
iqnliatttq
dznwqfuxto
$
no
$
eydfnjmclm
buzispywua
thfckjyhaw
vpvsvekluf
$
oarcxzemyk
fmcmbcqnaz
mfswdsthmr
jqcavlkfmx
$
xjddrqbwcd
uqecmwwqaj
jbwssjnubp
tnfbtmzhhm
eummpnwdst
$
onfarkylpp
grqzltioek
wvktqsuzqc
aovevtrzct
ftzrjgfqno
$
ewnnpiszgg
uszcolwxmv
xxxyphanpz
gttikfplwv
$
no
$
no
$
no
$
onfarkylpp
tksbbmxrlp
nuidyhaxld
txtvvpsupg
$
$
$
no
$
no
$
$
no
$
cieavfxrqc
ivnjzfsrts
ydlxhrkuwt
vylxgqyfwr
$
no
$
$
qqfiudavkv
qcnxvhgsac
$
ctlbaxychp
ivnjzfsrts
aovevtrzct
ftzrjgfqno
mpbnjpooeb
$
no
$
$
$
$
$
iqnliatttq
dznwqfuxto
lxuzfvgjov
yruubmvgqb
jevtztciiq
$
svmhggidij
khriiratbg
uszcolwxmv
wyxnfqbclb
$
no
$
$
khriiratbg
$
lsexgxutvu
$
no
$
no
$
rbdvcsikvo
sluvomgouw
aovevtrzct
yjptfvjhra
$
aybewgawvu
pktuakimwv
slwcvtajmh
ufnzlkiwul
$
jszczpctru
$
jtdwfdvulh
wixbeadgjf
fujhvtjocn
$
$
zntwoqowmc
$
$
uwttrgcsig
olsdfpvirg
fbxtjtabsh
tvegaxebhi
$
zrehbytxog
ftzrjgfqno
xlxbihffdj
$
no
$
awwbjzetfs
udyagndjau
qzfidepjhi
$
$
no
$
rbdvcsikvo
fmcmbcqnaz
$
no
$
no
$
no
$
$
no
$
rhirvbmijl
ktkmafijoi
njksvofhnk
$
$
$
no
$
jszczpctru
iqnliatttq
xjtamlpclr
euuksogysu
$
no
$
no
$
$
gldeuopwam
$
gicqghsdbp
yqtzsxvskz
aptgsbpevn
jjkmybddvl
jwgylnyrlw
$
no
$
no
$
$
qlcfekeelr
mwlfucqzhs
iqnliatttq
dznwqfuxto
$
no
$
uzbvmpadit
ydacxskxfj
$
$
zjbsqxwdhw
kcyoksspml
uqnvrzstju
fycktsjvok
$
qcnxvhgsac
uqnvrzstju
tnfbtmzhhm
bjkoptytkw
$
no
$
$
lrmbxpxscp
$
hltfolmiwy
olsdfpvirg
thfckjyhaw
yyskrsfkds
aptgsbpevn
$
no
$
no
$
no
$
$
yzlcucztvh
lueiaiarsx
jsuytnwoth
urhimsbxuh
$
no
$
haxjpsxcgm
nwnlbbqkjv
njksvofhnk
ktkmafijoi
$
zkrcopxfpz
spvxkenevl
uzbvmpadit
hlelakgoic
$
no
$
zrpzdnekok
rvrwbhdjht
yvtpzkoqzo
lueiaiarsx
yzlcucztvh
$
$
yurpbycspj
baihtqyegu
nsnrvepsmt
$
wptzcamtmn
uvseuhlhio
jqcavlkfmx
tpsfigzoxa
$
no
$
$
$
no
$
$
yuxmwhxfgb
xlxbihffdj
lwurzxwwev
gkmcjzoaps
$
lsexgxutvu
$
$
nsesszjfsc
pxvsnsbfek
jszczpctru
$
phvdwvqacq
ledbtwkuya
zntwoqowmc
szpsufdvll
hscwqjdace
$
jwgylnyrlw
wiygxgckap
$
jkiocwryet
hwrnpctaed
tuagurslqs
pwcqeemcfr
$
no
$
pquhraxzhg
lxuzfvgjov
rbdvcsikvo
fmcmbcqnaz
$
fgdmvuyswz
yzyeiwcrpo
zkfpxulgvs
pxvsnsbfek
$
$
pkzccvhgni
thfckjyhaw
iscuhajppt
samvofvefz
$
uqnvrzstju
kcyoksspml
uvseuhlhio
txtvvpsupg
$
$
$
$
no
$
lsexgxutvu
$
$
$
no
$
rvkhvdivum
uhalldgrua
nwtmquqxcu
$
$
$
$
$
no
$
no
$
grqzltioek
wvktqsuzqc
xxxyphanpz
$
$
no
$
$
ydlxhrkuwt
pwcqeemcfr
kupsxegmzq
aptgsbpevn
unthgngwby
$
$
$
$
$
jqecchlhuf
xokkwnuncq
utbxwoqbgm
wyxnfqbclb
$
zrpzdnekok
olsdfpvirg
evznadmbfe
$
no
$
$
no
$
$
dznwqfuxto
iqnliatttq
yuxmwhxfgb
agexeiypnn
$
aybewgawvu
pktuakimwv
gldeuopwam
qzfidepjhi
$
no
$
no
$
no
$
gttikfplwv
xxxyphanpz
uhalldgrua
jqcavlkfmx
$
lsexgxutvu
$
no
$
no
$
$
sluvomgouw
zyajgrvmma
jfpsflixrm
gkoihixdmx
uqnvrzstju
$
$
bqbpgtzaoa
fycktsjvok
mipemibazo
nsnrvepsmt
baihtqyegu
$
no
$
govgztzebj
dmbajycidc
tnfbtmzhhm
bjkoptytkw
$
gttikfplwv
icufmkwsng
bptoeyzbof
meeyaonanb
nxvqqgngpo
$
$
$
no
$
xcpracduod
nsnrvepsmt
tfkapeqvpr
eztmeoedkq
$
wptzcamtmn
uvseuhlhio
jqcavlkfmx
gkmcjzoaps
$
no
$
hlelakgoic
pneffwwiiw
hwrnpctaed
uzptmrksib
$
ivnjzfsrts
yyskrsfkds
fycktsjvok
ledbtwkuya
$
$
baihtqyegu
falguiqyku
ajwjvddaio
thfckjyhaw
$
$
udyagndjau
fmcmbcqnaz
gkoihixdmx
$
$
ehamvszhxo
hrlejqlrrz
yvtpzkoqzo
samvofvefz
kvodkkobvr
$
gaisatdpzm
tnfbtmzhhm
dmbajycidc
dznwqfuxto
$
no
$
grqzltioek
yurpbycspj
eeitmhalof
kwgcqsdbmp
$
no
$
no
$
$
no
$
no
$
rjlzfllazb
uqnvrzstju
fycktsjvok
$
no
$
thqycninyv
tuagurslqs
udyagndjau
fmcmbcqnaz
oarcxzemyk
$
$
no
$
olsdfpvirg
hltfolmiwy
xjddrqbwcd
onfarkylpp
$
no
$
$
idvhosyyyf
rhirvbmijl
wyxnfqbclb
fwnrzlmsdg
vceisgbjaw
$
$
uhalldgrua
rvkhvdivum
yuxmwhxfgb
agexeiypnn
$
no
$
$
kybccubqqb
$
$
kiczxjnuxk
rjlzfllazb
uqnvrzstju
qcnxvhgsac
$
no
$
jevtztciiq
pwcqeemcfr
tuagurslqs
$
no
$
no
$
no
$
udyagndjau
cgapozbeaq
hcdcvsiqaq
zmdiahzzom
$
no
$
$
lsexgxutvu
$
$
fqonfthrmu
zjbsqxwdhw
pxvsnsbfek
xwluiokruu
$
anzbxdhutt
meeyaonanb
nxvqqgngpo
$
no
$
$
$
yes
$
$
no
$
dbczxbwfmi
jbwssjnubp
wtaqsjtcfu
$
no
$
$
$
$
no
$
$
$
no
$
no
$
$
$
dznwqfuxto
lsexgxutvu
bjkoptytkw
$
no
$
lzybtuhqgl
iufzladsnw
pzyjlexzbh
jszczpctru
bkvthvkfjg
$
falguiqyku
njksvofhnk
jqcavlkfmx
uvseuhlhio
$
ptcghxqtpq
$
no
$
gwbepuwzrq
dbczxbwfmi
cgapozbeaq
qzfidepjhi
$
no
$
samvofvefz
kvodkkobvr
mpbnjpooeb
ftzrjgfqno
$
mwlfucqzhs
qlcfekeelr
hwrnpctaed
udyagndjau
dzohxqljcv
$
ftzrjgfqno
aovevtrzct
xywtebopfk
thqycninyv
$
qxlezrjmar
$
no
$
$
no
$
$
$
$
no
$
ecfxwqzzir
zntwoqowmc
aeouqvvhwx
ufnzlkiwul
$
qxlezrjmar
$
no
$
$
ssahjeazeh
xjddrqbwcd
hltfolmiwy
ecfxwqzzir
$
no
$
idvhosyyyf
$
no
$
$
dmbajycidc
dznwqfuxto
ydacxskxfj
$
$
no
$
no
$
buzispywua
ledbtwkuya
fycktsjvok
$
no
$
oarcxzemyk
oiqvqpzxbf
ehamvszhxo
hrlejqlrrz
$
$
0
$
no
$
lxuzfvgjov
lueiaiarsx
qxlezrjmar
agexeiypnn
$
$
$
no
$
govgztzebj
zzradquevx
gaisatdpzm
$
$
uzptmrksib
$
no
$
uszcolwxmv
yyskrsfkds
ptcghxqtpq
$
$
no
$
ktkmafijoi
$
$
no
$
no
$
no
$
tfkapeqvpr
bptoeyzbof
jqecchlhuf
jaxslukcec
$
$
no
$
$
yurpbycspj
$
ecfxwqzzir
zntwoqowmc
iyiqywyzxc
nsesszjfsc
$
$
agbijyauao
$
wyxnfqbclb
$
utbxwoqbgm
lsexgxutvu
eeitmhalof
$
$
dznwqfuxto
$
$
no
$
no
$
no
$
bptoeyzbof
kybccubqqb
uqecmwwqaj
$
0
$
ftzrjgfqno
aovevtrzct
sluvomgouw
$
$
$
no
$
gttikfplwv
gdwdvwkibe
$
ksimjccdev
dmbajycidc
$
no
$
no
$
no
$
$
no
$
yes
$
$
$
no
$
$
$
no
$
$
falguiqyku
$
iscuhajppt
samvofvefz
uvseuhlhio
jqcavlkfmx
tpsfigzoxa
$
$
xjddrqbwcd
uqecmwwqaj
gdwdvwkibe
$
no
$
yes
$
no
$
$
rncdcazopv
zjbsqxwdhw
zzradquevx
tmuopywoen
$
no
$
no
$
no
$
thfckjyhaw
buzispywua
fbxtjtabsh
pzyjlexzbh
$
zzradquevx
gaisatdpzm
tnfbtmzhhm
eummpnwdst
$
$
slwcvtajmh
yqtzsxvskz
rhirvbmijl
qqzyogrqzi
$
$
hscwqjdace
$
no
$
pzyjlexzbh
fsclwsswau
ewnnpiszgg
tnfbtmzhhm
gaisatdpzm
$
no
$
$
buzquptrmb
bptoeyzbof
jqecchlhuf
mrpbrfmwno
$
no
$
fycktsjvok
jevtztciiq
ciafjcxwdo
ocashjukni
$
tcwiukynhv
$
vvwbqbwtys
$
jqecchlhuf
$
$
no
$
rvrwbhdjht
yvtpzkoqzo
wyxnfqbclb
vylxgqyfwr
$
no
$
nxvqqgngpo
swnzfkqvyk
ciafjcxwdo
jevtztciiq
$
$
lsexgxutvu
$
no
$
agbijyauao
$
$
pwcqeemcfr
qqfiudavkv
zzradquevx
tcwiukynhv
$
utbxwoqbgm
ygkafowoxd
$
lxuzfvgjov
yruubmvgqb
svmhggidij
zkfpxulgvs
$
no
$
no
$
$
no
$
0
$
pktuakimwv
samvofvefz
uvseuhlhio
ksimjccdev
$
$
no
$
oiqvqpzxbf
cgapozbeaq
udyagndjau
qqzyogrqzi
$
wiygxgckap
ssahjeazeh
uqnvrzstju
jszczpctru
$
no
$
no
$
cgapozbeaq
qzfidepjhi
uzbvmpadit
$
$
$
no
$
pktuakimwv
jnmyxwmxlv
utbxwoqbgm
lsexgxutvu
uzptmrksib
$
0
$
aovevtrzct
$
yvtpzkoqzo
$
zkrcopxfpz
cnheccnmhg
mipemibazo
rbdvcsikvo
$
$
aybewgawvu
urhimsbxuh
tmuopywoen
$
no
$
falguiqyku
ajwjvddaio
svmhggidij
lzybtuhqgl
$
xjtamlpclr
lsexgxutvu
$
$
jkiocwryet
hwrnpctaed
kvodkkobvr
mpbnjpooeb
xcpracduod
$
$
yes
$
no
$
$
no
$
$
$
$
no
$
yzlcucztvh
hscwqjdace
hfqibkrwap
falguiqyku
ecusiqhyns
$
lwurzxwwev
$
no
$
$
jevtztciiq
aybewgawvu
pktuakimwv
$
thqycninyv
tuagurslqs
udyagndjau
falguiqyku
$
wvktqsuzqc
lrmbxpxscp
rbdvcsikvo
dwrpdufhph
hrlejqlrrz
$
xokkwnuncq
$
no
$
wvktqsuzqc
$
hlelakgoic
zntwoqowmc
yyugzsixer
txtvvpsupg
rrbbohnagr
$
no
$
aeouqvvhwx
lxuzfvgjov
kybccubqqb
csquasszds
$
rbdvcsikvo
xglgqnpdkg
$
mizoxslewf
njksvofhnk
falguiqyku
baihtqyegu
$
$
xamhqjurml
jaxslukcec
uvseuhlhio
vpvsvekluf
$
lsexgxutvu
$
no
$
no
$
no
$
$
$
no
$
no
$
lsexgxutvu
$
no
$
no
$
$
nwnlbbqkjv
haxjpsxcgm
xjddrqbwcd
$
no
$
no
$
$
no
$
rrbbohnagr
wtaqsjtcfu
jbwssjnubp
oiqvqpzxbf
oarcxzemyk
$
$
no
$
$
nsesszjfsc
vzduqfwzyv
vpvsvekluf
uvseuhlhio
$
$
no
$
bcpjibhfzv
grqzltioek
sreclpagwa
mpbnjpooeb
$
no
$
ewnnpiszgg
nwtmquqxcu
hcdcvsiqaq
tcwiukynhv
$
no
$
$
$
eydfnjmclm
buzispywua
thfckjyhaw
qupowpzblf
$
no
$
$
no
$
no
$
no
$
no
$
no
$
no
$
kvodkkobvr
lxuzfvgjov
falguiqyku
$
no
$
thfckjyhaw
$
lwpdxfpidm
msuzpldbwo
pxvsnsbfek
zkfpxulgvs
$
no
$
no
$
no
$
