$
romcvmzfie
ucivzyiblp
yygngdgsdw
wgwxyuscap
$
no
$
lofumuewcp
ithecxjcyb
outkvymkcs
kqxxtwusjt
nnkyzmvngz
$
yygngdgsdw
gbakvolpme
trbnrgbfkq
efynvnoawu
$
$
aiqjajqhdj
rghfazqifh
uhkkctgrdj
hrvxhyhzsf
fdhvnjpdky
$
$
no
$
$
no
$
mrxjexlvmt
ksmnbiiiiv
nfakyycgsf
xurlmhtnov
bsrsefsnek
ucrsujztah
$
qrfancsjwm
uhnzswchha
mribghjrsh
xxxmkfmihb
$
updcfdqogm
agswdqdgxv
$
emqaswwthy
mstfwekxtq
bndqyswruf
kvaieqjehi
duxweitvst
$
ylrpoztypb
uqdbkjjmyw
uhkkctgrdj
rghfazqifh
orctaitlwz
bppqfxadpx
$
no
$
outkvymkcs
dmxletoppe
xgkfcrkywh
ucivzyiblp
ylrpoztypb
uqdbkjjmyw
$
wcbqygysyw
aojbqjfvkz
wdzaktmnio
unyjdxvuho
kwjockcgep
$
no
$
no
$
mvzunpplqe
xxxmkfmihb
fxxjnfwzbz
rkynociwpt
ulebwcltlf
axnuwqdztf
$
$
$
wcbqygysyw
aojbqjfvkz
bppqfxadpx
zcoqrojquq
yjofbeevgp
$
no
$
$
no
$
no
$
vbpazucgul
lfuqvjvqvo
ulebwcltlf
rkynociwpt
fxxjnfwzbz
$
$
no
$
ulebwcltlf
kqxxtwusjt
bpohlyzlzz
pgpaermkjm
ylrpoztypb
$
no
$
no
$
$
no
$
linwyqbzqx
dmxletoppe
jbjzkzahtn
lfuqvjvqvo
zajvcmdtyp
ydixbuqway
$
wclpyfgkoe
loydajarsw
zclkvxizwh
yqsmngwozx
uqdbkjjmyw
cuphgjjpjw
$
linwyqbzqx
dmxletoppe
jbjzkzahtn
wwzkmjxiia
xxxmkfmihb
uhbochrare
$
no
$
nmpgixfide
$
ucgvkjalif
njassyleiw
ltafxhglim
gqqoselkwx
vqvfwcerlb
$
no
$
no
$
pxtkvjjotm
rkynociwpt
njassyleiw
brvxnernyt
svrrwrqgbz
$
$
no
$
no
$
no
$
$
ksmnbiiiiv
sjqigjeads
cvvkwsmrxg
gacohdgrqi
uvkzkzpztu
$
xgkfcrkywh
ucivzyiblp
yygngdgsdw
gbakvolpme
iasdubntzm
ujlcnzoamj
$
mreaogdqjk
$
uvkzkzpztu
$
$
no
$
ilxmexfmkc
$
ekldejnupt
snfjljdecx
loydajarsw
wclpyfgkoe
$
snfjljdecx
loydajarsw
zclkvxizwh
opzdodvjzc
ltafxhglim
$
no
$
$
mpztiekglh
pxtkvjjotm
rkynociwpt
nlwekqzgnl
lwbppwntav
btrzwlubof
$
$
$
ujlcnzoamj
eegfrpejeh
rkynociwpt
nlwekqzgnl
jbjzkzahtn
viwlhsfxvi
$
no
$
nbyjvpaggy
mpztiekglh
bktfhsazdy
cvvkwsmrxg
dmxletoppe
$
no
$
no
$
fiyxmraxsp
ucgvkjalif
gczvvoepis
mreaogdqjk
orctaitlwz
eecwlyenpq
$
$
hgwjdfbdvn
$
$
$
$
rupwhpcuba
agswdqdgxv
aszjodhyqt
wwzkmjxiia
xxxmkfmihb
fxxjnfwzbz
rqcjtdihae
$
$
uqdbkjjmyw
ylrpoztypb
ucivzyiblp
yygngdgsdw
fetvtbpkra
zqppopaenh
$
kqxxtwusjt
osgfqbhbpc
cdrfdsykud
gczvvoepis
$
no
$
ydixbuqway
duzvxbgsbn
pkxcymyvrw
fdhvnjpdky
qwwhfyaoqe
xdhvjqigyk
$
no
$
hgwjdfbdvn
rqcjtdihae
fxxjnfwzbz
rkynociwpt
$
no
$
$
no
$
uqdbkjjmyw
yqsmngwozx
viwlhsfxvi
jbjzkzahtn
$
ldrosejvrc
gbakvolpme
yygngdgsdw
ucivzyiblp
$
no
$
uvkzkzpztu
mdbmuyalnn
$
no
$
$
$
$
no
$
cwdizqoogj
jdacfebkdq
kqxxtwusjt
outkvymkcs
$
qyrfdfxvpi
fiyxmraxsp
ylrpoztypb
ucivzyiblp
yygngdgsdw
wgwxyuscap
$
nhvtizysfj
lcvvrukauv
bofnjpibkt
trbnrgbfkq
jdacfebkdq
pdoalrfcqz
$
outkvymkcs
ithecxjcyb
dvfwvzuqsf
qwwhfyaoqe
fdhvnjpdky
$
$
fxxjnfwzbz
rkynociwpt
nlwekqzgnl
fpacjmgqbv
scwyvgrclm
$
no
$
no
$
no
$
ftbooslgnr
osgfqbhbpc
kqxxtwusjt
nnkyzmvngz
mgrcgyzfwi
$
$
$
tdbzetnodm
dsucdltodw
zajvcmdtyp
lfuqvjvqvo
ituwmzqsps
jbgesldctk
$
fiyxmraxsp
hzmtgeuugt
niqaenhnvx
$
xdhvjqigyk
qwwhfyaoqe
yygngdgsdw
emqaswwthy
pdoalrfcqz
$
gczvvoepis
ucgvkjalif
tfckgkjapt
nmpgixfide
wfpxigsger
$
no
$
$
no
$
no
$
tmjavjraiu
ddefotjfij
hwlzlcewjw
mreaogdqjk
$
svrrwrqgbz
ttbkhuejrs
ylrpoztypb
ucivzyiblp
yygngdgsdw
emqaswwthy
$
scwyvgrclm
cvvkwsmrxg
sjqigjeads
ksmnbiiiiv
mrxjexlvmt
$
no
$
$
$
no
$
no
$
lzebyrmmsh
exouomlmqc
$
zywrlhcnna
tmjavjraiu
wgwxyuscap
lfuqvjvqvo
ituwmzqsps
$
no
$
jbgesldctk
pwcnvflxcq
xurlmhtnov
bsrsefsnek
ganuvfhywu
kvaieqjehi
$
no
$
txbquhxnqh
axnuwqdztf
eiaqqctqiu
bppqfxadpx
zcoqrojquq
$
aszjodhyqt
wwzkmjxiia
nmpgixfide
cjxsdjviwp
pfgdpplkdd
$
aumtrnyepe
kqxxtwusjt
jdacfebkdq
eigseygewm
lfcburmwxp
$
snfjljdecx
loydajarsw
sirwbwfhyj
uhnzswchha
mribghjrsh
lxcyuruolp
$
no
$
mribghjrsh
pgobhgxnhk
wrukkdpsvq
frbazfmizu
wgjygoyyka
jporifhijo
$
iouejydeyb
cdrfdsykud
gczvvoepis
ucgvkjalif
tfckgkjapt
bbfrgoxnhw
tdbzetnodm
$
$
$
$
aojbqjfvkz
auidjhymmb
osilbxwyyy
wrukkdpsvq
$
no
$
aszjodhyqt
mribghjrsh
lxcyuruolp
lzebyrmmsh
exouomlmqc
$
$
ostxbdyvcf
cfxgnausje
pfgdpplkdd
cjxsdjviwp
nmpgixfide
jqqmuqcyxu
$
jnkpebsayc
ilxmexfmkc
lofumuewcp
ithecxjcyb
$
$
no
$
tdbzetnodm
ltafxhglim
njassyleiw
frbazfmizu
wrukkdpsvq
$
wrukkdpsvq
pgobhgxnhk
mreaogdqjk
gczvvoepis
$
no
$
no
$
mpztiekglh
ytuaeqlsuy
jshebkstpb
duxweitvst
zqppopaenh
$
yjofbeevgp
gbakvolpme
oxxhufuplx
lptmsxfabr
hrbgzycjmk
btrzwlubof
$
$
no
$
dmdoxrxdkf
lptmsxfabr
oxxhufuplx
gbakvolpme
yygngdgsdw
wgwxyuscap
$
$
cwdizqoogj
jdacfebkdq
kwjockcgep
unyjdxvuho
wdzaktmnio
$
nlwekqzgnl
jbjzkzahtn
viwlhsfxvi
mkdzeihbgg
$
gehmfstorm
blbodhbdhx
xdhvjqigyk
hgwjdfbdvn
vsdoyadxol
wfpxigsger
$
$
no
$
$
lcvvrukauv
sirwbwfhyj
pvvvnqniyd
tdbzetnodm
ltafxhglim
$
auidjhymmb
osilbxwyyy
ganuvfhywu
bsrsefsnek
xurlmhtnov
$
cwdizqoogj
uhnzswchha
dnccbmemfk
duxweitvst
kjejtlkndf
$
$
no
$
$
no
$
vqvfwcerlb
nlwekqzgnl
mgrcgyzfwi
pqciqdvdqd
ayenhgelhy
$
no
$
$
svrrwrqgbz
auidjhymmb
cvlbwytlqi
nbyjvpaggy
fozhwbkrgz
$
no
$
wpcmnujubt
ftbooslgnr
osgfqbhbpc
zadxpdpoye
qwwhfyaoqe
cmfihbutrn
mdbmuyalnn
$
$
tmjavjraiu
axppfcaudu
exouomlmqc
jshebkstpb
$
osilbxwyyy
$
mreaogdqjk
ldrosejvrc
arxlvwsmxy
tfckgkjapt
smnkwdhpcq
ujipevpreh
$
no
$
no
$
no
$
$
jporifhijo
wgjygoyyka
frbazfmizu
wrukkdpsvq
osilbxwyyy
gioytbglnp
ivyezsddap
$
$
qoijjmbnvg
lptmsxfabr
hrbgzycjmk
sirwbwfhyj
lcvvrukauv
bofnjpibkt
vbpazucgul
cfcyxiryir
$
$
no
$
no
$
jobsqodxix
sirwbwfhyj
loydajarsw
snfjljdecx
$
$
$
$
no
$
frqdrqtjhs
wdzaktmnio
aojbqjfvkz
auidjhymmb
osilbxwyyy
$
xdhvjqigyk
hgwjdfbdvn
lmvfhwozul
ganuvfhywu
$
ostxbdyvcf
iasdubntzm
uvkzkzpztu
brvxnernyt
njassyleiw
$
$
no
$
no
$
srtoahfsvu
gczvvoepis
mreaogdqjk
hwlzlcewjw
ddefotjfij
xgkfcrkywh
rupwhpcuba
$
sxwtovhbbb
bpohlyzlzz
frbazfmizu
wgjygoyyka
biwhukekpg
nbyjvpaggy
poramdcaur
$
no
$
no
$
$
no
$
kwjockcgep
unyjdxvuho
pqciqdvdqd
vmdqkfibyb
euvtnfeaao
$
pfgdpplkdd
zadxpdpoye
oezerfubrt
ganuvfhywu
$
wfazvpbosd
dnccbmemfk
mvzunpplqe
frqdrqtjhs
gczvvoepis
$
no
$
no
$
$
no
$
no
$
no
$
$
hrbgzycjmk
updcfdqogm
agswdqdgxv
uqdbkjjmyw
uhkkctgrdj
$
$
$
$
tdbzetnodm
dsucdltodw
wdzaktmnio
aojbqjfvkz
wcbqygysyw
nfakyycgsf
bdnrpvpyla
$
no
$
no
$
wclpyfgkoe
loydajarsw
zclkvxizwh
yqsmngwozx
uqdbkjjmyw
ylrpoztypb
ucivzyiblp
$
no
$
ftjwlpbcmf
nlwekqzgnl
lwbppwntav
btrzwlubof
$
no
$
$
kktdsjrtjv
jnkpebsayc
duxweitvst
zqppopaenh
$
no
$
yygngdgsdw
$
$
no
$
wrukkdpsvq
pgobhgxnhk
hwlzlcewjw
efynvnoawu
$
$
$
jporifhijo
wgjygoyyka
zywrlhcnna
tmjavjraiu
wgwxyuscap
$
zayljmnmyn
pgobhgxnhk
wrukkdpsvq
jshebkstpb
exouomlmqc
yydnkudsya
$
$
$
no
$
ithecxjcyb
mvgifpocyy
pzsyhecizr
rghfazqifh
uhkkctgrdj
$
licfpzepae
mreaogdqjk
sjqigjeads
nfakyycgsf
$
pxtkvjjotm
mpztiekglh
nbyjvpaggy
wgyemhmksj
$
no
$
prstdwzluf
ksmnbiiiiv
sjqigjeads
bmjuyukkcz
tfckgkjapt
$
no
$
$
no
$
ulebwcltlf
rkynociwpt
xurlmhtnov
updcfdqogm
hrbgzycjmk
wclpyfgkoe
$
no
$
$
no
$
ganuvfhywu
oezerfubrt
hrbgzycjmk
$
mreaogdqjk
sjqigjeads
nfakyycgsf
wcbqygysyw
$
no
$
mowfdpkrtg
wwzkmjxiia
niqaenhnvx
blbodhbdhx
gehmfstorm
$
no
$
$
no
$
$
bmjuyukkcz
sjqigjeads
nfakyycgsf
bdnrpvpyla
$
no
$
$
nlwekqzgnl
jbjzkzahtn
lfuqvjvqvo
eecwlyenpq
$
no
$
$
$
no
$
$
bofnjpibkt
vbpazucgul
lfuqvjvqvo
$
no
$
no
$
cjxsdjviwp
gqqoselkwx
rkynociwpt
ulebwcltlf
axnuwqdztf
fqatqvvfoa
$
$
iskxqjxurk
$
lwbppwntav
mdbmuyalnn
sroblyayiw
lzebyrmmsh
zywrlhcnna
$
$
lmvfhwozul
ganuvfhywu
oezerfubrt
hrbgzycjmk
lptmsxfabr
oxxhufuplx
$
fiyxmraxsp
qyrfdfxvpi
biwhukekpg
nbyjvpaggy
fozhwbkrgz
$
no
$
$
mdbmuyalnn
sroblyayiw
lzebyrmmsh
exouomlmqc
yydnkudsya
$
$
no
$
dmdoxrxdkf
lptmsxfabr
cvlbwytlqi
auidjhymmb
bemurymqqb
$
no
$
ostxbdyvcf
ytuaeqlsuy
jshebkstpb
exouomlmqc
euvtnfeaao
$
cfxgnausje
pfgdpplkdd
cvlbwytlqi
nbyjvpaggy
biwhukekpg
qyrfdfxvpi
vricdtyjky
$
ulebwcltlf
rkynociwpt
gqqoselkwx
nqorzimkaa
$
$
$
duxweitvst
$
no
$
$
ekldejnupt
snfjljdecx
eiaqqctqiu
scwyvgrclm
pzsyhecizr
mvgifpocyy
$
pkxcymyvrw
fdhvnjpdky
hrvxhyhzsf
uhkkctgrdj
mendgfiiiw
$
$
$
no
$
$
$
$
$
iouejydeyb
cdrfdsykud
gczvvoepis
mreaogdqjk
orctaitlwz
rghfazqifh
$
$
wcbqygysyw
lfcburmwxp
eigseygewm
$
no
$
$
mreaogdqjk
$
no
$
no
$
bsrsefsnek
ganuvfhywu
osilbxwyyy
trbnrgbfkq
$
no
$
$
$
$
$
$
$
$
$
wwzkmjxiia
jbjzkzahtn
nlwekqzgnl
qwwhfyaoqe
$
no
$
$
$
osilbxwyyy
ganuvfhywu
bisbzmwftv
$
ivyezsddap
$
yydnkudsya
bemurymqqb
viwlhsfxvi
jbjzkzahtn
wwzkmjxiia
xxxmkfmihb
uhbochrare
$
no
$
$
mribghjrsh
$
$
pzoccyjzqe
axppfcaudu
ulebwcltlf
$
wpcmnujubt
ftbooslgnr
eecwlyenpq
lfuqvjvqvo
scwyvgrclm
cvvkwsmrxg
$
uhbochrare
btrzwlubof
hrbgzycjmk
oezerfubrt
ganuvfhywu
$
no
$
no
$
no
$
1235
$
$
no
$
no
$
$
no
$
$
cvlbwytlqi
lptmsxfabr
mvzunpplqe
dqbskpjkhv
$
$
frqdrqtjhs
mvzunpplqe
dqbskpjkhv
$
sjqigjeads
mreaogdqjk
licfpzepae
jbjzkzahtn
$
$
eigseygewm
mvgifpocyy
pzsyhecizr
scwyvgrclm
cvvkwsmrxg
$
$
picksnlvtb
mendgfiiiw
wfazvpbosd
trbnrgbfkq
efynvnoawu
aojbqjfvkz
$
qoijjmbnvg
lptmsxfabr
hrbgzycjmk
sirwbwfhyj
pvvvnqniyd
kktdsjrtjv
$
xdhvjqigyk
qwwhfyaoqe
nlwekqzgnl
jbjzkzahtn
bpohlyzlzz
frbazfmizu
$
bktfhsazdy
lofumuewcp
ilxmexfmkc
jnkpebsayc
duxweitvst
$
$
$
lzebyrmmsh
exouomlmqc
axppfcaudu
xdhvjqigyk
$
no
$
jnkpebsayc
uhnzswchha
inyqgwtdbk
$
wfazvpbosd
mendgfiiiw
uhkkctgrdj
uqdbkjjmyw
$
no
$
$
no
$
ryamhreyrc
kwjockcgep
jdacfebkdq
fetvtbpkra
yygngdgsdw
wgwxyuscap
$
sxwtovhbbb
bpohlyzlzz
jobsqodxix
sirwbwfhyj
hrbgzycjmk
lptmsxfabr
cvlbwytlqi
$
no
$
$
no
$
no
$
$
$
no
$
hrbgzycjmk
updcfdqogm
mribghjrsh
pgobhgxnhk
outkvymkcs
$
$
pwcnvflxcq
jbgesldctk
ituwmzqsps
lfuqvjvqvo
vbpazucgul
$
no
$
$
no
$
no
$
updcfdqogm
pkxcymyvrw
fdhvnjpdky
ylrpoztypb
romcvmzfie
ostxbdyvcf
$
zclkvxizwh
yqsmngwozx
uqdbkjjmyw
ylrpoztypb
pgpaermkjm
$
$
biwhukekpg
wgjygoyyka
zywrlhcnna
tmjavjraiu
ddefotjfij
xgkfcrkywh
rupwhpcuba
$
$
$
rupwhpcuba
agswdqdgxv
uqdbkjjmyw
uhkkctgrdj
blbodhbdhx
gehmfstorm
$
no
$
mribghjrsh
updcfdqogm
agswdqdgxv
chxyfisgkk
pmyuymsmfo
$
$
no
$
no
$
mreaogdqjk
$
axppfcaudu
$
lfuqvjvqvo
$
rqcjtdihae
pfgdpplkdd
cvlbwytlqi
nbyjvpaggy
wcbqygysyw
$
lxcyuruolp
mribghjrsh
uhnzswchha
dnccbmemfk
duxweitvst
zqppopaenh
$
no
$
no
$
no
$
no
$
$
no
$
$
mdbmuyalnn
sroblyayiw
dnccbmemfk
wfazvpbosd
pvvvnqniyd
kktdsjrtjv
$
no
$
wrukkdpsvq
pgobhgxnhk
mreaogdqjk
unyjdxvuho
wdzaktmnio
$
$
$
no
$
$
$
iskxqjxurk
pwcnvflxcq
sjqigjeads
bmjuyukkcz
$
efynvnoawu
aojbqjfvkz
wcbqygysyw
nbyjvpaggy
ksmnbiiiiv
mrxjexlvmt
$
trbnrgbfkq
wfazvpbosd
mowfdpkrtg
nocydnnivm
$
no
$
kwjockcgep
unyjdxvuho
mreaogdqjk
orctaitlwz
bppqfxadpx
zcoqrojquq
$
$
no
$
osgfqbhbpc
zadxpdpoye
blbodhbdhx
gehmfstorm
bdnrpvpyla
$
updcfdqogm
xurlmhtnov
rkynociwpt
ulebwcltlf
lfuqvjvqvo
$
gczvvoepis
mreaogdqjk
licfpzepae
jbjzkzahtn
jelddzrmrg
$
$
vsdoyadxol
hgwjdfbdvn
eecwlyenpq
orctaitlwz
ilxmexfmkc
$
$
$
no
$
$
no
$
uhkkctgrdj
hrvxhyhzsf
ftbooslgnr
osgfqbhbpc
kqxxtwusjt
$
no
$
no
$
ucgvkjalif
njassyleiw
rkynociwpt
nlwekqzgnl
fpacjmgqbv
$
$
lzebyrmmsh
$
nmpgixfide
tfckgkjapt
bmjuyukkcz
cmfihbutrn
qwwhfyaoqe
$
no
$
$
$
$
ryamhreyrc
kwjockcgep
unyjdxvuho
mreaogdqjk
jnkpebsayc
jshebkstpb
$
$
$
no
$
no
$
no
$
exouomlmqc
lzebyrmmsh
$
$
biwhukekpg
nbyjvpaggy
wcbqygysyw
nfakyycgsf
xurlmhtnov
$
no
$
$
$
$
dnccbmemfk
wfazvpbosd
vmdqkfibyb
$
sjqigjeads
xurlmhtnov
$
linwyqbzqx
dmxletoppe
xgkfcrkywh
ddefotjfij
tmjavjraiu
zywrlhcnna
$
$
trbnrgbfkq
wfazvpbosd
vmdqkfibyb
cvvkwsmrxg
gacohdgrqi
$
$
$
no
$
hrvxhyhzsf
uhkkctgrdj
rghfazqifh
pzsyhecizr
pwcnvflxcq
$
$
no
$
$
no
$
cwdizqoogj
ftbooslgnr
eecwlyenpq
hgwjdfbdvn
$
wcbqygysyw
nfakyycgsf
xurlmhtnov
updcfdqogm
pkxcymyvrw
fdhvnjpdky
$
no
$
gacohdgrqi
uvkzkzpztu
brvxnernyt
njassyleiw
frbazfmizu
wrukkdpsvq
$
no
$
$
btrzwlubof
lwbppwntav
nlwekqzgnl
fpacjmgqbv
scwyvgrclm
$
ftjwlpbcmf
nlwekqzgnl
rkynociwpt
xurlmhtnov
nfakyycgsf
$
no
$
auidjhymmb
osilbxwyyy
gioytbglnp
$
euvtnfeaao
exouomlmqc
lzebyrmmsh
$
wfazvpbosd
trbnrgbfkq
gbakvolpme
$
yjofbeevgp
gbakvolpme
iasdubntzm
ujlcnzoamj
iskxqjxurk
pwcnvflxcq
prstdwzluf
$
no
$
pwcnvflxcq
sjqigjeads
mreaogdqjk
$
jqqmuqcyxu
nmpgixfide
cjxsdjviwp
bktfhsazdy
mpztiekglh
ytuaeqlsuy
$
$
$
$
ujlcnzoamj
iasdubntzm
gbakvolpme
yygngdgsdw
fetvtbpkra
$
no
$
$
fetvtbpkra
yygngdgsdw
wgwxyuscap
mkdzeihbgg
aiqjajqhdj
aszjodhyqt
$
zclkvxizwh
opzdodvjzc
kazsvuvjwk
mdbmuyalnn
iskxqjxurk
$
no
$
no
$
no
$
$
no
$
kjejtlkndf
duxweitvst
dnccbmemfk
mvzunpplqe
dqbskpjkhv
ynhvwomwrr
$
$
no
$
