$
puigvxitmv
xvhmglmsvs
brazyidguc
jmqsvlrubo
sbheburrvq
pdomsgvjpz
$
$
uejaxoawgm
jbpajtypte
sayvzfdjch
$
$
rdrwuytuom
kpaxblkmik
ktjfwpdbib
qandqngxeb
ivikveqnup
xhqegvgyre
egxbcwcvjo
$
$
mhibgoybgx
mqbjgyclii
hcfdtkqtxd
odyfyxwqku
cggnxsjezb
$
$
no
$
no
$
$
xvhmglmsvs
puigvxitmv
vchdaztagq
efhgedblhc
vrwpkaozmy
$
vqvihgqapi
rloidaxist
smgxhcqzds
pwxniprijq
$
no
$
no
$
gxuzpamsia
cwxhtkrwau
ncbnfezghq
brazyidguc
wvuwrkcbil
jsoetsykpc
$
$
vnvzrfjchv
fgcmkkkqle
aazejkmndd
cefekvucla
kwqtiqohcc
$
$
svkndqnpia
fzoodwwtda
dcjfmiuhgj
gnyvjpzlnb
sopzbnzkhl
piehyovefi
txzzqqkdmz
$
$
$
refdipstqx
frqxywyhsr
kmjcvcybpc
marybprkcy
irbpieyhgp
adrreocjro
quqmumxgsn
$
jdvmpxyoac
zasmujqnmt
odyfyxwqku
regxquvhgw
snftkpyaoc
hhnieehbev
$
$
$
no
$
no
$
qtoeefdiyg
bufxkpqxhk
ncbnfezghq
drfrpapfds
zyunttyxgx
krdeymhcvl
hgvpjgwlud
$
$
$
no
$
gwnwluwznz
hmogqbgiia
sayvzfdjch
ghqvhrmzpq
$
$
coakwzphan
hpkuqapjnc
qexttyfpli
zlwaeuauew
xkuvhkifia
jbqinjfstg
$
$
teylvskfto
sunjztfztz
gmdetboadx
ohjscqtidw
ogzumxoemj
jsfhrgrlse
$
adrreocjro
irbpieyhgp
kaijnqkufz
szxmemswdb
mwklqaymvz
$
zdnvyqlwge
ouethjhnbb
yetjncmoez
mxatyllfth
svkndqnpia
rlsmrryvot
$
vnvzrfjchv
wzstqtoxzl
wnitioruhm
hbguytusbv
lrjuvmcgww
ikobuvnchx
$
$
no
$
adxwwlpbqy
qfpijpctbo
adwbaqlrmy
snftkpyaoc
zefzjoijsh
fvkbvuaaqh
$
oewczawzjf
cenqwbzavt
hzkeblwkcc
gxuzpamsia
ojylgowrep
$
$
xjjuagpqba
sunjztfztz
teylvskfto
tzixkzgabx
eoofcxltmj
lkzaoluono
$
$
$
$
no
$
$
$
oulaihstuc
zowukzoufc
zasmujqnmt
oflrqzlfkz
sjfjyaytud
$
qohkuqqize
axdxxwejzc
unovpfadqv
pcnepomoqo
bdomupnruf
gmdetboadx
sunjztfztz
$
euzvawudtn
ivbdvcfsff
rfxxbwfkel
anjeapbvhe
xtjwtygded
wrroqtiict
$
$
jpujbvuluh
cbonglzsns
yyrwespvbk
uhongtxpln
$
no
$
yes
$
no
$
$
no
$
znvtmxpdop
lfwrhljtbv
slphtbpaql
bhntrovfyn
fkuxlsuxki
dpxyqihokt
vcoyprfocz
$
ojylgowrep
skhnilyhdm
bxsbmaotdg
cawidwbloc
mhibgoybgx
$
$
no
$
no
$
$
dgkeqzfnoh
mwklqaymvz
szxmemswdb
drfrpapfds
pkbcipmgal
$
no
$
$
fsygvfazld
jyhoeuxqqe
gvyngtyufr
egxbcwcvjo
xhqegvgyre
ivikveqnup
$
jsszncgojw
fmjtxuzwzm
jmqsvlrubo
brazyidguc
ncbnfezghq
lwddghxzbb
$
no
$
no
$
no
$
$
ftcfcedpcu
pikzpyjkig
cyxvtqiiay
coakwzphan
ifbujqgtka
$
$
no
$
$
czeiaqzcej
smbukwrmxg
jlvxuayfdf
ocpwrrdnsl
qdibucfowk
gtikwqbyjc
$
no
$
$
$
no
$
vfviytbuon
puigvxitmv
wxpfqfwciq
jxmuuqmdan
zjgqkletub
zasmujqnmt
zowukzoufc
$
$
$
zqlacjtrtu
fcqxiqckon
wlmjrgumxl
nwesfvpnjb
zcyfaqtpte
$
tgeuhbkoto
gxuzpamsia
cwxhtkrwau
ncbnfezghq
yynzvvteid
$
dkbjkhfrgx
jlvxuayfdf
ocpwrrdnsl
qoolkkosnk
$
no
$
no
$
$
no
$
pwxniprijq
ofolrujgxc
ikobuvnchx
lrjuvmcgww
hbguytusbv
sganvnwstt
$
$
no
$
no
$
sdnqnnjiqh
wzstqtoxzl
wnitioruhm
sdofybwqfz
ahczqayneb
$
$
no
$
vvxxrrertt
ektebehhrv
kqbahfetgs
odyfyxwqku
zasmujqnmt
zjgqkletub
$
ghqvhrmzpq
nhpglvftix
gzphnobhyt
bdomupnruf
fflzifchqn
dcjfmiuhgj
$
frqxywyhsr
kmjcvcybpc
hcpqqkyfyz
hzkeblwkcc
zlwaeuauew
$
zjgqkletub
cyxvtqiiay
coakwzphan
pdomsgvjpz
otxjzivgmu
bazmqcmnkr
$
$
$
cqocdiptyg
riijeruzeo
swhewxwtxk
ikobuvnchx
igyineayjm
dlssxugerw
$
ftcfcedpcu
agtjsuerhq
stojbykzhq
ebicpvpuzq
fkuxlsuxki
rbmpdkeclw
$
$
no
$
$
$
no
$
no
$
no
$
no
$
$
ofolrujgxc
pwxniprijq
pdomsgvjpz
coakwzphan
$
$
$
no
$
no
$
no
$
hcajdcvxjo
marybprkcy
kmjcvcybpc
yksylpfoiv
ltticaegde
$
no
$
hlalinabcj
xtbehemfri
ujeddpemvg
ndrzxvjqhp
xheebatulo
jsoetsykpc
$
no
$
no
$
no
$
no
$
gmdetboadx
bdomupnruf
skhnilyhdm
ojylgowrep
ofolrujgxc
$
eaawtwlpuc
dfbyywzyrb
drcuqrfrst
uejaxoawgm
aqcgrltuur
gsxjqxiosg
$
awccnukncr
wumowavser
mxyvqrjwtc
bhntrovfyn
uejaxoawgm
tnmxdquzpo
$
$
$
no
$
$
$
no
$
no
$
cnxmfdrqum
yqbybnrwqq
ktjfwpdbib
kpaxblkmik
$
no
$
no
$
$
$
no
$
$
$
oukqmmzhgg
ubvlxkhvxf
kfuksijelb
incwiaxyti
$
mgolbmadyv
yhiapzljkg
cenqwbzavt
skcxqoiplc
wkvscyxbov
$
$
$
$
no
$
$
no
$
$
$
boabtxathf
eiejpupijb
yqbybnrwqq
$
nmfhvostsp
datmylvgvb
slrdcgmsge
oflrqzlfkz
vnvzrfjchv
wzstqtoxzl
$
no
$
no
$
no
$
wlrpreuyvr
kfuksijelb
vouzdmqqap
slphtbpaql
$
no
$
sdnqnnjiqh
hzkeblwkcc
xhqndqlssw
smbukwrmxg
ykkiwjhacj
$
$
no
$
no
$
no
$
no
$
no
$
$
sibesobcbx
mvwjnmicub
plmbqpmjpd
$
$
no
$
no
$
$
no
$
smbukwrmxg
eoofcxltmj
ngflvsbbdt
lfiucxawfj
cnxmfdrqum
$
no
$
no
$
3963
$
no
$
dpxyqihokt
fkuxlsuxki
jczmcqklkw
osblbfxtps
ytgxhejkex
hpkddijwbz
brscaieolf
$
$
no
$
$
no
$
yzaiumvqmx
vrwpkaozmy
nwesfvpnjb
ziamywqcmt
mxyvqrjwtc
ngoulheebt
azlgsrnzhn
$
no
$
no
$
sunjztfztz
gmdetboadx
bdomupnruf
pcnepomoqo
szxmemswdb
mwklqaymvz
$
no
$
$
no
$
no
$
no
$
$
xetdpldxhs
jmuumawwxt
utixsmfvak
qexttyfpli
hpkuqapjnc
stojbykzhq
zhyjzqiquo
$
no
$
no
$
ghqvhrmzpq
xjjuagpqba
adwbaqlrmy
snftkpyaoc
zefzjoijsh
jszxpkiqub
$
$
vhibudpbts
ifbujqgtka
ghyprtlsda
gojysvjaox
jqusoytfaf
$
no
$
$
uejaxoawgm
tnmxdquzpo
cscearhyup
iizbimtgik
dkbjkhfrgx
rdrwuytuom
$
yvcpojrwqd
xfomchwymj
wlmjrgumxl
nwesfvpnjb
vrwpkaozmy
rloidaxist
$
bufxkpqxhk
ncbnfezghq
ouethjhnbb
oznrrzbgyr
vgxfdqpona
wjrverqxlr
$
nbciupholb
aqspefqndf
mgemhdptxn
xowdnkhmwf
yqbybnrwqq
ktjfwpdbib
qandqngxeb
$
cenqwbzavt
yhiapzljkg
pqbrrazoxg
ikobuvnchx
igyineayjm
xqkvevpsok
$
incwiaxyti
kfuksijelb
sganvnwstt
fmjtxuzwzm
uxasjlulgr
ltcaindwoc
$
qfcovanbpy
jczmcqklkw
fkuxlsuxki
bhntrovfyn
mxyvqrjwtc
ngoulheebt
$
no
$
no
$
no
$
$
$
no
$
znvtmxpdop
lfwrhljtbv
dqstgfjyjo
odyfyxwqku
dkhkwtstnl
qfqqpfrsgq
$
no
$
no
$
$
$
no
$
no
$
$
aqrusxvwoi
pdomsgvjpz
otxjzivgmu
sdnqnnjiqh
wzstqtoxzl
vnvzrfjchv
$
no
$
jdvmpxyoac
cpcyrswkjz
gddsqyvnki
znhlucmgom
vchdaztagq
$
$
yynzvvteid
dyjmskmbht
ifbujqgtka
kinqocefmb
zwbphuxcym
$
ntajrveusy
lbickjldef
lrjuvmcgww
ikobuvnchx
ofolrujgxc
zlbqmzbuub
$
lfiucxawfj
yxklvjslis
oukqmmzhgg
eiejpupijb
sdofybwqfz
ahczqayneb
$
oulaihstuc
zowukzoufc
zasmujqnmt
qohkuqqize
axdxxwejzc
unovpfadqv
pcnepomoqo
$
brscaieolf
adrreocjro
gaxgszxjkc
adwbaqlrmy
snftkpyaoc
mvbxjhllzf
dmhgsaqkrk
$
mdnrdqylxt
gddsqyvnki
vrwpkaozmy
xhqndqlssw
mwklqaymvz
$
$
$
$
ypndpxglnc
slphtbpaql
uqypeyzqqq
xwikazrtzx
tqrsfzfgwp
$
$
no
$
vgfxyknxdf
mfveyjvnee
hcfdtkqtxd
lrjuvmcgww
ikobuvnchx
ofolrujgxc
$
no
$
$
$
agtjsuerhq
tqrsfzfgwp
xwikazrtzx
dkweuwjfsb
xeprkylgex
$
no
$
no
$
$
tnmxdquzpo
xjjuagpqba
adwbaqlrmy
qfpijpctbo
yxklvjslis
wrusszgfje
$
$
giohaenkqe
cbkwokvwxx
sdofybwqfz
aqcgrltuur
bfvqblhtji
uwztaixogl
rwrqakxmhw
$
no
$
$
nbnekjgjoz
wkvscyxbov
yetjncmoez
mxatyllfth
svkndqnpia
fzoodwwtda
siwtgitxpl
$
no
$
no
$
$
$
$
$
azlgsrnzhn
teylvskfto
qptjgdmjlh
hlalinabcj
xtbehemfri
wrjsqhqibi
$
no
$
nbciupholb
bufxkpqxhk
jikupfzweo
rbjweaqtdd
kinqocefmb
$
ppxdmykzfg
yezlvneudi
ujeddpemvg
ghyprtlsda
aqcgrltuur
$
$
optahohflu
ybiblinswv
xbinqajpuf
svkndqnpia
teylvskfto
qptjgdmjlh
$
calztribja
slxlbkrjlu
sganvnwstt
idonfvphua
hesxoerhqi
$
$
no
$
$
$
yes
$
$
no
$
$
dqstgfjyjo
odyfyxwqku
dkhkwtstnl
ohjscqtidw
ogzumxoemj
$
$
no
$
$
no
$
zwbphuxcym
xvrfdltscy
vouzdmqqap
kfuksijelb
sganvnwstt
idonfvphua
pgbupzivun
$
$
no
$
$
xjjuagpqba
sunjztfztz
xowdnkhmwf
yqbybnrwqq
agtjsuerhq
yprnrunvrd
$
tqrsfzfgwp
xwikazrtzx
ftsnuqwclz
xmwnhnfvcx
bdomupnruf
fflzifchqn
$
knbwdenfnv
stpkjznktw
cawidwbloc
oosckyvzbj
gddsqyvnki
$
vgxfdqpona
mfveyjvnee
qoolkkosnk
ocpwrrdnsl
qdibucfowk
hmogqbgiia
gwnwluwznz
$
$
hmogqbgiia
sayvzfdjch
ghqvhrmzpq
xjjuagpqba
hlwflrnokv
yksylpfoiv
$
$
xtbehemfri
sdofybwqfz
whzgxrumbt
ddamnyshvh
pomznjzmyp
$
no
$
no
$
no
$
$
ibvjknxysf
isxdvgabke
ziamywqcmt
$
no
$
bykullmpbv
mlckgdwnrl
pwxniprijq
mvwjnmicub
rutycyeiwh
egyoehwrzv
xqkvevpsok
ngoulheebt
$
no
$
ofolrujgxc
ikobuvnchx
regxquvhgw
snftkpyaoc
mvbxjhllzf
$
avwxjigsiz
$
sibesobcbx
mvwjnmicub
rutycyeiwh
$
qggpdrvjre
nbnekjgjoz
wkvscyxbov
skcxqoiplc
kdpgnjzqep
ftsnuqwclz
mvwjnmicub
$
gthukxbcls
gmdetboadx
ohjscqtidw
jmqsvlrubo
$
no
$
ujeddpemvg
ghyprtlsda
gojysvjaox
zefzjoijsh
fvkbvuaaqh
$
$
$
$
$
ikobuvnchx
regxquvhgw
odyfyxwqku
cggnxsjezb
oulaihstuc
$
gojysvjaox
snftkpyaoc
gsxjqxiosg
ukceiuhgde
sjsnkrzzeq
lbickjldef
$
no
$
aqspefqndf
mgemhdptxn
xowdnkhmwf
yqbybnrwqq
eiejpupijb
sbheburrvq
egyoehwrzv
$
no
$
etvaweundl
xnufiibnxa
tgeuhbkoto
gxuzpamsia
cwxhtkrwau
kaijnqkufz
$
$
iftnzuwktm
regxquvhgw
dyjmskmbht
anjeapbvhe
rfxxbwfkel
slphtbpaql
$
no
$
$
no
$
no
$
wjhgoiqcvk
oouzgljbay
jsfhrgrlse
hpkddijwbz
ytgxhejkex
$
no
$
no
$
$
$
$
no
$
no
$
nwesfvpnjb
yksylpfoiv
hpkddijwbz
hbguytusbv
wnitioruhm
$
$
$
$
$
no
$
no
$
xsjyuevvqq
wdexiyxtpn
ojylgowrep
kmdlylqzhg
xtbehemfri
igrdpbppzp
zonhsmqyyx
$
scorhhnyev
ykkiwjhacj
smbukwrmxg
czeiaqzcej
odyfyxwqku
dkhkwtstnl
peljfqolgx
$
xtbehemfri
sdofybwqfz
whzgxrumbt
sunjztfztz
ibdmrkignq
$
$
$
no
$
ztlorxhktn
ibdmrkignq
sunjztfztz
$
$
xtjwtygded
anjeapbvhe
mrdvvkmmzs
svumkbnaaz
favytnywmm
$
plmbqpmjpd
oouzgljbay
vzsejsbmap
nwesfvpnjb
$
no
$
no
$
qtoeefdiyg
bufxkpqxhk
ncbnfezghq
cwxhtkrwau
gxuzpamsia
hzkeblwkcc
$
xoymurpizn
mspzomwdik
ivikveqnup
dfbyywzyrb
eaawtwlpuc
czeiaqzcej
$
cuwsiujzox
kfuksijelb
sganvnwstt
idonfvphua
pgbupzivun
$
$
no
$
$
no
$
ntajrveusy
xbinqajpuf
svkndqnpia
fzoodwwtda
siwtgitxpl
$
vrwpkaozmy
gddsqyvnki
rhduzfsueo
$
$
no
$
$
gsxjqxiosg
aqcgrltuur
sdofybwqfz
whzgxrumbt
ddamnyshvh
vpmqtagaka
$
$
$
bufxkpqxhk
ncbnfezghq
kmdlylqzhg
ojylgowrep
skhnilyhdm
optahohflu
$
no
$
no
$
rloidaxist
$
plmbqpmjpd
oouzgljbay
xblyqoedsd
ubvlxkhvxf
oukqmmzhgg
yxklvjslis
$
mxyvqrjwtc
wumowavser
zlwaeuauew
qexttyfpli
$
no
$
$
no
$
cyxvtqiiay
tgeuhbkoto
rvrqnaojbn
agtjsuerhq
tqrsfzfgwp
$
yzaiumvqmx
vrwpkaozmy
rloidaxist
ktjfwpdbib
fnyxbmdmzf
$
etvaweundl
xnufiibnxa
tgeuhbkoto
gxuzpamsia
hzkeblwkcc
sdnqnnjiqh
$
jxmuuqmdan
zjgqkletub
ngoulheebt
mxyvqrjwtc
ziamywqcmt
riijeruzeo
xeprkylgex
$
mgskuzwcqc
cnxmfdrqum
yqbybnrwqq
ktjfwpdbib
nwwgeyvmcy
$
jpujbvuluh
riijeruzeo
drfrpapfds
szxmemswdb
$
$
$
$
$
no
$
$
mvwjnmicub
plmbqpmjpd
oouzgljbay
rbmpdkeclw
$
no
$
fpzvjexfpx
sxhyyzkgrk
$
owgdpqmhwd
xblyqoedsd
tifthteltx
yetjncmoez
mxatyllfth
$
$
no
$
no
$
cpcyrswkjz
qfqqpfrsgq
dkhkwtstnl
ohjscqtidw
gmdetboadx
$
$
$
$
no
$
$
pikzpyjkig
fnyxbmdmzf
irffqenkaq
kwqtiqohcc
cefekvucla
$
gxuzpamsia
$
$
mrdvvkmmzs
mntxrsjetn
oznrrzbgyr
vgxfdqpona
$
$
hcfdtkqtxd
lrjuvmcgww
ikobuvnchx
pqbrrazoxg
yhiapzljkg
$
$
no
$
no
$
no
$
$
bjhhafbcpk
ropowwazte
efhgedblhc
jpujbvuluh
fcqxiqckon
zqlacjtrtu
$
$
no
$
iakoeqithx
dkhkwtstnl
yvfnbsimnt
qptjgdmjlh
fgcmkkkqle
$
rbjweaqtdd
kinqocefmb
hcfdtkqtxd
odyfyxwqku
zasmujqnmt
dqcauxejgi
cscearhyup
$
no
$
$
dkhkwtstnl
odyfyxwqku
zasmujqnmt
marybprkcy
hcajdcvxjo
$
zefzjoijsh
jszxpkiqub
tifthteltx
xblyqoedsd
qemjbvwikb
rxdfvbkyyn
$
ojylgowrep
kmdlylqzhg
kdpgnjzqep
skcxqoiplc
xetdpldxhs
$
no
$
no
$
fpzvjexfpx
sxhyyzkgrk
$
nxpejwgxgs
sibesobcbx
mvwjnmicub
pwxniprijq
pdomsgvjpz
$
vfwauvolpa
sopzbnzkhl
piehyovefi
uxasjlulgr
ropowwazte
bjhhafbcpk
$
no
$
$
no
$
$
no
$
no
$
$
no
$
ifudajhdnn
gzphnobhyt
kmjcvcybpc
yksylpfoiv
ltticaegde
iutflpbsfd
$
$
no
$
$
roytxebnrk
ejfryjyrcb
odyfyxwqku
kqbahfetgs
$
wjfufsywgs
pwxniprijq
ofolrujgxc
ojylgowrep
kmdlylqzhg
xtbehemfri
igrdpbppzp
$
hvgarbzdip
mgolbmadyv
yhiapzljkg
cenqwbzavt
$
no
$
no
$
$
svpuciiubi
wjrverqxlr
uwztaixogl
bfvqblhtji
aqcgrltuur
gsxjqxiosg
tvcednnxhq
$
fkuxlsuxki
rbmpdkeclw
oouzgljbay
plmbqpmjpd
$
qexttyfpli
zlwaeuauew
fcqxiqckon
hcfdtkqtxd
lrjuvmcgww
$
no
$
bdomupnruf
skhnilyhdm
ojylgowrep
sjsnkrzzeq
otlkklffwf
eiejpupijb
$
no
$
$
no
$
$
hlalinabcj
qptjgdmjlh
kiiegeicas
qoolkkosnk
ocpwrrdnsl
booqynlney
$
gpijwgcrwi
yynzvvteid
dyjmskmbht
regxquvhgw
$
kvehfgwftg
slphtbpaql
rfxxbwfkel
anjeapbvhe
ltcaindwoc
$
$
no
$
no
$
$
$
jbqinjfstg
xkuvhkifia
ukceiuhgde
gsxjqxiosg
tvcednnxhq
tpzqiblckq
tqupecdofv
$
no
$
odyfyxwqku
czeiaqzcej
dlssxugerw
sdofybwqfz
hbbbpwsndt
$
$
$
rutycyeiwh
cdkilalnzt
boabtxathf
znhlucmgom
sjsnkrzzeq
ewezbpbuhv
$
vcoyprfocz
dpxyqihokt
fkuxlsuxki
bhntrovfyn
uejaxoawgm
drcuqrfrst
oosckyvzbj
mgemhdptxn
$
$
no
$
fpzvjexfpx
sxhyyzkgrk
$
$
$
no
$
no
$
$
no
$
bufxkpqxhk
ncbnfezghq
cwxhtkrwau
kaijnqkufz
ktjfwpdbib
rloidaxist
$
$
$
iftnzuwktm
regxquvhgw
bfvqblhtji
aqcgrltuur
uejaxoawgm
drcuqrfrst
$
no
$
no
$
no
$
$
mgemhdptxn
aqspefqndf
vchdaztagq
gvyngtyufr
jyhoeuxqqe
$
$
no
$
no
$
no
$
no
$
aqcgrltuur
ghyprtlsda
nwwgeyvmcy
rloidaxist
smgxhcqzds
$
no
$
no
$
wumowavser
zlwaeuauew
qexttyfpli
uwztaixogl
wjrverqxlr
svpuciiubi
$
ektebehhrv
jsfhrgrlse
oouzgljbay
wjhgoiqcvk
$
no
$
no
$
no
$
$
no
$
$
$
mlckgdwnrl
pwxniprijq
pdomsgvjpz
sbheburrvq
adrreocjro
$
no
$
sibesobcbx
rhduzfsueo
mpjqqswutl
osljwyimxj
fnyxbmdmzf
$
$
no
$
avwxjigsiz
ewezbpbuhv
sjsnkrzzeq
lbickjldef
$
no
$
no
$
no
$
zqlacjtrtu
fcqxiqckon
jpujbvuluh
uuimqtkhxv
crmsltzrvx
$
$
no
$
$
$
no
$
no
$
mhibgoybgx
mqbjgyclii
wrusszgfje
yxklvjslis
lfiucxawfj
ngflvsbbdt
$
no
$
$
hlalinabcj
xtbehemfri
sdofybwqfz
aqcgrltuur
uejaxoawgm
bhntrovfyn
wauiadlyzi
$
$
no
$
ikobuvnchx
lrjuvmcgww
ppxdmykzfg
yezlvneudi
ujeddpemvg
$
$
$
no
$
nwwgeyvmcy
ghyprtlsda
aqcgrltuur
sdofybwqfz
dlssxugerw
igyineayjm
$
rloidaxist
qemjbvwikb
xblyqoedsd
irbpieyhgp
ftsnuqwclz
$
no
$
bqfbnptyod
ypndpxglnc
gzphnobhyt
kmjcvcybpc
marybprkcy
udbbinhpwy
$
hesxoerhqi
idonfvphua
vdbnbeypli
xtbehemfri
ujeddpemvg
vchdaztagq
$
hbbbpwsndt
ubzxabgyre
tuoktsfdvs
pkbcipmgal
cawidwbloc
$
no
$
euzvawudtn
booqynlney
xnufiibnxa
datmylvgvb
frqxywyhsr
refdipstqx
$
yprnrunvrd
ektebehhrv
kqbahfetgs
odyfyxwqku
cggnxsjezb
oulaihstuc
$
szshkjiyjq
hvgarbzdip
mgolbmadyv
sopzbnzkhl
piehyovefi
uxasjlulgr
ropowwazte
$
no
$
no
$
$
$
zlbqmzbuub
maopryuquw
mrdvvkmmzs
anjeapbvhe
ltcaindwoc
uxasjlulgr
$
$
no
$
xtjwtygded
ztlorxhktn
vgxfdqpona
oznrrzbgyr
yvcpojrwqd
bdlojaywsf
$
$
no
$
zcyfaqtpte
qandqngxeb
ktjfwpdbib
fnyxbmdmzf
jdvmpxyoac
zasmujqnmt
zowukzoufc
$
zonhsmqyyx
ppxdmykzfg
yezlvneudi
ujeddpemvg
ghyprtlsda
gojysvjaox
jqusoytfaf
$
$
wauiadlyzi
bhntrovfyn
slphtbpaql
owgdpqmhwd
xblyqoedsd
qemjbvwikb
rxdfvbkyyn
$
cbkwokvwxx
sdofybwqfz
xtbehemfri
igrdpbppzp
zonhsmqyyx
$
$
no
$
dpivgxjzta
dlssxugerw
czeiaqzcej
odyfyxwqku
zasmujqnmt
wrroqtiict
$
aazejkmndd
ifudajhdnn
drfrpapfds
szxmemswdb
mwklqaymvz
yydfhruzpv
jczmcqklkw
$
$
no
$
cyldzytknb
jpvnqiwhou
dfbyywzyrb
ivikveqnup
xhqegvgyre
$
iakoeqithx
dkhkwtstnl
odyfyxwqku
zasmujqnmt
jdvmpxyoac
$
no
$
no
$
no
$
vyoiwjjdcp
ytgxhejkex
osblbfxtps
jczmcqklkw
qscedqxnua
iuwtrdyuez
$
$
$
uwztaixogl
xnxgiyvmpg
wlrpreuyvr
cyxvtqiiay
pikzpyjkig
ampnaytsmo
$
fpzvjexfpx
sxhyyzkgrk
$
qoolkkosnk
avwxjigsiz
ewezbpbuhv
sjsnkrzzeq
znhlucmgom
oosckyvzbj
$
$
$
gfihrejhls
xoymurpizn
frqxywyhsr
qfwcrwzvuo
ltticaegde
$
gzzqxmvhrt
kinqocefmb
hcfdtkqtxd
mqbjgyclii
iehdwfncpt
$
no
$
$
$
eaawtwlpuc
dfbyywzyrb
ivikveqnup
xhqegvgyre
fflzifchqn
xcsbzfhibw
$
$
meuqjewkev
rhduzfsueo
gddsqyvnki
cpcyrswkjz
xbinqajpuf
$
$
piehyovefi
peljfqolgx
coakwzphan
pdomsgvjpz
pwxniprijq
$
fvkbvuaaqh
ivbdvcfsff
rfxxbwfkel
ubvlxkhvxf
oukqmmzhgg
zdnvyqlwge
$
no
$
$
$
cpcyrswkjz
gddsqyvnki
znhlucmgom
vchdaztagq
puigvxitmv
wxpfqfwciq
$
wrjsqhqibi
xtbehemfri
vdbnbeypli
ejfryjyrcb
odyfyxwqku
dqstgfjyjo
cefekvucla
$
$
ypndpxglnc
jikupfzweo
rbjweaqtdd
kinqocefmb
ifbujqgtka
$
zowukzoufc
zasmujqnmt
marybprkcy
irbpieyhgp
awccnukncr
$
ftsnuqwclz
xmwnhnfvcx
bdomupnruf
fflzifchqn
dcjfmiuhgj
$
cyldzytknb
kvehfgwftg
hpkddijwbz
ytgxhejkex
vyoiwjjdcp
$
oukqmmzhgg
eiejpupijb
hmogqbgiia
gwnwluwznz
$
no
$
vgxfdqpona
mfveyjvnee
hcfdtkqtxd
lrjuvmcgww
ikobuvnchx
pqbrrazoxg
$
$
$
$
sibesobcbx
mvwjnmicub
pwxniprijq
pdomsgvjpz
otxjzivgmu
$
no
$
gojysvjaox
zefzjoijsh
jszxpkiqub
oflrqzlfkz
slrdcgmsge
ayusipimbv
$
$
xkuvhkifia
ivikveqnup
xhqegvgyre
qemjbvwikb
rxdfvbkyyn
$
$
$
yes
$
$
no
$
$
bazmqcmnkr
kwqtiqohcc
zqlacjtrtu
qoolkkosnk
avwxjigsiz
gaqgqtmqkt
$
tvcednnxhq
gsxjqxiosg
jpujbvuluh
kfuksijelb
incwiaxyti
$
no
$
$
no
$
nwwgeyvmcy
ktjfwpdbib
kaijnqkufz
cwxhtkrwau
ncbnfezghq
bufxkpqxhk
qtoeefdiyg
$
no
$
ltcaindwoc
uxasjlulgr
piehyovefi
sopzbnzkhl
ejfryjyrcb
$
$
gpijwgcrwi
yynzvvteid
dyjmskmbht
regxquvhgw
$
$
3963
$
wnitioruhm
sdofybwqfz
xtbehemfri
kmdlylqzhg
kdpgnjzqep
yyzptskrbz
$
$
gvyngtyufr
cuwsiujzox
mntxrsjetn
oznrrzbgyr
ouethjhnbb
zdnvyqlwge
$
no
$
stpkjznktw
bizbxkqlyz
wumowavser
zlwaeuauew
jqusoytfaf
roytxebnrk
$
$
rdrwuytuom
kpaxblkmik
ktjfwpdbib
dcjfmiuhgj
idonfvphua
zefzjoijsh
fvkbvuaaqh
$
no
$
lbickjldef
lrjuvmcgww
ikobuvnchx
regxquvhgw
snftkpyaoc
gojysvjaox
$
no
$
no
$
xofqoswhga
oulaihstuc
zowukzoufc
zasmujqnmt
jdvmpxyoac
fnyxbmdmzf
$
kqbahfetgs
odyfyxwqku
zasmujqnmt
jdvmpxyoac
ngflvsbbdt
zdnvyqlwge
$
no
$
mgolbmadyv
hvgarbzdip
unovpfadqv
axdxxwejzc
$
$
dgkeqzfnoh
bfvqblhtji
otlkklffwf
eiejpupijb
boabtxathf
$
$
$
no
$
no
$
$
$
qtoeefdiyg
bufxkpqxhk
ncbnfezghq
mzravpmzjs
gyarqhljvw
mspzomwdik
ivikveqnup
$
no
$
hesxoerhqi
cyxvtqiiay
zjgqkletub
zasmujqnmt
marybprkcy
$
$
$
wdexiyxtpn
ojylgowrep
kmdlylqzhg
ncbnfezghq
bufxkpqxhk
qtoeefdiyg
$
$
$
$
gabayvxagm
cenqwbzavt
skcxqoiplc
puigvxitmv
mntxrsjetn
oznrrzbgyr
$
$
$
$
rdrwuytuom
kpaxblkmik
ktjfwpdbib
slxlbkrjlu
sganvnwstt
hbguytusbv
lrjuvmcgww
$
no
$
$
etvaweundl
ypndpxglnc
slphtbpaql
owgdpqmhwd
xblyqoedsd
qemjbvwikb
rxdfvbkyyn
$
$
$
kpaxblkmik
ktjfwpdbib
qandqngxeb
ivikveqnup
xkuvhkifia
jbqinjfstg
nmfhvostsp
$
no
$
$
$
$
no
$
$
no
$
no
$
no
$
no
$
yeftmcarjm
ziamywqcmt
mxyvqrjwtc
ngoulheebt
azlgsrnzhn
uwztaixogl
$
$
$
$
no
$
$
$
$
no
$
no
$
$
$
no
$
no
$
$
$
$
ofolrujgxc
ojylgowrep
$
$
lfwrhljtbv
slphtbpaql
owgdpqmhwd
egxbcwcvjo
gvyngtyufr
jyhoeuxqqe
fsygvfazld
$
$
$
$
hhnieehbev
mvbxjhllzf
mxyvqrjwtc
bhntrovfyn
$
no
$
qdibucfowk
fsygvfazld
jyhoeuxqqe
stpkjznktw
dpivgxjzta
$
$
oouzgljbay
vzsejsbmap
nwesfvpnjb
gojysvjaox
zefzjoijsh
$
$
$
no
$
kwqtiqohcc
irffqenkaq
fnyxbmdmzf
ktjfwpdbib
rloidaxist
qemjbvwikb
$
sjfjyaytud
aayprradpc
hcfdtkqtxd
lrjuvmcgww
ppxdmykzfg
zonhsmqyyx
$
teylvskfto
qptjgdmjlh
kiiegeicas
qoolkkosnk
$
no
$
no
$
$
vyoiwjjdcp
nmtrmtqkyu
lthvohbgiy
mxyvqrjwtc
ngoulheebt
xqkvevpsok
$
oukqmmzhgg
marybprkcy
iamtidrpur
wnrgnespbx
nbciupholb
$
$
no
$
$
$
cawidwbloc
oosckyvzbj
drcuqrfrst
ybiblinswv
dasennjkeh
$
oznrrzbgyr
vgxfdqpona
mfveyjvnee
hcfdtkqtxd
kinqocefmb
lhhghpxlyb
$
mgemhdptxn
aqspefqndf
vchdaztagq
iutflpbsfd
mqbjgyclii
wrusszgfje
rclumlqujr
$
xnxgiyvmpg
wlrpreuyvr
kfuksijelb
incwiaxyti
brtklnbbmd
$
$
$
no
$
$
qubrbdrbop
wlmjrgumxl
nwesfvpnjb
gojysvjaox
ghyprtlsda
nwwgeyvmcy
$
$
no
$
no
$
smbukwrmxg
jlvxuayfdf
zlwaeuauew
xkuvhkifia
ivikveqnup
spewyyrjkp
$
$
iutflpbsfd
vchdaztagq
efhgedblhc
ropowwazte
lfiucxawfj
ztlorxhktn
$
$
no
$
$
no
$
no
$
no
$
no
$
no
$
rfxxbwfkel
slphtbpaql
ypndpxglnc
jikupfzweo
$
$
no
$
no
$
$
no
$
$
xnufiibnxa
datmylvgvb
slrdcgmsge
ukceiuhgde
sjsnkrzzeq
znhlucmgom
$
no
$
$
no
$
krdeymhcvl
zyunttyxgx
marybprkcy
zasmujqnmt
wrroqtiict
xtjwtygded
rmaknrxlfj
$
$
$
ahczqayneb
sdofybwqfz
xtbehemfri
kmdlylqzhg
kdpgnjzqep
skcxqoiplc
wkvscyxbov
nbnekjgjoz
qggpdrvjre
$
$
$
no
$
no
$
no
$
$
$
no
$
stpkjznktw
jyhoeuxqqe
gvyngtyufr
egxbcwcvjo
pyuolalbsj
fvvcafprbm
$
$
$
sdofybwqfz
$
no
$
$
rfxxbwfkel
anjeapbvhe
xtjwtygded
rmaknrxlfj
smbukwrmxg
$
stojbykzhq
ebicpvpuzq
gthukxbcls
jpvnqiwhou
cyldzytknb
$
no
$
no
$
no
$
$
vbyqotfstt
ebicpvpuzq
stojbykzhq
hpkuqapjnc
coakwzphan
peljfqolgx
$
no
$
$
$
egyoehwrzv
xqkvevpsok
wlrpreuyvr
kfuksijelb
vouzdmqqap
$
no
$
$
$
no
$
no
$
xcsbzfhibw
kpebexorzg
fcqxiqckon
zlwaeuauew
wumowavser
awccnukncr
$
$
$
$
rdrwuytuom
kpaxblkmik
ktjfwpdbib
kaijnqkufz
cwxhtkrwau
ncbnfezghq
brazyidguc
xvhmglmsvs
$
$
jyhoeuxqqe
nmfhvostsp
vfwauvolpa
sopzbnzkhl
mpjqqswutl
$
svpuciiubi
wjrverqxlr
uwztaixogl
xnxgiyvmpg
whbgwodgja
ybmekzdagd
$
gaxgszxjkc
adwbaqlrmy
snftkpyaoc
xmwnhnfvcx
cjdlswickr
qandqngxeb
$
no
$
ouethjhnbb
oznrrzbgyr
mntxrsjetn
znjmtqivdi
sayvzfdjch
ghqvhrmzpq
$
gvyngtyufr
cuwsiujzox
ubzxabgyre
tuoktsfdvs
tpzqiblckq
tvcednnxhq
$
fpzvjexfpx
sxhyyzkgrk
$
$
no
$
rhduzfsueo
meuqjewkev
kpebexorzg
fcqxiqckon
$
hwzghumfzu
marybprkcy
zasmujqnmt
zjgqkletub
jxmuuqmdan
fsygvfazld
$
$
dgximmgxvp
wnkouykwep
ncbnfezghq
drfrpapfds
zyunttyxgx
krdeymhcvl
woirrsbmed
$
$
ebicpvpuzq
vbyqotfstt
jxmuuqmdan
zjgqkletub
zasmujqnmt
wrroqtiict
$
no
$
gnyvjpzlnb
sopzbnzkhl
vfwauvolpa
nmfhvostsp
jyhoeuxqqe
fsygvfazld
$
no
$
$
sopzbnzkhl
piehyovefi
txzzqqkdmz
oukqmmzhgg
marybprkcy
hcajdcvxjo
$
tnmxdquzpo
cscearhyup
dqcauxejgi
zasmujqnmt
$
no
$
no
$
$
yetjncmoez
tifthteltx
slxlbkrjlu
ktjfwpdbib
fnyxbmdmzf
irffqenkaq
$
$
ghyprtlsda
ujeddpemvg
ndrzxvjqhp
dkhkwtstnl
yvfnbsimnt
xirzpeopem
$
ktjfwpdbib
kaijnqkufz
szxmemswdb
lkzaoluono
$
yezlvneudi
jczmcqklkw
fkuxlsuxki
ebicpvpuzq
zwhaooflfb
$
$
no
$
kpebexorzg
fcqxiqckon
zqlacjtrtu
kwqtiqohcc
bazmqcmnkr
$
$
osljwyimxj
dqcauxejgi
cscearhyup
tnmxdquzpo
uejaxoawgm
jbpajtypte
$
yyrwespvbk
drfrpapfds
szxmemswdb
pcnepomoqo
taqejjbxtb
gaxgszxjkc
$
no
$
$
no
$
jbpajtypte
uejaxoawgm
bhntrovfyn
slphtbpaql
lfwrhljtbv
dqstgfjyjo
$
$
$
$
no
$
$
no
$
ndrzxvjqhp
ujeddpemvg
xtbehemfri
vdbnbeypli
$
$
no
$
no
$
$
drfrpapfds
szxmemswdb
mwklqaymvz
dgkeqzfnoh
gadfbvyfxr
aayprradpc
$
$
$
$
$
cbonglzsns
yyrwespvbk
drfrpapfds
ifudajhdnn
vfwauvolpa
$
no
$
vzsejsbmap
nwesfvpnjb
yksylpfoiv
kmjcvcybpc
gzphnobhyt
ypndpxglnc
$
regxquvhgw
odyfyxwqku
czeiaqzcej
eaawtwlpuc
ruaxiacaxq
$
$
no
$
$
$
$
no
$
oulaihstuc
cggnxsjezb
odyfyxwqku
regxquvhgw
snftkpyaoc
hhnieehbev
$
fkrxtsvljk
zhyjzqiquo
stojbykzhq
agtjsuerhq
rpfnqxefrc
jbtygblnzf
$
no
$
$
no
$
$
no
$
bfvqblhtji
dgkeqzfnoh
mwklqaymvz
xhqndqlssw
smbukwrmxg
rmaknrxlfj
$
no
$
no
$
jyhoeuxqqe
nmfhvostsp
mvbxjhllzf
snftkpyaoc
xmwnhnfvcx
cjdlswickr
$
htrqfuidpv
wrjsqhqibi
xtbehemfri
hlalinabcj
qptjgdmjlh
teylvskfto
tzixkzgabx
$
$
no
$
hlwflrnokv
yksylpfoiv
kmjcvcybpc
hcpqqkyfyz
hzkeblwkcc
ruaxiacaxq
byxldoldxs
$
$
$
$
puigvxitmv
mntxrsjetn
oznrrzbgyr
vgxfdqpona
wjrverqxlr
$
hvgarbzdip
cbkwokvwxx
sdofybwqfz
eiejpupijb
hmogqbgiia
ifbujqgtka
vhibudpbts
$
$
no
$
$
no
$
calztribja
ytgxhejkex
vyoiwjjdcp
nmtrmtqkyu
pyuolalbsj
egxbcwcvjo
$
xtbehemfri
sdofybwqfz
dlssxugerw
czeiaqzcej
eaawtwlpuc
ruaxiacaxq
$
no
$
no
$
lfwrhljtbv
dqstgfjyjo
odyfyxwqku
dkhkwtstnl
qoolkkosnk
kiiegeicas
zqdqgebzma
$
wnitioruhm
hbguytusbv
mmcyzgptkp
qfqqpfrsgq
$
$
$
no
$
udbbinhpwy
marybprkcy
zasmujqnmt
odyfyxwqku
hcfdtkqtxd
mfveyjvnee
vgfxyknxdf
$
oznrrzbgyr
mntxrsjetn
znjmtqivdi
sayvzfdjch
$
$
jlvxuayfdf
ukceiuhgde
mrdvvkmmzs
$
$
sdnqnnjiqh
otxjzivgmu
zdnvyqlwge
ngflvsbbdt
jdvmpxyoac
$
$
no
$
$
wrusszgfje
mqbjgyclii
mhibgoybgx
aqcgrltuur
sdofybwqfz
ahczqayneb
$
hpkuqapjnc
slxlbkrjlu
ktjfwpdbib
qandqngxeb
zcyfaqtpte
$
fpzvjexfpx
sxhyyzkgrk
$
kmdlylqzhg
ojylgowrep
mdnrdqylxt
gddsqyvnki
qemjbvwikb
rxdfvbkyyn
$
$
$
$
$
$
$
snftkpyaoc
$
no
$
bufxkpqxhk
nbciupholb
aqspefqndf
vchdaztagq
efhgedblhc
$
giohaenkqe
rloidaxist
qemjbvwikb
xhqegvgyre
ybiblinswv
$
cxlfgrqojm
jlvxuayfdf
zlwaeuauew
xnxgiyvmpg
wlrpreuyvr
wdexiyxtpn
xsjyuevvqq
$
no
$
osljwyimxj
ejfryjyrcb
odyfyxwqku
hcfdtkqtxd
mqbjgyclii
$
wsglbaisbu
kfuksijelb
wlrpreuyvr
cyxvtqiiay
pikzpyjkig
fnyxbmdmzf
$
ncbnfezghq
kmdlylqzhg
kdpgnjzqep
ftsnuqwclz
xmwnhnfvcx
$
$
$
xxatblthhu
ewezbpbuhv
sjsnkrzzeq
otlkklffwf
eiejpupijb
$
no
$
yes
$
$
no
$
$
no
$
ytgxhejkex
osblbfxtps
ghyprtlsda
aqcgrltuur
jmuumawwxt
xetdpldxhs
$
skhnilyhdm
bdomupnruf
xmwnhnfvcx
ivbdvcfsff
fvkbvuaaqh
fgcmkkkqle
$
no
$
hbbbpwsndt
ubzxabgyre
tuoktsfdvs
yynzvvteid
ncbnfezghq
lwddghxzbb
$
$
$
no
$
wumowavser
zlwaeuauew
hzkeblwkcc
sdnqnnjiqh
otxjzivgmu
$
$
no
$
xhqndqlssw
hzkeblwkcc
gxuzpamsia
cwxhtkrwau
ncbnfezghq
wnkouykwep
dgximmgxvp
$
no
$
$
znhlucmgom
vchdaztagq
puigvxitmv
wxpfqfwciq
fvkbvuaaqh
fgcmkkkqle
$
$
no
$
$
no
$
$
$
$
no
$
$
$
$
no
$
efhgedblhc
vrwpkaozmy
nwesfvpnjb
vzsejsbmap
isxdvgabke
$
no
$
no
$
no
$
$
kwqtiqohcc
$
tgeuhbkoto
cyxvtqiiay
zjgqkletub
zasmujqnmt
qohkuqqize
$
no
$
aqrusxvwoi
avwxjigsiz
ewezbpbuhv
xxatblthhu
$
no
$
whbgwodgja
ybmekzdagd
kfuksijelb
jpujbvuluh
xetdpldxhs
$
tzixkzgabx
eoofcxltmj
jszxpkiqub
tifthteltx
xblyqoedsd
oouzgljbay
wjhgoiqcvk
$
no
$
cscearhyup
xefupcnpxz
txzzqqkdmz
oukqmmzhgg
ubvlxkhvxf
$
$
no
$
no
$
xefupcnpxz
kpaxblkmik
ktjfwpdbib
yqbybnrwqq
wzstqtoxzl
xvrfdltscy
zwbphuxcym
$
$
$
no
$
no
$
dfbyywzyrb
ivikveqnup
xhqegvgyre
qemjbvwikb
rxdfvbkyyn
$
$
$
ppxdmykzfg
lrjuvmcgww
favytnywmm
gfihrejhls
rvrqnaojbn
agtjsuerhq
ftcfcedpcu
$
$
$
no
$
bxsbmaotdg
skhnilyhdm
gxuzpamsia
hzkeblwkcc
incwiaxyti
$
sganvnwstt
fmjtxuzwzm
xheebatulo
avwxjigsiz
$
no
$
no
$
no
$
uxasjlulgr
ropowwazte
efhgedblhc
mrdvvkmmzs
maopryuquw
znjmtqivdi
$
$
yyrwespvbk
kdpgnjzqep
ftsnuqwclz
irbpieyhgp
adrreocjro
quqmumxgsn
$
cefekvucla
kwqtiqohcc
zqlacjtrtu
fcqxiqckon
zlwaeuauew
xkuvhkifia
$
$
no
$
