$
jrknknaidp
ztpkvtxunb
yiqlaeaquh
levzfamsxj
blrztkxxfu
$
hwejlogzwn
nbuutbtiya
bjoenctdvm
$
lxriqtteod
glexghnixq
wputrhhuhs
$
rkxlsjmpaa
$
no
$
gktdqyxefo
$
yiqlaeaquh
jwhciuzntv
$
kyjoxccbzs
eaaoaqyoel
arskmitwys
$
qiriizkmyt
$
dzfqzbqpkr
$
no
$
daoobsymzi
fivbyryiwf
dzfqzbqpkr
zgpbooajji
$
fivbyryiwf
levzfamsxj
devjhdotll
$
okuipgqmzc
vngpamausi
mrlbedjiuu
yrkahvyama
$
ztpkvtxunb
levzfamsxj
devjhdotll
$
no
$
levzfamsxj
$
tdnlssesmv
axefmzaluy
$
no
$
no
$
zsborbzcsu
whkglqpaqv
ruupmduoyy
$
dzfqzbqpkr
rsittteefg
bhqsitkvcz
$
doalfbaayj
csmumtlnzl
$
mikfmcjgjq
yrkahvyama
doalfbaayj
$
mrlbedjiuu
$
devjhdotll
$
no
$
yes
$
bjoenctdvm
uarmobkcdz
$
no
$
no
$
tionmojctl
czlwdktqdb
lkooiuzwfz
$
ueynsrwqmt
$
fsefoytxid
ruupmduoyy
bdcodkukxu
nrmkerbycf
$
yes
$
nukzjhcfyc
hwejlogzwn
vngpamausi
$
no
$
eqpldysjzi
tftbugswst
oheehqtdkd
$
bjoenctdvm
zgpbooajji
$
no
$
no
$
tdnlssesmv
pjbzocdnxi
ymqzfyklxv
$
hsejylzqbz
zsborbzcsu
ruupmduoyy
$
cjlfwecpnz
dddzcaqcbr
dbbeiqmhkc
$
no
$
hwejlogzwn
yommltlzen
$
levzfamsxj
cwksjdxvrw
$
ydbcyhpmti
bjoenctdvm
lxezgizfru
$
no
$
qqvkkjquva
$
no
$
jhlnkznqii
dzfqzbqpkr
$
fivbyryiwf
eqpldysjzi
ruupmduoyy
okuqmjlkjf
$
no
$
eqpldysjzi
xvhxjjzlwg
$
zgpbooajji
segfyaxuzr
jrvqjgdqud
$
yes
$
pjbzocdnxi
jrknknaidp
doinismjca
$
axefmzaluy
hsejylzqbz
fxtnrhfvky
kutebanqmh
$
no
$
ueynsrwqmt
$
yommltlzen
fxcvencwtb
glexghnixq
$
gktdqyxefo
pdobrmtxgr
dddzcaqcbr
$
bdcodkukxu
ajeqbonypy
$
no
$
sirxpbihjv
$
$
no
$
ffstzchher
devjhdotll
yruyvalbnq
$
ajeqbonypy
pgbjqpbesa
mcyezdbgpn
$
no
$
piloauydya
uarmobkcdz
ffstzchher
$
no
$
hwejlogzwn
uarmobkcdz
bhqsitkvcz
$
jhlnkznqii
mrlbedjiuu
sirxpbihjv
$
no
$
no
$
no
$
coepuxnxnh
ymqzfyklxv
eqpldysjzi
$
wputrhhuhs
kutebanqmh
ldvqvjkyoa
$
ltaxaqjxrw
$
ojzfsotaac
ueynsrwqmt
$
mjkhtyxraz
eaaoaqyoel
lxriqtteod
$
no
$
no
$
noiinkjros
lxezgizfru
jsjyfbhgzb
$
fxtnrhfvky
cwksjdxvrw
$
$
no
$
gktdqyxefo
jrknknaidp
awbfndsxll
$
no
$
mikfmcjgjq
mrlbedjiuu
$
hylwhjalgs
$
qfusarulve
pdobrmtxgr
twrqudlcbh
fsefoytxid
$
$
vzfixtlpjf
erkzpsersr
fxtnrhfvky
$
tbdmosmrpw
xtjngdceqi
$
jwslteasdn
lvxbhzslhs
pgbjqpbesa
okuipgqmzc
$
no
$
yes
$
no
$
$
yntilkdhlj
qiriizkmyt
$
hdcgpowsze
jwhciuzntv
$
no
$
no
$
no
$
rkmzuqnsmz
doinismjca
dzfqzbqpkr
$
yewdjaopmp
$
$
hsejylzqbz
tftbugswst
$
cwksjdxvrw
cjlfwecpnz
ficngecknl
fbzrakrpet
$
$
no
$
jrvqjgdqud
hsejylzqbz
$
wtmhldelkb
whkglqpaqv
pjbzocdnxi
$
tbdmosmrpw
levzfamsxj
$
levzfamsxj
tionmojctl
$
no
$
doalfbaayj
dzfqzbqpkr
fenfeecucv
$
ficngecknl
$
no
$
$
eqpldysjzi
$
no
$
jhlnkznqii
mrlbedjiuu
whkglqpaqv
$
svsaydacib
jhlnkznqii
vdzjzpkcjn
ltaxaqjxrw
$
rbszfshzka
$
ficngecknl
ajeqbonypy
tftbugswst
qfusarulve
$
blrztkxxfu
yiqlaeaquh
jwhciuzntv
$
yrkahvyama
nrmkerbycf
$
mjkhtyxraz
jsjyfbhgzb
awbfndsxll
$
ojzfsotaac
svsaydacib
doinismjca
$
sirxpbihjv
yiqlaeaquh
ojzfsotaac
$
mrlbedjiuu
rjzfrhzvks
$
no
$
tionmojctl
yntilkdhlj
$
$
yes
$
wtmhldelkb
ojzfsotaac
$
no
$
okuqmjlkjf
ysasmruibn
$
no
$
lvxbhzslhs
fenfeecucv
doinismjca
$
$
no
$
no
$
no
$
no
$
eaaoaqyoel
yewdjaopmp
dzfqzbqpkr
$
mrlbedjiuu
eaaoaqyoel
$
no
$
yes
$
blrztkxxfu
coepuxnxnh
$
qiriizkmyt
levlixuitu
zquvljzajc
$
yes
$
no
$
devjhdotll
segfyaxuzr
fivbyryiwf
$
no
$
no
$
$
jhlnkznqii
dcrxgzuish
$
$
jwhciuzntv
yiqlaeaquh
zquvljzajc
$
nukzjhcfyc
eqpldysjzi
cjlfwecpnz
$
daoobsymzi
csmumtlnzl
wtmhldelkb
lrsaakofqt
$
piloauydya
okuqmjlkjf
$
levzfamsxj
wdnbkeavyz
fuhdvgrgur
$
no
$
$
whkglqpaqv
coepuxnxnh
rbszfshzka
$
xaoezxgofn
doinismjca
wtmhldelkb
vdzjzpkcjn
$
cwksjdxvrw
iginenqstj
$
yovzelisei
nrmkerbycf
vzfixtlpjf
$
ldvqvjkyoa
eqpldysjzi
yewdjaopmp
$
wjqekcnlos
bjoenctdvm
$
okuqmjlkjf
glexghnixq
kutebanqmh
$
lxriqtteod
yommltlzen
lrsaakofqt
rbszfshzka
$
no
$
no
$
no
$
no
$
ruupmduoyy
jhlnkznqii
$
xaoezxgofn
pjbzocdnxi
awbfndsxll
uarmobkcdz
$
no
$
no
$
no
$
devjhdotll
mrlbedjiuu
svsaydacib
$
elkynaocki
wtmhldelkb
csmumtlnzl
$
no
$
$
no
$
jrknknaidp
ajeqbonypy
$
coepuxnxnh
$
fxtnrhfvky
hsejylzqbz
ffstzchher
levlixuitu
$
no
$
lkooiuzwfz
czlwdktqdb
piloauydya
$
mrlbedjiuu
$
svsaydacib
okuqmjlkjf
aqposfrzrz
$
rjzfrhzvks
ffstzchher
jwhciuzntv
$
no
$
jwslteasdn
yewdjaopmp
jrvqjgdqud
$
yntilkdhlj
mjkhtyxraz
fuhdvgrgur
zgpbooajji
levzfamsxj
$
zvjbdxucpp
bjoenctdvm
hsejylzqbz
$
no
$
yiqlaeaquh
jwhciuzntv
hdcgpowsze
nbuutbtiya
$
yntilkdhlj
$
piloauydya
oookeulpbi
lrsaakofqt
dbbeiqmhkc
$
eqpldysjzi
daoobsymzi
$
vngpamausi
levzfamsxj
ltaxaqjxrw
$
no
$
rsittteefg
pdobrmtxgr
rbszfshzka
lvxbhzslhs
$
ruupmduoyy
dcrxgzuish
doinismjca
$
no
$
uarmobkcdz
rkmzuqnsmz
fxtnrhfvky
$
piloauydya
oookeulpbi
$
jwslteasdn
lvxbhzslhs
qiriizkmyt
$
$
no
$
okuqmjlkjf
glexghnixq
jrvqjgdqud
$
no
$
fenfeecucv
lvxbhzslhs
jwslteasdn
$
no
$
ajeqbonypy
jrknknaidp
csmumtlnzl
arskmitwys
$
nnzfpbyqwt
rkxlsjmpaa
fenfeecucv
$
wjqekcnlos
$
no
$
yes
$
fxcvencwtb
$
oookeulpbi
yovzelisei
rkmzuqnsmz
$
fylafeqsao
mcyezdbgpn
nnzfpbyqwt
$
$
ficngecknl
lkooiuzwfz
zsborbzcsu
$
no
$
rbszfshzka
bdcodkukxu
lxezgizfru
$
vzfixtlpjf
noiinkjros
yntilkdhlj
$
$
coepuxnxnh
yommltlzen
qfusarulve
$
no
$
daoobsymzi
nukzjhcfyc
$
ruupmduoyy
$
qfusarulve
rjzfrhzvks
cjlfwecpnz
$
no
$
yes
$
ficngecknl
rkmzuqnsmz
$
no
$
levzfamsxj
jhlnkznqii
xvhxjjzlwg
nbuutbtiya
mcyezdbgpn
$
svsaydacib
yiqlaeaquh
$
no
$
$
no
$
no
$
no
$
ltaxaqjxrw
rkxlsjmpaa
nnzfpbyqwt
$
no
$
jrvqjgdqud
uarmobkcdz
piloauydya
$
no
$
levzfamsxj
ymqzfyklxv
$
daoobsymzi
bjoenctdvm
$
eaaoaqyoel
lrsaakofqt
$
xaoezxgofn
ficngecknl
$
$
yommltlzen
fsefoytxid
ruupmduoyy
$
svsaydacib
mikfmcjgjq
yrkahvyama
$
yes
$
$
oookeulpbi
yntilkdhlj
ficngecknl
$
fylafeqsao
$
yes
$
$
elkynaocki
qfusarulve
gktdqyxefo
$
no
$
glexghnixq
oookeulpbi
fbzrakrpet
$
ficngecknl
nbuutbtiya
czlwdktqdb
$
pjbzocdnxi
$
ffstzchher
hsejylzqbz
nnzfpbyqwt
$
uarmobkcdz
$
lxriqtteod
qfusarulve
$
fxtnrhfvky
yruyvalbnq
$
$
levzfamsxj
ymqzfyklxv
$
tbdmosmrpw
twrqudlcbh
czlwdktqdb
dddzcaqcbr
$
yes
$
tftbugswst
$
awbfndsxll
vdzjzpkcjn
$
twrqudlcbh
czlwdktqdb
noiinkjros
$
lvxbhzslhs
uarmobkcdz
jwhciuzntv
$
fsefoytxid
$
fsefoytxid
hwejlogzwn
daoobsymzi
$
doinismjca
jhlnkznqii
eqpldysjzi
$
noiinkjros
lkooiuzwfz
$
yes
$
no
$
yes
$
tdnlssesmv
ojzfsotaac
doalfbaayj
nukzjhcfyc
$
yes
$
jrknknaidp
csmumtlnzl
uarmobkcdz
$
jwhciuzntv
nrmkerbycf
yovzelisei
$
awbfndsxll
tftbugswst
ydbcyhpmti
$
csmumtlnzl
svsaydacib
$
no
$
$
qiriizkmyt
pjbzocdnxi
ydbcyhpmti
$
xaoezxgofn
$
jrvqjgdqud
$
no
$
awbfndsxll
$
eqpldysjzi
wdnbkeavyz
oookeulpbi
$
yes
$
eaaoaqyoel
kutebanqmh
$
ydbcyhpmti
cjlfwecpnz
jwhciuzntv
$
ydbcyhpmti
kyjoxccbzs
okuipgqmzc
$
cjlfwecpnz
cwksjdxvrw
hsejylzqbz
fylafeqsao
$
no
$
no
$
ltaxaqjxrw
ysasmruibn
kutebanqmh
$
no
$
zgpbooajji
dzfqzbqpkr
svsaydacib
$
no
$
rkxlsjmpaa
doinismjca
fxcvencwtb
$
fivbyryiwf
tbdmosmrpw
doalfbaayj
$
coepuxnxnh
$
cwksjdxvrw
$
czlwdktqdb
noiinkjros
coepuxnxnh
$
erkzpsersr
lxriqtteod
levzfamsxj
$
no
$
yntilkdhlj
bdcodkukxu
jhlnkznqii
$
ficngecknl
nbuutbtiya
$
yes
$
daoobsymzi
fivbyryiwf
eqpldysjzi
$
yes
$
iginenqstj
rkxlsjmpaa
yommltlzen
$
pjbzocdnxi
$
ojzfsotaac
daoobsymzi
$
kutebanqmh
gktdqyxefo
wputrhhuhs
fsefoytxid
$
segfyaxuzr
coepuxnxnh
$
fsefoytxid
yntilkdhlj
okuqmjlkjf
$
no
$
xvhxjjzlwg
ojzfsotaac
wputrhhuhs
lkooiuzwfz
$
no
$
no
$
no
$
yewdjaopmp
okuqmjlkjf
ruupmduoyy
$
tbdmosmrpw
fivbyryiwf
doalfbaayj
$
okuipgqmzc
pgbjqpbesa
jrknknaidp
$
wputrhhuhs
$
pjbzocdnxi
$
jrvqjgdqud
$
no
$
no
$
fuhdvgrgur
hsejylzqbz
gktdqyxefo
ueynsrwqmt
$
no
$
yes
$
doalfbaayj
lxezgizfru
ojzfsotaac
$
tdnlssesmv
svsaydacib
$
zvjbdxucpp
tionmojctl
nukzjhcfyc
$
hylwhjalgs
qfusarulve
rjzfrhzvks
$
yes
$
no
$
mikfmcjgjq
blrztkxxfu
mrlbedjiuu
cwksjdxvrw
$
mrlbedjiuu
daoobsymzi
yovzelisei
eqpldysjzi
$
kyjoxccbzs
doinismjca
$
$
dzfqzbqpkr
zgpbooajji
ztpkvtxunb
$
no
$
lvxbhzslhs
zsborbzcsu
$
no
$
no
$
no
$
no
$
hwejlogzwn
mcyezdbgpn
$
nrmkerbycf
yrkahvyama
$
wdnbkeavyz
ydbcyhpmti
$
pjbzocdnxi
dbbeiqmhkc
czlwdktqdb
zgpbooajji
$
eaaoaqyoel
eqpldysjzi
$
ruupmduoyy
rbszfshzka
$
no
$
no
$
dbbeiqmhkc
doinismjca
$
yntilkdhlj
eqpldysjzi
fivbyryiwf
$
no
$
okuipgqmzc
qqvkkjquva
lrsaakofqt
oookeulpbi
$
piloauydya
pjbzocdnxi
levlixuitu
$
xaoezxgofn
levzfamsxj
twrqudlcbh
$
sirxpbihjv
$
$
doinismjca
fbzrakrpet
vdzjzpkcjn
eaaoaqyoel
$
wdnbkeavyz
ydbcyhpmti
$
arskmitwys
fbzrakrpet
coepuxnxnh
$
no
$
ficngecknl
nnzfpbyqwt
qqvkkjquva
$
xtjngdceqi
yruyvalbnq
hwejlogzwn
$
yiqlaeaquh
yewdjaopmp
$
aqposfrzrz
$
eaaoaqyoel
yewdjaopmp
yiqlaeaquh
$
no
$
zsborbzcsu
lkooiuzwfz
yommltlzen
$
no
$
erkzpsersr
glexghnixq
kutebanqmh
$
no
$
okuqmjlkjf
levlixuitu
$
yiqlaeaquh
sirxpbihjv
gktdqyxefo
$
yes
$
no
$
ltaxaqjxrw
rkxlsjmpaa
$
bdcodkukxu
nrmkerbycf
$
okuipgqmzc
xtjngdceqi
tbdmosmrpw
$
no
$
$
zquvljzajc
yiqlaeaquh
jwhciuzntv
wtmhldelkb
$
no
$
tionmojctl
nrmkerbycf
$
$
no
$
yes
$
oookeulpbi
piloauydya
fylafeqsao
$
doinismjca
$
vzfixtlpjf
doinismjca
$
lxezgizfru
$
lvxbhzslhs
ruupmduoyy
okuqmjlkjf
$
fenfeecucv
jrvqjgdqud
hsejylzqbz
bhqsitkvcz
$
elkynaocki
$
$
no
$
fsefoytxid
$
$
$
lkooiuzwfz
segfyaxuzr
nrmkerbycf
$
lvxbhzslhs
ffstzchher
$
$
no
$
kyjoxccbzs
$
xtjngdceqi
$
vdzjzpkcjn
mikfmcjgjq
qfusarulve
$
rkmzuqnsmz
eqpldysjzi
jwhciuzntv
ymqzfyklxv
ffstzchher
$
no
$
pgbjqpbesa
nukzjhcfyc
tionmojctl
$
yruyvalbnq
nukzjhcfyc
$
whkglqpaqv
$
no
$
axefmzaluy
hsejylzqbz
zsborbzcsu
$
nnzfpbyqwt
yovzelisei
ficngecknl
$
mrlbedjiuu
ywslpfldwr
$
no
$
nrmkerbycf
zvjbdxucpp
qqvkkjquva
$
mrlbedjiuu
levzfamsxj
uarmobkcdz
$
no
$
no
$
no
$
ltaxaqjxrw
wjqekcnlos
nbuutbtiya
$
bjoenctdvm
dzfqzbqpkr
segfyaxuzr
$
no
$
levlixuitu
$
vzfixtlpjf
svsaydacib
ficngecknl
qfusarulve
$
no
$
fylafeqsao
nnzfpbyqwt
mcyezdbgpn
$
wdnbkeavyz
xaoezxgofn
yruyvalbnq
$
piloauydya
eqpldysjzi
kyjoxccbzs
$
no
$
coepuxnxnh
$
dcrxgzuish
elkynaocki
doalfbaayj
$
rkxlsjmpaa
$
ywslpfldwr
hwejlogzwn
oheehqtdkd
axefmzaluy
$
wputrhhuhs
rkxlsjmpaa
zgpbooajji
okuqmjlkjf
rbszfshzka
$
pjbzocdnxi
fuhdvgrgur
fbzrakrpet
$
no
$
kyjoxccbzs
qfusarulve
jhlnkznqii
$
wjqekcnlos
eaaoaqyoel
mikfmcjgjq
$
dddzcaqcbr
$
wdnbkeavyz
jrvqjgdqud
$
no
$
no
$
ymqzfyklxv
pjbzocdnxi
czlwdktqdb
$
pjbzocdnxi
bjoenctdvm
cjlfwecpnz
$
dcrxgzuish
nrmkerbycf
jwhciuzntv
$
no
$
yntilkdhlj
$
no
$
no
$
tbdmosmrpw
$
no
$
no
$
fxtnrhfvky
hsejylzqbz
$
hdcgpowsze
lvxbhzslhs
pjbzocdnxi
$
eqpldysjzi
$
$
jhlnkznqii
pjbzocdnxi
doinismjca
$
no
$
no
$
axefmzaluy
xaoezxgofn
bjoenctdvm
$
nbuutbtiya
erkzpsersr
vzfixtlpjf
$
kyjoxccbzs
hwejlogzwn
uarmobkcdz
$
fenfeecucv
jwhciuzntv
noiinkjros
$
svsaydacib
uarmobkcdz
$
pjbzocdnxi
$
yes
$
rkmzuqnsmz
$
lvxbhzslhs
jrvqjgdqud
pjbzocdnxi
$
pjbzocdnxi
yruyvalbnq
$
svsaydacib
$
lxriqtteod
qiriizkmyt
tionmojctl
$
hdcgpowsze
czlwdktqdb
xvhxjjzlwg
$
levzfamsxj
$
jrknknaidp
zquvljzajc
kyjoxccbzs
svsaydacib
$
bjoenctdvm
pjbzocdnxi
lrsaakofqt
$
no
$
ruupmduoyy
fsefoytxid
rkxlsjmpaa
$
no
$
glexghnixq
wdnbkeavyz
eqpldysjzi
$
segfyaxuzr
jhlnkznqii
doalfbaayj
$
rkxlsjmpaa
$
no
$
pjbzocdnxi
yntilkdhlj
xtjngdceqi
pgbjqpbesa
$
kutebanqmh
dddzcaqcbr
$
jrvqjgdqud
levzfamsxj
$
daoobsymzi
$
ltaxaqjxrw
yewdjaopmp
ldvqvjkyoa
$
zsborbzcsu
piloauydya
$
coepuxnxnh
yntilkdhlj
mikfmcjgjq
$
no
$
lxezgizfru
hylwhjalgs
iginenqstj
$
tdnlssesmv
ficngecknl
vdzjzpkcjn
$
no
$
fuhdvgrgur
pjbzocdnxi
dddzcaqcbr
$
jrknknaidp
pgbjqpbesa
$
twrqudlcbh
bdcodkukxu
$
wtmhldelkb
jrvqjgdqud
$
no
$
hwejlogzwn
yommltlzen
$
awbfndsxll
jhlnkznqii
doalfbaayj
whkglqpaqv
$
arskmitwys
$
qqvkkjquva
oookeulpbi
dbbeiqmhkc
$
fxcvencwtb
elkynaocki
yrkahvyama
$
$
ysasmruibn
svsaydacib
$
no
$
tftbugswst
$
ywslpfldwr
devjhdotll
$
no
$
hylwhjalgs
yewdjaopmp
$
ficngecknl
qiriizkmyt
bdcodkukxu
$
no
$
no
$
iginenqstj
qiriizkmyt
lxriqtteod
$
ymqzfyklxv
dddzcaqcbr
$
no
$
lrsaakofqt
rbszfshzka
lvxbhzslhs
$
ajeqbonypy
$
jwhciuzntv
fenfeecucv
dddzcaqcbr
$
ymqzfyklxv
jhlnkznqii
$
nnzfpbyqwt
xvhxjjzlwg
jhlnkznqii
dcrxgzuish
$
no
$
pjbzocdnxi
ztpkvtxunb
nukzjhcfyc
$
dddzcaqcbr
ymqzfyklxv
ajeqbonypy
$
no
$
ffstzchher
$
kyjoxccbzs
hwejlogzwn
zvjbdxucpp
$
lvxbhzslhs
$
no
$
no
$
eaaoaqyoel
blrztkxxfu
ajeqbonypy
$
mcyezdbgpn
zvjbdxucpp
nrmkerbycf
$
segfyaxuzr
lkooiuzwfz
levzfamsxj
$
coepuxnxnh
$
tdnlssesmv
coepuxnxnh
yiqlaeaquh
$
cjlfwecpnz
ztpkvtxunb
hylwhjalgs
$
no
$
tftbugswst
ydbcyhpmti
wjqekcnlos
$
rsittteefg
csmumtlnzl
$
eqpldysjzi
ymqzfyklxv
ffstzchher
$
ueynsrwqmt
wdnbkeavyz
ywslpfldwr
$
hylwhjalgs
eqpldysjzi
ruupmduoyy
$
no
$
rjzfrhzvks
tdnlssesmv
fxtnrhfvky
$
nukzjhcfyc
ojzfsotaac
$
jrknknaidp
blrztkxxfu
vngpamausi
$
zgpbooajji
dddzcaqcbr
cjlfwecpnz
$
doalfbaayj
erkzpsersr
devjhdotll
dzfqzbqpkr
$
$
mrlbedjiuu
yommltlzen
jwhciuzntv
$
no
$
nrmkerbycf
$
no
$
sirxpbihjv
eaaoaqyoel
kyjoxccbzs
$
no
$
eqpldysjzi
tdnlssesmv
fxtnrhfvky
$
uarmobkcdz
$
no
$
hdcgpowsze
coepuxnxnh
$
nrmkerbycf
$
whkglqpaqv
eqpldysjzi
gktdqyxefo
mikfmcjgjq
$
no
$
no
$
nukzjhcfyc
eqpldysjzi
hylwhjalgs
$
levzfamsxj
pjbzocdnxi
$
yommltlzen
rkxlsjmpaa
daoobsymzi
$
yewdjaopmp
$
mrlbedjiuu
tionmojctl
rjzfrhzvks
pjbzocdnxi
$
no
$
qfusarulve
lxezgizfru
ymqzfyklxv
$
daoobsymzi
mrlbedjiuu
$
lxezgizfru
hdcgpowsze
$
no
$
jhlnkznqii
ruupmduoyy
$
dddzcaqcbr
doinismjca
$
ojzfsotaac
fbzrakrpet
$
no
$
levzfamsxj
$
no
$
yes
$
xaoezxgofn
jrvqjgdqud
fenfeecucv
$
rbszfshzka
okuqmjlkjf
$
mcyezdbgpn
doinismjca
$
nukzjhcfyc
kyjoxccbzs
ydbcyhpmti
$
piloauydya
bjoenctdvm
$
doalfbaayj
ruupmduoyy
levlixuitu
$
no
$
$
daoobsymzi
$
doinismjca
wtmhldelkb
tdnlssesmv
$
hdcgpowsze
mikfmcjgjq
xvhxjjzlwg
levzfamsxj
$
$
pjbzocdnxi
dcrxgzuish
elkynaocki
$
no
$
bjoenctdvm
ydbcyhpmti
zvjbdxucpp
$
pgbjqpbesa
kyjoxccbzs
$
dddzcaqcbr
ymqzfyklxv
ztpkvtxunb
$
yes
$
no
$
$
yes
$
pjbzocdnxi
dcrxgzuish
$
tbdmosmrpw
jrvqjgdqud
levzfamsxj
hwejlogzwn
$
zgpbooajji
qfusarulve
hylwhjalgs
$
no
$
no
$
yes
$
noiinkjros
hylwhjalgs
qfusarulve
$
lxezgizfru
fbzrakrpet
gktdqyxefo
ztpkvtxunb
yommltlzen
jsjyfbhgzb
doalfbaayj
blrztkxxfu
zsborbzcsu
zquvljzajc
dzfqzbqpkr
jwslteasdn
piloauydya
tionmojctl
yiqlaeaquh
tdnlssesmv
noiinkjros
$
twrqudlcbh
$
no
$
ymqzfyklxv
wdnbkeavyz
ywslpfldwr
$
hdcgpowsze
fenfeecucv
axefmzaluy
ruupmduoyy
$
pdobrmtxgr
hwejlogzwn
yovzelisei
$
zsborbzcsu
tionmojctl
piloauydya
$
coepuxnxnh
$
rjzfrhzvks
$
ueynsrwqmt
doalfbaayj
daoobsymzi
levzfamsxj
$
cjlfwecpnz
rkxlsjmpaa
$
no
$
no
$
$
jsjyfbhgzb
devjhdotll
nbuutbtiya
hdcgpowsze
$
no
$
no
$
czlwdktqdb
vdzjzpkcjn
$
no
$
kutebanqmh
mjkhtyxraz
jwhciuzntv
$
no
$
jhlnkznqii
eaaoaqyoel
devjhdotll
$
jwhciuzntv
$
mjkhtyxraz
ywslpfldwr
uarmobkcdz
csmumtlnzl
$
whkglqpaqv
rjzfrhzvks
ajeqbonypy
$
ueynsrwqmt
doalfbaayj
mrlbedjiuu
nbuutbtiya
$
yes
$
nrmkerbycf
$
no
$
no
$
devjhdotll
zquvljzajc
piloauydya
$
fxtnrhfvky
dcrxgzuish
nrmkerbycf
$
no
$
no
$
no
$
no
$
no
$
uarmobkcdz
$
tionmojctl
hdcgpowsze
lxezgizfru
$
no
$
lkooiuzwfz
devjhdotll
pjbzocdnxi
fivbyryiwf
ztpkvtxunb
$
tbdmosmrpw
$
rjzfrhzvks
$
no
$
vngpamausi
$
tionmojctl
dzfqzbqpkr
yommltlzen
blrztkxxfu
yiqlaeaquh
$
mikfmcjgjq
yrkahvyama
ysasmruibn
$
dddzcaqcbr
pdobrmtxgr
$
lkooiuzwfz
dddzcaqcbr
bjoenctdvm
$
dzfqzbqpkr
lxezgizfru
wjqekcnlos
$
wtmhldelkb
ueynsrwqmt
pdobrmtxgr
$
levzfamsxj
tionmojctl
zvjbdxucpp
$
lxriqtteod
yommltlzen
nbuutbtiya
$
no
$
ltaxaqjxrw
$
yes
$
okuipgqmzc
doalfbaayj
ruupmduoyy
$
no
$
doalfbaayj
ruupmduoyy
lvxbhzslhs
$
jrvqjgdqud
hwejlogzwn
qfusarulve
yommltlzen
$
pdobrmtxgr
rbszfshzka
kqyzlobnuf
$
no
$
no
$
no
$
xaoezxgofn
levzfamsxj
uarmobkcdz
$
no
$
arskmitwys
csmumtlnzl
pjbzocdnxi
lvxbhzslhs
$
xtjngdceqi
wjqekcnlos
fbzrakrpet
rsittteefg
$
lkooiuzwfz
devjhdotll
yommltlzen
qiriizkmyt
$
pdobrmtxgr
gktdqyxefo
yntilkdhlj
$
no
$
no
$
czlwdktqdb
hdcgpowsze
nbuutbtiya
$
$
yiqlaeaquh
sirxpbihjv
eaaoaqyoel
lxriqtteod
$
hsejylzqbz
hylwhjalgs
pjbzocdnxi
xaoezxgofn
$
$
yes
$
no
$
ficngecknl
qfusarulve
ruupmduoyy
$
ydbcyhpmti
$
pgbjqpbesa
$
vdzjzpkcjn
mikfmcjgjq
yrkahvyama
$
gktdqyxefo
$
no
$
no
$
bhqsitkvcz
hsejylzqbz
czlwdktqdb
mjkhtyxraz
$
no
$
no
$
nnzfpbyqwt
zgpbooajji
dddzcaqcbr
$
dcrxgzuish
jwhciuzntv
$
hdcgpowsze
czlwdktqdb
twrqudlcbh
$
no
$
piloauydya
whkglqpaqv
doalfbaayj
$
no
$
no
$
kqyzlobnuf
jwhciuzntv
tionmojctl
czlwdktqdb
$
sirxpbihjv
kutebanqmh
qiriizkmyt
$
no
$
no
$
no
$
twrqudlcbh
$
pdobrmtxgr
wjqekcnlos
ydbcyhpmti
$
jwhciuzntv
wtmhldelkb
bdcodkukxu
$
nbuutbtiya
tftbugswst
$
yes
$
no
$
wtmhldelkb
whkglqpaqv
yruyvalbnq
aqposfrzrz
$
zsborbzcsu
ldvqvjkyoa
uarmobkcdz
$
ltaxaqjxrw
dzfqzbqpkr
coepuxnxnh
$
levlixuitu
$
tdnlssesmv
ueynsrwqmt
doalfbaayj
$
bjoenctdvm
$
dzfqzbqpkr
ydbcyhpmti
$
no
$
no
$
whkglqpaqv
rjzfrhzvks
qfusarulve
$
no
$
dddzcaqcbr
lkooiuzwfz
xtjngdceqi
$
no
$
no
$
nrmkerbycf
wdnbkeavyz
yewdjaopmp
csmumtlnzl
$
no
$
twrqudlcbh
qqvkkjquva
whkglqpaqv
$
ymqzfyklxv
levzfamsxj
$
ruupmduoyy
yewdjaopmp
$
eqpldysjzi
$
dzfqzbqpkr
fenfeecucv
lvxbhzslhs
$
$
eqpldysjzi
ruupmduoyy
doalfbaayj
$
gktdqyxefo
yommltlzen
kyjoxccbzs
$
no
$
no
$
yewdjaopmp
jwslteasdn
$
$
levzfamsxj
czlwdktqdb
$
gktdqyxefo
$
lxezgizfru
czlwdktqdb
$
ywslpfldwr
doinismjca
axefmzaluy
$
no
$
jwslteasdn
mjkhtyxraz
$
hwejlogzwn
nbuutbtiya
wjqekcnlos
$
levzfamsxj
yntilkdhlj
$
no
$
lxezgizfru
bdcodkukxu
$
no
$
doalfbaayj
$
jwslteasdn
zgpbooajji
dddzcaqcbr
$
zsborbzcsu
lvxbhzslhs
jwslteasdn
$
nnzfpbyqwt
czlwdktqdb
xtjngdceqi
$
yes
$
yes
$
jrvqjgdqud
qfusarulve
nrmkerbycf
$
no
$
no
$
vngpamausi
ydbcyhpmti
$
yntilkdhlj
$
dzfqzbqpkr
eaaoaqyoel
ydbcyhpmti
jrvqjgdqud
$
no
$
vdzjzpkcjn
mrlbedjiuu
nbuutbtiya
$
levzfamsxj
mrlbedjiuu
qqvkkjquva
$
no
$
no
$
ruupmduoyy
rbszfshzka
$
mikfmcjgjq
awbfndsxll
cwksjdxvrw
$
levzfamsxj
$
hdcgpowsze
$
no
$
jwhciuzntv
yiqlaeaquh
fbzrakrpet
$
levzfamsxj
$
doalfbaayj
tftbugswst
$
daoobsymzi
levzfamsxj
ajeqbonypy
$
no
$
doinismjca
blrztkxxfu
vngpamausi
$
fivbyryiwf
eqpldysjzi
jhlnkznqii
dcrxgzuish
$
ysasmruibn
levzfamsxj
$
uarmobkcdz
$
qqvkkjquva
fuhdvgrgur
levlixuitu
$
$
tdnlssesmv
ajeqbonypy
wjqekcnlos
$
tftbugswst
$
qfusarulve
elkynaocki
$
zsborbzcsu
czlwdktqdb
qqvkkjquva
$
ztpkvtxunb
lxriqtteod
yommltlzen
lrsaakofqt
$
$
ruupmduoyy
bdcodkukxu
nrmkerbycf
$
no
$
fsefoytxid
zquvljzajc
$
lxriqtteod
eaaoaqyoel
blrztkxxfu
$
nukzjhcfyc
eqpldysjzi
fenfeecucv
$
whkglqpaqv
yntilkdhlj
jwslteasdn
$
pjbzocdnxi
wdnbkeavyz
bjoenctdvm
$
no
$
fxtnrhfvky
axefmzaluy
svsaydacib
lvxbhzslhs
fylafeqsao
rjzfrhzvks
nnzfpbyqwt
oookeulpbi
gktdqyxefo
ffstzchher
bhqsitkvcz
jrvqjgdqud
fuhdvgrgur
pjbzocdnxi
zsborbzcsu
czlwdktqdb
mcyezdbgpn
cwksjdxvrw
$
no
$
mrlbedjiuu
ffstzchher
$
no
$
cwksjdxvrw
$
no
$
no
$
no
$
no
$
no
$
svsaydacib
segfyaxuzr
lrsaakofqt
$
hdcgpowsze
tbdmosmrpw
doinismjca
ldvqvjkyoa
$
jsjyfbhgzb
rkmzuqnsmz
ajeqbonypy
$
tftbugswst
ydbcyhpmti
wjqekcnlos
$
no
$
jrvqjgdqud
ffstzchher
ruupmduoyy
$
yes
$
ueynsrwqmt
doalfbaayj
jhlnkznqii
$
no
$
ywslpfldwr
jrvqjgdqud
hsejylzqbz
$
aqposfrzrz
devjhdotll
hwejlogzwn
ficngecknl
cwksjdxvrw
$
no
$
glexghnixq
$
oookeulpbi
yntilkdhlj
mcyezdbgpn
$
uarmobkcdz
hdcgpowsze
$
eqpldysjzi
$
ymqzfyklxv
bjoenctdvm
dzfqzbqpkr
$
no
$
hsejylzqbz
$
no
$
kyjoxccbzs
fenfeecucv
dzfqzbqpkr
$
blrztkxxfu
kyjoxccbzs
nukzjhcfyc
$
no
$
xaoezxgofn
axefmzaluy
bdcodkukxu
$
nrmkerbycf
zquvljzajc
coepuxnxnh
$
piloauydya
levzfamsxj
$
piloauydya
$
no
$
no
$
jwslteasdn
xaoezxgofn
fylafeqsao
uarmobkcdz
$
pgbjqpbesa
jrknknaidp
doinismjca
$
qiriizkmyt
xvhxjjzlwg
lkooiuzwfz
xtjngdceqi
$
$
no
$
no
$
no
$
levzfamsxj
ysasmruibn
svsaydacib
xvhxjjzlwg
tftbugswst
whkglqpaqv
bhqsitkvcz
$
whkglqpaqv
wtmhldelkb
tdnlssesmv
$
iginenqstj
cjlfwecpnz
rkmzuqnsmz
$
zgpbooajji
dzfqzbqpkr
tftbugswst
$
yes
$
no
$
jwhciuzntv
mjkhtyxraz
kutebanqmh
$
yes
$
ysasmruibn
okuqmjlkjf
jsjyfbhgzb
$
wjqekcnlos
yewdjaopmp
$
iginenqstj
ysasmruibn
yewdjaopmp
$
pdobrmtxgr
hwejlogzwn
fivbyryiwf
$
no
$
kyjoxccbzs
jrvqjgdqud
xaoezxgofn
$
dcrxgzuish
rkmzuqnsmz
cjlfwecpnz
cwksjdxvrw
$
jrvqjgdqud
arskmitwys
hwejlogzwn
cwksjdxvrw
$
dbbeiqmhkc
uarmobkcdz
csmumtlnzl
$
no
$
segfyaxuzr
jrvqjgdqud
tdnlssesmv
$
$
no
$
oookeulpbi
qiriizkmyt
pgbjqpbesa
$
no
$
blrztkxxfu
$
ojzfsotaac
$
nnzfpbyqwt
xvhxjjzlwg
tdnlssesmv
kyjoxccbzs
$
bjoenctdvm
dzfqzbqpkr
doalfbaayj
$
nrmkerbycf
devjhdotll
pjbzocdnxi
dzfqzbqpkr
yiqlaeaquh
$
iginenqstj
rkxlsjmpaa
daoobsymzi
$
no
$
no
$
uarmobkcdz
mikfmcjgjq
elkynaocki
$
no
$
dddzcaqcbr
vngpamausi
fylafeqsao
$
noiinkjros
vzfixtlpjf
nrmkerbycf
$
mrlbedjiuu
fxcvencwtb
$
yommltlzen
$
yes
$
fsefoytxid
dzfqzbqpkr
$
no
$
hwejlogzwn
uarmobkcdz
mikfmcjgjq
$
no
$
$
jrvqjgdqud
ywslpfldwr
$
hwejlogzwn
ltaxaqjxrw
$
nrmkerbycf
jrvqjgdqud
arskmitwys
$
yes
$
no
$
zsborbzcsu
ldvqvjkyoa
rkxlsjmpaa
$
ffstzchher
devjhdotll
zgpbooajji
$
ltaxaqjxrw
mrlbedjiuu
vdzjzpkcjn
$
no
$
yewdjaopmp
okuqmjlkjf
$
levzfamsxj
$
no
$
mikfmcjgjq
awbfndsxll
$
$
no
$
no
$
mrlbedjiuu
hwejlogzwn
yruyvalbnq
$
no
$
hylwhjalgs
aqposfrzrz
yntilkdhlj
coepuxnxnh
$
nnzfpbyqwt
xvhxjjzlwg
yovzelisei
$
awbfndsxll
lvxbhzslhs
rbszfshzka
$
rjzfrhzvks
qfusarulve
rbszfshzka
$
no
$
dzfqzbqpkr
ztpkvtxunb
dddzcaqcbr
$
pgbjqpbesa
daoobsymzi
erkzpsersr
$
no
$
mikfmcjgjq
dzfqzbqpkr
$
ffstzchher
$
no
$
fuhdvgrgur
cwksjdxvrw
rsittteefg
$
tbdmosmrpw
ficngecknl
fxtnrhfvky
$
zquvljzajc
blrztkxxfu
yruyvalbnq
$
tbdmosmrpw
$
awbfndsxll
tftbugswst
dzfqzbqpkr
$
$
rkmzuqnsmz
$
segfyaxuzr
zgpbooajji
oookeulpbi
$
erkzpsersr
vzfixtlpjf
dcrxgzuish
$
$
no
$
yes
$
no
$
no
$
wjqekcnlos
dddzcaqcbr
pjbzocdnxi
$
no
$
devjhdotll
elkynaocki
vdzjzpkcjn
$
no
$
$
$
no
$
jrvqjgdqud
nrmkerbycf
jhlnkznqii
czlwdktqdb
$
no
$
glexghnixq
elkynaocki
dzfqzbqpkr
$
no
$
ajeqbonypy
$
eqpldysjzi
fivbyryiwf
dzfqzbqpkr
$
csmumtlnzl
$
qfusarulve
rbszfshzka
zsborbzcsu
$
no
$
yruyvalbnq
doalfbaayj
czlwdktqdb
nnzfpbyqwt
$
no
$
tftbugswst
ywslpfldwr
jrvqjgdqud
$
no
$
$
wdnbkeavyz
elkynaocki
fsefoytxid
jrvqjgdqud
$
okuqmjlkjf
fylafeqsao
$
no
$
no
$
wtmhldelkb
jwhciuzntv
noiinkjros
$
no
$
coepuxnxnh
svsaydacib
$
dzfqzbqpkr
ojzfsotaac
yiqlaeaquh
xtjngdceqi
$
ojzfsotaac
$
bjoenctdvm
$
no
$
$
ztpkvtxunb
nukzjhcfyc
ueynsrwqmt
$
no
$
ueynsrwqmt
daoobsymzi
kyjoxccbzs
eqpldysjzi
$
ysasmruibn
fsefoytxid
svsaydacib
$
