$
no
$
no
$
ykbamuaszf
zdsifxxzyw
crobncuiyz
bvfqymoime
embldcnhpe
efzutayqey
$
$
$
nezxsmobus
qjijskmkfw
edyrkfmfem
jlatmtytax
aczouzqdvc
$
$
no
$
sbydqqlhri
onhgizxlon
vxvnmbufwc
ewoazyymal
qazmwprjzo
hqrdtmyfld
jonlahddjj
hpqahuvunu
$
no
$
nozexpdzoh
eomwwsxwia
jgnvxjsdaz
lkarybnpce
pdklsjhuzc
$
$
rixuzjpcwy
apcueuebpa
teiausydkk
edyrkfmfem
wuinekpyig
yplhuntjzr
$
no
$
txogozbozr
wyhsulyzjy
ecsurquxff
zjbmerscbz
tuseseavww
oevxicyzjf
$
no
$
yodkdexvtx
sbzydlyavm
ijdahlttfo
sfsftuswng
jujtcmpnxw
dusthtdzad
agmweakzcy
zdsifxxzyw
$
ssruyjnwgt
fupwiwlqme
eiyetizfzp
tiymolmyng
$
$
$
$
$
$
$
$
no
$
no
$
$
no
$
no
$
nsvcvojnqm
grzdkvdwoz
aydduzsbrs
ptpxguabou
$
no
$
no
$
qmxwhjxwmv
gimjaghrwj
xlxqalnkhl
whkkylovfs
$
$
hlzdzkbiee
stnpfmeffb
ykqaqempjt
muqnwbnxck
txogozbozr
rppchrjtiy
permvzcwox
pvtrwaezxj
$
zakqkvfgpx
lhlhqznywe
loagugkkra
zpewqiqwtb
hvxiusrfin
uftqkprpeo
trdzxyipbe
$
no
$
$
no
$
nivdvwaycf
ozluptszpp
tunkwwsoio
wyhsulyzjy
txogozbozr
$
$
jdbndfhhrs
crobncuiyz
rtrxomtbov
gfotnwwmcg
zdoxezefqf
jxcxtbipjr
cqothdrtcv
$
nhtglbaezd
uftqkprpeo
hvxiusrfin
adzzphxspv
iiymgvasew
$
no
$
no
$
$
no
$
no
$
no
$
$
oicgwmwsgg
fegihwdobg
delfwxzqcb
wswtxafzuj
ckjwczqkvm
$
$
$
no
$
no
$
$
no
$
gbchodntia
dembkuesme
lbgqwkmkbv
kkifvaxgrc
zaeaglvbuu
ndbefqnyea
$
bzrpcsuowu
kvaieptjgm
axinkxduoh
xzqopmmtqf
pxgutuhefl
nmrdlzuycp
alfhfshmaz
$
no
$
$
uliwxiohqt
ehqzsnyzjd
ohqldmcomc
mkjrrxhnxz
qjijskmkfw
ehxhvlbctl
$
nhzsyspqil
jthidvalgf
ghvegbpjdt
fxyctwjraj
$
lvmsgkdmct
klkdcuvflp
wraexzvfzx
rasmgudwqq
hizbsxeknw
ifftobjzpi
$
lejebdwmto
djdxmjvsdq
blxawvwrah
vmnuvqpttz
jcbdlqmhoj
xguoxtfaqg
ssuurzxdso
$
affquxmtii
pgorkmiczd
qlhucfsdcm
fxyctwjraj
hfbixiqynh
whkkylovfs
lplqqzeaqk
$
$
jkjzhpfkdd
pzztpbenhq
iadqxwqtto
hwqasugbpp
gfotnwwmcg
rtrxomtbov
gxtjbdoxdj
$
no
$
uydojtcuct
smhtsqyjtu
nmrwullwen
eyrakmxvgo
fxztcaeczo
rykqiqehqm
$
no
$
no
$
no
$
novndibqjy
uyqsopfxtc
sigavbmoze
juwfwybuni
zrgbholidy
tvusrzuwkn
$
no
$
qojdlivovd
cexnnhsltm
hqyjtscuxd
ywilibwjxf
lmhjdyksoz
$
zdoxezefqf
rajvvbjxra
plojpjkrye
tlymepglgs
ryajilxqah
cdutgivcsy
$
no
$
ykxmsslnhg
zaeaglvbuu
kkifvaxgrc
gimjaghrwj
xlxqalnkhl
ivhshgjvdd
$
khsfjaqxjr
qjijskmkfw
tlymepglgs
ryajilxqah
alfhfshmaz
mgvmjvrsnf
$
$
vmiwrqgqmi
$
$
no
$
kplsyokigz
jvnklirpuo
lsctgvfqqo
pyembftlho
rlisstntkz
hgjaqukvue
$
tvusrzuwkn
hqyjtscuxd
xguoxtfaqg
ssuurzxdso
sfgboedgzz
tafhqvqrzq
pyembftlho
$
ywilibwjxf
qlhucfsdcm
pgorkmiczd
krkjlhwpmq
woimzxxago
$
$
no
$
no
$
dvnotqircu
tegihnobxu
vmiwrqgqmi
jsviwwjbum
rpkhyxfsyp
ytblmjounp
jmyssvardb
$
dhzdbdizxg
ljizqnkrsd
ynrdsxfndx
dafgzkkhkq
xmmlyfngev
wjbldqfwwd
oewijrmxso
aylccwkilt
$
$
no
$
$
no
$
$
no
$
$
no
$
aikghxdket
acqxyxaluw
kwmrevxrno
jtzogeowlz
djdxmjvsdq
uqdllazrxm
$
$
auhglaazjc
girncfldct
xmrzbulhnr
sbzydlyavm
ehqzsnyzjd
uliwxiohqt
stnpfmeffb
$
ijdahlttfo
sbzydlyavm
ehqzsnyzjd
jthidvalgf
nhzsyspqil
wnnmxvhnyu
jiyjbuxmzo
$
no
$
dgylhmcfek
zksbhamqhk
blxawvwrah
djdxmjvsdq
uqdllazrxm
umyahhkryj
qigfszdhuf
$
$
no
$
pcixltpnzv
ssslruwjla
khcmrepncz
alqnluhelb
jgezozlpef
udhdqjltit
$
$
yghzwwnhlw
jipclkmbga
krvzzihsjc
nmrdlzuycp
gtuzxzuwyu
qnpadzmfqu
$
vmnuvqpttz
tvxudunrvp
nkbdukuwyr
mcvosgeitt
xmmxqsaycj
$
no
$
no
$
$
no
$
no
$
$
$
$
lmhjdyksoz
nyrfikcbuv
bjmohkhees
smzdbjmgce
fndgenugmr
pfmxvvjybt
$
sfgfzmxirg
tegihnobxu
shqglekzct
tcjsmbjubf
xmrzbulhnr
sbzydlyavm
yodkdexvtx
$
iithriqhpm
$
$
$
uyqsopfxtc
sigavbmoze
qhwlsatvnk
idmxellmdg
stzmtocxih
qjonenwlte
$
$
$
$
$
$
no
$
no
$
$
no
$
lejebdwmto
djdxmjvsdq
blxawvwrah
oboiyvgxen
hwqasugbpp
gfotnwwmcg
lvepmpuosh
jhqqjhvrty
$
$
$
vmiwrqgqmi
jtzcbmhhfe
uwdudrocjo
kjzbbvgopg
vobetsamhp
$
$
no
$
no
$
no
$
$
dhzdbdizxg
ljizqnkrsd
fofxnysggg
rlisstntkz
hgjaqukvue
wyhsulyzjy
txogozbozr
rppchrjtiy
$
nwoniauwbg
ykqaqempjt
muqnwbnxck
delfwxzqcb
wmlbpwqagj
qmxwhjxwmv
vgyimomjee
$
imcqqitgxq
vmiwrqgqmi
dvjwxnkzyo
qnixgydzsz
yoprezljzf
rhiplaxyot
$
no
$
no
$
$
no
$
no
$
no
$
no
$
no
$
$
$
rbghkuygjc
bizpinoepw
lmjvakqmyg
gurqgzhhxj
xquosczbiq
atwbgtojjc
jthidvalgf
yftogdflhj
$
no
$
mxofxieoyd
vxsufdiavh
pfmxvvjybt
wfeksjxlfj
lbgqwkmkbv
dembkuesme
gbchodntia
$
$
no
$
$
no
$
lmhjdyksoz
nyrfikcbuv
qfofqampww
dvnotqircu
ijxuzmregz
dubgcesoyc
$
no
$
efzutayqey
dgylhmcfek
zksbhamqhk
fknjuieldr
dubgcesoyc
cxvinnrgzg
fzqvokysok
$
iocbhrxngq
vjfuvqvzcy
hgjaqukvue
rlisstntkz
edyrkfmfem
jlatmtytax
$
mcvosgeitt
rsuutelkof
vwuvthnhuo
isgsuynzzs
$
no
$
$
juwfwybuni
xquosczbiq
gurqgzhhxj
nydgyjvsjw
lcahpdmlzm
$
$
no
$
$
$
no
$
no
$
pdvhdrybji
hvogoaabgj
rifjgicdbb
iuxoramxjq
twugeayudz
eretmxbtsj
$
$
fnzxkqauuy
eyyfdwemys
yhknalftpx
xeowifbxnx
dafgzkkhkq
npymvhzklz
hbniqkrjeh
$
gxhatmbrej
fbzdouhzej
mxofxieoyd
tozisguvup
qicgfbieom
nhzsyspqil
cwkxtulavh
$
$
no
$
no
$
$
lsszzvkuzt
eblwwlogac
vmiwrqgqmi
imcqqitgxq
qltagvaozn
vxteturqxm
$
fjpsncpxap
bfqlnkjnyp
wuinekpyig
uhgtxnjzyb
hfbixiqynh
xbmkcimxym
dikqmswbxe
$
qnpadzmfqu
zdfqcmzzlc
xzqopmmtqf
axinkxduoh
epvwjsmxml
ywmjeanijz
$
onhgizxlon
sbydqqlhri
gbchodntia
dembkuesme
omouzudono
mokcprvssr
$
no
$
ggljhqtncg
wmsifxgrbn
xdqqpunqcn
rbkjnxdooj
jaekaspemd
ixiqeeihfs
$
ntyntlptgd
mxtlkjxbym
zeqejbevuu
whkkylovfs
tmkvdkfzvi
awuqikrovu
$
no
$
$
$
nvvrvbivea
erovpmrhby
tdcogxakop
ptsrhfnwms
rpkhyxfsyp
ytblmjounp
bdxpqqixfx
$
$
no
$
$
no
$
no
$
$
$
yes
$
no
$
bnocywdais
mazucmwrit
smzdbjmgce
yuhwyawduo
stcetkrtuw
fnamwwgllu
jsviwwjbum
$
no
$
$
no
$
no
$
no
$
no
$
no
$
$
no
$
$
vozjobuidj
zcatfdbvuz
qfwzlswgkw
rifjgicdbb
isgsuynzzs
vwuvthnhuo
$
$
yjnbmkbbmi
nwxwaccpwa
pmlaupzqdh
yuhwyawduo
stcetkrtuw
uxjqubimku
naakumnsho
$
mdfkzeqnaq
rcybhgphih
rixhgzwurb
jdbndfhhrs
crobncuiyz
flpptcrrhv
$
$
uqdllazrxm
cqnohenvwq
iqzkptynhy
vjfuvqvzcy
jwasvuazuy
gzyydayyis
gxhatmbrej
$
no
$
jmyssvardb
ytblmjounp
rpkhyxfsyp
jsviwwjbum
qqbrprzqkg
dzkradxyva
wckudordrn
$
no
$
$
$
no
$
no
$
$
$
$
$
dzrcurewih
jbkuukgyur
pfmxvvjybt
fndgenugmr
wgtzaqugja
cemhvxupyf
rhunabxpfi
khsfjaqxjr
$
no
$
ahrirrxhty
vxsufdiavh
pfmxvvjybt
wfeksjxlfj
lbgqwkmkbv
kwxrjxoeck
nmgubrscoy
$
no
$
$
no
$
mhtmqqmupm
zuycckwejp
teiausydkk
mkjrrxhnxz
ojzxrmkfre
usxzsobtyf
$
no
$
$
no
$
$
kxvkikuvxf
ujnyyelqta
sydnobrxpn
kfwytxdrhl
xvuturxoiy
klkdcuvflp
$
$
hlzdzkbiee
stnpfmeffb
tmdycgvbua
sfzmkkvmgm
rixuzjpcwy
$
no
$
$
no
$
$
no
$
no
$
$
no
$
$
no
$
no
$
no
$
fueximjrkl
sntsczozuf
ohqldmcomc
mkjrrxhnxz
qhwlsatvnk
vbknwgceez
$
melvghdegy
bjjdrpggrl
eiyetizfzp
hqibxvukhu
iithriqhpm
$
$
sfgboedgzz
tafhqvqrzq
yhhmmlbgst
gahqhatdvy
jcaimvlsfx
vcxlgavvsz
riaoyunrcz
rzbhlpsjhb
$
asdhloiqer
fnamwwgllu
stcetkrtuw
dbqukowwtl
rbkjnxdooj
xdqqpunqcn
$
no
$
$
shbzsmvljh
qlhucfsdcm
fxyctwjraj
cemhvxupyf
bbkzfcgeeh
mietvevbwz
$
bjjdrpggrl
rixuzjpcwy
$
$
rhiplaxyot
yoprezljzf
qnixgydzsz
vgyimomjee
qmxwhjxwmv
gimjaghrwj
$
xzqopmmtqf
krkjlhwpmq
pgorkmiczd
qlhucfsdcm
$
$
$
uyqsopfxtc
nvjcpkryle
ysahufvzax
uftqkprpeo
txogozbozr
wxbskcgnei
$
$
ijdahlttfo
sbzydlyavm
ehqzsnyzjd
ktyayujfwf
djxzlpwhci
bimnkkizzw
aogdpxwtdw
$
no
$
$
no
$
vmiwrqgqmi
$
no
$
no
$
gxlsfbzfjr
kxguofagvd
niyappjvcm
rlisstntkz
ohqldmcomc
sntsczozuf
$
tlzsqvhnrv
hgjaqukvue
htbftylslf
nhzsyspqil
olgzctquts
tabedxxqda
$
no
$
dgylhmcfek
zksbhamqhk
gurqgzhhxj
nydgyjvsjw
ocffdouguf
uyimgcsodu
$
hkexbsrbrw
hqpswafnka
yydepfogjn
prcyygmigs
nhzsyspqil
cwkxtulavh
$
nwoniauwbg
ykqaqempjt
muqnwbnxck
delfwxzqcb
qjtdlrzgrw
ptwodjkkcp
$
no
$
hwdsmeaews
reufbmomse
rpkhyxfsyp
khcmrepncz
cexnnhsltm
vvpdxqview
$
no
$
pvtrwaezxj
permvzcwox
lzometowqq
epvwjsmxml
ywmjeanijz
ljgdedgfwu
rrbosiexpu
$
msuomobsju
lkarybnpce
jgnvxjsdaz
fegihwdobg
dvjwxnkzyo
qnixgydzsz
$
$
$
$
$
no
$
$
no
$
$
ozhjskxars
hvxiusrfin
uftqkprpeo
pawkzocoqn
itstrnlvba
rfyjuzrkqw
$
$
pvizmkkqqn
jzydbuzdbm
aogdpxwtdw
ujnyyelqta
alwumkvbse
$
plvrvcabof
xuuuxnbkqw
lvjeaucpyo
xquosczbiq
gurqgzhhxj
lmjvakqmyg
bizpinoepw
$
$
no
$
pgriuhysfc
rpkhyxfsyp
kvacuebhva
ijdahlttfo
qwbqnpdtla
gsfwpipngy
$
wmsifxgrbn
$
qfwzlswgkw
atwbgtojjc
rsgzrnomdn
gfotnwwmcg
wvtbuxftci
fmczpcwayy
chvbzipvzn
$
btixuzffzt
kkifvaxgrc
aphqykhyaj
zokrnxmelf
aczouzqdvc
rzxwimnuak
segzxapmxx
$
qhsxcpskoj
ptsrhfnwms
jsptfcchxw
krvzzihsjc
jipclkmbga
yghzwwnhlw
nerxttbdfe
$
$
qfofqampww
fglqvugbls
tiymolmyng
qpuficgpik
qmgxarvgmg
$
no
$
$
vmiwrqgqmi
tegihnobxu
shqglekzct
pdvhdrybji
bilzpjypdo
$
no
$
no
$
pacbwdutov
smhtsqyjtu
iithriqhpm
hqibxvukhu
rajcxztvxe
yeyqkszvss
jssspmiqwf
$
$
no
$
$
lpkelkvybm
tvusrzuwkn
hqyjtscuxd
cexnnhsltm
iqzkptynhy
vzmofyqxyt
$
mfwuikmqde
exrcifcwpm
tunkwwsoio
cqqwbafuwy
vhavudyffc
rajvvbjxra
gqzmuvgahg
$
mcvosgeitt
nkbdukuwyr
tvxudunrvp
wgtzaqugja
wytmthoupd
wsmloeeuiy
$
vzmofyqxyt
vjfuvqvzcy
oyyzmevgfw
cqnohenvwq
cexnnhsltm
$
no
$
$
no
$
ihxeeamxlg
wxqfhyecce
ixuukvrpjg
rckralennu
bjikgottgv
srmzrytpqf
$
vdyevhhhpg
zdftfiosjz
pvtrwaezxj
permvzcwox
mfhoxefwwq
wzhtaqumld
segudzpmqj
$
no
$
no
$
ogiosoaefe
tjdbyzbprb
hvlhnnnwfk
tiekfrdewi
ssuurzxdso
mlrmogojyg
pyaqhnlrwe
$
no
$
no
$
lerqlvasjz
xmmlyfngev
hqpswafnka
hkexbsrbrw
yvjhaveevc
kwfequyfrm
bmdsqcmxew
$
$
ebnrlvxbjk
ozhjskxars
novndibqjy
hqibxvukhu
ahrirrxhty
$
no
$
no
$
uuwqshqaao
dlfbsgohhh
qlhucfsdcm
ywilibwjxf
hqyjtscuxd
xguoxtfaqg
jcbdlqmhoj
uwakowadhx
$
no
$
no
$
$
cwkxtulavh
nhzsyspqil
htbftylslf
jgnvxjsdaz
eomwwsxwia
dzrcurewih
jbkuukgyur
$
nivdvwaycf
dttflkzhdy
stnpfmeffb
uliwxiohqt
ehqzsnyzjd
ljczgfnpoj
$
no
$
no
$
no
$
$
no
$
$
whkkylovfs
zeqejbevuu
fegihwdobg
delfwxzqcb
taylxkcjxt
$
tegihnobxu
vmiwrqgqmi
cemhvxupyf
wibdjmlybp
usxzsobtyf
$
no
$
no
$
gnbihlwwky
khmlywnkqk
rykqiqehqm
qkwczmfhdn
mxofxieoyd
unhlxoojmy
$
jwasvuazuy
ivzanojjou
fgcqcidayw
uquczzyozb
uhgtxnjzyb
wuinekpyig
yplhuntjzr
$
$
no
$
qicgfbieom
nhzsyspqil
htbftylslf
vllhinrhej
ttkyjgkcud
$
no
$
okwdckeynq
xuorrfemtx
dbqukowwtl
jujtcmpnxw
dusthtdzad
$
no
$
fgcqcidayw
srfdtyalui
qpuficgpik
vxvnmbufwc
onhgizxlon
opryxvcprq
$
$
no
$
xuhejoehal
ykbamuaszf
lsszzvkuzt
eblwwlogac
akyobporrr
zpynozklju
vpscderrlk
wuinekpyig
$
$
no
$
no
$
kfwytxdrhl
qjtdlrzgrw
delfwxzqcb
wswtxafzuj
hizbsxeknw
fnqkvaqpyf
$
no
$
$
jckghbtujb
awceeodvcn
obnbfotflf
umphfrbzlo
reufbmomse
gfotnwwmcg
rsgzrnomdn
$
no
$
hhtqylvlci
ywilibwjxf
fxxpazlgry
rsuutelkof
mcvosgeitt
$
zuwnmlpnna
cjnmnygbwe
npymvhzklz
iaiydkuyjg
pgorkmiczd
mazucmwrit
smzdbjmgce
fndgenugmr
$
no
$
$
$
tmkvdkfzvi
oyyzmevgfw
melvghdegy
bjjdrpggrl
sigavbmoze
$
svgwasuihl
ijayboaklp
girncfldct
jssspmiqwf
$
$
no
$
no
$
$
no
$
$
edvfuofpws
ybmrwgxpls
srmzrytpqf
ehxhvlbctl
eivfcycdsl
$
$
$
qjijskmkfw
ehxhvlbctl
rsuutelkof
rmopmhkexn
qwbqnpdtla
gsfwpipngy
obnabuyvwh
ydznawbbhu
$
$
$
no
$
uxjqubimku
lhhdzmyuek
qcqdangmcg
tcjsmbjubf
shqglekzct
qcmfmimblq
$
$
lcahpdmlzm
wibdjmlybp
jvztpqbhns
afdclvnzfg
ljmeqephkf
$
ijugnqrcsn
vjfuvqvzcy
iqzkptynhy
cqnohenvwq
tcjsmbjubf
shqglekzct
$
$
no
$
$
fbijfvayyt
peembmhvyh
scxdzcwsfj
qkwczmfhdn
mxofxieoyd
$
no
$
no
$
no
$
$
$
owudbxrril
qddqsucpyb
jrsmlzspsx
rtzjordkrr
khmlywnkqk
ihdwfyqdkg
wrgkrtwmlg
$
no
$
no
$
$
no
$
$
no
$
$
nbmnviinmh
tuseseavww
eurnlxbvzu
xnohwmazmf
qnixgydzsz
girncfldct
xmrzbulhnr
$
no
$
no
$
no
$
nwoniauwbg
$
$
$
no
$
$
no
$
$
$
no
$
no
$
no
$
yhknalftpx
sydnobrxpn
fgegwkkjww
vmftpatbwg
naafgajuyq
smhtsqyjtu
nmrwullwen
$
uhgtxnjzyb
uquczzyozb
rppchrjtiy
txogozbozr
muqnwbnxck
wfqlkryusf
xmosqohicz
$
$
$
kpbajqkccc
fohxmebhiy
hwdsmeaews
smhtsqyjtu
nmrwullwen
xrltehsvnp
$
$
plojpjkrye
tlymepglgs
gurqgzhhxj
zksbhamqhk
blxawvwrah
smxpyqwbhl
$
mgkgentldg
tuizttlhjw
plvrvcabof
oicgwmwsgg
fegihwdobg
zeqejbevuu
prcyygmigs
$
$
$
auwrwqydxd
uggtgsotix
qnpadzmfqu
bcueoxttje
$
no
$
$
puxlwezxqo
aczouzqdvc
qfofqampww
nyrfikcbuv
cemhvxupyf
wgtzaqugja
wytmthoupd
wsmloeeuiy
$
xkvfxxwqxm
binhrkikms
psaqfnktpp
irptielppp
uggtgsotix
auwrwqydxd
$
$
$
dzkradxyva
qqbrprzqkg
jsviwwjbum
rpkhyxfsyp
kvacuebhva
melvghdegy
oyyzmevgfw
$
hsdlqduvsr
cafolsuigz
mxofxieoyd
fbzdouhzej
gxhatmbrej
$
fndgenugmr
pfmxvvjybt
wfeksjxlfj
lbgqwkmkbv
kkifvaxgrc
btixuzffzt
$
no
$
$
no
$
no
$
$
$
no
$
nzbbthltoa
awakaqckva
fvbudhgnmq
irvhacsbxs
zjbmerscbz
ecsurquxff
qlcvdfibmg
$
$
roomlboorf
ehxhvlbctl
qjijskmkfw
bvfcbbqmrv
yeyqkszvss
yoprezljzf
rhiplaxyot
$
no
$
iqcnxrjvhm
crobncuiyz
flpptcrrhv
wqaliavmzk
xldonhpzze
gfavjykygc
pgriuhysfc
xscrjfstyh
$
svdwmdtmbl
ukjjzvoscs
xrhnrkgfmh
jtzogeowlz
djdxmjvsdq
blxawvwrah
$
tcjsmbjubf
cqnohenvwq
uqdllazrxm
znhredcidc
irptielppp
xvuturxoiy
kfwytxdrhl
$
$
$
$
ideosooddj
vpjemicocq
bdxpqqixfx
bmdsqcmxew
aczouzqdvc
muqnwbnxck
delfwxzqcb
ocffdouguf
$
$
ykqaqempjt
syjmprxfbv
xvuturxoiy
kfwytxdrhl
vxteturqxm
qltagvaozn
bjixvwbnrv
$
$
no
$
jwasvuazuy
pcikcwyfda
xjjuokbbbn
hxyvlmffdr
$
$
chvbzipvzn
cfqhefbytg
pvizmkkqqn
hwqasugbpp
bsrvkuyciv
eyrakmxvgo
yxxjbsffmm
$
qulmrdglot
tozisguvup
mxofxieoyd
qkwczmfhdn
scxdzcwsfj
peembmhvyh
fbijfvayyt
gaspsthmif
$
no
$
no
$
$
$
no
$
unzkzgccam
lsszzvkuzt
rasmgudwqq
axinkxduoh
tmdycgvbua
$
$
dbgefvmrrs
fxztcaeczo
qdarthaflz
eklodxmjbo
covqiutlbw
pkqnbzwqwb
mfwuikmqde
$
gehklnrcjg
cqnohenvwq
iqzkptynhy
oyyzmevgfw
melvghdegy
$
no
$
yxxjbsffmm
eyrakmxvgo
bbkzfcgeeh
cemhvxupyf
udhdqjltit
lbgqwkmkbv
kkifvaxgrc
$
wckudordrn
oewijrmxso
wjbldqfwwd
pouyzchgjw
rifjgicdbb
gfavjykygc
wuuugmhvha
$
$
$
$
no
$
$
qibzuqsecr
dvjwxnkzyo
nozexpdzoh
peembmhvyh
pjqprvneez
$
no
$
no
$
$
ysahufvzax
uftqkprpeo
txogozbozr
xfkgzkiyym
ihbquzxodw
binhrkikms
ykbamuaszf
mulikbzmwl
$
blxawvwrah
oboiyvgxen
bizpinoepw
lmjvakqmyg
$
$
$
no
$
qdarthaflz
ucufiqgjoy
tsedeovsqo
ciwjyphvgz
hbniqkrjeh
npymvhzklz
$
no
$
no
$
yghzwwnhlw
naafgajuyq
wjbldqfwwd
ftszapealk
xsrpsbnbmn
ijopbfufjw
$
rrbosiexpu
ljgdedgfwu
ywmjeanijz
isgsuynzzs
pgjdnaojgg
kfwytxdrhl
iadqxwqtto
$
$
no
$
jujtcmpnxw
dusthtdzad
vmnuvqpttz
mietvevbwz
llkuggdwxg
daeexheioj
$
$
no
$
$
no
$
epvwjsmxml
axinkxduoh
xzqopmmtqf
qckuwlunof
fvbudhgnmq
awakaqckva
$
no
$
$
$
$
ykbamuaszf
zdsifxxzyw
crobncuiyz
rtrxomtbov
gfotnwwmcg
lvepmpuosh
$
$
no
$
no
$
$
$
no
$
$
pacbwdutov
smhtsqyjtu
nmrwullwen
xrltehsvnp
hgissntywc
$
npymvhzklz
dafgzkkhkq
xeowifbxnx
ywmjeanijz
isgsuynzzs
pgjdnaojgg
$
bjikgottgv
srmzrytpqf
vdvlqrkfsr
dlfbsgohhh
ifdxzmuyqi
xrhnrkgfmh
$
no
$
no
$
fnzxkqauuy
jsjclymsdj
xhsqdcgjyq
nyrfikcbuv
qfofqampww
$
srmzrytpqf
ybmrwgxpls
fnamwwgllu
jsviwwjbum
dahgfamwdz
eujylvriec
udmbpkrazu
$
no
$
no
$
no
$
no
$
$
$
dafgzkkhkq
wmlbpwqagj
delfwxzqcb
muqnwbnxck
aczouzqdvc
zokrnxmelf
$
no
$
jkfrbcsutd
niyappjvcm
rlisstntkz
cyqfgcujjw
dvnotqircu
$
zornkogkwk
xrhnrkgfmh
ifdxzmuyqi
aczouzqdvc
muqnwbnxck
$
no
$
covqiutlbw
eklodxmjbo
qdarthaflz
ucufiqgjoy
tsedeovsqo
ulbamreyod
hdaqfqeodk
$
$
no
$
ktbmhenwew
qjijskmkfw
nezxsmobus
rixhgzwurb
jkfrbcsutd
$
mazucmwrit
pgorkmiczd
qlhucfsdcm
ywilibwjxf
hqyjtscuxd
$
$
$
no
$
no
$
$
no
$
no
$
$
$
$
rcybhgphih
xquosczbiq
gurqgzhhxj
lmjvakqmyg
zpfnuosytp
$
xvuturxoiy
syjmprxfbv
ykqaqempjt
muqnwbnxck
txogozbozr
rppchrjtiy
$
no
$
no
$
$
$
$
$
$
no
$
gurqgzhhxj
$
no
$
$
$
veyhjhrknz
aogdpxwtdw
jzydbuzdbm
pvizmkkqqn
cfqhefbytg
pipeuepdxh
uqrbceerhe
$
no
$
no
$
kbhtyweeok
yoikdbylvg
cjwqbfzymn
khcmrepncz
ssslruwjla
pcixltpnzv
$
znhredcidc
hvogoaabgj
rifjgicdbb
gfavjykygc
mtydndamto
zsmbogshse
$
no
$
no
$
$
$
$
cbvdtearja
vxvnmbufwc
ifftobjzpi
prcyygmigs
yydepfogjn
dqddybosso
$
no
$
no
$
no
$
novndibqjy
$
fgxsvkfaju
ljczgfnpoj
ybnvndbpar
humlvrdkkf
vkwydgetwn
xzvmbxdcwy
hhxazfgkdi
ngynspdljk
$
$
$
addsnwgwww
jcbdlqmhoj
vmnuvqpttz
blxawvwrah
rhunabxpfi
khsfjaqxjr
$
ihxeeamxlg
godufsxtme
qcmfmimblq
jtzogeowlz
$
$
xluoxqtnml
uqdllazrxm
cqnohenvwq
ukjjzvoscs
svdwmdtmbl
uuwqshqaao
$
armbqltxmc
vudabufaaq
pgorkmiczd
lmjvakqmyg
zpfnuosytp
tcdlyhvfeo
$
$
zzplmriuxz
ucufiqgjoy
tsedeovsqo
ciwjyphvgz
hbniqkrjeh
$
$
$
obnabuyvwh
wxqfhyecce
ixuukvrpjg
mcvosgeitt
rsuutelkof
fxxpazlgry
qnixgydzsz
xgelbjnbyv
$
$
ykxmsslnhg
iuxoramxjq
rwzhnhrosv
jmyssvardb
ytblmjounp
whhomyebcx
olbywlqikz
$
no
$
$
no
$
$
no
$
no
$
lsctgvfqqo
qazmwprjzo
hqrdtmyfld
muqnwbnxck
aczouzqdvc
zokrnxmelf
$
$
$
$
no
$
no
$
oyyzmevgfw
iqzkptynhy
cqnohenvwq
ukjjzvoscs
clgqgashhx
ggjlbiotsh
mlrmogojyg
$
yxxjbsffmm
eyrakmxvgo
bbkzfcgeeh
mietvevbwz
$
no
$
$
tdcogxakop
ffwmembpcl
zqzyucnmyt
$
$
xfkgzkiyym
bsrvkuyciv
hwqasugbpp
pvizmkkqqn
cfqhefbytg
pipeuepdxh
$
hfbixiqynh
fxyctwjraj
cemhvxupyf
nyrfikcbuv
htbftylslf
vllhinrhej
$
$
no
$
xhsqdcgjyq
acqxyxaluw
ykbamuaszf
binhrkikms
xkvfxxwqxm
kplsyokigz
$
$
no
$
no
$
vhavudyffc
loagugkkra
zpewqiqwtb
hvxiusrfin
vjfuvqvzcy
iocbhrxngq
$
no
$
$
$
$
$
jwasvuazuy
mdfkzeqnaq
wprjvcqtxt
xguoxtfaqg
$
no
$
no
$
no
$
$
no
$
no
$
no
$
$
uzyolhopon
zkprsghjhr
xquosczbiq
lvjeaucpyo
ftyfvcrpzn
kvaieptjgm
ihxeeamxlg
$
cexnnhsltm
khcmrepncz
cjwqbfzymn
zarcljhwkh
zbttmljogx
rlcynuhefp
$
mgbhtkyped
ohqldmcomc
mkjrrxhnxz
nsvcvojnqm
gurqgzhhxj
kqmfqdknxp
ijayboaklp
svgwasuihl
$
$
no
$
no
$
no
$
muqnwbnxck
aczouzqdvc
zokrnxmelf
wnlabpezby
stzmtocxih
jwodsbetrz
$
idmxellmdg
stzmtocxih
edvfuofpws
uqdllazrxm
cqnohenvwq
gehklnrcjg
$
$
no
$
rxemkbffcp
cafolsuigz
ssmemlpzyh
jqpwblwdsg
tzgieskteg
apcueuebpa
gnbihlwwky
$
no
$
isgsuynzzs
rifjgicdbb
pouyzchgjw
efqbvliban
erovpmrhby
rtzjordkrr
$
$
$
girncfldct
xmrzbulhnr
opryxvcprq
aczouzqdvc
qfofqampww
ncfijywnma
$
aczouzqdvc
qfofqampww
nyrfikcbuv
lmhjdyksoz
$
$
no
$
$
$
no
$
ffdlkpbpaj
udmbpkrazu
rasmgudwqq
axinkxduoh
epvwjsmxml
ywmjeanijz
$
pdklsjhuzc
lkarybnpce
msuomobsju
gtslgzlkgc
fmczpcwayy
nqydvzqjdm
ccdevkdlxh
$
$
no
$
lmjvakqmyg
gurqgzhhxj
xquosczbiq
rcybhgphih
pcikcwyfda
$
xuorrfemtx
dbqukowwtl
jujtcmpnxw
ympssrxaba
foehexefcd
yftogdflhj
$
$
no
$
no
$
no
$
no
$
no
$
no
$
lddcqalzri
unzkzgccam
udhdqjltit
cemhvxupyf
qqbrprzqkg
ijayboaklp
kqmfqdknxp
$
dgylhmcfek
zksbhamqhk
gurqgzhhxj
tlymepglgs
qjijskmkfw
$
qlvsblnzuu
ptsrhfnwms
qhsxcpskoj
zuycckwejp
mhtmqqmupm
xzqopmmtqf
axinkxduoh
$
$
no
$
amkkwbylak
ccnrdiygao
peembmhvyh
hhtqylvlci
xzvmbxdcwy
daeexheioj
llkuggdwxg
$
no
$
no
$
$
$
cqothdrtcv
jxcxtbipjr
zyugqtaizn
eurnlxbvzu
mokcprvssr
wzhtaqumld
mfhoxefwwq
$
armbqltxmc
vudabufaaq
pgorkmiczd
mazucmwrit
smzdbjmgce
yuhwyawduo
pmlaupzqdh
$
$
$
aogdpxwtdw
ujnyyelqta
sydnobrxpn
fgegwkkjww
xvotezlwtd
nfoyoeamvy
dkxmbjqmzl
$
$
riaoyunrcz
kbhhripmot
vbxtkhdshn
zdsifxxzyw
pclttdsbvw
glutpzjbbe
$
$
kqmfqdknxp
gurqgzhhxj
xquosczbiq
atwbgtojjc
mietvevbwz
$
no
$
$
vtespxexvp
gsfwpipngy
qwbqnpdtla
rmopmhkexn
jmfpwqmsgt
yoprezljzf
$
$
$
$
no
$
no
$
$
vpscderrlk
krkjlhwpmq
xzqopmmtqf
mhtmqqmupm
lvepmpuosh
nrbrrexfwh
cwtoeaqclk
$
no
$
dqddybosso
yydepfogjn
hqpswafnka
xmmlyfngev
dafgzkkhkq
xeowifbxnx
ywmjeanijz
$
no
$
$
no
$
ienamlfvuh
yjnbmkbbmi
nwxwaccpwa
qdarthaflz
ucufiqgjoy
zzplmriuxz
srfdtyalui
$
dhzdbdizxg
ljizqnkrsd
yuhwyawduo
pmlaupzqdh
uyimgcsodu
ocffdouguf
zarcljhwkh
vvmbotewey
$
dubgcesoyc
cxvinnrgzg
fegihwdobg
$
10934
$
no
$
$
no
$
no
$
trdzxyipbe
uftqkprpeo
pawkzocoqn
gfotnwwmcg
fvbudhgnmq
qckuwlunof
$
lvepmpuosh
gugrvgybkt
qmxwhjxwmv
mxmamjnxth
jonlahddjj
kqvnluwpgh
nuipfhnnfu
itmumdyrsy
$
dusthtdzad
vmnuvqpttz
jcbdlqmhoj
zeqejbevuu
eqzwyquzyx
$
$
binhrkikms
dhgsyehbyc
fxyctwjraj
cemhvxupyf
gusswqkbcj
svgwasuihl
$
no
$
dubgcesoyc
fknjuieldr
dyvevbnhpi
xeowifbxnx
rbghkuygjc
lsctgvfqqo
$
no
$
no
$
no
$
$
$
$
$
no
$
no
$
$
usyjylgzfj
qfofqampww
aczouzqdvc
ifdxzmuyqi
dlfbsgohhh
uuwqshqaao
$
no
$
$
$
$
no
$
no
$
$
fupwiwlqme
$
$
$
chvbzipvzn
fmczpcwayy
gtslgzlkgc
bizpinoepw
rbghkuygjc
lsctgvfqqo
pyembftlho
$
no
$
$
$
$
no
$
$
$
cdutgivcsy
ryajilxqah
wprjvcqtxt
xguoxtfaqg
ssuurzxdso
$
lhhdzmyuek
rhunabxpfi
cemhvxupyf
bbkzfcgeeh
cprfmmudgo
wqvjjvzkqd
tjdbyzbprb
$
$
ywilibwjxf
fxxpazlgry
pxgutuhefl
nmrdlzuycp
krvzzihsjc
mulikbzmwl
$
no
$
tuflzqsuje
naafgajuyq
wjbldqfwwd
xmmlyfngev
jsptfcchxw
nzbbthltoa
$
$
$
$
no
$
$
no
$
no
$
no
$
$
zeqejbevuu
mxtlkjxbym
bjmohkhees
qkwczmfhdn
xeaikvpmbe
uqrbceerhe
$
yoprezljzf
yeyqkszvss
hgjaqukvue
wyhsulyzjy
hwdsmeaews
qddqsucpyb
owudbxrril
rsoxegvbzw
$
$
no
$
no
$
no
$
$
$
$
niyappjvcm
rlisstntkz
hgjaqukvue
htbftylslf
$
no
$
$
no
$
$
no
$
no
$
khsfjaqxjr
igpmggvbje
ngynspdljk
hhxazfgkdi
xzvmbxdcwy
daeexheioj
ljmeqephkf
$
dcjdyvglor
qckuwlunof
fvbudhgnmq
gfotnwwmcg
wvtbuxftci
bilzpjypdo
$
$
tlzsqvhnrv
srfdtyalui
qnpadzmfqu
uggtgsotix
auwrwqydxd
$
no
$
tvxudunrvp
wgtzaqugja
fgniaygsiy
zaeaglvbuu
ehxhvlbctl
$
$
naakumnsho
muqnwbnxck
aczouzqdvc
qfofqampww
nyrfikcbuv
xhsqdcgjyq
$
rbghkuygjc
ewoazyymal
jmsexfomxc
vbknwgceez
aogdpxwtdw
veyhjhrknz
rxemkbffcp
$
jssspmiqwf
girncfldct
ijayboaklp
svgwasuihl
$
dembkuesme
lbgqwkmkbv
wfeksjxlfj
fgniaygsiy
ggjlbiotsh
$
lejebdwmto
djdxmjvsdq
blxawvwrah
zksbhamqhk
fknjuieldr
dubgcesoyc
mokcprvssr
cvzyajhyif
$
bpgobxnkwg
tuizttlhjw
bhdkvjflbq
vdvlqrkfsr
mokcprvssr
omouzudono
lvepvydnxs
$
$
$
$
$
bpsvsgwvdj
oyyzmevgfw
yeyqkszvss
hgjaqukvue
htbftylslf
nhzsyspqil
olgzctquts
rfwicuenil
qaocjlnnia
$
$
$
veyhjhrknz
aogdpxwtdw
xsrpsbnbmn
fvbudhgnmq
irvhacsbxs
zjbmerscbz
$
no
$
no
$
no
$
buxxmoivnn
fnamwwgllu
vxvnmbufwc
ifftobjzpi
hizbsxeknw
wswtxafzuj
ckjwczqkvm
$
$
$
tjdbyzbprb
qlvsblnzuu
ptsrhfnwms
qhsxcpskoj
zuycckwejp
xbsezuruao
$
$
$
no
$
jgnvxjsdaz
tunkwwsoio
cqqwbafuwy
svdwmdtmbl
flpptcrrhv
wqaliavmzk
$
vmiwrqgqmi
jsviwwjbum
ccnrdiygao
gcglswkrth
nsvcvojnqm
$
$
qwbqnpdtla
vjfuvqvzcy
hgjaqukvue
rlisstntkz
ohqldmcomc
yvuijhbbcw
$
$
$
vdyevhhhpg
wjbldqfwwd
ftszapealk
bwxwtqxjuh
aogdpxwtdw
jzydbuzdbm
kbhtyweeok
ebyvzcqiad
$
rpenokswak
hqpswafnka
hkexbsrbrw
rajvvbjxra
zdoxezefqf
ujnyyelqta
kxvkikuvxf
$
ejswctnjqg
bpsvsgwvdj
oyyzmevgfw
tmkvdkfzvi
whkkylovfs
ynrdsxfndx
ljizqnkrsd
$
xzuxbldqqa
fnamwwgllu
hvogoaabgj
znhredcidc
qhsxcpskoj
$
lnetagyeal
ijhjxmqdzn
uqdllazrxm
aphqykhyaj
ghvegbpjdt
jthidvalgf
yftogdflhj
$
ndbefqnyea
mlrmogojyg
pyaqhnlrwe
ahtwwkaocu
wnnmxvhnyu
jiyjbuxmzo
$
$
no
$
krkjlhwpmq
vpscderrlk
zpynozklju
mokcprvssr
cvzyajhyif
xnbvcaqoww
vlylzzkutu
$
$
$
no
$
no
$
pwwrnfotan
bpsvsgwvdj
oyyzmevgfw
$
$
no
$
$
pvizmkkqqn
jzydbuzdbm
aogdpxwtdw
vbknwgceez
jmsexfomxc
jvnklirpuo
xnbvcaqoww
$
$
umphfrbzlo
reufbmomse
gfotnwwmcg
fvbudhgnmq
qckuwlunof
rlcynuhefp
pukkhclshz
$
eblwwlogac
$
$
$
cqnohenvwq
umkgujtpth
idmzckikmt
smhtsqyjtu
hwdsmeaews
vlylzzkutu
$
$
no
$
wnlabpezby
stzmtocxih
edvfuofpws
ybmrwgxpls
fnamwwgllu
hvogoaabgj
pdvhdrybji
$
hlzdzkbiee
stnpfmeffb
ykqaqempjt
muqnwbnxck
txogozbozr
knthevtnca
daeexheioj
gfavjykygc
$
$
adzzphxspv
iiymgvasew
qnpadzmfqu
zdfqcmzzlc
pddhvccfff
nzehlyimqw
$
gzyydayyis
pkqnbzwqwb
onhgizxlon
opryxvcprq
aczouzqdvc
glutpzjbbe
$
nbmqpqbufl
akyobporrr
tiekfrdewi
xguoxtfaqg
hqyjtscuxd
cexnnhsltm
$
$
$
no
$
xcvqynnamg
fxxpazlgry
ilzgehpkqx
svdwmdtmbl
ukjjzvoscs
xrhnrkgfmh
jxlfyspkbz
$
iadqxwqtto
ytblmjounp
bdxpqqixfx
vpjemicocq
$
no
$
no
$
wwnhwrziaq
mhlobudktj
wzhtaqumld
nmrwullwen
smhtsqyjtu
$
vmiwrqgqmi
$
$
$
no
$
no
$
$
bimnkkizzw
aogdpxwtdw
veyhjhrknz
rxemkbffcp
cafolsuigz
mxofxieoyd
tozisguvup
$
$
awceeodvcn
rajcxztvxe
hqibxvukhu
irptielppp
psaqfnktpp
binhrkikms
ihbquzxodw
$
$
no
$
qitmgruxci
fmwdztbtlq
zsrpvpwpyi
$
bfqlnkjnyp
jvztpqbhns
wibdjmlybp
cemhvxupyf
udhdqjltit
$
jmyssvardb
ytblmjounp
xecwtdkyur
kwmrevxrno
kechaimspc
vzkxsjrodz
$
no
$
vxteturqxm
hgissntywc
qlhucfsdcm
fxyctwjraj
cemhvxupyf
bbkzfcgeeh
vozjobuidj
$
no
$
sfgboedgzz
tafhqvqrzq
hwdsmeaews
godufsxtme
ihxeeamxlg
$
no
$
no
$
mbqixtjino
jlatmtytax
aczouzqdvc
muqnwbnxck
dkbbxfmffs
uwdudrocjo
llrsdcybgf
$
10934
$
no
$
$
$
$
no
$
gqzmuvgahg
tlymepglgs
oewmjlpqbc
aczouzqdvc
ifdxzmuyqi
$
$
epndmzgtxj
iuxoramxjq
rifjgicdbb
pouyzchgjw
wjbldqfwwd
oewijrmxso
$
$
$
no
$
$
nhzsyspqil
htbftylslf
nyrfikcbuv
xhsqdcgjyq
jsjclymsdj
$
no
$
$
$
no
$
no
$
no
$
qdarthaflz
fxztcaeczo
kbhtyweeok
yoikdbylvg
zuycckwejp
lhhvbqgzqh
$
vyplqbxdzi
cqzmocxfos
uftqkprpeo
cemhvxupyf
vmiwrqgqmi
imcqqitgxq
qltagvaozn
$
no
$
no
$
no
$
addsnwgwww
jcbdlqmhoj
vmnuvqpttz
uzwequrbpc
msuomobsju
gtslgzlkgc
$
dahgfamwdz
jsviwwjbum
vmiwrqgqmi
dvjwxnkzyo
qibzuqsecr
$
no
$
no
$
$
lvjeaucpyo
xquosczbiq
rcybhgphih
kwmrevxrno
jtzogeowlz
$
djdxmjvsdq
blxawvwrah
cjfrlayead
qkwczmfhdn
scxdzcwsfj
peembmhvyh
$
no
$
no
$
no
$
wrgkrtwmlg
ihdwfyqdkg
zsmbogshse
hkexbsrbrw
rajvvbjxra
ilzgehpkqx
gugrvgybkt
pwsvzgswks
$
$
$
no
$
$
$
vxmomhnreb
weynavkkyh
hwdsmeaews
reufbmomse
umphfrbzlo
kbhtyweeok
fxztcaeczo
gfcugexwza
$
$
$
skrsgdnkik
lerqlvasjz
xmmlyfngev
eurnlxbvzu
xnohwmazmf
awuqikrovu
$
no
$
$
aikghxdket
acqxyxaluw
kwmrevxrno
hqwfvojpvv
zicrdsnhxn
mhtmqqmupm
$
no
$
aydduzsbrs
$
$
$
no
$
no
$
$
no
$
$
vvmbotewey
zarcljhwkh
dbgefvmrrs
ohwmdddpya
aphqykhyaj
xquosczbiq
lvjeaucpyo
ftyfvcrpzn
$
vmiwrqgqmi
$
no
$
no
$
no
$
no
$
wprjvcqtxt
$
$
no
$
no
$
$
$
no
$
no
$
$
$
$
npymvhzklz
obcwohwctm
sfgfzmxirg
ysguplxcvn
kqvnluwpgh
nuipfhnnfu
$
$
no
$
$
no
$
$
mfwuikmqde
exrcifcwpm
tunkwwsoio
ozluptszpp
zlyiwbrzbh
zakqkvfgpx
wphsncfgyg
$
$
no
$
$
$
no
$
$
zzplmriuxz
srfdtyalui
qnpadzmfqu
rajvvbjxra
vhavudyffc
cqqwbafuwy
$
jhqqjhvrty
lvepmpuosh
gfotnwwmcg
pawkzocoqn
uftqkprpeo
ysahufvzax
igpmggvbje
$
no
$
no
$
$
mswvxjqrwx
oggdbaztdk
qibzuqsecr
dvjwxnkzyo
fegihwdobg
$
$
$
$
hwdsmeaews
reufbmomse
gfotnwwmcg
zdoxezefqf
ujnyyelqta
$
no
$
jipclkmbga
yghzwwnhlw
naafgajuyq
ixiqeeihfs
iwkaewsvpn
pqonyqhjpk
$
nsvcvojnqm
ijugnqrcsn
vjfuvqvzcy
hvxiusrfin
zpewqiqwtb
$
$
no
$
$
umkgujtpth
ahrirrxhty
rcybhgphih
iuxoramxjq
epndmzgtxj
rlqzzyesyz
$
fknjuieldr
bcueoxttje
ngynspdljk
fbzdouhzej
imcqqitgxq
qltagvaozn
bjixvwbnrv
$
$
no
$
no
$
no
$
no
$
lzhqdxkfzo
qnrjssbjuu
vxteturqxm
hgissntywc
qlhucfsdcm
hhtqylvlci
peembmhvyh
ccnrdiygao
gcglswkrth
$
$
$
$
$
no
$
no
$
hvogoaabgj
fnamwwgllu
jsviwwjbum
vmiwrqgqmi
bhdkvjflbq
tuizttlhjw
$
no
$
oboiyvgxen
bizpinoepw
gtslgzlkgc
lbuzkudshk
eblwwlogac
uytpwedztq
$
xquosczbiq
gurqgzhhxj
kqmfqdknxp
jeapaoylrv
yhhmmlbgst
$
$
no
$
kdzjqkezud
$
lkarybnpce
msuomobsju
gtslgzlkgc
zornkogkwk
dvnotqircu
cjvivkomva
$
srfdtyalui
zzplmriuxz
ucufiqgjoy
tsedeovsqo
alqnluhelb
ixiqeeihfs
jaekaspemd
$
$
no
$
$
foehexefcd
tzgieskteg
utqsfwdzxa
hqibxvukhu
iithriqhpm
keylzvgaiu
$
$
no
$
$
xgelbjnbyv
zknqycfnnn
rajvvbjxra
hkexbsrbrw
hqpswafnka
yydepfogjn
unhlxoojmy
vvyhhdwtkj
$
no
$
$
tabedxxqda
olgzctquts
hizbsxeknw
jgnvxjsdaz
fegihwdobg
kdzjqkezud
fueximjrkl
$
$
vhttfmzabk
zpewqiqwtb
loagugkkra
eklodxmjbo
$
ukjjzvoscs
svdwmdtmbl
ilzgehpkqx
fxxpazlgry
pxgutuhefl
$
no
$
$
$
hxyvlmffdr
dbqukowwtl
wmlbpwqagj
delfwxzqcb
wswtxafzuj
hizbsxeknw
olgzctquts
rfwicuenil
qaocjlnnia
$
no
$
idmzckikmt
zrukegbseb
qjonenwlte
twnlstzuod
$
gaspsthmif
fbijfvayyt
qepolhwcbe
nerxttbdfe
wtqhszldxd
ssruyjnwgt
fupwiwlqme
snssbcrzib
$
$
$
no
$
no
$
$
xgelbjnbyv
qnixgydzsz
fxxpazlgry
rsuutelkof
vwuvthnhuo
isgsuynzzs
pgjdnaojgg
$
scxdzcwsfj
qkwczmfhdn
xeaikvpmbe
agmweakzcy
mtdsfjzeqp
$
dkxmbjqmzl
nfoyoeamvy
tmkvdkfzvi
whkkylovfs
ynrdsxfndx
dafgzkkhkq
sfgboedgzz
$
jgezozlpef
kbtmvypolv
knthevtnca
rtrxomtbov
jjbqajxtld
$
$
no
$
$
qibzuqsecr
dvjwxnkzyo
fegihwdobg
delfwxzqcb
qjtdlrzgrw
$
auhglaazjc
girncfldct
xmrzbulhnr
ftyfvcrpzn
kvaieptjgm
$
$
xoicjlyikz
wjbldqfwwd
pouyzchgjw
vhavudyffc
loagugkkra
ifftobjzpi
hizbsxeknw
$
no
$
bpgobxnkwg
kxguofagvd
niyappjvcm
hkexbsrbrw
rajvvbjxra
qnpadzmfqu
$
qigfszdhuf
umyahhkryj
uqdllazrxm
xluoxqtnml
ewoazyymal
$
$
atwbgtojjc
xquosczbiq
lvjeaucpyo
xuuuxnbkqw
plvrvcabof
$
nmrdlzuycp
alfhfshmaz
ryajilxqah
gfavjykygc
sigavbmoze
juwfwybuni
$
$
no
$
jvztpqbhns
wibdjmlybp
cemhvxupyf
nyrfikcbuv
htbftylslf
nhzsyspqil
wnnmxvhnyu
jiyjbuxmzo
$
no
$
uquczzyozb
ryajilxqah
alfhfshmaz
nmrdlzuycp
jmfpwqmsgt
$
no
$
no
$
no
$
uhxxvbpknj
peembmhvyh
ccnrdiygao
$
$
rlqzzyesyz
vkwydgetwn
pclttdsbvw
knthevtnca
txogozbozr
wxbskcgnei
$
no
$
no
$
$
$
$
$
no
$
$
atkplrhfdu
lzometowqq
idmzckikmt
yoikdbylvg
kbhtyweeok
ebyvzcqiad
$
no
$
aylccwkilt
oewijrmxso
wjbldqfwwd
xmmlyfngev
jsptfcchxw
krvzzihsjc
$
$
krkjlhwpmq
vpscderrlk
wuinekpyig
iwkaewsvpn
ybmrwgxpls
srmzrytpqf
$
no
$
jwodsbetrz
stzmtocxih
qjonenwlte
hdcozbyzyc
$
no
$
sbzdytsxtl
llkuggdwxg
mietvevbwz
atwbgtojjc
jthidvalgf
yftogdflhj
foehexefcd
$
$
vmiwrqgqmi
$
$
jcbdlqmhoj
vmnuvqpttz
dusthtdzad
jujtcmpnxw
$
pzztpbenhq
ctvlsuamwf
fxyctwjraj
cemhvxupyf
qqbrprzqkg
tozisguvup
iaphwpqbgn
$
no
$
$
$
ehqzsnyzjd
bilzpjypdo
wvtbuxftci
gfotnwwmcg
hwqasugbpp
bsrvkuyciv
$
$
fxxpazlgry
qnixgydzsz
xnohwmazmf
eurnlxbvzu
tuseseavww
chrrorrmbs
$
afdclvnzfg
eyrakmxvgo
bbkzfcgeeh
cemhvxupyf
uftqkprpeo
nhtglbaezd
qetoistyfn
$
no
$
vmiwrqgqmi
$
tuflzqsuje
naafgajuyq
yghzwwnhlw
nerxttbdfe
qepolhwcbe
fbijfvayyt
$
no
$
imvvfmrxmy
mcvosgeitt
ixuukvrpjg
xldonhpzze
$
$
$
$
$
$
$
no
$
$
xfkgzkiyym
ihbquzxodw
binhrkikms
ykbamuaszf
zdsifxxzyw
agmweakzcy
mtdsfjzeqp
$
$
no
$
ijugnqrcsn
vjfuvqvzcy
iocbhrxngq
tzgieskteg
gimjaghrwj
fkrjjrmlde
mgvmjvrsnf
$
$
$
no
$
smxpyqwbhl
blxawvwrah
rhunabxpfi
lvjeaucpyo
lmhjdyksoz
ywilibwjxf
kfogglxrtq
$
sbzdytsxtl
llkuggdwxg
mietvevbwz
xvotezlwtd
fgegwkkjww
sydnobrxpn
ujnyyelqta
kxvkikuvxf
$
no
$
no
$
delfwxzqcb
ohwmprjoqu
vudabufaaq
$
vvmbotewey
zarcljhwkh
ocffdouguf
delfwxzqcb
wmlbpwqagj
dafgzkkhkq
sfgboedgzz
$
ctvlsuamwf
rifjgicdbb
gfavjykygc
daeexheioj
llkuggdwxg
sbzdytsxtl
$
$
$
ywwjhattbq
zjbmerscbz
ssslruwjla
khcmrepncz
alqnluhelb
ixiqeeihfs
nlclawruup
$
$
no
$
no
$
xjjuokbbbn
eomwwsxwia
wrgkrtwmlg
fupwiwlqme
eiyetizfzp
sigavbmoze
$
qwbqnpdtla
vjfuvqvzcy
hvxiusrfin
uftqkprpeo
txogozbozr
wxbskcgnei
$
$
no
$
no
$
eurnlxbvzu
xmmlyfngev
ijhjxmqdzn
lnetagyeal
nydgyjvsjw
$
$
no
$
$
tuflzqsuje
naafgajuyq
vmftpatbwg
alqnluhelb
tsedeovsqo
ciwjyphvgz
dahgfamwdz
$
no
$
kbhhripmot
vbxtkhdshn
lhhdzmyuek
rhunabxpfi
cemhvxupyf
fxyctwjraj
kwxrjxoeck
nmgubrscoy
mqcqizwcst
$
no
$
no
$
no
$
no
$
lvepmpuosh
bwmylydlhv
oaohvfhqdj
htbftylslf
nhzsyspqil
prcyygmigs
yydepfogjn
dqddybosso
$
fxsgmkkmte
godufsxtme
hwdsmeaews
ilzgehpkqx
rajvvbjxra
zknqycfnnn
$
$
$
no
$
$
$
no
$
$
no
$
no
$
no
$
$
no
$
xnbvcaqoww
jvnklirpuo
alfhfshmaz
nmrdlzuycp
pxgutuhefl
atkplrhfdu
$
no
$
$
$
scxdzcwsfj
peembmhvyh
hhtqylvlci
vxvnmbufwc
ewoazyymal
rbghkuygjc
$
zksbhamqhk
dgylhmcfek
ufdubnfdsf
pdklsjhuzc
$
ctvlsuamwf
fxyctwjraj
ghvegbpjdt
cexyzcxxzh
eivfcycdsl
$
$
kdhtdzuzlh
qpuficgpik
qmgxarvgmg
tzgieskteg
jqpwblwdsg
ssmemlpzyh
$
no
$
$
$
no
$
$
$
ptbkzfkqys
eurnlxbvzu
zyugqtaizn
bizpinoepw
rbghkuygjc
lsctgvfqqo
$
no
$
dfzfbivhlp
vhavudyffc
cqqwbafuwy
tunkwwsoio
hvlhnnnwfk
tiekfrdewi
itstrnlvba
$
no
$
no
$
no
$
$
$
$
no
$
no
$
no
$
onuzcgscwq
tiymolmyng
eblwwlogac
vmiwrqgqmi
tdcogxakop
ptsrhfnwms
qlvsblnzuu
$
no
$
gfavjykygc
daeexheioj
$
$
$
$
$
rsgzrnomdn
gfotnwwmcg
reufbmomse
hwdsmeaews
godufsxtme
fxsgmkkmte
bnhsonbpig
$
efqbvliban
pouyzchgjw
addsnwgwww
jcbdlqmhoj
xguoxtfaqg
fjpsncpxap
$
no
$
ktbmhenwew
elivopzuhg
whkkylovfs
zeqejbevuu
fegihwdobg
jgnvxjsdaz
tmkyvrrvqp
$
qetoistyfn
nhtglbaezd
uftqkprpeo
cemhvxupyf
wibdjmlybp
wmsifxgrbn
ggljhqtncg
$
$
no
$
ftyfvcrpzn
xmrzbulhnr
sbzydlyavm
yodkdexvtx
$
$
xquosczbiq
gurqgzhhxj
nydgyjvsjw
lcahpdmlzm
zdfqcmzzlc
pddhvccfff
nzehlyimqw
$
xutuoeutlt
wvtbuxftci
fmczpcwayy
cliiwxadhb
$
no
$
$
$
no
$
$
no
$
gfcugexwza
loagugkkra
bwxwtqxjuh
$
ahrirrxhty
rcybhgphih
pcikcwyfda
mgvyxxcrxn
hxyvlmffdr
xcvqynnamg
$
no
$
$
fhnlwolpip
bmdsqcmxew
rtrxomtbov
gfotnwwmcg
hwqasugbpp
pvizmkkqqn
cfqhefbytg
$
no
$
no
$
no
$
peihigfifz
emkepbmtst
utqsfwdzxa
nrbrrexfwh
lvepmpuosh
hydrhnpuwm
$
$
no
$
$
$
wswtxafzuj
uzegterrnh
wpacaujred
mdfkzeqnaq
rcybhgphih
$
no
$
$
rpenokswak
hqpswafnka
tnswbcooib
umphfrbzlo
kbhtyweeok
jzydbuzdbm
fhmbipddwe
$
omsawuiwky
mietvevbwz
atwbgtojjc
rsgzrnomdn
$
no
$
no
$
$
$
$
no
$
$
$
$
no
$
sfzmkkvmgm
ijugnqrcsn
vjfuvqvzcy
hvxiusrfin
uftqkprpeo
cemhvxupyf
$
grzdkvdwoz
hqyjtscuxd
cexnnhsltm
$
$
$
no
$
$
grzdkvdwoz
lbgqwkmkbv
$
no
$
vudabufaaq
pgorkmiczd
qlhucfsdcm
ywilibwjxf
hqyjtscuxd
cexnnhsltm
$
jsjclymsdj
addsnwgwww
jcbdlqmhoj
xguoxtfaqg
wprjvcqtxt
dgylhmcfek
ufdubnfdsf
$
$
no
$
$
no
$
no
$
$
no
$
$
$
bbkzfcgeeh
cemhvxupyf
vmiwrqgqmi
imcqqitgxq
fbzdouhzej
$
jiyjbuxmzo
guvschrxms
ktbmhenwew
elivopzuhg
mlykvdaoni
rsuutelkof
mtydndamto
zsmbogshse
$
no
$
zksbhamqhk
blxawvwrah
oboiyvgxen
hwqasugbpp
iadqxwqtto
$
no
$
naakumnsho
muqnwbnxck
aczouzqdvc
bmdsqcmxew
$
clgqgashhx
zaeaglvbuu
vyplqbxdzi
umphfrbzlo
tnswbcooib
hqpswafnka
rpenokswak
$
no
$
no
$
no
$
no
$
no
$
$
vozjobuidj
ijayboaklp
kqmfqdknxp
jeapaoylrv
dahgfamwdz
ciwjyphvgz
$
no
$
no
$
rfwicuenil
olgzctquts
hizbsxeknw
fjpsncpxap
bfqlnkjnyp
wuinekpyig
yplhuntjzr
$
ivzanojjou
jwasvuazuy
vjfuvqvzcy
hgjaqukvue
rlisstntkz
pyembftlho
$
tfukzqkecd
zlyiwbrzbh
zakqkvfgpx
lhlhqznywe
ehxhvlbctl
zaeaglvbuu
$
$
tpbthvzisz
iscomapztq
iaphwpqbgn
ljizqnkrsd
fofxnysggg
igpmggvbje
$
$
no
$
$
xmmxqsaycj
wuinekpyig
edyrkfmfem
jlatmtytax
aczouzqdvc
bmdsqcmxew
$
$
ywwjhattbq
zjbmerscbz
ecsurquxff
wyhsulyzjy
hgjaqukvue
$
qpagfcydcn
ovscoimfqy
fmwdztbtlq
qitmgruxci
ngvkvgyzyw
dhpfgrhwkc
vobetsamhp
$
fuvqgimbpi
fofxnysggg
ftyfvcrpzn
$
no
$
no
$
$
no
$
$
$
jeapaoylrv
kqmfqdknxp
gurqgzhhxj
nydgyjvsjw
lcahpdmlzm
$
$
omouzudono
dembkuesme
cliiwxadhb
iwkaewsvpn
ixiqeeihfs
$
$
no
$
yryrfsetdu
bilzpjypdo
cqqwbafuwy
tunkwwsoio
wyhsulyzjy
txogozbozr
$
ujmmurhjgu
tmkyvrrvqp
ktyayujfwf
ehqzsnyzjd
omsawuiwky
iscomapztq
$
ijugnqrcsn
nsvcvojnqm
mkjrrxhnxz
ohqldmcomc
ehqzsnyzjd
ljczgfnpoj
$
$
no
$
no
$
no
$
$
no
$
no
$
no
$
mxofxieoyd
fbzdouhzej
snssbcrzib
hvxiusrfin
sigavbmoze
efqbvliban
$
aphqykhyaj
ohwmdddpya
jonlahddjj
ytdvwqbaqq
$
no
$
$
no
$
punaozydvz
mholhrhiwo
vdvlqrkfsr
mokcprvssr
zpynozklju
akyobporrr
$
$
no
$
uftqkprpeo
pawkzocoqn
gfotnwwmcg
rsgzrnomdn
dczavoqwgb
xkvfxxwqxm
$
$
$
no
$
no
$
zlyiwbrzbh
ozluptszpp
ifftobjzpi
prcyygmigs
nhzsyspqil
cwkxtulavh
$
no
$
vdznyivmgx
gxlsfbzfjr
gugrvgybkt
ilzgehpkqx
hwdsmeaews
godufsxtme
qcmfmimblq
$
avcirxvrrt
jsviwwjbum
dahgfamwdz
ciwjyphvgz
qitmgruxci
fmwdztbtlq
$
no
$
no
$
$
$
no
$
no
$
no
$
$
jckghbtujb
awceeodvcn
xbmkcimxym
msuomobsju
uzwequrbpc
vmnuvqpttz
mietvevbwz
omsawuiwky
$
vbxtkhdshn
zdsifxxzyw
crobncuiyz
bvfqymoime
embldcnhpe
tniftaljhc
$
no
$
no
$
$
xmmxqsaycj
nfoyoeamvy
xvotezlwtd
fgegwkkjww
$
no
$
usyjylgzfj
qfofqampww
fglqvugbls
tiymolmyng
qpuficgpik
qmgxarvgmg
$
melvghdegy
oyyzmevgfw
tmkvdkfzvi
awuqikrovu
xnohwmazmf
$
no
$
$
fnzxkqauuy
eyyfdwemys
yhknalftpx
sydnobrxpn
fgegwkkjww
xvotezlwtd
nfoyoeamvy
$
no
$
no
$
zrmmhzgzih
wwnhwrziaq
oupyigxrtz
gimjaghrwj
tzgieskteg
$
no
$
xsrpsbnbmn
aogdpxwtdw
bimnkkizzw
hydrhnpuwm
qdarthaflz
nwxwaccpwa
$
$
cyqfgcujjw
rlisstntkz
wtqhszldxd
ssruyjnwgt
ybnvndbpar
$
$
no
$
no
$
$
$
no
$
tygbadndyr
nhtglbaezd
uftqkprpeo
cqzmocxfos
punaozydvz
mholhrhiwo
nqydvzqjdm
ccdevkdlxh
$
no
$
kqmfqdknxp
gurqgzhhxj
nydgyjvsjw
lcahpdmlzm
wibdjmlybp
jvztpqbhns
$
qibzuqsecr
dvjwxnkzyo
vmiwrqgqmi
jtzcbmhhfe
pawkzocoqn
gfotnwwmcg
rsgzrnomdn
vqheyxngqi
$
tdcogxakop
vmiwrqgqmi
cemhvxupyf
fxyctwjraj
dhgsyehbyc
$
$
hydrhnpuwm
qdarthaflz
eklodxmjbo
covqiutlbw
$
qdarthaflz
fxztcaeczo
dbgefvmrrs
$
$
$
no
$
lkarybnpce
ecsurquxff
nolldnzzfv
ftszapealk
wjbldqfwwd
naafgajuyq
$
$
$
no
$
no
$
$
prcyygmigs
yydepfogjn
hqpswafnka
tnswbcooib
dahgfamwdz
$
lvjeaucpyo
lmhjdyksoz
nyrfikcbuv
bjmohkhees
$
$
$
no
$
no
$
$
xuorrfemtx
onhgizxlon
vxvnmbufwc
ifftobjzpi
$
uqrbceerhe
fgniaygsiy
eklodxmjbo
qdarthaflz
rmopmhkexn
jmfpwqmsgt
$
no
$
ndbefqnyea
zaeaglvbuu
kkifvaxgrc
aphqykhyaj
xquosczbiq
atwbgtojjc
$
ncfijywnma
qfofqampww
zbnireosyc
$
no
$
xcvqynnamg
ukewaxnibu
sydnobrxpn
fgegwkkjww
vmftpatbwg
tuizttlhjw
bpgobxnkwg
$
bjixvwbnrv
qltagvaozn
imcqqitgxq
vmiwrqgqmi
eblwwlogac
akyobporrr
zpynozklju
$
no
$
$
kwmrevxrno
rcybhgphih
iuxoramxjq
epndmzgtxj
rlqzzyesyz
$
lzhqdxkfzo
qnrjssbjuu
vxteturqxm
qltagvaozn
imcqqitgxq
fbzdouhzej
ngynspdljk
igpmggvbje
$
$
$
$
kqmfqdknxp
gurqgzhhxj
xquosczbiq
rcybhgphih
iuxoramxjq
iiymgvasew
$
gjpeyaeita
qazmwprjzo
hqrdtmyfld
muqnwbnxck
ykqaqempjt
stnpfmeffb
dttflkzhdy
$
$
vobetsamhp
xscrjfstyh
hqyjtscuxd
cexnnhsltm
qojdlivovd
wfqlkryusf
xmosqohicz
$
no
$
$
$
nzehlyimqw
chvbzipvzn
fmczpcwayy
wvtbuxftci
bilzpjypdo
$
no
$
ukjjzvoscs
$
qitmgruxci
gtslgzlkgc
bizpinoepw
lmjvakqmyg
pgorkmiczd
mazucmwrit
bnocywdais
$
no
$
$
wfeksjxlfj
dzkradxyva
ttkyjgkcud
muqnwbnxck
aczouzqdvc
$
$
fknjuieldr
binhrkikms
xkvfxxwqxm
jujtcmpnxw
$
no
$
gfcugexwza
loagugkkra
zpewqiqwtb
vmiwrqgqmi
tegihnobxu
$
ulnnkvrrzd
utqsfwdzxa
novndibqjy
uyqsopfxtc
jonlahddjj
$
elivopzuhg
mlykvdaoni
ijxuzmregz
dvnotqircu
qfofqampww
zbnireosyc
$
xoicjlyikz
wjbldqfwwd
naafgajuyq
smhtsqyjtu
hwdsmeaews
vlylzzkutu
$
no
$
no
$
pclttdsbvw
lnetagyeal
naafgajuyq
vmftpatbwg
tuizttlhjw
plvrvcabof
$
no
$
wrgkrtwmlg
eomwwsxwia
xjjuokbbbn
mgvyxxcrxn
hxyvlmffdr
dbqukowwtl
xuorrfemtx
$
$
cjvivkomva
twfqevoebt
fhmbipddwe
jzydbuzdbm
kbhtyweeok
yoikdbylvg
tuwxxlalaz
$
no
$
ljczgfnpoj
nbmqpqbufl
akyobporrr
zpynozklju
mokcprvssr
dubgcesoyc
$
no
$
$
$
no
$
wraexzvfzx
klkdcuvflp
lhhvbqgzqh
zuycckwejp
hgissntywc
sfisunfmzz
$
$
$
no
$
no
$
no
$
no
$
no
$
iuxoramxjq
zicrdsnhxn
mhtmqqmupm
lvepmpuosh
hydrhnpuwm
$
$
$
no
$
efqbvliban
pouyzchgjw
rifjgicdbb
hvogoaabgj
fnamwwgllu
ybmrwgxpls
$
ulbamreyod
hdaqfqeodk
iqamppkeha
fgcqcidayw
srfdtyalui
qlcvdfibmg
$
iqcnxrjvhm
cafolsuigz
tjxgexvuqy
sjvuaoqbat
cbvdtearja
ncfijywnma
$
aphqykhyaj
kkifvaxgrc
zaeaglvbuu
ykxmsslnhg
$
no
$
no
$
no
$
ojzxrmkfre
pzztpbenhq
iadqxwqtto
ytblmjounp
bdxpqqixfx
vpjemicocq
cxadtyzbcu
$
no
$
$
$
$
$
no
$
no
$
no
$
xoicjlyikz
wjbldqfwwd
ftszapealk
bwxwtqxjuh
pzztpbenhq
iadqxwqtto
ytblmjounp
whhomyebcx
$
$
no
$
no
$
no
$
$
no
$
no
$
no
$
$
zqzyucnmyt
ffwmembpcl
tdcogxakop
delfwxzqcb
wmlbpwqagj
$
$
$
no
$
no
$
$
$
$
no
$
$
$
no
$
no
$
dqddybosso
yydepfogjn
hqpswafnka
$
$
tegihnobxu
vmiwrqgqmi
cemhvxupyf
gusswqkbcj
owudbxrril
$
no
$
veyhjhrknz
aogdpxwtdw
bimnkkizzw
nikqqhkelz
cjwqbfzymn
ympssrxaba
$
hqpswafnka
yydepfogjn
unhlxoojmy
$
$
no
$
no
$
no
$
hgissntywc
qlhucfsdcm
hhtqylvlci
peembmhvyh
$
$
$
no
$
zpewqiqwtb
hvxiusrfin
vjfuvqvzcy
jwasvuazuy
mgvyxxcrxn
hxyvlmffdr
xetujfjxeq
$
wswtxafzuj
uzegterrnh
wpacaujred
jtzcbmhhfe
uwdudrocjo
$
$
no
$
no
$
$
no
$
no
$
bvfqymoime
embldcnhpe
oaohvfhqdj
htbftylslf
vllhinrhej
$
veyhjhrknz
ysahufvzax
igpmggvbje
fofxnysggg
ftyfvcrpzn
kvaieptjgm
$
qckuwlunof
dcjdyvglor
tafhqvqrzq
hwdsmeaews
weynavkkyh
vxmomhnreb
$
$
pgjdnaojgg
isgsuynzzs
vwuvthnhuo
rixhgzwurb
rcybhgphih
ahrirrxhty
$
no
$
xmrzbulhnr
girncfldct
qnixgydzsz
dvjwxnkzyo
fegihwdobg
jgnvxjsdaz
$
yoprezljzf
qnixgydzsz
plojpjkrye
rajvvbjxra
$
no
$
qckgkjibgy
omouzudono
dembkuesme
lbgqwkmkbv
grzdkvdwoz
nntjiarjug
$
cowtsuawxv
eyyfdwemys
yhknalftpx
xeowifbxnx
dyvevbnhpi
fknjuieldr
bcueoxttje
$
no
$
$
$
awuqikrovu
xnohwmazmf
eurnlxbvzu
mokcprvssr
dubgcesoyc
ijxuzmregz
$
$
no
$
uwakowadhx
covqiutlbw
pkqnbzwqwb
onhgizxlon
shqglekzct
qcmfmimblq
godufsxtme
$
$
rajvvbjxra
ilzgehpkqx
hwdsmeaews
smhtsqyjtu
uydojtcuct
ulbamreyod
$
embldcnhpe
oaohvfhqdj
bwmylydlhv
lvepmpuosh
gugrvgybkt
qmxwhjxwmv
vdznyivmgx
$
cxvinnrgzg
fegihwdobg
delfwxzqcb
$
$
$
no
$
$
no
$
no
$
no
$
$
no
$
no
$
no
$
no
$
$
vehpdimvvx
hvmvazpocb
kvacuebhva
rpkhyxfsyp
khcmrepncz
alqnluhelb
ixiqeeihfs
niyappjvcm
kxguofagvd
$
$
dahgfamwdz
jsviwwjbum
fnamwwgllu
vxvnmbufwc
qpuficgpik
kdhtdzuzlh
tamkxsafll
$
$
tpbthvzisz
lmjvakqmyg
gurqgzhhxj
xquosczbiq
aphqykhyaj
ohwmdddpya
$
$
no
$
no
$
$
$
no
$
mfhoxefwwq
vxsufdiavh
ahrirrxhty
rcybhgphih
rixhgzwurb
jkfrbcsutd
$
$
$
no
$
$
$
no
$
$
$
$
no
$
no
$
nevjvwmlgw
twfqevoebt
fhmbipddwe
jzydbuzdbm
kbhtyweeok
umphfrbzlo
$
$
ozhjskxars
hvxiusrfin
sigavbmoze
ciwjyphvgz
kbtmvypolv
$
pxgutuhefl
jrsmlzspsx
qddqsucpyb
gdizomjcut
dgylhmcfek
$
$
no
$
mlrmogojyg
dyvevbnhpi
xeowifbxnx
rbghkuygjc
bizpinoepw
gtslgzlkgc
wraexzvfzx
$
qpuficgpik
wyhsulyzjy
txogozbozr
rppchrjtiy
permvzcwox
pvtrwaezxj
zdftfiosjz
$
$
iithriqhpm
keylzvgaiu
sbzdytsxtl
llkuggdwxg
mietvevbwz
$
no
$
ssslruwjla
skmqmvyjpd
ywwjhattbq
ozluptszpp
$
$
rtrxomtbov
gxtjbdoxdj
vstlctdqgt
mokcprvssr
wzhtaqumld
ahtwwkaocu
wnnmxvhnyu
$
no
$
no
$
$
10934
$
no
$
no
$
$
hydrhnpuwm
bimnkkizzw
nikqqhkelz
rnqewbwyuo
qpagfcydcn
ovscoimfqy
fmwdztbtlq
$
$
yes
$
$
jsptfcchxw
krvzzihsjc
nmrdlzuycp
tjxgexvuqy
cafolsuigz
hsdlqduvsr
$
$
$
$
10934
$
gusswqkbcj
svgwasuihl
ijayboaklp
vozjobuidj
zcatfdbvuz
qfwzlswgkw
wphsncfgyg
$
dkbbxfmffs
lddcqalzri
unzkzgccam
udhdqjltit
$
$
fknjuieldr
zksbhamqhk
gurqgzhhxj
lmjvakqmyg
jxcxtbipjr
cqothdrtcv
$
xuhejoehal
ykbamuaszf
lsszzvkuzt
eblwwlogac
vmiwrqgqmi
tegihnobxu
shqglekzct
$
nmrwullwen
smhtsqyjtu
pacbwdutov
uliwxiohqt
stnpfmeffb
hlzdzkbiee
xbnafejwfb
$
ivkfpgvfni
imvvfmrxmy
yvjhaveevc
kdzjqkezud
nzbbthltoa
qltagvaozn
bjixvwbnrv
$
no
$
nivdvwaycf
fnqkvaqpyf
hizbsxeknw
rasmgudwqq
wraexzvfzx
gtslgzlkgc
bizpinoepw
$
no
$
$
qcqdangmcg
lhhdzmyuek
uxjqubimku
wmlbpwqagj
dafgzkkhkq
npymvhzklz
cjnmnygbwe
$
$
no
$
vmiwrqgqmi
$
no
$
ghvegbpjdt
fxyctwjraj
cemhvxupyf
bbkzfcgeeh
cprfmmudgo
tjirdpmlok
$
$
no
$
$
olgzctquts
hizbsxeknw
fjpsncpxap
bfqlnkjnyp
kqvnluwpgh
nuipfhnnfu
itmumdyrsy
$
no
$
hyvcmtistp
pgriuhysfc
ywilibwjxf
lmhjdyksoz
nyrfikcbuv
qfofqampww
fglqvugbls
$
no
$
udmbpkrazu
eujylvriec
dahgfamwdz
ybnvndbpar
ljczgfnpoj
ehqzsnyzjd
ohqldmcomc
$
mgvyxxcrxn
jwasvuazuy
ivzanojjou
melvghdegy
oyyzmevgfw
tmkvdkfzvi
iunuyfhxmn
$
lhhdzmyuek
nlclawruup
ixiqeeihfs
naafgajuyq
$
no
$
yxjbvpobve
hsdlqduvsr
cafolsuigz
olbywlqikz
whhomyebcx
ytblmjounp
jmyssvardb
$
no
$
$
$
no
$
alwumkvbse
jwasvuazuy
mgvyxxcrxn
pcikcwyfda
qqbrprzqkg
tozisguvup
$
edyrkfmfem
qjijskmkfw
ehxhvlbctl
zaeaglvbuu
fgniaygsiy
xjjuokbbbn
$
no
$
no
$
no
$
$
$
$
$
tiekfrdewi
hvlhnnnwfk
acqxyxaluw
kwmrevxrno
bzrpcsuowu
$
zaeaglvbuu
ndbefqnyea
oevxicyzjf
vzkxsjrodz
jzydbuzdbm
pvizmkkqqn
$
no
$
$
$
cqnohenvwq
ukjjzvoscs
svdwmdtmbl
mswvxjqrwx
oggdbaztdk
qibzuqsecr
$
gqzmuvgahg
tlymepglgs
qjijskmkfw
ehxhvlbctl
srmzrytpqf
zsrpvpwpyi
$
wjfbvmmlvf
fnzxkqauuy
kwxrjxoeck
fxyctwjraj
cemhvxupyf
uftqkprpeo
nhtglbaezd
$
no
$
vhavudyffc
loagugkkra
zpewqiqwtb
vhttfmzabk
punaozydvz
$
$
no
$
$
$
$
vyveactxqk
kdhtdzuzlh
qpuficgpik
srfdtyalui
zzplmriuxz
ucufiqgjoy
$
no
$
$
no
$
$
no
$
sjvuaoqbat
dahgfamwdz
ciwjyphvgz
mgkgentldg
$
$
$
gxlsfbzfjr
kxguofagvd
niyappjvcm
ixiqeeihfs
naafgajuyq
wjbldqfwwd
oewijrmxso
wckudordrn
$
$
no
$
zuwnmlpnna
cjnmnygbwe
npymvhzklz
dafgzkkhkq
xmmlyfngev
hqpswafnka
wqvjjvzkqd
$
rajvvbjxra
$
$
no
$
$
$
10934
$
ohwmdddpya
aphqykhyaj
kkifvaxgrc
gimjaghrwj
fkrjjrmlde
$
$
$
no
$
no
$
qnixgydzsz
plojpjkrye
tlymepglgs
lfcgjjxjay
erovpmrhby
cwkxtulavh
mpawgidzux
$
erbartdgxq
xzuxbldqqa
fnamwwgllu
gahqhatdvy
tfimrqzluq
nydgyjvsjw
$
ixiqeeihfs
alqnluhelb
khcmrepncz
cjwqbfzymn
jujtcmpnxw
dusthtdzad
nitrympzub
$
$
$
vdyevhhhpg
wjbldqfwwd
xmmlyfngev
eurnlxbvzu
tuseseavww
oevxicyzjf
ndbefqnyea
$
no
$
$
okwdckeynq
$
no
$
tmkvdkfzvi
oyyzmevgfw
iqzkptynhy
cexnnhsltm
zrukegbseb
$
no
$
$
yuhwyawduo
jrsmlzspsx
qddqsucpyb
$
jkjzhpfkdd
pzztpbenhq
bwxwtqxjuh
rzxwimnuak
aczouzqdvc
muqnwbnxck
ttkyjgkcud
$
no
$
pouyzchgjw
efqbvliban
lfcgjjxjay
ehqzsnyzjd
jthidvalgf
yftogdflhj
$
$
no
$
$
$
no
$
no
$
glutpzjbbe
aczouzqdvc
ifdxzmuyqi
xrhnrkgfmh
hsdlqduvsr
cafolsuigz
olbywlqikz
$
$
$
no
$
$
$
$
no
$
no
$
khsfjaqxjr
igpmggvbje
ysahufvzax
veyhjhrknz
$
$
$
$
$
$
$
no
$
$
xvuturxoiy
kfwytxdrhl
iadqxwqtto
hwqasugbpp
gfotnwwmcg
$
no
$
$
$
$
no
$
$
xzvmbxdcwy
vkwydgetwn
pclttdsbvw
glutpzjbbe
aczouzqdvc
$
no
$
$
no
$
no
$
$
wqvjjvzkqd
hqpswafnka
xmmlyfngev
dafgzkkhkq
npymvhzklz
obcwohwctm
pacbwdutov
$
hvmvazpocb
fknjuieldr
dubgcesoyc
cxvinnrgzg
fegihwdobg
$
cjwqbfzymn
nikqqhkelz
bimnkkizzw
aogdpxwtdw
bwxwtqxjuh
qepolhwcbe
$
$
fgniaygsiy
xjjuokbbbn
eomwwsxwia
wrgkrtwmlg
fupwiwlqme
orvmeamgos
$
no
$
$
no
$
$
$
no
$
$
zrmmhzgzih
wgtzaqugja
wytmthoupd
fkrjjrmlde
fmczpcwayy
$
vmiwrqgqmi
jtzcbmhhfe
pawkzocoqn
gfotnwwmcg
wvtbuxftci
xutuoeutlt
$
$
no
$
$
$
naafgajuyq
smhtsqyjtu
pacbwdutov
obcwohwctm
$
$
$
no
$
$
ijdahlttfo
sbzydlyavm
ehqzsnyzjd
ohqldmcomc
sntsczozuf
skmqmvyjpd
$
no
$
$
nerxttbdfe
wtqhszldxd
rlisstntkz
ohqldmcomc
ehqzsnyzjd
jthidvalgf
$
yes
$
$
mgvyxxcrxn
jwasvuazuy
vjfuvqvzcy
iocbhrxngq
tzgieskteg
jqpwblwdsg
ssmemlpzyh
$
$
$
gcglswkrth
cprfmmudgo
tjirdpmlok
jfmiycioll
yhknalftpx
pcixltpnzv
$
$
no
$
$
no
$
lzometowqq
epvwjsmxml
ywmjeanijz
ljgdedgfwu
uamztbywbs
$
cjnmnygbwe
pwwrnfotan
vdznyivmgx
$
no
$
uqdllazrxm
xluoxqtnml
ewoazyymal
jmsexfomxc
zdsifxxzyw
tfukzqkecd
zlyiwbrzbh
$
$
$
$
$
rlqzzyesyz
vkwydgetwn
pclttdsbvw
fxsgmkkmte
godufsxtme
qcmfmimblq
$
kwxrjxoeck
shqglekzct
tcjsmbjubf
cqnohenvwq
ukjjzvoscs
bdynhuodtg
$
vmiwrqgqmi
$
no
$
no
$
zrukegbseb
qjonenwlte
twnlstzuod
jipclkmbga
krvzzihsjc
$
no
$
ynrdsxfndx
whkkylovfs
xvotezlwtd
umyahhkryj
uqdllazrxm
edvfuofpws
$
no
$
$
gzyydayyis
jwasvuazuy
mdfkzeqnaq
wprjvcqtxt
ryajilxqah
alfhfshmaz
$
jmyssvardb
ytblmjounp
ulnnkvrrzd
utqsfwdzxa
nrbrrexfwh
lvepmpuosh
$
$
$
no
$
$
no
$
dbqukowwtl
rbkjnxdooj
smzdbjmgce
bjmohkhees
nyrfikcbuv
xhsqdcgjyq
$
$
no
$
$
$
no
$
plojpjkrye
adzzphxspv
hvxiusrfin
snssbcrzib
fbzdouhzej
mxofxieoyd
$
no
$
bjikgottgv
rlqzzyesyz
vkwydgetwn
jgezozlpef
udhdqjltit
unzkzgccam
$
$
wqvjjvzkqd
hqpswafnka
hkexbsrbrw
rajvvbjxra
zdoxezefqf
ujnyyelqta
kxvkikuvxf
$
$
$
uggtgsotix
qnpadzmfqu
srfdtyalui
qlcvdfibmg
$
no
$
no
$
vmiwrqgqmi
$
npymvhzklz
$
jtzcbmhhfe
vmiwrqgqmi
eblwwlogac
tiymolmyng
$
$
$
$
mxmamjnxth
jonlahddjj
uyqsopfxtc
sigavbmoze
gfavjykygc
pgriuhysfc
xscrjfstyh
$
$
$
vmftpatbwg
tuizttlhjw
bhdkvjflbq
vmiwrqgqmi
irptielppp
uggtgsotix
$
no
$
$
$
oewmjlpqbc
aczouzqdvc
bmdsqcmxew
rtrxomtbov
gfotnwwmcg
fvbudhgnmq
irvhacsbxs
$
no
$
aylccwkilt
nwoniauwbg
ykqaqempjt
muqnwbnxck
naakumnsho
uxjqubimku
$
no
$
no
$
ygwycjsknr
krmlbfdfeu
debnfpalxq
mcvosgeitt
imvvfmrxmy
yvjhaveevc
lrknhntqiw
qfrpntwcpc
cvzyajhyif
$
no
$
$
lkarybnpce
$
$
$
$
no
$
megrwzeuox
ykqaqempjt
stnpfmeffb
uliwxiohqt
ehqzsnyzjd
ohqldmcomc
mkjrrxhnxz
$
no
$
$
vbknwgceez
qhwlsatvnk
sigavbmoze
efqbvliban
erovpmrhby
$
lsctgvfqqo
fuvqgimbpi
avcirxvrrt
jsviwwjbum
rpkhyxfsyp
clgqgashhx
$
no
$
bbkzfcgeeh
eyrakmxvgo
bsrvkuyciv
vxsufdiavh
ahrirrxhty
$
$
rbghkuygjc
lsctgvfqqo
jvnklirpuo
kplsyokigz
xkvfxxwqxm
ckjwczqkvm
$
fircspzuvb
jwasvuazuy
mdfkzeqnaq
wprjvcqtxt
ryajilxqah
alfhfshmaz
$
$
$
$
$
$
nivdvwaycf
ntyntlptgd
mxtlkjxbym
bjmohkhees
smzdbjmgce
$
wvtbuxftci
gfotnwwmcg
fvbudhgnmq
awakaqckva
$
no
$
$
$
no
$
$
$
$
no
$
rxemkbffcp
cafolsuigz
tjxgexvuqy
sjvuaoqbat
dahgfamwdz
jsviwwjbum
ccnrdiygao
gcglswkrth
$
oevxicyzjf
ndbefqnyea
mlrmogojyg
ssuurzxdso
tiekfrdewi
$
no
$
nkbdukuwyr
mcvosgeitt
imvvfmrxmy
khmlywnkqk
usyjylgzfj
pmlaupzqdh
$
$
no
$
no
$
$
no
$
zakqkvfgpx
lhlhqznywe
jlatmtytax
edyrkfmfem
wuinekpyig
bfqlnkjnyp
jvztpqbhns
$
no
$
$
zokrnxmelf
aczouzqdvc
muqnwbnxck
wfqlkryusf
qojdlivovd
$
$
ftrcrvhapt
xizjpkizqa
zokrnxmelf
aczouzqdvc
qfofqampww
zbnireosyc
$
wuinekpyig
iwkaewsvpn
cliiwxadhb
fmczpcwayy
wvtbuxftci
$
$
no
$
no
$
no
$
no
$
$
$
$
no
$
skmqmvyjpd
ssslruwjla
khcmrepncz
rpkhyxfsyp
pgriuhysfc
xscrjfstyh
$
zubnhyqchf
ljgdedgfwu
ywmjeanijz
isgsuynzzs
lvmsgkdmct
nrbrrexfwh
$
no
$
ywilibwjxf
ngleuwwndf
mlykvdaoni
ijxuzmregz
$
$
kbtmvypolv
knthevtnca
daeexheioj
gfavjykygc
$
no
$
$
$
no
$
olgzctquts
nhzsyspqil
jthidvalgf
ghvegbpjdt
aphqykhyaj
zokrnxmelf
$
hpjqqolbck
hxyvlmffdr
mgvyxxcrxn
pcikcwyfda
qqbrprzqkg
tozisguvup
hdaqfqeodk
ulbamreyod
$
cafolsuigz
hsdlqduvsr
xrhnrkgfmh
jtzogeowlz
kwmrevxrno
hqwfvojpvv
$
zdsifxxzyw
jmsexfomxc
ewoazyymal
qazmwprjzo
awceeodvcn
obnbfotflf
$
no
$
bjmohkhees
nyrfikcbuv
xhsqdcgjyq
acqxyxaluw
ykbamuaszf
binhrkikms
$
no
$
$
$
$
no
$
no
$
uqdllazrxm
aphqykhyaj
wuinekpyig
yplhuntjzr
$
vmiwrqgqmi
$
tlzsqvhnrv
srfdtyalui
qnpadzmfqu
$
no
$
$
$
no
$
$
$
no
$
avcirxvrrt
fuvqgimbpi
xzvmbxdcwy
mswvxjqrwx
svdwmdtmbl
uuwqshqaao
$
no
$
ulnnkvrrzd
ytblmjounp
xecwtdkyur
lzometowqq
eomwwsxwia
dzrcurewih
$
no
$
xuhejoehal
ykbamuaszf
lsszzvkuzt
ppbutccjef
rifjgicdbb
ctvlsuamwf
pzztpbenhq
$
no
$
no
$
$
$
vxvnmbufwc
$
no
$
llrsdcybgf
ijugnqrcsn
nsvcvojnqm
gcglswkrth
maikrdsnjo
eretmxbtsj
$
zrukegbseb
idmzckikmt
smhtsqyjtu
hwdsmeaews
godufsxtme
ihxeeamxlg
wxqfhyecce
$
$
no
$
$
$
$
no
$
no
$
xnohwmazmf
eurnlxbvzu
mokcprvssr
omouzudono
obnbfotflf
$
ocffdouguf
zarcljhwkh
dbgefvmrrs
fxztcaeczo
eyrakmxvgo
$
no
$
no
$
$
$
no
$
kkifvaxgrc
lbgqwkmkbv
dembkuesme
omouzudono
mokcprvssr
cvzyajhyif
xnbvcaqoww
$
rpkhyxfsyp
clgqgashhx
ggjlbiotsh
fgniaygsiy
uqrbceerhe
xeaikvpmbe
$
$
alfhfshmaz
$
fueximjrkl
kdzjqkezud
yvjhaveevc
imvvfmrxmy
$
nzehlyimqw
nwoniauwbg
ykqaqempjt
muqnwbnxck
aczouzqdvc
oewmjlpqbc
$
fgxsvkfaju
ljczgfnpoj
ehqzsnyzjd
lfcgjjxjay
tlymepglgs
gurqgzhhxj
nydgyjvsjw
twnlstzuod
$
no
$
hpqahuvunu
cjfrlayead
blxawvwrah
rhunabxpfi
lhhdzmyuek
uxjqubimku
$
$
$
gqzmuvgahg
tlymepglgs
plojpjkrye
loagugkkra
lhlhqznywe
jcoqjluwzh
$
xquosczbiq
rcybhgphih
mdfkzeqnaq
jwasvuazuy
$
no
$
dzkradxyva
wfeksjxlfj
pfmxvvjybt
gtuzxzuwyu
nmrdlzuycp
$
no
$
$
$
$
$
$
jsptfcchxw
ptsrhfnwms
rpkhyxfsyp
reufbmomse
gfotnwwmcg
rsgzrnomdn
dczavoqwgb
$
ppbutccjef
rifjgicdbb
gfavjykygc
daeexheioj
llkuggdwxg
sbzdytsxtl
vehpdimvvx
$
$
no
$
xrhnrkgfmh
ukjjzvoscs
clgqgashhx
rpkhyxfsyp
$
mgkgentldg
ciwjyphvgz
tsedeovsqo
ucufiqgjoy
qdarthaflz
krmlbfdfeu
$
$
aylccwkilt
oewijrmxso
wjbldqfwwd
pouyzchgjw
rifjgicdbb
hvogoaabgj
pdvhdrybji
$
$
no
$
no
$
no
$
$
no
$
$
no
$
no
$
$
hqpswafnka
xmmlyfngev
dafgzkkhkq
wprjvcqtxt
dgylhmcfek
aydduzsbrs
$
no
$
no
$
no
$
fegihwdobg
kdzjqkezud
yvjhaveevc
imvvfmrxmy
mcvosgeitt
ixuukvrpjg
$
no
$
mietvevbwz
bbkzfcgeeh
vozjobuidj
naafgajuyq
wjbldqfwwd
xoicjlyikz
cocvpvdqiu
$
$
$
no
$
dcjdyvglor
jaekaspemd
rbkjnxdooj
xdqqpunqcn
ffwmembpcl
vgutavkmyf
$
$
no
$
no
$
