$
no
$
wmzstqyvgz
kujiutxlwc
fleiaperki
mmvxcjbiwt
$
vyrsflhmlk
rppcxcqqmi
jqxwonqttc
opzjsuadqy
zrvvlqijpg
$
no
$
$
no
$
svksuermfn
bbshzgjlrq
mgxiooypow
aotpghlwev
$
no
$
no
$
pewkbmriog
yolxhatfyd
muafevjpws
jfwdddtjnu
scpxjtdpez
$
zwouxdmeop
givwqcznrr
ojsznnfabm
praxgyxetf
irycjbbrek
$
no
$
no
$
$
no
$
no
$
no
$
yervfdfkiy
xetwayeawx
wyopwmflie
cyphuauugc
iafymwknev
$
$
no
$
exhjvzavpj
$
eoroisvifk
zmrbuzsiiu
chngqjtrxu
fyezdgdkur
$
$
no
$
$
$
rcjdlwbsrl
teonvhclkx
ilpdeaentt
$
$
qyppszmuoq
wxedbwoppe
rnkgpksqkd
mzhozzwsye
wqjegiatry
$
$
$
$
no
$
no
$
tclixejuxn
jgnfnjlgsj
nomduowjrg
rxodqqbfvo
$
0
$
lfbdvezuaa
wkqiedmbha
rbhzkghnqh
giygrtrylh
jjvgwkzjsi
$
no
$
$
ykfmtkfajl
olzbsnuriy
mhhcgaboha
ocaauaoegm
$
$
$
$
no
$
cuohecidoo
czuwxywkiv
bxrcegspeo
fbmcgzkebo
btnqpihtth
ripexvgwza
$
tltpdzrwxy
exhjvzavpj
udaftmjydm
mhhcgaboha
gahkqrmjwa
$
wmshwinulw
rbfhaaabrw
qsluunluzo
nuxymlfnln
$
no
$
xgeickzwum
kmfqhoivzo
hjhfyxlddf
jezkxyclac
kgztnttfte
$
no
$
$
no
$
zeciasshcn
kjjggiadjs
bmnjhxksxh
hsicrcgauh
vjspyoxifi
$
$
no
$
no
$
$
owcdoiregi
awozwngnbq
ztsgvwilgw
hwbjtkxgzl
$
$
ebcysfamzm
yxbelzvtnw
nekskfkkik
grbgxtaxpx
vltniapgzh
$
odhiyrolhg
veqxxhfbgk
wkqiedmbha
nrbwaowozq
$
$
igffejrvmh
ojsznnfabm
lkmbxofaon
xqnshixezl
$
sukjhicuaw
zxogbuqegn
yswkgnafcq
fhetixijiy
iehqqybays
$
no
$
no
$
eqqnaplfjc
fpaeaajozo
azqyvenzji
lzppdpuals
$
$
cabnkkmjpg
diopngrpai
ufvrvdbpua
ojprenseus
xpnmedawqi
$
no
$
no
$
no
$
no
$
no
$
$
rxodqqbfvo
nnsnknufjq
badtewxeol
yxtfkecnlm
bswyvdrjgf
$
$
no
$
btnqpihtth
cwilbkdxab
pojzkwrtkr
myvmglupcr
igkawgyike
$
no
$
$
$
no
$
$
no
$
$
uffvcypcps
pkerczltdv
wkwbtuaepj
ybkpnsurxw
znytkbwtlb
$
$
no
$
$
fuzlrqvdxf
ixwvqdwcby
necbcdioxv
xqnshixezl
vhaxeupubg
potrpusvhd
$
vhaxeupubg
qmphtxeylg
wtzbmkccqa
$
itukbxveyn
ajzkscgfii
vxmzmbrlmc
segdsdlkvk
$
$
no
$
no
$
lqeiaywxcs
lcmhsrpovb
fleiaperki
omefpxgkiy
jmhjcvtjvf
$
lqeiaywxcs
lcmhsrpovb
fleiaperki
kujiutxlwc
$
$
$
fmdiullrpt
wnrndkrdqw
muafevjpws
ezmpaggmhp
$
brwqlqxiuj
cpbtohabah
vzjeojljiq
oavpvcrtim
$
xydcqwqgkv
unegtxmbqq
duyhnkttfm
pkerczltdv
snwvnhzutj
$
$
nekskfkkik
grbgxtaxpx
vltniapgzh
pwwmllviwq
$
$
yxtfkecnlm
zjmawufsnl
huvlaczsiz
gewxuqjhgp
adwjhbxdlc
jqhxkyszby
$
$
rrgypcmxdj
fpqiuqwmrz
qfhflhwfsd
wxedbwoppe
qamjrdapuk
$
no
$
$
no
$
lkujhqqchc
tssxzsheql
gkrevypuvi
qfhflhwfsd
udrvshqsze
$
irqaxfmdtp
flejcpgjni
qzmcpnvfdu
kqpumefwyi
xalfyubsca
$
no
$
yynnlwzjol
osfloejkqg
yakzdgzvao
kdhbfcbwfd
qwbiwhpnlj
$
ttbzlyydbl
iehqqybays
ingwzcrcjt
omefpxgkiy
$
$
ezykkzvnfq
vwzgftswdu
cuaveyvcqb
aaskuybqyd
$
$
no
$
$
no
$
$
gwpsacwbcn
csxbvcliki
kzdisdjxrr
xfzbdyaxth
$
quyjaxahfw
ibeeiuocgw
qsluunluzo
rbfhaaabrw
lldvujilba
rgupzmqflw
$
fydpuueqiu
vzumalpekd
ebcysfamzm
sdbcfcrykv
qghyarvask
$
$
wevrsacvra
kujiutxlwc
giygrtrylh
rbhzkghnqh
wkqiedmbha
$
$
ztsitzgsrs
lztdbypmww
uffvcypcps
vubioizccz
$
hwbjtkxgzl
ztsgvwilgw
joeapixdzr
nomduowjrg
nntclophdu
$
no
$
$
$
$
evqmpjselj
plqjueqpfo
ykjbzodroj
xdqwhkilgw
zikqsvrgiq
$
no
$
no
$
$
$
no
$
xetwayeawx
tvobbdnrsl
qhrvjstviu
dxgqjuvqwp
teblsxpxbm
$
xqnshixezl
$
$
dwbiketuwz
csothjvrtv
lyqsrubigi
jdcxkrykui
$
mrxdbnjtlc
nasshudxyi
lbawglcafx
vjspyoxifi
ncmjsoyirp
ckiwvuvxmt
$
nyizrqiank
$
$
no
$
$
$
$
no
$
no
$
puoyrptbvx
wqpoyddwja
hktuusqsdg
wpaiebgafq
ixwvqdwcby
$
no
$
$
$
no
$
no
$
smzsxoolyr
ykjbzodroj
mhhhgwpegz
irqaxfmdtp
ibeeiuocgw
$
no
$
waksxzclhn
uvkdaajtov
$
kflphyqxsr
vjuaimvyhd
ocaauaoegm
lpgskahhyg
xrimeqzzfi
$
ywrkzltafk
uxhzndiamg
lyyemuxuou
chngqjtrxu
rzvusswsik
lnjdnndwyr
$
$
no
$
dmqwiyctcg
xltjgczrdy
yhywmbkedf
pzpzrbakqe
ajakagclra
$
no
$
no
$
$
lyfqmrmcka
dsxjrrmjkj
vhaxeupubg
$
$
ggqzwmeicb
bmjucstwnz
lzaujmvbdw
xfzbdyaxth
yvshenkubh
$
no
$
no
$
bfrglghbfs
fpxbpkxpmf
dyficijarp
$
no
$
$
no
$
sagwhfvrbs
wmzstqyvgz
acwbckaand
fyezdgdkur
wyuzbzedsi
$
$
pewkbmriog
hhtffvtkkj
fxqeasxkaa
adpisnpemq
$
yzhykvclzx
npooyakzmx
hmvbivcdtk
awonreuyki
aeprpnrchf
$
psqdmbbzsv
wmshwinulw
bnnkahqivb
csxbvcliki
$
no
$
$
$
mapyrhondf
cnfxvjvttr
eoroisvifk
srnkwxysac
$
$
sjlgfnhugn
vibyiaxdwp
icabmyarlm
fpxbpkxpmf
ryybiipmfp
$
$
no
$
no
$
smzsxoolyr
ykjbzodroj
mhhhgwpegz
nfpkzsemop
xjlcwnpenf
$
fiizwmkvch
pldlwbshan
lndlmbleai
muafevjpws
fiouvbelwe
$
$
$
kgztnttfte
vzjmnsnntc
rmxpdlhqpj
twpcxfcwbt
sqhmksmgpz
$
no
$
$
omefpxgkiy
$
datawrgozi
$
$
$
$
cechkitrur
isceinmvtb
ysrmvzjbbo
zorlmkuxmr
$
$
no
$
no
$
no
$
no
$
$
no
$
no
$
no
$
no
$
$
no
$
kkhdimrocq
vetmrpbajl
foxgguvgef
blzhxyaaix
qmphtxeylg
$
qyywbkogaw
zyezmzckai
uzybbtkssj
pixjkastli
bexqvzfejf
$
no
$
lflevhgaik
gjovesjgpq
tjyahossze
hsmvetiydx
vzjeojljiq
$
$
nkfsjumomb
iudygbfqgx
wkwbtuaepj
datawrgozi
$
dixaqcfmyl
wjibzliaxh
egcocmtbrc
cvbxrdpbbm
segdsdlkvk
$
$
$
$
$
rkklyjslyc
szqtxhtdnb
pvubpluuyt
wkpoqlvsnh
erxncxioez
$
no
$
$
yajigkngft
ftjpbixfmf
dmqwiyctcg
dixaqcfmyl
bnwdvmhgtr
$
no
$
no
$
michnhtyoc
ufvrvdbpua
ktjtxaglvx
ltxgqeuwwe
rolayzvrqb
$
shvkyqwrkr
juetarsnla
mapyrhondf
xlnxbaungd
bswyvdrjgf
$
$
$
no
$
no
$
$
$
bogjtsvdfo
rlnkiawuox
unegtxmbqq
xydcqwqgkv
$
$
$
bhkubybbhd
risfpysgef
bosoliwzce
$
$
no
$
tmerkjqbwp
usgfoynysd
xetwayeawx
wguuiaqpzc
$
$
drocwbguya
ztayueztpl
wnsldyzqdb
qspckmudvk
$
kqozdwmsbx
rraakzboww
badtewxeol
pgzbczkoff
$
no
$
$
$
$
rghisbtwbz
teonvhclkx
csxbvcliki
sqhmksmgpz
dxzkkwvvol
lqaajxzceh
$
no
$
$
no
$
no
$
no
$
tmerkjqbwp
nyizrqiank
hsamrlazjn
afhpgzfxug
bbffuoyshc
$
$
ncmjsoyirp
advrngksca
kdmjzjkavi
xzcymsireh
izonivolks
$
$
$
no
$
$
no
$
fiosmkjlks
$
$
no
$
wqjegiatry
xaauapztaa
bxfjahyxoy
fklzcgtfij
$
no
$
no
$
uoydopbdke
gpmivvkemg
omknhndxxs
sfzlhepyot
$
tvkueetelj
itlzwcxgyz
iekpqnfawu
pbugvknkak
$
no
$
no
$
wjggovzbor
cechkitrur
ebcysfamzm
svpihhajxp
nptvdfvmwy
$
$
$
wqyjneruip
kmpywbvkgl
evqmpjselj
$
0
$
$
dwylnujgwb
ppthiafuzh
qojdgvfkdb
sdbcfcrykv
kskirwkihj
$
$
goximfswid
xrimeqzzfi
qvrjldymvw
omefpxgkiy
rupvccsnar
$
acwbckaand
fyezdgdkur
ekojswdmhk
fsvzstgocx
rahkyjjuug
$
no
$
no
$
no
$
$
$
$
$
no
$
$
$
no
$
no
$
veqxxhfbgk
jhfnbamqrv
svksuermfn
scpxjtdpez
mbthmyvpov
$
no
$
xfpncwrhqf
ofkaxzdsnr
omefpxgkiy
fleiaperki
$
$
$
no
$
zutolxkunc
diopngrpai
jcesmfingj
bfrglghbfs
vzjmnsnntc
$
nyizrqiank
$
no
$
$
no
$
snvmrjhxvz
kceuabwljl
bxfjahyxoy
uxhzndiamg
$
fckcxnsrrl
ajakagclra
xqvjlzmehb
svzgrahwqy
ljklyfofgk
$
no
$
iafymwknev
cisyhteawh
kmfqhoivzo
wbhbnqxwil
$
no
$
vroiucmzhf
nzvhslhnjf
drocwbguya
tkhohiecxv
$
zikqsvrgiq
praxgyxetf
ojsznnfabm
znetcgnvbl
snzdmnbazx
$
no
$
no
$
jafjivofzg
vknqnkloym
pkerczltdv
bxrcegspeo
uyvrscnhvy
$
jrgatogctj
$
$
datawrgozi
wqpoyddwja
vkugakyvov
xzcymsireh
$
idylhjhssu
lthkdnfatf
wguuiaqpzc
cmzyzarqlv
njdshcjbxr
$
kcpxnictab
kurshkqczm
wevrsacvra
kycpdwtvqn
$
no
$
cqtgfdwuql
diopngrpai
lqeiaywxcs
lcmhsrpovb
$
agmhfottmh
sdekeefgxg
smlmyydhov
ffzivknkcc
ulttokdgqs
ejksqmmwxc
$
no
$
cqtgfdwuql
foxgguvgef
wmnhpfztte
jafjivofzg
eaqaxulhaj
ofjfnxkvub
$
fiouvbelwe
fxqeasxkaa
yvefflayll
csxbvcliki
dutkretuca
zjdbintngw
$
$
qanhjhaijg
tvobbdnrsl
uiqmxkjyak
sdekeefgxg
rcitqpiluy
$
bbffuoyshc
afhpgzfxug
hsamrlazjn
rnnvthsxre
rlnkiawuox
$
0
$
$
no
$
no
$
emrfxueoks
jjwgaabacz
scafzyizaq
osfloejkqg
ixwvqdwcby
$
no
$
no
$
$
atlvfanciy
kxasotmtyy
urnewlwkla
zorbrkgfig
lptqyzsvqn
$
cqtgfdwuql
diopngrpai
hsicrcgauh
tvobbdnrsl
$
$
$
no
$
no
$
$
psqdmbbzsv
ilumwsxpvm
fgzrgmkzuf
rpgwcufnbr
$
$
$
no
$
no
$
$
dixaqcfmyl
ecupuylmfv
numafthmll
qouotscwkp
$
osdlhqvnvi
loiagyqntz
pvubpluuyt
grbgxtaxpx
$
ythakwvaxy
kdmgfgwdrq
epgwehqnfb
tvqqbcsevu
$
dyagilwvbj
fbmcgzkebo
btnqpihtth
xjlvnrnffw
$
$
no
$
$
$
teonvhclkx
ilpdeaentt
rocyevorxr
veqxxhfbgk
cpbtohabah
$
mgnvmgwkcl
yrmseviasv
mgbbcewgzd
$
$
$
uujnwdbeuz
uffvcypcps
vubioizccz
expkjyunxi
ttbzlyydbl
$
rlnkiawuox
akqsttkszh
fxzhdtffin
cmzyzarqlv
frgaaeeckp
$
$
$
ifcxelpbvx
foxgguvgef
cpyilmgmlj
cufozcvslb
$
no
$
no
$
aqfnzfbjyq
$
$
kkhdimrocq
wyuzbzedsi
ttbzlyydbl
expkjyunxi
puaxzzmzak
$
$
$
swoprbqsdg
dtuuofsdkx
cuaveyvcqb
mhuwqjmqjw
$
znqtidbmdu
jcesmfingj
zrqwyhzsqq
hcaaigjvgq
jswzzrmezo
$
no
$
no
$
no
$
$
rahkyjjuug
fsvzstgocx
mhzpmmykcc
ocaauaoegm
$
qgyeveoqto
ckiwvuvxmt
$
$
$
no
$
$
$
no
$
qfhflhwfsd
kjjggiadjs
wmzstqyvgz
sagwhfvrbs
$
no
$
goevrsqoty
ezmpaggmhp
bvxbscbvqk
tjyahossze
adwjhbxdlc
$
no
$
vubioizccz
urnewlwkla
kdlwcgmgvq
krfsisdwgp
kbmwwkhwqp
$
kxasotmtyy
bvqpfkdfaw
mruictojjs
vhaxeupubg
$
ilpdeaentt
grbgxtaxpx
pvubpluuyt
szqtxhtdnb
$
no
$
no
$
rghisbtwbz
irycjbbrek
uooaszwipj
ysrmvzjbbo
cgsowpnvvs
$
aerpnxibzm
nkqianhpjl
bhkubybbhd
bxfjahyxoy
uxhzndiamg
$
giygrtrylh
ppthiafuzh
fgzrgmkzuf
$
$
$
$
no
$
no
$
vubioizccz
urnewlwkla
tykhedafhq
nkfsjumomb
spdinobsdl
$
rxbapilrha
jwbrtpnvvf
odhiyrolhg
$
$
no
$
dvkjzljiev
qojdgvfkdb
sdbcfcrykv
ysrmvzjbbo
uooaszwipj
$
mfojebvwpr
jcesmfingj
ncmjsoyirp
ljklyfofgk
kgztnttfte
$
no
$
$
$
no
$
no
$
$
$
lflevhgaik
iqwlmyqzyf
wkqiedmbha
lfbdvezuaa
bdhytyzlhc
cyphuauugc
$
no
$
frgaaeeckp
pxgybutilu
cyphuauugc
ztsitzgsrs
xjdkkizube
$
no
$
no
$
$
mvyouugdiv
joeapixdzr
wmshwinulw
$
$
$
no
$
onujfxumtq
ygimbvljiv
aeprpnrchf
zzkpopaavd
$
irycjbbrek
ljtxkuiapt
vroiucmzhf
$
no
$
no
$
oavpvcrtim
vzjeojljiq
pixjkastli
zjdbintngw
$
$
mwhkgaezdc
aaskuybqyd
lyqsrubigi
hczwxmqzij
$
rcjdlwbsrl
vetmrpbajl
udrvshqsze
svpihhajxp
yonbysvipn
$
bnwdvmhgtr
dixaqcfmyl
yhvpkrmxyl
gjovesjgpq
hfdxsmxoyw
akzztqqyog
$
no
$
kskirwkihj
itukbxveyn
ffuiozdblz
iilktlpria
vvrkvkfqjx
$
no
$
zwouxdmeop
gzysqtjmqw
hmvbivcdtk
npooyakzmx
yidzxizzsn
nkqianhpjl
$
qvrjldymvw
acwbckaand
lzaujmvbdw
bmjucstwnz
$
no
$
$
$
bosoliwzce
wdhoojfwie
lubzjzwfhn
hfdxsmxoyw
$
no
$
$
no
$
$
axkalvqhrg
fepetgceqs
ojsznnfabm
znetcgnvbl
$
brijgehfkv
etbscqsshu
yhywmbkedf
pustzhsjrq
zlatavlohs
$
no
$
ofkaxzdsnr
onujfxumtq
gkrevypuvi
qfhflhwfsd
mxpjkzkbcg
$
$
dzdnarvnlx
cxgoftumur
tkhohiecxv
vmrdeuggzi
$
igkawgyike
jdkygnrmcd
bzswzokiwe
kurshkqczm
$
no
$
ofmezrhssy
eoroisvifk
srnkwxysac
rcjazezfwi
vchlzdqkig
$
yidzxizzsn
npooyakzmx
nzvhslhnjf
fyezdgdkur
$
znqtidbmdu
mqixtxplzm
osfqrxzgng
wevrsacvra
$
$
$
no
$
fepetgceqs
bdnhwojltl
ztsitzgsrs
lztdbypmww
$
$
ablspnrjyk
ekoqthojbm
cabnkkmjpg
diopngrpai
$
vyjwtkhrnb
rvxwusndin
wtgemrslay
fpqiuqwmrz
zjkifdwlpl
$
$
iekpqnfawu
npchssyada
adpisnpemq
usasbejkbd
$
vllgczonaf
wkpoqlvsnh
iafymwknev
cyphuauugc
ztsitzgsrs
$
no
$
kfmkcdesrg
vxxorqbxbg
gewxuqjhgp
pdikedmemf
lfbdvezuaa
$
pbnzkhkvhx
kurshkqczm
cbqauoires
eaqaxulhaj
$
no
$
$
$
cdjwiihjtx
mhhhgwpegz
xijxdgoarg
tndxugisgv
bdvbjmcjve
$
nyizrqiank
$
$
zrvvlqijpg
ntdmoljots
kmpzaivxmw
$
cgsowpnvvs
wkwrxqdlou
dvkjzljiev
dusivqzfth
$
$
$
no
$
tvulrlzqwi
kuzchhdlkg
yolxhatfyd
zbzpqzosqr
$
dusivqzfth
fjjkxrrsuw
bosoliwzce
qmphtxeylg
uujnwdbeuz
zrvvlqijpg
$
btnqpihtth
cwilbkdxab
oavpvcrtim
bvqpfkdfaw
mruictojjs
$
no
$
$
fpwfijrvdc
trqsdnpsxk
teztnuepsi
edpyosfwjo
keepabopfy
$
$
$
$
kdlwcgmgvq
wjibzliaxh
irycjbbrek
wkboodqhoy
$
no
$
tclixejuxn
sdbcfcrykv
ebcysfamzm
$
$
$
no
$
$
no
$
no
$
no
$
$
yxbelzvtnw
ebcysfamzm
cechkitrur
aboxgiakcu
lsabctsbrg
$
iiqcqwwnkx
$
$
no
$
mgnvmgwkcl
znqtidbmdu
mqixtxplzm
lnkbijulzj
$
$
no
$
uxzcmixgyh
datawrgozi
wkwbtuaepj
ybkpnsurxw
$
fmbxyniryk
gvdwfganwe
zjplxxvafl
spdinobsdl
kmfqhoivzo
$
no
$
$
no
$
$
no
$
$
akmbywegob
sywfrgqdhi
cisyhteawh
kmfqhoivzo
yvlhluveqp
$
$
qiaobqcavt
mmcmwtmgok
jzzfsuscsd
nkwgaivskz
$
$
$
bdvbjmcjve
qiocyxjslr
qvrjldymvw
omefpxgkiy
rupvccsnar
$
no
$
fubxkinczn
wqpoyddwja
brwqlqxiuj
vlpeemnoav
$
ohqbwdoczt
zhjyfekcwk
$
no
$
$
ljtxkuiapt
atfiervgba
zzkpopaavd
pvubpluuyt
dbwmfdmnji
$
$
$
$
no
$
no
$
$
0
$
$
$
$
ashsutlhpc
vtwrftzljm
dyogcijhqr
kdhbfcbwfd
wmshwinulw
$
$
vkugakyvov
wxqxyymhme
mxvcjmjzfm
mgnvmgwkcl
$
no
$
$
hsmvetiydx
ecupuylmfv
lyqsrubigi
xjdkkizube
$
unegtxmbqq
rlnkiawuox
yhywmbkedf
uiewmvhkjc
rocyevorxr
$
cbqauoires
omefpxgkiy
fleiaperki
$
no
$
$
$
$
no
$
$
$
$
no
$
no
$
hhvpehcxbh
sjxjiqdruw
qwqgttkpvy
$
cpbtohabah
ygimbvljiv
gzmsvlqrah
gsbgutvthm
$
iybzvqlwvs
riuomwxqjk
koulvtjthy
osfqrxzgng
wevrsacvra
$
$
$
jdkygnrmcd
rrgypcmxdj
ekoqthojbm
$
$
iqobtcpyjr
gewxuqjhgp
xcgjhxqmpa
txtmdkbuvi
pymeolvzpd
$
cuaveyvcqb
smvzsvvpri
hyagcoxtyf
uyvrscnhvy
$
nyizrqiank
$
$
$
no
$
$
no
$
$
no
$
$
$
mapyrhondf
cnfxvjvttr
ljzlgxhlgn
ekojswdmhk
$
$
no
$
no
$
ljklyfofgk
cdpczmsvcl
zrqwyhzsqq
hcaaigjvgq
$
no
$
brwqlqxiuj
jdcxkrykui
bfrglghbfs
qpzhcrqllp
fbaykynexx
$
$
tmerkjqbwp
nyizrqiank
rvxwusndin
wtgemrslay
$
vmrdeuggzi
yajigkngft
hhvpehcxbh
gtrnsviimh
vtwrftzljm
$
$
$
ingwzcrcjt
nqwpwkyhjf
yfihdnnjyh
qliysqljgr
hqcdbtoobl
$
ygsvzwjkeq
axuajwaacx
mhzpmmykcc
mdsvyynhko
$
vnteglgtbv
zbzpqzosqr
yolxhatfyd
kuzchhdlkg
$
$
no
$
no
$
no
$
$
no
$
$
auvqqmyjmx
jzxzpdlrab
wmshwinulw
nsrjiosjfj
$
yzbxjsesto
akqsttkszh
xuvtckipqh
pbnzkhkvhx
$
no
$
no
$
mhhhgwpegz
ykjbzodroj
pbugvknkak
ppehryupoo
bqhfaytzwu
$
no
$
no
$
$
wqjegiatry
ioknpxokqq
$
$
no
$
no
$
no
$
xcluszlodn
lrdgyvhlij
akzapvbtgm
$
hernfewrhd
$
$
no
$
$
ykjbzodroj
$
no
$
abcnhjixdj
biyqlnptak
ubsoblfpzb
npooyakzmx
nzvhslhnjf
bpwjymrypv
$
$
no
$
ecgatvyudd
pbugvknkak
lzlyhheabe
hhvpehcxbh
mkcsdmhckw
$
$
$
no
$
no
$
no
$
$
no
$
$
$
$
$
uujnwdbeuz
bdnhwojltl
lknjapujlz
blogjyinwr
qzmoohpscv
$
$
no
$
rykuogcepc
riiwyfsbjb
cisyhteawh
kmfqhoivzo
mgnvmgwkcl
$
0
$
no
$
$
hbwkdoogpy
addlrlpbvx
nkqianhpjl
bhkubybbhd
cwilbkdxab
$
$
$
ndacxjgcrb
rrgypcmxdj
flejcpgjni
sfzlhepyot
$
veqxxhfbgk
pzpzrbakqe
ajakagclra
xqvjlzmehb
$
no
$
mqixtxplzm
znqtidbmdu
thncgimbgx
fwapiwqslt
taxoqkcwrj
$
no
$
xalfyubsca
rbhzkghnqh
lghbmjtqvi
pldlwbshan
fiizwmkvch
bnwdvmhgtr
$
no
$
no
$
$
$
izrqrmbcfj
yvefflayll
dtkrpsqzlh
sdbcfcrykv
pldlwbshan
$
fepetgceqs
ojsznnfabm
whgwpbgvok
fubxkinczn
mjnltsdoyr
$
no
$
$
chdwijuykc
aodnorhfhi
gzmsvlqrah
lxgpgxlcnw
jezkxyclac
$
vzumalpekd
bvqpfkdfaw
necbcdioxv
oosaoouaym
$
no
$
fydpuueqiu
vzumalpekd
bvqpfkdfaw
pnxmxqeqqm
ydufsrbzbr
$
$
ravscifnxp
mwhkgaezdc
shhdrmingk
tvobbdnrsl
qanhjhaijg
$
no
$
tlrfrnprtc
emrfxueoks
jjwgaabacz
ucrezdxqbf
$
mzhozzwsye
rnkgpksqkd
uepphfjnsy
lnrueclced
bnbbqrvvtw
$
nwupaxbxwt
kjjggiadjs
lptqyzsvqn
svzgrahwqy
$
no
$
wbhbnqxwil
yfqwtjseph
chdwijuykc
rppcxcqqmi
jqxwonqttc
$
igkawgyike
xthzclxkqz
xdqwhkilgw
whqlhyvjmi
qltvehlaqq
$
rnljbxsklc
kdlwcgmgvq
wjibzliaxh
dixaqcfmyl
$
$
no
$
no
$
wevrsacvra
qanhjhaijg
yhywmbkedf
pustzhsjrq
zlatavlohs
$
no
$
ajwngvyrls
yxpfsyneby
nyizrqiank
rvxwusndin
$
no
$
no
$
ulrmuratax
tjdwsgvucw
znytkbwtlb
eeljfpewfe
vlkiitjqdp
$
no
$
vwzgftswdu
wvkjspwfaa
ktjjbhpyfu
ftjpbixfmf
$
yvshenkubh
mwvilxzrup
ythakwvaxy
kdmgfgwdrq
$
$
$
$
jqxwonqttc
rppcxcqqmi
ofkaxzdsnr
vwzfoliqwg
$
$
qimbhsvozd
lymukmyqay
kfjfznfqkq
olnagrzyrc
$
awogsoksum
fzcltpiouz
$
nzxreblxij
rfynimxoce
yctcmcjpgx
oswpigrtdf
qspckmudvk
$
$
no
$
no
$
$
no
$
no
$
$
$
no
$
gahkqrmjwa
datawrgozi
fjoqkxzfwt
kujiutxlwc
giygrtrylh
$
$
no
$
whgwpbgvok
fubxkinczn
wqpoyddwja
nwupaxbxwt
$
$
$
dmqwiyctcg
ftjpbixfmf
yajigkngft
zjplxxvafl
$
no
$
$
$
jnjsyymgkh
juetarsnla
mapyrhondf
nptvdfvmwy
igkawgyike
$
tvkueetelj
itlzwcxgyz
qahvgyuluk
bpwojviilh
$
$
qmphtxeylg
yswkgnafcq
sywfrgqdhi
mvyouugdiv
$
$
cnfxvjvttr
cbpxilblap
cuaveyvcqb
xdtwygeqwx
$
no
$
dnvgeqmsbf
irzqzlguxv
bhkubybbhd
rxhrkttfjp
pxgybutilu
$
$
$
no
$
$
no
$
xaauapztaa
bqhfaytzwu
awbutqwplz
wnrndkrdqw
muafevjpws
$
$
isceinmvtb
wguuiaqpzc
yctcmcjpgx
fmbxyniryk
ycogjnapbn
$
kdmjzjkavi
ablspnrjyk
zmfiylbgkv
azqyvenzji
uiewmvhkjc
$
$
flejcpgjni
sfzlhepyot
cpyilmgmlj
cufozcvslb
mzhozzwsye
$
$
dmqwiyctcg
lndlmbleai
wmtyqdtnzy
xetwayeawx
$
no
$
no
$
no
$
$
wqjegiatry
abkztlytzu
edpyosfwjo
cvoylwfxze
wmtyqdtnzy
lndlmbleai
$
bdnhwojltl
lknjapujlz
jgnfnjlgsj
nomduowjrg
$
ixwvqdwcby
$
no
$
$
no
$
$
irmfuupoiw
jxodkpmeyb
cobapzdaql
$
ttbzlyydbl
mfttskbonz
giygrtrylh
kfmkcdesrg
pustzhsjrq
$
zwouxdmeop
givwqcznrr
nkfsjumomb
osfloejkqg
ohqbwdoczt
$
$
$
$
rppcxcqqmi
bvqpfkdfaw
thncgimbgx
kmpzaivxmw
$
$
no
$
$
$
$
no
$
vwzfoliqwg
fglcrmthxt
wjibzliaxh
gyoboqnhiz
$
no
$
$
vmrdeuggzi
tkhohiecxv
puaxzzmzak
rnnvthsxre
fuzlrqvdxf
$
zaczwqdlve
pxodxagryp
udaftmjydm
uujnwdbeuz
$
ilpdeaentt
ktjtxaglvx
bbshzgjlrq
svksuermfn
wxqxyymhme
$
no
$
yes
$
no
$
no
$
no
$
$
ykfmtkfajl
ffzivknkcc
uhorsvxrce
jhrgsfzdcg
$
$
$
no
$
tiksysgzjd
nyizrqiank
edpyosfwjo
wvkjspwfaa
ixhmwilqdc
$
$
uyvrscnhvy
texitlfkmu
vjnraslmts
yvefflayll
$
rkklyjslyc
iqobtcpyjr
ljzfjbshot
$
pgzbczkoff
lpgskahhyg
nwupaxbxwt
fwssqwgpec
yafegemeir
$
sfvqzudsph
yakzdgzvao
bmjucstwnz
sdbcfcrykv
ntdmoljots
$
no
$
no
$
qmphtxeylg
yswkgnafcq
qliysqljgr
rudooiihij
ckiwvuvxmt
$
$
ckiwvuvxmt
ncmjsoyirp
vjspyoxifi
thncgimbgx
$
rxodqqbfvo
nnsnknufjq
jpesdpkxpf
kujiutxlwc
qimbhsvozd
alkwabwpti
$
$
$
loiagyqntz
yuokuzhgii
rahkyjjuug
rvxwusndin
evqmpjselj
$
no
$
no
$
pbnzkhkvhx
lcelghgwry
zrqwyhzsqq
vxvihksyte
$
axuajwaacx
mhzpmmykcc
njdshcjbxr
svzgrahwqy
fglcrmthxt
$
$
$
no
$
no
$
vxmzmbrlmc
ovtfyvrmhs
cobapzdaql
xjlvnrnffw
gahkqrmjwa
$
$
$
no
$
$
$
$
$
$
no
$
ryybiipmfp
fpxbpkxpmf
ezykkzvnfq
bbbvmxnedm
spdinobsdl
$
cwilbkdxab
bhkubybbhd
risfpysgef
bosoliwzce
$
$
$
vmrdeuggzi
yrzdgneqpc
kxuownlgox
aoyfgibyli
svksuermfn
$
no
$
no
$
no
$
no
$
$
no
$
$
csxbvcliki
dutkretuca
ggslnxeqwv
ljklyfofgk
$
$
$
$
kqozdwmsbx
rraakzboww
badtewxeol
auvqqmyjmx
$
icabmyarlm
ohuseqcwtg
jdcxkrykui
lyqsrubigi
osnsvdsegq
$
$
0
$
no
$
no
$
nsftphvqiw
$
$
no
$
ariqcymsuk
hlpgmlwdhg
lbawglcafx
fwssqwgpec
gahkqrmjwa
xjlvnrnffw
$
no
$
stomlkhelm
lthkdnfatf
vzjmnsnntc
ulrmuratax
xdtwygeqwx
$
fzcltpiouz
awogsoksum
datawrgozi
uxzcmixgyh
$
$
$
no
$
$
no
$
rxbapilrha
wktjtbrfyz
dqszmklebz
michnhtyoc
$
$
no
$
no
$
no
$
$
vchlzdqkig
rcjazezfwi
osnsvdsegq
afhpgzfxug
aodnorhfhi
$
ucrezdxqbf
wzpmkwwotz
bxfjahyxoy
rrgypcmxdj
ekoqthojbm
ablspnrjyk
$
no
$
cvoylwfxze
eoroisvifk
mzxqmpjfex
dmqwiyctcg
$
$
$
no
$
uzqcafsvuc
snzdmnbazx
josbwcxwnt
ikexxtbduk
uepphfjnsy
bxrcegspeo
$
no
$
$
fuzlrqvdxf
ixwvqdwcby
epgwehqnfb
$
prshixiwvv
vroiucmzhf
eefzucmtft
xzcymsireh
iiqcqwwnkx
$
no
$
zmrbuzsiiu
jaoemvxdyj
agmhfottmh
xrimeqzzfi
voifrgtavt
$
no
$
cdjwiihjtx
kujiutxlwc
$
yxtfkecnlm
zgeqlpccte
bbbvmxnedm
spdinobsdl
$
$
no
$
$
no
$
$
no
$
irmfuupoiw
omuvxxacot
oosaoouaym
awbutqwplz
mhzpmmykcc
zeciasshcn
$
$
no
$
$
$
$
bltebfjmuy
gsbgutvthm
tvulrlzqwi
fjjkxrrsuw
bosoliwzce
$
no
$
no
$
wyuzbzedsi
jwbrtpnvvf
ofkaxzdsnr
omefpxgkiy
$
batakvrqfv
rvxwusndin
oebnreyblz
ixctvyywyv
lyfqmrmcka
$
wkwrxqdlou
cgsowpnvvs
fgzrgmkzuf
ppthiafuzh
jezkxyclac
$
fkqagbjmvu
jdkygnrmcd
xdtwygeqwx
$
rahkyjjuug
yuokuzhgii
xlmrqnqebi
zmfiylbgkv
$
no
$
nvfmttvlyo
elwdnwhdet
mzcnwbsykl
angxnwbehl
wvkjspwfaa
qspckmudvk
$
$
$
yrmseviasv
riuomwxqjk
iybzvqlwvs
rfynimxoce
$
wevrsacvra
qanhjhaijg
puoyrptbvx
wqpoyddwja
nkormatgts
$
no
$
$
zhpkrdrfgf
nupkcilkcm
xltjgczrdy
nsacuiggit
$
no
$
no
$
no
$
no
$
xrimeqzzfi
diopngrpai
cabnkkmjpg
tykhedafhq
texitlfkmu
$
$
detmrlzwok
kceuabwljl
snvmrjhxvz
lsabctsbrg
$
no
$
$
lyqsrubigi
prlbxakgmp
jgnfnjlgsj
cbxxmukjlw
$
$
yrzdgneqpc
xvbgtlgcfw
ckcjgyilax
aaskuybqyd
vibyiaxdwp
$
no
$
no
$
$
wxqxyymhme
svksuermfn
segdsdlkvk
vxmzmbrlmc
lghbmjtqvi
$
vwtozwhilh
jgnfnjlgsj
ppehryupoo
snwvnhzutj
$
$
no
$
$
$
no
$
no
$
ekojswdmhk
$
bzswzokiwe
xfzbdyaxth
qfhflhwfsd
fhetixijiy
$
$
no
$
$
$
no
$
$
yes
$
cpbtohabah
tfrweyqypy
uvkdaajtov
bnnkahqivb
$
no
$
no
$
vxxorqbxbg
usasbejkbd
hzfazoiehs
$
yakzdgzvao
goevrsqoty
lcmhsrpovb
pvkfdwrvrb
edkiksoasr
$
jxodkpmeyb
yhywmbkedf
rlnkiawuox
$
gnnmhwswvp
lwzvanywpi
usgfoynysd
ewipjxzofu
hzfazoiehs
$
gtglaqlrdc
$
fdeyypssek
iqobtcpyjr
vwekxquqkc
kcpxnictab
$
no
$
aexaomefkw
jtiiwcohwz
sfvqzudsph
bnnkahqivb
eefzucmtft
$
$
no
$
no
$
zjplxxvafl
smvzsvvpri
jhrgsfzdcg
jqhxkyszby
$
qiocyxjslr
loiagyqntz
gcilioeopg
vibyiaxdwp
$
zfqrnmnfgw
xfogiznkcg
wyrfsusbdi
fzcltpiouz
hlpgmlwdhg
ariqcymsuk
$
no
$
$
qvrjldymvw
omefpxgkiy
mzcnwbsykl
giygrtrylh
xqkecobrfn
$
akqsttkszh
yzbxjsesto
yhywmbkedf
scafzyizaq
xlnxbaungd
$
wtxfyrwvgd
wmshwinulw
gkgiimhgep
fwssqwgpec
lbawglcafx
$
$
no
$
no
$
bswyvdrjgf
rbhzkghnqh
lkjjidttnq
pymeolvzpd
$
no
$
pryqlgwrru
dtkrpsqzlh
kbmwwkhwqp
goximfswid
dkzghtzezp
$
xfogiznkcg
jqhxkyszby
adwjhbxdlc
bpwojviilh
$
no
$
no
$
$
no
$
no
$
qfbygtwawg
gyoboqnhiz
zzxvirmjog
vltniapgzh
$
ablspnrjyk
hatakllchs
gtrnsviimh
hhvpehcxbh
$
$
no
$
$
$
$
no
$
no
$
$
wkboodqhoy
wnxeqnwubf
fjjkxrrsuw
jdcxkrykui
uxhzndiamg
$
xjdkkizube
lyqsrubigi
osnsvdsegq
xfpncwrhqf
wktjtbrfyz
$
$
$
$
$
no
$
ojprenseus
xkhqjrbiqs
hdjnuaqayy
$
$
vmrdeuggzi
yrzdgneqpc
xvbgtlgcfw
qfhflhwfsd
lymukmyqay
aeprpnrchf
$
no
$
$
rekoxvtvzl
teridribre
fhetixijiy
byokrinwpg
rnnvthsxre
fuzlrqvdxf
$
rupvccsnar
omefpxgkiy
ajwngvyrls
kceuabwljl
wnsldyzqdb
$
$
fsvzstgocx
ekojswdmhk
ljzlgxhlgn
vwzgftswdu
axkalvqhrg
$
$
no
$
no
$
$
cvbxrdpbbm
$
jafjivofzg
uaalrtxjus
fklzcgtfij
znytkbwtlb
eeljfpewfe
$
$
cqtgfdwuql
foxgguvgef
qltvehlaqq
oebnreyblz
$
no
$
no
$
lxgpgxlcnw
jezkxyclac
kgztnttfte
rcitqpiluy
$
no
$
yes
$
no
$
$
no
$
$
$
$
$
$
$
sjxjiqdruw
hhvpehcxbh
smvzsvvpri
vetmrpbajl
lzppdpuals
$
eoroisvifk
$
no
$
$
no
$
no
$
$
tyiueokgvq
bzswzokiwe
ivlprbuxit
svksuermfn
$
$
no
$
no
$
no
$
no
$
scpxjtdpez
jfwdddtjnu
tgmumdgdwi
kcpxnictab
fiosmkjlks
$
no
$
no
$
$
$
no
$
no
$
nasshudxyi
ydhsrnzyio
omknhndxxs
$
ofjfnxkvub
kflphyqxsr
fpqiuqwmrz
pbugvknkak
ykjbzodroj
$
ggqzwmeicb
zgeqlpccte
shhdrmingk
wersuvpbbp
$
$
no
$
btnqpihtth
$
lknjapujlz
outgobeilw
gwpsacwbcn
wvkjspwfaa
lhuioktwqx
$
jtiiwcohwz
fepetgceqs
hyagcoxtyf
yajigkngft
vmrdeuggzi
$
qouotscwkp
syesddhgag
drocwbguya
$
$
no
$
no
$
no
$
wkwbtuaepj
$
vetmrpbajl
qliysqljgr
yswkgnafcq
xqnshixezl
$
$
no
$
qltvehlaqq
foxgguvgef
uuxacegsjt
gvdwfganwe
$
lsabctsbrg
qwqgttkpvy
jaoemvxdyj
jjvgwkzjsi
yrmseviasv
$
no
$
$
$
cpyilmgmlj
vchlzdqkig
rcjazezfwi
xvbgtlgcfw
$
$
zrdgdyfkps
etbscqsshu
yrmseviasv
qullaudtau
$
$
no
$
fydpuueqiu
wxqxyymhme
svksuermfn
xydcqwqgkv
unegtxmbqq
$
zutolxkunc
$
$
kjjggiadjs
xuvtckipqh
yrnduilvlb
krrzeyhmmf
$
$
lkjjidttnq
xfzbdyaxth
sywfrgqdhi
cisyhteawh
riiwyfsbjb
$
$
jzzfsuscsd
bdhytyzlhc
xpnmedawqi
dhitltrhmq
$
$
no
$
ocaauaoegm
yvlhluveqp
kmfqhoivzo
cisyhteawh
$
no
$
nyizrqiank
$
$
no
$
mxpjkzkbcg
hktuusqsdg
fxqeasxkaa
kdlydbrcqp
$
no
$
puoyrptbvx
wqpoyddwja
hktuusqsdg
nyizrqiank
koulvtjthy
$
$
xjuqtrsjee
qbbdkepujv
gcilioeopg
vibyiaxdwp
wmzstqyvgz
$
zdmjjxhndb
wjibzliaxh
fglcrmthxt
svzgrahwqy
eaqaxulhaj
jrgatogctj
$
$
djvxmfmhgt
vyjwtkhrnb
tlrfrnprtc
sdekeefgxg
$
risfpysgef
muafevjpws
ezmpaggmhp
sqhmksmgpz
hernfewrhd
$
$
$
szqtxhtdnb
lfstnarbgn
scpxjtdpez
cwilbkdxab
oavpvcrtim
fiizwmkvch
$
vlpeemnoav
rxbapilrha
riuomwxqjk
koulvtjthy
ztsgvwilgw
$
yes
$
$
$
ewipjxzofu
hzfazoiehs
fdeyypssek
dxzkkwvvol
$
aodnorhfhi
gzmsvlqrah
gsbgutvthm
dsxrelywnw
$
eeljfpewfe
znytkbwtlb
ybkpnsurxw
cntchvmpok
$
$
no
$
$
$
no
$
no
$
no
$
$
no
$
$
$
no
$
no
$
hfdxsmxoyw
gjovesjgpq
tjyahossze
dusivqzfth
$
aerpnxibzm
nkqianhpjl
yidzxizzsn
ilpdeaentt
ppehryupoo
$
eefzucmtft
bnnkahqivb
uvkdaajtov
uiewmvhkjc
rocyevorxr
$
xuvtckipqh
chdwijuykc
zjmawufsnl
ykjbzodroj
$
$
$
$
no
$
no
$
riiwyfsbjb
nfltltcfhg
uxzcmixgyh
vzjmnsnntc
$
qpzhcrqllp
lkujhqqchc
ffnjbkbynu
hjhfyxlddf
michnhtyoc
uyvrscnhvy
$
wmzstqyvgz
kjjggiadjs
psqdmbbzsv
ezmpaggmhp
addlrlpbvx
$
no
$
$
eunbddgovn
pryqlgwrru
dtkrpsqzlh
dzdnarvnlx
fhetixijiy
$
no
$
lztdbypmww
uffvcypcps
mwvilxzrup
cbpxilblap
whqlhyvjmi
$
lcmhsrpovb
esmufiblfq
uyrojloavv
$
no
$
no
$
vjuaimvyhd
kflphyqxsr
vzjeojljiq
pixjkastli
bbqewsmujx
$
ojsznnfabm
$
mvyouugdiv
irzqzlguxv
puigzyebls
kqozdwmsbx
$
tlbratifzq
evqmpjselj
kmpywbvkgl
dwyglomhda
qamjrdapuk
$
$
nupkcilkcm
mhuwqjmqjw
xdtwygeqwx
jdkygnrmcd
rrgypcmxdj
kmpzaivxmw
$
qojdgvfkdb
dvkjzljiev
vkugakyvov
xzcymsireh
nomduowjrg
$
no
$
no
$
qiaobqcavt
mmcmwtmgok
omuvxxacot
lbawglcafx
nasshudxyi
mrxdbnjtlc
$
no
$
nyizrqiank
$
no
$
no
$
no
$
cvoylwfxze
edpyosfwjo
jswzzrmezo
xdrlpqpkus
byokrinwpg
$
no
$
$
evqmpjselj
plqjueqpfo
ykjbzodroj
zjmawufsnl
xpnmedawqi
$
jkstfduxxx
fepetgceqs
fpaeaajozo
zikqsvrgiq
$
rcjazezfwi
wersuvpbbp
vjuaimvyhd
vzumalpekd
jzzfsuscsd
$
kdhbfcbwfd
$
pbnzkhkvhx
xuvtckipqh
gcilioeopg
fdodcabope
$
ccmerduhyy
uffvcypcps
mwvilxzrup
qimbhsvozd
$
cvbxrdpbbm
wmshwinulw
joeapixdzr
tykhedafhq
nkfsjumomb
$
$
nyizrqiank
$
no
$
lpgskahhyg
ocaauaoegm
cntchvmpok
ybkpnsurxw
$
$
shvkyqwrkr
juetarsnla
mapyrhondf
qyywbkogaw
$
dxzkkwvvol
sqhmksmgpz
csxbvcliki
yvefflayll
nolvrdwwpy
$
no
$
no
$
no
$
no
$
no
$
$
$
$
ltxgqeuwwe
eunbddgovn
tllbdhvgod
$
no
$
$
no
$
no
$
rmxpdlhqpj
vzjmnsnntc
hatakllchs
ablspnrjyk
zmfiylbgkv
$
$
$
$
rocyevorxr
ilpdeaentt
ppehryupoo
mvyouugdiv
joeapixdzr
$
nyizrqiank
$
no
$
$
yzbxjsesto
yhywmbkedf
udrvshqsze
udaftmjydm
$
cuaveyvcqb
xdtwygeqwx
ydhsrnzyio
nasshudxyi
$
no
$
$
kxuownlgox
yrzdgneqpc
dxzkkwvvol
pkerczltdv
omknhndxxs
$
zjkifdwlpl
lfstnarbgn
yhywmbkedf
huvlaczsiz
gewxuqjhgp
$
qugyscfyyq
kmhsxcpvmj
gewxuqjhgp
vxxorqbxbg
myvmglupcr
$
no
$
$
$
no
$
no
$
$
$
zyezmzckai
uzybbtkssj
qiaobqcavt
vltniapgzh
pwwmllviwq
$
no
$
nrbwaowozq
$
$
$
hsamrlazjn
afhpgzfxug
wtzbmkccqa
zsvwycjhzm
dbwmfdmnji
$
no
$
$
$
no
$
no
$
no
$
$
muafevjpws
jfwdddtjnu
tgmumdgdwi
$
no
$
rnnvthsxre
puaxzzmzak
expkjyunxi
ygsckenscw
zmfiylbgkv
$
no
$
no
$
itukbxveyn
ajzkscgfii
eoroisvifk
cnfxvjvttr
ljzlgxhlgn
$
jjvgwkzjsi
zorbrkgfig
hfffnbiwzl
xjlvnrnffw
axkalvqhrg
$
$
jaoemvxdyj
jjvgwkzjsi
uaalrtxjus
zhjyfekcwk
motlrblcwh
$
csxbvcliki
yvefflayll
dtkrpsqzlh
rfdkysqsnc
$
potrpusvhd
wkqiedmbha
bltebfjmuy
xfpncwrhqf
wktjtbrfyz
$
$
$
no
$
no
$
no
$
$
no
$
cechkitrur
$
rudooiihij
cuaveyvcqb
vwzgftswdu
ezykkzvnfq
$
$
$
flejcpgjni
irqaxfmdtp
tykhedafhq
gfxttvvnre
lnjdnndwyr
$
no
$
no
$
$
no
$
czuwxywkiv
bxrcegspeo
fbmcgzkebo
btnqpihtth
vltniapgzh
$
$
no
$
hczwxmqzij
brwqlqxiuj
mhhcgaboha
udaftmjydm
uujnwdbeuz
$
xzcymsireh
rzfbrdplyu
mqixtxplzm
zsvwycjhzm
$
$
$
twfglfspqo
qhrvjstviu
jkstfduxxx
ljtxkuiapt
vroiucmzhf
$
qwbiwhpnlj
rraakzboww
ivocdymlgu
wyopwmflie
$
no
$
udaftmjydm
mhhcgaboha
gahkqrmjwa
fwssqwgpec
$
$
no
$
yakxtnfynt
btnkyaglda
rraakzboww
kqozdwmsbx
rcjazezfwi
$
$
no
$
$
$
no
$
$
mxpjkzkbcg
byokrinwpg
teonvhclkx
ilpdeaentt
pryqlgwrru
$
$
no
$
no
$
fxqeasxkaa
advrngksca
kdmjzjkavi
fhetixijiy
$
$
no
$
no
$
riiwyfsbjb
rykuogcepc
tllbdhvgod
odhiyrolhg
izonivolks
$
qanhjhaijg
abcnhjixdj
vxxorqbxbg
kfmkcdesrg
$
no
$
no
$
kmpywbvkgl
evqmpjselj
cdjwiihjtx
$
$
no
$
no
$
no
$
$
no
$
$
vwekxquqkc
xlnxbaungd
pxodxagryp
qspckmudvk
$
no
$
risfpysgef
bosoliwzce
bmjucstwnz
fiosmkjlks
$
irzqzlguxv
tjyahossze
adwjhbxdlc
gewxuqjhgp
$
no
$
isceinmvtb
wkwbtuaepj
teztnuepsi
emqegdfngv
tvqqbcsevu
$
$
zmrbuzsiiu
chngqjtrxu
yrmseviasv
mgnvmgwkcl
kmfqhoivzo
$
$
no
$
$
kfjfznfqkq
mgxiooypow
yfqwtjseph
oaeppsahok
$
no
$
no
$
$
$
no
$
no
$
no
$
no
$
no
$
$
no
$
no
$
vwtozwhilh
ravscifnxp
mwhkgaezdc
$
no
$
mruictojjs
plqjueqpfo
lzlyhheabe
zrdgdyfkps
$
no
$
$
$
srnkwxysac
grbgxtaxpx
nekskfkkik
iybzvqlwvs
$
$
no
$
$
lhbbosqqyx
hyagcoxtyf
prlbxakgmp
qhrvjstviu
ajakagclra
jrgatogctj
$
no
$
no
$
$
fxzhdtffin
wktjtbrfyz
hsicrcgauh
tvobbdnrsl
qhrvjstviu
$
no
$
no
$
$
$
no
$
no
$
rolayzvrqb
bhkubybbhd
fydpuueqiu
wqjegiatry
$
no
$
$
batakvrqfv
rvxwusndin
zzxvirmjog
zbzpqzosqr
nfpkzsemop
$
kbmwwkhwqp
dtkrpsqzlh
uaalrtxjus
irzqzlguxv
xlmrqnqebi
$
ygimbvljiv
yxbelzvtnw
rnkgpksqkd
texitlfkmu
uyvrscnhvy
$
no
$
$
$
no
$
no
$
$
no
$
yakzdgzvao
goevrsqoty
dumlbeuuhk
nsftphvqiw
$
$
kmhsxcpvmj
qcikwddlon
akzapvbtgm
lwzvanywpi
$
vubioizccz
urnewlwkla
kxasotmtyy
waksxzclhn
rpgkizfcpg
$
glbeyfudcy
yrnduilvlb
awonreuyki
hmvbivcdtk
$
$
zhjyfekcwk
$
$
wqdmkshzxt
fiizwmkvch
jzzfsuscsd
mmcmwtmgok
omuvxxacot
csxbvcliki
$
$
no
$
yxpfsyneby
kmhsxcpvmj
qugyscfyyq
yakxtnfynt
jzxzpdlrab
$
$
no
$
$
no
$
icabmyarlm
fpxbpkxpmf
bfrglghbfs
lcmmzjpduj
$
lpaiilqdyt
kqozdwmsbx
qgyeveoqto
yrnduilvlb
$
no
$
no
$
no
$
elwdnwhdet
gfppvejpni
ayepxaknpm
jafjivofzg
qwqgttkpvy
$
uokfvkawus
dghccbupcb
qfhflhwfsd
taxoqkcwrj
$
no
$
$
$
$
no
$
$
$
fxqeasxkaa
$
bogjtsvdfo
lnrueclced
rpgkizfcpg
jrqkzcykae
$
bxrcegspeo
wtgemrslay
fpqiuqwmrz
rrgypcmxdj
$
no
$
no
$
$
$
no
$
$
ljzlgxhlgn
vwzgftswdu
axkalvqhrg
xetwayeawx
qzmcpnvfdu
$
$
no
$
$
cgsowpnvvs
mvyjglurxa
mkcsdmhckw
xgegnxjdex
$
no
$
pdikedmemf
gewxuqjhgp
loiagyqntz
$
upollzbjef
riuomwxqjk
kfmkcdesrg
akqsttkszh
$
$
$
$
no
$
$
$
no
$
vzumalpekd
$
$
no
$
no
$
no
$
$
no
$
no
$
myvmglupcr
pojzkwrtkr
aodnorhfhi
gzmsvlqrah
ttwxiwgwmi
$
uvkdaajtov
uiewmvhkjc
$
$
awbutqwplz
mhzpmmykcc
cuaveyvcqb
dtuuofsdkx
sukjhicuaw
$
lkjjidttnq
nasshudxyi
lbawglcafx
mkcsdmhckw
mvyjglurxa
$
$
$
no
$
peyanzlyem
cisyhteawh
wxedbwoppe
goevrsqoty
dumlbeuuhk
$
$
no
$
ekojswdmhk
pojzkwrtkr
sywfrgqdhi
cisyhteawh
$
tmerkjqbwp
wqpoyddwja
hktuusqsdg
ckiwvuvxmt
rudooiihij
$
$
$
fuzlrqvdxf
ixwvqdwcby
wpaiebgafq
nqwpwkyhjf
yfihdnnjyh
$
no
$
no
$
$
$
no
$
$
nfpkzsemop
zbzpqzosqr
$
$
$
fmdiullrpt
xgegnxjdex
ttwxiwgwmi
$
$
no
$
no
$
$
no
$
$
no
$
no
$
kqpumefwyi
qzmcpnvfdu
kbmwwkhwqp
dtkrpsqzlh
uaalrtxjus
$
no
$
$
dkzghtzezp
ncmjsoyirp
vllgczonaf
wkpoqlvsnh
pvubpluuyt
$
no
$
jhfnbamqrv
svksuermfn
scpxjtdpez
chngqjtrxu
$
no
$
iilktlpria
twfglfspqo
njdshcjbxr
grbgxtaxpx
nekskfkkik
$
no
$
ayepxaknpm
qsluunluzo
wewlmqbdrz
dyuyigyyfo
$
no
$
$
ydhsrnzyio
ndacxjgcrb
kxrflgjszc
wewlmqbdrz
rxodqqbfvo
$
no
$
no
$
qimbhsvozd
prlbxakgmp
asjcugcyqq
qsluunluzo
$
no
$
no
$
no
$
no
$
$
bogjtsvdfo
rahkyjjuug
mhuwqjmqjw
fjoqkxzfwt
$
zmqsxjphpd
zeobtpywrw
nxpwddvuyf
fpqiuqwmrz
$
no
$
no
$
no
$
no
$
no
$
no
$
qsluunluzo
nuxymlfnln
jezkxyclac
$
no
$
no
$
no
$
wmzstqyvgz
ffnjbkbynu
xdtwygeqwx
jdkygnrmcd
aqfnzfbjyq
$
$
no
$
$
no
$
$
aaskuybqyd
mwhkgaezdc
vknqnkloym
akqsttkszh
$
nyfglxecty
bxfjahyxoy
wtxfyrwvgd
mhuwqjmqjw
$
no
$
$
cisyhteawh
wxedbwoppe
goevrsqoty
olnagrzyrc
kfjfznfqkq
$
keepabopfy
rhsjgqvflb
dmqwiyctcg
dixaqcfmyl
bnwdvmhgtr
$
psnsyrmkgk
ecgatvyudd
pbugvknkak
awonreuyki
ythakwvaxy
$
no
$
$
no
$
irzqzlguxv
uaalrtxjus
$
$
nyizrqiank
$
no
$
olnagrzyrc
fwapiwqslt
azqyvenzji
zmfiylbgkv
ljklyfofgk
$
$
$
hzfazoiehs
ewipjxzofu
dyagilwvbj
gtrnsviimh
mkjehtbkfw
$
vjspyoxifi
thncgimbgx
cwilbkdxab
$
$
bfrglghbfs
pgzbczkoff
lpgskahhyg
lsabctsbrg
zlevvsbmgb
$
nekskfkkik
grbgxtaxpx
srnkwxysac
qojdgvfkdb
$
no
$
no
$
rupvccsnar
omefpxgkiy
mzcnwbsykl
giygrtrylh
ppthiafuzh
$
no
$
$
no
$
yes
$
no
$
jcesmfingj
grbgxtaxpx
ilpdeaentt
qwqgttkpvy
jaoemvxdyj
$
$
$
no
$
no
$
no
$
omohclcxkh
ewipjxzofu
wdhoojfwie
dtuuofsdkx
sukjhicuaw
$
no
$
no
$
gkgiimhgep
wmshwinulw
risfpysgef
wpaiebgafq
nqwpwkyhjf
$
no
$
no
$
mzhozzwsye
rnkgpksqkd
kdlwcgmgvq
wjibzliaxh
ysrmvzjbbo
$
$
cjiuswbsxh
tclixejuxn
jgnfnjlgsj
mfojebvwpr
gkrevypuvi
$
yajigkngft
hhvpehcxbh
nyizrqiank
lymukmyqay
$
0
$
no
$
$
no
$
no
$
cbqauoires
wxedbwoppe
qamjrdapuk
zrqwyhzsqq
$
no
$
no
$
$
dwylnujgwb
$
no
$
no
$
$
0
$
xjdkkizube
bqnakncwrf
thncgimbgx
znqtidbmdu
risfpysgef
$
$
hzfazoiehs
fdeyypssek
ayepxaknpm
jafjivofzg
maoqvtytnc
$
$
znytkbwtlb
ybkpnsurxw
foxgguvgef
hyagcoxtyf
ftjpbixfmf
$
no
$
no
$
no
$
no
$
sqhmksmgpz
lyyemuxuou
chngqjtrxu
bvqpfkdfaw
oavpvcrtim
$
$
$
no
$
no
$
sdojbxudnh
snzdmnbazx
uzqcafsvuc
$
yes
$
no
$
mgnvmgwkcl
bzswzokiwe
xfzbdyaxth
qfhflhwfsd
bdhytyzlhc
$
cvoylwfxze
edpyosfwjo
ppgwyihdhh
vwzfoliqwg
yxtqdgdbec
$
no
$
no
$
no
$
$
lztdbypmww
$
nyizrqiank
$
no
$
dasyhdugeq
nwupaxbxwt
lpgskahhyg
drocwbguya
ztayueztpl
$
zeciasshcn
ivlprbuxit
svksuermfn
jhfnbamqrv
dxgqjuvqwp
$
zrqwyhzsqq
lcelghgwry
nwupaxbxwt
$
$
tltpdzrwxy
qyywbkogaw
ixwvqdwcby
wpaiebgafq
$
nptvdfvmwy
svpihhajxp
jqpzuitqcw
chngqjtrxu
lldvujilba
$
$
no
$
ybkpnsurxw
cntchvmpok
mvyouugdiv
irzqzlguxv
dnvgeqmsbf
lndtqckwwb
$
no
$
no
$
no
$
$
no
$
no
$
yetqlptslp
lghbmjtqvi
hsicrcgauh
bmnjhxksxh
$
ohuseqcwtg
$
no
$
qfhflhwfsd
$
no
$
veqxxhfbgk
cpbtohabah
srnkwxysac
xvbgtlgcfw
$
no
$
no
$
$
no
$
$
$
0
$
zmfiylbgkv
$
no
$
no
$
no
$
$
xltjgczrdy
nsacuiggit
czuwxywkiv
pymeolvzpd
$
no
$
$
nyizrqiank
$
$
$
no
$
$
no
$
gcilioeopg
xuvtckipqh
yrnduilvlb
awonreuyki
$
$
no
$
$
cvgiuqngqj
ihmggvgzil
nirwesprtj
nomduowjrg
bmnjhxksxh
$
ulrmuratax
batakvrqfv
rvxwusndin
addlrlpbvx
$
no
$
no
$
cygctcudfc
lyyemuxuou
zrqwyhzsqq
uepphfjnsy
ikexxtbduk
$
no
$
yafegemeir
mvyouugdiv
cvgvkwulvk
ztsitzgsrs
bdnhwojltl
$
$
no
$
no
$
no
$
xvbgtlgcfw
qfhflhwfsd
udrvshqsze
$
no
$
tknbiwmirv
lkmbxofaon
bvqpfkdfaw
gewxuqjhgp
xcgjhxqmpa
$
yes
$
rzvusswsik
nnsnknufjq
gwpsacwbcn
opzjsuadqy
dwyglomhda
$
$
msqhtfqhjt
ecgatvyudd
pbugvknkak
jkstfduxxx
fpxbpkxpmf
icabmyarlm
$
$
no
$
rxodqqbfvo
nnsnknufjq
kcpxnictab
hernfewrhd
urnewlwkla
$
ikexxtbduk
dzdnarvnlx
szsbnuhybh
riiwyfsbjb
$
mrxdbnjtlc
nasshudxyi
ilumwsxpvm
risfpysgef
wpaiebgafq
ixwvqdwcby
$
wmshwinulw
gkgiimhgep
vwtozwhilh
uxzcmixgyh
$
$
$
no
$
$
no
$
no
$
$
yakzdgzvao
ygsckenscw
trqsdnpsxk
xgeickzwum
yhvpkrmxyl
$
$
no
$
fydpuueqiu
fpxbpkxpmf
bfrglghbfs
wvkjspwfaa
$
no
$
$
$
0
$
no
$
no
$
yczvyhyrqd
ztayueztpl
bbbvmxnedm
kceuabwljl
$
segdsdlkvk
svksuermfn
bbshzgjlrq
mgxiooypow
aotpghlwev
$
wkboodqhoy
risfpysgef
bosoliwzce
wdhoojfwie
ewipjxzofu
$
josbwcxwnt
dyogcijhqr
vtwrftzljm
jtwyggwbzp
bogjtsvdfo
$
no
$
wnrndkrdqw
omohclcxkh
bdnhwojltl
hdjnuaqayy
wqyjneruip
$
rykuogcepc
frgaaeeckp
bosoliwzce
fxqeasxkaa
cpumfeqwki
$
$
$
nxpwddvuyf
iekpqnfawu
vkugakyvov
rzvusswsik
$
no
$
sfvqzudsph
yakzdgzvao
osfqrxzgng
wevrsacvra
kujiutxlwc
$
$
no
$
$
vllgczonaf
ncmjsoyirp
zikqsvrgiq
praxgyxetf
$
yes
$
zmrbuzsiiu
ppgwyihdhh
fmbxyniryk
yctcmcjpgx
oswpigrtdf
$
uyrojloavv
aqfnzfbjyq
kqmdxfcepe
wqpoyddwja
hktuusqsdg
$
$
$
tyiueokgvq
awbutqwplz
bqhfaytzwu
ppehryupoo
$
kfjfznfqkq
mgxiooypow
brijgehfkv
dyficijarp
oswpigrtdf
$
$
no
$
wqjegiatry
abkztlytzu
cufozcvslb
ilpdeaentt
teonvhclkx
rcjdlwbsrl
$
$
nkydtjhngz
yhvpkrmxyl
ndacxjgcrb
ydhsrnzyio
$
no
$
npooyakzmx
fpqiuqwmrz
kflphyqxsr
ofjfnxkvub
$
$
bbbvmxnedm
kceuabwljl
bxfjahyxoy
kzdisdjxrr
bbffuoyshc
$
0
$
$
$
no
$
$
$
zrvvlqijpg
ntdmoljots
kmpzaivxmw
teztnuepsi
$
no
$
urnewlwkla
awogsoksum
datawrgozi
vzjeojljiq
$
lnjdnndwyr
rzvusswsik
wkboodqhoy
irycjbbrek
mgxiooypow
$
uiqmxkjyak
wxedbwoppe
cisyhteawh
cvgvkwulvk
$
ffzivknkcc
lyfqmrmcka
gvdwfganwe
zjplxxvafl
$
no
$
wgtwdwopac
xuvtckipqh
gcilioeopg
aoyfgibyli
$
no
$
$
0
$
no
$
$
no
$
no
$
$
$
no
$
$
no
$
jqhxkyszby
xfogiznkcg
zfqrnmnfgw
wmnhpfztte
iudygbfqgx
$
no
$
no
$
no
$
$
no
$
no
$
no
$
$
no
$
vjnraslmts
vtwrftzljm
hcaaigjvgq
zrqwyhzsqq
$
$
$
$
tmerkjqbwp
nyizrqiank
kidhuzfzzm
axkqyeqwge
$
ztayueztpl
bbbvmxnedm
qanhjhaijg
tqhldjgrtz
xrmghhouqo
$
no
$
no
$
nolvrdwwpy
datawrgozi
gahkqrmjwa
xjlvnrnffw
axkalvqhrg
$
no
$
no
$
kycpdwtvqn
hfdxsmxoyw
akzztqqyog
$
$
$
no
$
zrqwyhzsqq
sjlgfnhugn
vibyiaxdwp
wmzstqyvgz
$
nolvrdwwpy
lymukmyqay
aeprpnrchf
zvboadulhl
$
yzructugal
cabnkkmjpg
tfrweyqypy
qfbygtwawg
koqvnsxfyv
$
no
$
no
$
$
no
$
$
$
oswpigrtdf
qspckmudvk
pxodxagryp
ovvlluhxlh
$
$
wguuiaqpzc
isceinmvtb
cechkitrur
ixctvyywyv
qwqgttkpvy
$
fdeyypssek
hzfazoiehs
ewipjxzofu
omohclcxkh
iudygbfqgx
$
$
no
$
no
$
$
$
awonreuyki
hmvbivcdtk
mvyjglurxa
lyfqmrmcka
gvdwfganwe
$
jkstfduxxx
fpxbpkxpmf
nyizrqiank
rvxwusndin
$
wvkjspwfaa
$
motlrblcwh
nkwgaivskz
jzzfsuscsd
mmcmwtmgok
gwpsacwbcn
$
sfvqzudsph
yakzdgzvao
osfloejkqg
nkfsjumomb
xjuqtrsjee
$
$
kkhdimrocq
wyuzbzedsi
ovvlluhxlh
lcmhsrpovb
goevrsqoty
$
diopngrpai
jcesmfingj
nntclophdu
jrqkzcykae
outgobeilw
$
ezmpaggmhp
$
$
xijxdgoarg
tndxugisgv
qzmoohpscv
blogjyinwr
snzdmnbazx
$
$
no
$
kxrflgjszc
numafthmll
qouotscwkp
jtiiwcohwz
ajwngvyrls
$
no
$
$
no
$
$
$
no
$
$
ltxgqeuwwe
sjxjiqdruw
bexqvzfejf
mzhozzwsye
$
$
$
bxvebemlwn
oebnreyblz
dutkretuca
pojzkwrtkr
zlatavlohs
jmhjcvtjvf
$
$
no
$
wglqrvlznl
rhsjgqvflb
rppcxcqqmi
ofkaxzdsnr
jwbrtpnvvf
kefmhosohe
$
cvgiuqngqj
vtwrftzljm
epgwehqnfb
kdmgfgwdrq
$
no
$
szsbnuhybh
riiwyfsbjb
cisyhteawh
hcaaigjvgq
dnvgeqmsbf
$
no
$
no
$
$
no
$
no
$
no
$
$
no
$
olzbsnuriy
mhhcgaboha
wvkjspwfaa
bogjtsvdfo
$
no
$
$
no
$
ygsckenscw
xdtwygeqwx
teonvhclkx
rghisbtwbz
$
$
$
no
$
$
no
$
no
$
wkboodqhoy
fbaykynexx
awozwngnbq
lcmmzjpduj
$
no
$
vnteglgtbv
xetwayeawx
tvobbdnrsl
aboxgiakcu
$
no
$
kzdisdjxrr
afhpgzfxug
$
$
lcmhsrpovb
szsbnuhybh
edkebeeecg
fpqiuqwmrz
wtgemrslay
$
duyhnkttfm
pkerczltdv
npchssyada
nnsnknufjq
$
$
bfrglghbfs
wvkjspwfaa
gwpsacwbcn
opzjsuadqy
$
kskirwkihj
koqvnsxfyv
qullaudtau
yrmseviasv
$
$
no
$
xfpncwrhqf
ofkaxzdsnr
rppcxcqqmi
jqxwonqttc
$
zrvvlqijpg
rcjdlwbsrl
vetmrpbajl
foxgguvgef
uuxacegsjt
$
no
$
$
nyizrqiank
$
ufvrvdbpua
aheyfnpbwa
ojsznnfabm
yynnlwzjol
$
$
$
no
$
hkytkwvpuf
fiosmkjlks
xdqwhkilgw
osdlhqvnvi
gzmsvlqrah
$
no
$
no
$
dwylnujgwb
ppthiafuzh
fgzrgmkzuf
qgyeveoqto
yrnduilvlb
krrzeyhmmf
$
no
$
no
$
igffejrvmh
tvulrlzqwi
kuzchhdlkg
wzpmkwwotz
dutkretuca
$
no
$
no
$
fhetixijiy
yswkgnafcq
vzjeojljiq
xjmmpvlglz
rxhrkttfjp
$
uiqmxkjyak
tvobbdnrsl
fpwfijrvdc
pxgybutilu
rxhrkttfjp
$
bnbbqrvvtw
fyezdgdkur
acwbckaand
ysctgsivvc
qzgnejqepl
$
no
$
no
$
$
no
$
byokrinwpg
rnnvthsxre
rlnkiawuox
badtewxeol
rraakzboww
$
$
joeapixdzr
csxbvcliki
gwpsacwbcn
opzjsuadqy
dwyglomhda
$
alkwabwpti
dyogcijhqr
vtwrftzljm
gtrnsviimh
mkjehtbkfw
$
$
tcvyvnzjyl
kdhbfcbwfd
yakzdgzvao
csxbvcliki
teonvhclkx
$
etbscqsshu
zrdgdyfkps
wxqxyymhme
fydpuueqiu
wqjegiatry
$
no
$
jmhjcvtjvf
omefpxgkiy
wqyjneruip
kmpywbvkgl
hsamrlazjn
$
axkalvqhrg
csothjvrtv
qbsdxwuteu
pxgybutilu
$
no
$
no
$
azqyvenzji
bpwojviilh
adwjhbxdlc
uzybbtkssj
$
no
$
nyfglxecty
bxfjahyxoy
rrgypcmxdj
ndacxjgcrb
$
no
$
yrzdgneqpc
xvbgtlgcfw
qfhflhwfsd
fpqiuqwmrz
kflphyqxsr
$
no
$
erxncxioez
ndacxjgcrb
jzxzpdlrab
blogjyinwr
qzmoohpscv
$
dumlbeuuhk
nsftphvqiw
yhvpkrmxyl
kdlwcgmgvq
urnewlwkla
$
wkpoqlvsnh
pvubpluuyt
dbwmfdmnji
$
afhpgzfxug
lptqyzsvqn
uepphfjnsy
$
$
$
$
no
$
$
tfrweyqypy
zyezmzckai
ixctvyywyv
maoqvtytnc
zorbrkgfig
$
no
$
$
no
$
no
$
no
$
no
$
usasbejkbd
vxxorqbxbg
myvmglupcr
igkawgyike
nptvdfvmwy
$
irzqzlguxv
xlmrqnqebi
znetcgnvbl
snzdmnbazx
uzqcafsvuc
$
btnkyaglda
yakxtnfynt
jzxzpdlrab
elwdnwhdet
$
no
$
no
$
hjhfyxlddf
cgqftxwqbo
ffzivknkcc
uhorsvxrce
cgsowpnvvs
$
no
$
$
zsvwycjhzm
mqixtxplzm
atfiervgba
zzkpopaavd
qsluunluzo
$
$
$
$
no
$
$
$
no
$
0
$
$
$
$
no
$
rlnkiawuox
rnnvthsxre
hsamrlazjn
afhpgzfxug
bbffuoyshc
$
$
$
no
$
no
$
no
$
$
$
no
$
no
$
$
dsmaolrwed
kmpzaivxmw
teztnuepsi
emqegdfngv
$
ppgwyihdhh
vwzfoliqwg
bbshzgjlrq
sjlgfnhugn
$
$
$
$
fydpuueqiu
bhkubybbhd
cwilbkdxab
btnqpihtth
ripexvgwza
$
ubsoblfpzb
lcelghgwry
wxqxyymhme
fydpuueqiu
$
nyizrqiank
$
$
no
$
$
no
$
waksxzclhn
$
joeapixdzr
mvyouugdiv
ppehryupoo
zorbrkgfig
$
uokfvkawus
abkztlytzu
cufozcvslb
mzhozzwsye
zyfaksjlss
$
qamjrdapuk
dwyglomhda
wdhoojfwie
teztnuepsi
trqsdnpsxk
$
$
$
irqaxfmdtp
tykhedafhq
joeapixdzr
$
dixaqcfmyl
yhvpkrmxyl
gjovesjgpq
lflevhgaik
dcgpfqjnwg
$
no
$
yxpfsyneby
ajwngvyrls
fmbxyniryk
yctcmcjpgx
peyanzlyem
$
$
no
$
akzztqqyog
upollzbjef
iehqqybays
fhetixijiy
$
lwzvanywpi
gnnmhwswvp
fmbxyniryk
kflphyqxsr
$
$
$
$
$
$
zmrbuzsiiu
qwbiwhpnlj
kdhbfcbwfd
$
nrbwaowozq
mmcmwtmgok
goevrsqoty
wxedbwoppe
qyppszmuoq
$
no
$
nyizrqiank
$
ravscifnxp
$
xvbgtlgcfw
nzvhslhnjf
drocwbguya
syesddhgag
$
zrruxmxplz
rraakzboww
sfzlhepyot
flejcpgjni
mfojebvwpr
$
$
$
$
aijrmalzdc
rehdzfwsft
puigzyebls
kqozdwmsbx
qzmoohpscv
$
no
$
lyfqmrmcka
mvyjglurxa
ztsitzgsrs
cabnkkmjpg
$
no
$
zgeqlpccte
$
$
$
no
$
no
$
eefzucmtft
qbbdkepujv
adpisnpemq
uffvcypcps
$
gkgiimhgep
mruictojjs
wqdmkshzxt
aerpnxibzm
$
no
$
$
$
$
no
$
no
$
$
$
$
cjwiqqcgst
cbxxmukjlw
qvrjldymvw
acwbckaand
fyezdgdkur
$
qfbygtwawg
esmufiblfq
lcmhsrpovb
lqeiaywxcs
fpaeaajozo
$
rpgwcufnbr
fgzrgmkzuf
aeprpnrchf
zvboadulhl
ihmggvgzil
cvgiuqngqj
$
$
rnkgpksqkd
iqwlmyqzyf
fkqagbjmvu
jdkygnrmcd
bzswzokiwe
$
hsamrlazjn
nyizrqiank
kidhuzfzzm
vjnraslmts
$
$
riuomwxqjk
$
kxuownlgox
bbshzgjlrq
ktjtxaglvx
ufvrvdbpua
$
$
0
$
no
$
$
$
$
ftjpbixfmf
kfftsfxbrf
kqmdxfcepe
pvkfdwrvrb
dyficijarp
$
no
$
no
$
kdmjzjkavi
xzcymsireh
izonivolks
$
no
$
yakzdgzvao
ygsckenscw
trqsdnpsxk
teztnuepsi
emqegdfngv
$
$
zeciasshcn
kjjggiadjs
xuvtckipqh
wgtwdwopac
hsmvetiydx
$
lndtqckwwb
dnvgeqmsbf
hcaaigjvgq
zrqwyhzsqq
rlnkiawuox
qyywbkogaw
oebnreyblz
$
no
$
cgtcodzmrb
detmrlzwok
ohqbwdoczt
osfloejkqg
yynnlwzjol
ucrezdxqbf
$
zikqsvrgiq
fpaeaajozo
fepetgceqs
bdnhwojltl
omohclcxkh
$
goximfswid
qahvgyuluk
jnsyvhnmof
npchssyada
$
no
$
atfiervgba
zzkpopaavd
iehqqybays
jrqkzcykae
qouotscwkp
$
vwzgftswdu
vltniapgzh
btnqpihtth
fbmcgzkebo
$
kzdisdjxrr
xfzbdyaxth
bzswzokiwe
jdcxkrykui
fjjkxrrsuw
$
$
bnbbqrvvtw
lnrueclced
qliysqljgr
rudooiihij
$
$
mbthmyvpov
scpxjtdpez
dyuyigyyfo
ktqdbzxaiq
$
$
ppthiafuzh
pvkfdwrvrb
ygimbvljiv
oosaoouaym
$
zvboadulhl
wnsldyzqdb
mhzpmmykcc
ocaauaoegm
cntchvmpok
$
josbwcxwnt
dyogcijhqr
vtwrftzljm
epgwehqnfb
$
$
$
$
$
$
$
lxgpgxlcnw
kbmwwkhwqp
etbscqsshu
ajzkscgfii
$
ggqzwmeicb
bmjucstwnz
sdbcfcrykv
kskirwkihj
eefzucmtft
$
no
$
no
$
no
$
no
$
$
$
lpaiilqdyt
yhywmbkedf
pzpzrbakqe
muafevjpws
$
no
$
qzmoohpscv
ppthiafuzh
qojdgvfkdb
dvkjzljiev
sukjhicuaw
$
detmrlzwok
cgtcodzmrb
thncgimbgx
iiqcqwwnkx
iehqqybays
uyrojloavv
$
vmrdeuggzi
yajigkngft
hhvpehcxbh
ygsvzwjkeq
vwekxquqkc
$
tyiueokgvq
bnktpnjxrp
qvrjldymvw
omefpxgkiy
$
wpaiebgafq
hktuusqsdg
nuxymlfnln
wlvguhnljd
$
nyizrqiank
$
vxvihksyte
tiksysgzjd
itukbxveyn
rnnvthsxre
atjouiprrq
$
no
$
ofmezrhssy
lqeiaywxcs
$
$
no
$
irycjbbrek
rghisbtwbz
teonvhclkx
rbfhaaabrw
lldvujilba
$
no
$
maoqvtytnc
wnxeqnwubf
tjyahossze
dzdnarvnlx
$
$
yxtqdgdbec
nsrjiosjfj
fgzrgmkzuf
rpgwcufnbr
emqegdfngv
$
$
sjxjiqdruw
hhvpehcxbh
gtrnsviimh
hatakllchs
ablspnrjyk
$
no
$
$
drocwbguya
$
no
$
no
$
no
$
dvkjzljiev
qojdgvfkdb
srnkwxysac
eoroisvifk
ixhmwilqdc
$
no
$
no
$
pgzbczkoff
badtewxeol
nfpkzsemop
xjlcwnpenf
mfttskbonz
$
bswyvdrjgf
ftjpbixfmf
ktjjbhpyfu
wvkjspwfaa
taxoqkcwrj
$
no
$
$
fbaykynexx
wkboodqhoy
mhhhgwpegz
xemhjanylw
dqszmklebz
lflevhgaik
$
ewipjxzofu
rrgypcmxdj
fpqiuqwmrz
bbshzgjlrq
$
no
$
$
lpaiilqdyt
yhywmbkedf
scafzyizaq
xjuqtrsjee
qbbdkepujv
$
$
no
$
csothjvrtv
lyyemuxuou
uxhzndiamg
yafegemeir
$
no
$
$
uujnwdbeuz
uzybbtkssj
uzyzrzbrcz
wmzstqyvgz
$
no
$
$
$
irmfuupoiw
omuvxxacot
kcpxnictab
tgmumdgdwi
nfpkzsemop
$
no
$
$
no
$
rudooiihij
qliysqljgr
yswkgnafcq
sywfrgqdhi
juetarsnla
$
irmfuupoiw
lldvujilba
oaeppsahok
$
$
wmtyqdtnzy
diopngrpai
ufvrvdbpua
ojprenseus
wpaiebgafq
$
no
$
kceuabwljl
gjovesjgpq
hfdxsmxoyw
akzztqqyog
$
no
$
bogjtsvdfo
lnrueclced
qbsdxwuteu
ohuseqcwtg
kdmgfgwdrq
$
$
$
pymeolvzpd
txtmdkbuvi
qyppszmuoq
sjlgfnhugn
ljzlgxhlgn
cnfxvjvttr
$
$
$
$
no
$
$
snvmrjhxvz
lsabctsbrg
udrvshqsze
ayepxaknpm
zbkbcaltiq
$
$
no
$
puoyrptbvx
wqpoyddwja
nwupaxbxwt
yfqwtjseph
wbhbnqxwil
$
emqegdfngv
ivlprbuxit
svksuermfn
xydcqwqgkv
$
no
$
no
$
$
no
$
$
no
$
no
$
hbwkdoogpy
iqwlmyqzyf
nxpwddvuyf
twfglfspqo
$
no
$
no
$
$
mxpjkzkbcg
hktuusqsdg
ckiwvuvxmt
rvuqsenkyt
nzxreblxij
$
$
$
ihmggvgzil
cpyilmgmlj
cufozcvslb
mzhozzwsye
$
$
no
$
zyezmzckai
koulvtjthy
jqpzuitqcw
$
$
$
no
$
kmpywbvkgl
vlpeemnoav
lkujhqqchc
qpzhcrqllp
$
no
$
no
$
no
$
jzxzpdlrab
wmshwinulw
risfpysgef
muafevjpws
lndlmbleai
$
yfihdnnjyh
mdsvyynhko
jjwgaabacz
kziipblujw
szqtxhtdnb
$
$
lndtqckwwb
dnvgeqmsbf
hcaaigjvgq
cisyhteawh
peyanzlyem
expkjyunxi
dwylnujgwb
$
aythzyajsw
xjdkkizube
lyqsrubigi
osnsvdsegq
xfpncwrhqf
$
no
$
prlbxakgmp
jgnfnjlgsj
tclixejuxn
pgzbczkoff
$
$
xfzbdyaxth
bzswzokiwe
hhvpehcxbh
$
kflphyqxsr
ofjfnxkvub
fjjkxrrsuw
jdcxkrykui
bfrglghbfs
$
$
$
nolvrdwwpy
datawrgozi
wqpoyddwja
tyiueokgvq
znytkbwtlb
$
no
$
no
$
no
$
$
$
no
$
$
no
$
no
$
no
$
xdqwhkilgw
rfynimxoce
rbfhaaabrw
teonvhclkx
rcjdlwbsrl
$
rpgkizfcpg
$
no
$
nyizrqiank
$
$
no
$
no
$
no
$
gjovesjgpq
$
zxogbuqegn
vjspyoxifi
rhsjgqvflb
$
$
chngqjtrxu
wkpoqlvsnh
iafymwknev
cyphuauugc
bdhytyzlhc
$
tssxzsheql
cgqftxwqbo
ecgatvyudd
$
no
$
$
$
no
$
$
no
$
$
akzapvbtgm
zutolxkunc
jpesdpkxpf
eaqaxulhaj
ofjfnxkvub
$
no
$
ripexvgwza
tiksysgzjd
nyizrqiank
hdjnuaqayy
zjdbintngw
$
wxqxyymhme
svksuermfn
xuvtckipqh
eoroisvifk
$
biyqlnptak
ubsoblfpzb
cgsowpnvvs
fgzrgmkzuf
ohqbwdoczt
$
mzhozzwsye
edkiksoasr
xthzclxkqz
zgeqlpccte
vwzfoliqwg
$
no
$
$
$
awozwngnbq
bdnhwojltl
lknjapujlz
$
no
$
$
$
cechkitrur
wjggovzbor
hsmvetiydx
vzjeojljiq
oavpvcrtim
$
nyizrqiank
$
no
$
$
nkqianhpjl
dyuyigyyfo
dqszmklebz
aoyfgibyli
zhjyfekcwk
$
no
$
$
no
$
$
no
$
nyizrqiank
$
$
$
no
$
$
no
$
jqpzuitqcw
rpgkizfcpg
lnrueclced
ecgatvyudd
ikexxtbduk
$
no
$
$
$
no
$
$
no
$
no
$
nnsnknufjq
gwpsacwbcn
wvkjspwfaa
lhuioktwqx
$
$
zlevvsbmgb
yswkgnafcq
sywfrgqdhi
aheyfnpbwa
ufvrvdbpua
$
$
sfzlhepyot
flejcpgjni
yvlhluveqp
kmfqhoivzo
cisyhteawh
$
hernfewrhd
$
zorbrkgfig
xkhqjrbiqs
hdjnuaqayy
wqyjneruip
teridribre
$
no
$
nrbwaowozq
mmcmwtmgok
omuvxxacot
joeapixdzr
wmshwinulw
$
$
no
$
$
bvqpfkdfaw
gewxuqjhgp
kmhsxcpvmj
qamjrdapuk
$
no
$
kmhsxcpvmj
xpnmedawqi
sqhmksmgpz
tyiueokgvq
bnktpnjxrp
$
$
ilpdeaentt
rocyevorxr
osnsvdsegq
rcjazezfwi
$
no
$
bpwojviilh
teridribre
outgobeilw
rpgkizfcpg
prshixiwvv
$
lqeiaywxcs
diopngrpai
jcesmfingj
lpaiilqdyt
iilktlpria
$
ewipjxzofu
usgfoynysd
gahkqrmjwa
qouotscwkp
numafthmll
$
no
$
no
$
$
$
epgwehqnfb
vtwrftzljm
dyogcijhqr
josbwcxwnt
$
$
no
$
frgaaeeckp
rykuogcepc
tllbdhvgod
odhiyrolhg
jwbrtpnvvf
$
$
$
axuajwaacx
ygsvzwjkeq
hhvpehcxbh
nyizrqiank
$
bmjucstwnz
qsluunluzo
ayepxaknpm
ycrbxsuajf
$
$
ryybiipmfp
fpxbpkxpmf
icabmyarlm
ohuseqcwtg
sfzlhepyot
$
xuvtckipqh
svksuermfn
jhfnbamqrv
dxgqjuvqwp
$
$
yrzdgneqpc
xvbgtlgcfw
qfhflhwfsd
dghccbupcb
qhrvjstviu
$
no
$
nvfmttvlyo
elwdnwhdet
nsftphvqiw
cdpczmsvcl
ljklyfofgk
$
fpxbpkxpmf
fydpuueqiu
vzumalpekd
jzzfsuscsd
$
$
$
yrzdgneqpc
msqhtfqhjt
krfsisdwgp
rvuqsenkyt
$
ftjpbixfmf
kfftsfxbrf
kidgjlcyhj
cpumfeqwki
etbscqsshu
$
$
no
$
no
$
no
$
no
$
no
$
$
yzructugal
brwqlqxiuj
hczwxmqzij
wxedbwoppe
cisyhteawh
$
$
no
$
no
$
no
$
no
$
xjdkkizube
wmtyqdtnzy
diopngrpai
ewipjxzofu
$
angxnwbehl
badtewxeol
lzppdpuals
azqyvenzji
$
no
$
irzqzlguxv
$
byokrinwpg
mxpjkzkbcg
qfhflhwfsd
fdeyypssek
dxzkkwvvol
$
no
$
no
$
no
$
uhorsvxrce
mwvilxzrup
uffvcypcps
jnjsyymgkh
$
no
$
dyficijarp
fpxbpkxpmf
bfrglghbfs
qpzhcrqllp
fbaykynexx
$
gpmivvkemg
kmpywbvkgl
fiizwmkvch
wqdmkshzxt
aerpnxibzm
$
$
no
$
$
no
$
$
$
no
$
$
eefzucmtft
taxoqkcwrj
xijxdgoarg
mhhhgwpegz
$
sjxjiqdruw
ltxgqeuwwe
eunbddgovn
atlvfanciy
csgrwzkzni
$
aodnorhfhi
dwuvldarcz
lcmmzjpduj
kziipblujw
rwegogoimb
$
$
$
gjovesjgpq
wersuvpbbp
shhdrmingk
ojprenseus
$
$
no
$
no
$
no
$
no
$
no
$
vetmrpbajl
qliysqljgr
rbhzkghnqh
lkjjidttnq
mmvxcjbiwt
$
lrdgyvhlij
ihmggvgzil
cpbtohabah
veqxxhfbgk
wkqiedmbha
$
$
$
iwyrzoukgg
syesddhgag
yrnduilvlb
qgyeveoqto
vxvihksyte
$
$
rcitqpiluy
sdekeefgxg
agmhfottmh
fwapiwqslt
sukjhicuaw
dtuuofsdkx
$
cgtcodzmrb
detmrlzwok
dusivqzfth
erxncxioez
$
no
$
lqaajxzceh
dxzkkwvvol
peyanzlyem
expkjyunxi
ttbzlyydbl
$
no
$
$
hfdxsmxoyw
ljtxkuiapt
ljklyfofgk
cbqauoires
wxedbwoppe
$
qghyarvask
sdbcfcrykv
dyogcijhqr
vwzfoliqwg
$
no
$
no
$
fiouvbelwe
fxqeasxkaa
bosoliwzce
frgaaeeckp
ghxdwybkzc
$
vjuaimvyhd
wersuvpbbp
gjovesjgpq
uvkdaajtov
$
xqkecobrfn
xjmmpvlglz
vzjeojljiq
pixjkastli
bbqewsmujx
$
$
hernfewrhd
veqxxhfbgk
wkqiedmbha
nrbwaowozq
nyizrqiank
$
no
$
no
$
$
awonreuyki
ythakwvaxy
vlkiitjqdp
kmpzaivxmw
$
no
$
no
$
pixjkastli
uzybbtkssj
zyezmzckai
lpaiilqdyt
ppgwyihdhh
$
tfrweyqypy
irrjfjrqwu
tiksysgzjd
etbscqsshu
$
no
$
hernfewrhd
pryqlgwrru
dtkrpsqzlh
uaalrtxjus
$
lnrueclced
bogjtsvdfo
bxrcegspeo
fbmcgzkebo
dyagilwvbj
$
zyjvoykuxy
btnqpihtth
cisyhteawh
vxvihksyte
kdmjzjkavi
$
gtglaqlrdc
wnxeqnwubf
svzgrahwqy
njdshcjbxr
$
$
no
$
$
$
wkboodqhoy
mhhhgwpegz
nfpkzsemop
badtewxeol
angxnwbehl
$
$
no
$
hczwxmqzij
brwqlqxiuj
wqpoyddwja
vkugakyvov
wxqxyymhme
$
no
$
no
$
no
$
alkwabwpti
drocwbguya
lpgskahhyg
xrimeqzzfi
cqtgfdwuql
$
fydpuueqiu
bhkubybbhd
rolayzvrqb
vtwrftzljm
$
no
$
$
no
$
$
no
$
adwjhbxdlc
bpwojviilh
teridribre
outgobeilw
gwpsacwbcn
$
jmhjcvtjvf
fgzrgmkzuf
ppthiafuzh
jezkxyclac
hjhfyxlddf
$
no
$
no
$
vwzfoliqwg
fpxbpkxpmf
ezykkzvnfq
$
no
$
$
$
no
$
no
$
$
no
$
$
no
$
no
$
tssxzsheql
kqmdxfcepe
wqpoyddwja
puoyrptbvx
$
no
$
bexqvzfejf
koqvnsxfyv
wdhoojfwie
ljzfjbshot
yervfdfkiy
$
$
kdhbfcbwfd
iwyrzoukgg
gtglaqlrdc
wnxeqnwubf
izrqrmbcfj
$
$
fuzlrqvdxf
ixwvqdwcby
osfloejkqg
ohqbwdoczt
aotpghlwev
$
$
cgsowpnvvs
iqobtcpyjr
fdeyypssek
ihmggvgzil
$
$
no
$
$
$
vmrdeuggzi
nfpkzsemop
tgmumdgdwi
biyqlnptak
vibyiaxdwp
$
lndlmbleai
kxasotmtyy
tvobbdnrsl
qanhjhaijg
$
$
xjmmpvlglz
wewlmqbdrz
rnnvthsxre
lthkdnfatf
qiaobqcavt
$
gkrevypuvi
qfhflhwfsd
vzumalpekd
iwyrzoukgg
$
aythzyajsw
nntclophdu
jrqkzcykae
iehqqybays
ingwzcrcjt
$
rykuogcepc
ingwzcrcjt
omefpxgkiy
fleiaperki
$
$
eajfcqtxep
qfhflhwfsd
udrvshqsze
yhywmbkedf
uiewmvhkjc
$
no
$
$
no
$
aotpghlwev
ohqbwdoczt
zhjyfekcwk
fkqagbjmvu
$
$
no
$
no
$
no
$
udaftmjydm
wmnhpfztte
jafjivofzg
maoqvtytnc
zorbrkgfig
$
xuvtckipqh
gcilioeopg
aoyfgibyli
ixctvyywyv
$
no
$
no
$
$
no
$
$
bosoliwzce
wdhoojfwie
lubzjzwfhn
ythakwvaxy
zjdbintngw
$
no
$
csgrwzkzni
zhpkrdrfgf
asjcugcyqq
bxrcegspeo
fbmcgzkebo
$
qzgnejqepl
ozzlglsusp
ezmpaggmhp
sqhmksmgpz
eefzucmtft
$
ajzkscgfii
etbscqsshu
xdqwhkilgw
zikqsvrgiq
fpaeaajozo
$
tjyahossze
irzqzlguxv
bhkubybbhd
dxgqjuvqwp
$
$
no
$
fwapiwqslt
iekpqnfawu
yfqwtjseph
$
$
psqdmbbzsv
ygimbvljiv
pvkfdwrvrb
dyficijarp
oswpigrtdf
$
dumlbeuuhk
spdinobsdl
zjplxxvafl
ofjfnxkvub
$
mvyouugdiv
cntchvmpok
wqpoyddwja
nwupaxbxwt
lcelghgwry
$
$
biyqlnptak
outgobeilw
jrqkzcykae
lfbdvezuaa
sdekeefgxg
$
wtzbmkccqa
$
nekskfkkik
iybzvqlwvs
riuomwxqjk
koulvtjthy
rppcxcqqmi
$
no
$
hsicrcgauh
vwtozwhilh
jgnfnjlgsj
ppehryupoo
snwvnhzutj
$
no
$
pnxmxqeqqm
zbkbcaltiq
texitlfkmu
gtglaqlrdc
aheyfnpbwa
$
nfltltcfhg
wguuiaqpzc
isceinmvtb
cechkitrur
$
no
$
no
$
qyppszmuoq
jotgxumhyy
krfsisdwgp
msqhtfqhjt
ekoqthojbm
$
ovvlluhxlh
udrvshqsze
kxrflgjszc
veqxxhfbgk
wkwrxqdlou
$
no
$
no
$
$
$
$
no
$
no
$
cechkitrur
wjggovzbor
eaqaxulhaj
ofjfnxkvub
mkjehtbkfw
$
ghxdwybkzc
xthzclxkqz
cuaveyvcqb
hernfewrhd
$
no
$
$
teridribre
bpwojviilh
fbmcgzkebo
zmqsxjphpd
$
$
$
uaalrtxjus
ljtxkuiapt
cuaveyvcqb
hernfewrhd
$
izrqrmbcfj
zyezmzckai
ixctvyywyv
lyfqmrmcka
awbutqwplz
$
no
$
$
no
$
fdeyypssek
ayepxaknpm
udrvshqsze
ajakagclra
$
vvrkvkfqjx
iilktlpria
lpaiilqdyt
yhywmbkedf
etbscqsshu
brijgehfkv
$
no
$
whqlhyvjmi
xdqwhkilgw
osdlhqvnvi
xlnxbaungd
pldlwbshan
fiizwmkvch
$
unegtxmbqq
rlnkiawuox
zrqwyhzsqq
uepphfjnsy
cvgiuqngqj
$
$
$
ndantgbewj
mdsvyynhko
xqnshixezl
$
no
$
0
$
no
$
no
$
no
$
no
$
xgegnxjdex
mkcsdmhckw
czuwxywkiv
nsacuiggit
$
cyphuauugc
iafymwknev
ppthiafuzh
giygrtrylh
mfttskbonz
$
yrmseviasv
riuomwxqjk
rxbapilrha
wktjtbrfyz
$
cobapzdaql
jxodkpmeyb
wdhoojfwie
lubzjzwfhn
ythakwvaxy
$
mgnvmgwkcl
cmbwmperzf
epgwehqnfb
ixwvqdwcby
wekddanlxz
$
rnljbxsklc
scafzyizaq
tltpdzrwxy
$
no
$
$
osfqrxzgng
wevrsacvra
qanhjhaijg
puoyrptbvx
atjzopjyoa
$
no
$
no
$
qfhflhwfsd
$
$
no
$
$
$
jtiiwcohwz
ajwngvyrls
cgsowpnvvs
pkerczltdv
bxrcegspeo
$
xetwayeawx
usgfoynysd
tmerkjqbwp
edkebeeecg
$
no
$
flejcpgjni
rrgypcmxdj
jdkygnrmcd
igkawgyike
$
$
$
no
$
ohqbwdoczt
xzcymsireh
nomduowjrg
$
$
bnvlalhwpr
wvkjspwfaa
vwtozwhilh
kdmjzjkavi
fhetixijiy
$
no
$
$
no
$
owcdoiregi
yidzxizzsn
yajigkngft
vmrdeuggzi
$
$
no
$
vwtozwhilh
$
qiocyxjslr
krfsisdwgp
msqhtfqhjt
ekoqthojbm
$
$
no
$
$
qhrvjstviu
twfglfspqo
lkjjidttnq
pymeolvzpd
xdrlpqpkus
$
nasshudxyi
rbfhaaabrw
rfynimxoce
rmxpdlhqpj
$
$
edkiksoasr
pvkfdwrvrb
ygimbvljiv
gzmsvlqrah
fwssqwgpec
$
$
bnbbqrvvtw
fyezdgdkur
ekojswdmhk
kxuownlgox
$
no
$
$
nyizrqiank
$
$
taxoqkcwrj
bmnjhxksxh
hsicrcgauh
diopngrpai
ewipjxzofu
$
no
$
owcdoiregi
czuwxywkiv
rxhrkttfjp
wjggovzbor
$
qyppszmuoq
txtmdkbuvi
xcgjhxqmpa
qpzhcrqllp
fbaykynexx
$
azqyvenzji
jxodkpmeyb
wdhoojfwie
ljzfjbshot
$
jpgdxtulrk
iehqqybays
nqwpwkyhjf
edpyosfwjo
kuzchhdlkg
$
blzhxyaaix
qmphtxeylg
wtzbmkccqa
glbeyfudcy
yrnduilvlb
bnwdvmhgtr
$
vkugakyvov
ohqbwdoczt
nomduowjrg
iiqcqwwnkx
kdmjzjkavi
wvkjspwfaa
bdvbjmcjve
rnnvthsxre
rzfbrdplyu
eefzucmtft
dmqwiyctcg
izonivolks
$
$
$
no
$
zikqsvrgiq
aboxgiakcu
mwvilxzrup
ythakwvaxy
$
no
$
cbxxmukjlw
qiocyxjslr
zikqsvrgiq
nkormatgts
$
no
$
no
$
no
$
fydpuueqiu
fpxbpkxpmf
uzybbtkssj
adwjhbxdlc
jqhxkyszby
$
no
$
hsicrcgauh
riuomwxqjk
kfmkcdesrg
zyfaksjlss
$
zfqrnmnfgw
zaczwqdlve
rvxwusndin
nyizrqiank
kidhuzfzzm
$
$
$
eaqaxulhaj
cbqauoires
kjjggiadjs
ekojswdmhk
pojzkwrtkr
$
snwvnhzutj
pkerczltdv
npchssyada
ztsgvwilgw
twpcxfcwbt
$
no
$
$
$
$
no
$
no
$
$
no
$
$
$
lnkbijulzj
hqlxncuxbd
ftjpbixfmf
bswyvdrjgf
$
no
$
no
$
no
$
$
zmrbuzsiiu
ppgwyihdhh
fmbxyniryk
ajwngvyrls
foxgguvgef
$
$
ccmerduhyy
kmpywbvkgl
vlpeemnoav
brwqlqxiuj
czuwxywkiv
$
wzpmkwwotz
vltniapgzh
xpnmedawqi
dhitltrhmq
pnxmxqeqqm
$
$
no
$
$
$
eqqnaplfjc
fpaeaajozo
fepetgceqs
jkstfduxxx
fpxbpkxpmf
ryybiipmfp
$
ddvkpstetx
kxasotmtyy
atlvfanciy
kycpdwtvqn
wtxfyrwvgd
$
no
$
no
$
chdwijuykc
zjmawufsnl
bhkubybbhd
nkqianhpjl
$
$
zlevvsbmgb
azqyvenzji
zhjyfekcwk
ohqbwdoczt
aotpghlwev
$
$
no
$
no
$
$
kmfqhoivzo
auvqqmyjmx
jzxzpdlrab
wmshwinulw
rbfhaaabrw
$
yervfdfkiy
xetwayeawx
wguuiaqpzc
exhjvzavpj
nuxymlfnln
$
$
no
$
yvshenkubh
xfzbdyaxth
vlpeemnoav
cjwiqqcgst
$
no
$
$
no
$
$
$
onujfxumtq
ofkaxzdsnr
omefpxgkiy
lwzvanywpi
$
$
$
$
no
$
ntdmoljots
rzvusswsik
vtwrftzljm
gtrnsviimh
$
$
hhtffvtkkj
ikexxtbduk
lnkbijulzj
angxnwbehl
wvkjspwfaa
ukjyadrfjy
$
no
$
no
$
no
$
$
no
$
lsabctsbrg
aboxgiakcu
lyfqmrmcka
ffzivknkcc
rgupzmqflw
$
uvkdaajtov
nwupaxbxwt
kjjggiadjs
zeciasshcn
$
$
no
$
$
no
$
no
$
no
$
no
$
$
$
$
no
$
pdikedmemf
ewipjxzofu
bexqvzfejf
pixjkastli
$
no
$
no
$
jdcxkrykui
wqpoyddwja
nsacuiggit
dwylnujgwb
$
kjjggiadjs
dqjmqnbbrp
tllbdhvgod
odhiyrolhg
veqxxhfbgk
$
no
$
$
$
no
$
$
ebcysfamzm
yxbelzvtnw
ojsznnfabm
fpwfijrvdc
pxgybutilu
$
smzsxoolyr
duyhnkttfm
kxasotmtyy
$
hhvpehcxbh
yajigkngft
yidzxizzsn
hernfewrhd
jrgatogctj
$
$
no
$
no
$
no
$
$
no
$
foxgguvgef
qltvehlaqq
kjjggiadjs
psqdmbbzsv
$
no
$
$
no
$
$
no
$
xaauapztaa
uyvrscnhvy
xgeickzwum
mapyrhondf
xlnxbaungd
$
ktjjbhpyfu
ftjpbixfmf
hyagcoxtyf
foxgguvgef
bbbvmxnedm
$
$
$
$
no
$
$
$
xalfyubsca
rbhzkghnqh
lghbmjtqvi
hsicrcgauh
wktjtbrfyz
lcbewukmnx
$
no
$
$
mgnvmgwkcl
cmbwmperzf
dxgqjuvqwp
teblsxpxbm
edkebeeecg
$
no
$
$
$
bosoliwzce
wdhoojfwie
jxodkpmeyb
yhywmbkedf
pustzhsjrq
$
$
no
$
ezmpaggmhp
goevrsqoty
olnagrzyrc
twfglfspqo
kidhuzfzzm
$
ihmggvgzil
ixctvyywyv
lyfqmrmcka
ffzivknkcc
$
ycrbxsuajf
lndlmbleai
wmtyqdtnzy
ygsvzwjkeq
axuajwaacx
$
no
$
$
$
$
ikexxtbduk
ojsznnfabm
aheyfnpbwa
ktjtxaglvx
bbshzgjlrq
$
$
no
$
jrqkzcykae
outgobeilw
lknjapujlz
uaalrtxjus
irzqzlguxv
$
$
no
$
$
no
$
$
smlmyydhov
sdekeefgxg
lfbdvezuaa
xjmmpvlglz
rxhrkttfjp
$
no
$
wdhoojfwie
teztnuepsi
trqsdnpsxk
fpwfijrvdc
mpfnllhbrf
$
qzgnejqepl
rrgypcmxdj
jdkygnrmcd
xdtwygeqwx
cmzyzarqlv
$
$
jnsyvhnmof
zorlmkuxmr
lcelghgwry
ubsoblfpzb
$
no
$
no
$
no
$
nzvhslhnjf
$
$
$
no
$
aythzyajsw
bdvbjmcjve
tndxugisgv
cjiuswbsxh
$
lnkbijulzj
twfglfspqo
lkjjidttnq
rbhzkghnqh
$
no
$
$
$
$
mmvxcjbiwt
asjcugcyqq
yynnlwzjol
osfloejkqg
$
no
$
no
$
twpcxfcwbt
ztsgvwilgw
cmbwmperzf
fwapiwqslt
fpwfijrvdc
$
$
no
$
$
no
$
$
no
$
$
no
$
no
$
no
$
no
$
$
no
$
no
$
ndantgbewj
ekoqthojbm
rrgypcmxdj
qzgnejqepl
abkztlytzu
$
no
$
fiizwmkvch
pldlwbshan
vjspyoxifi
ncmjsoyirp
ljklyfofgk
$
$
$
$
$
fmdiullrpt
xgegnxjdex
goximfswid
wbhbnqxwil
motlrblcwh
$
no
$
uzybbtkssj
uujnwdbeuz
ajakagclra
xqvjlzmehb
$
$
no
$
rhsjgqvflb
$
$
no
$
$
$
$
$
$
no
$
$
no
$
no
$
msqhtfqhjt
krfsisdwgp
kdlwcgmgvq
rnkgpksqkd
lthkdnfatf
$
$
no
$
no
$
kqpumefwyi
vwtozwhilh
sdojbxudnh
fwapiwqslt
agmhfottmh
$
lwzvanywpi
josbwcxwnt
snzdmnbazx
uzqcafsvuc
$
dwyglomhda
qamjrdapuk
tltpdzrwxy
$
dyogcijhqr
josbwcxwnt
vlkiitjqdp
eeljfpewfe
vibyiaxdwp
$
cdpczmsvcl
nsftphvqiw
dumlbeuuhk
$
vjnraslmts
nmqatgevzz
kurshkqczm
$
pxodxagryp
rzfbrdplyu
ysrmvzjbbo
isceinmvtb
$
sdojbxudnh
$
csothjvrtv
iqwlmyqzyf
zbkbcaltiq
uffvcypcps
$
no
$
$
no
$
no
$
$
no
$
uldnyqqyym
cechkitrur
wjggovzbor
hsmvetiydx
tjyahossze
jotgxumhyy
$
$
$
$
$
$
no
$
idylhjhssu
$
$
srnkwxysac
osfqrxzgng
ekojswdmhk
$
$
kmpzaivxmw
lldvujilba
rbfhaaabrw
qsluunluzo
$
awogsoksum
datawrgozi
wqpoyddwja
nwupaxbxwt
$
hsicrcgauh
bmnjhxksxh
cisyhteawh
btnqpihtth
zyjvoykuxy
$
fldvstqefa
cdpczmsvcl
rlnkiawuox
$
xfpncwrhqf
ffnjbkbynu
uaalrtxjus
lknjapujlz
jgnfnjlgsj
xjlcwnpenf
$
$
$
no
$
no
$
no
$
fgbbcaczwr
rppcxcqqmi
ofkaxzdsnr
omefpxgkiy
mzcnwbsykl
$
dixaqcfmyl
yhvpkrmxyl
nsftphvqiw
cdpczmsvcl
gwpsacwbcn
$
no
$
no
$
$
no
$
no
$
no
$
no
$
$
fjjkxrrsuw
bosoliwzce
frgaaeeckp
kdhbfcbwfd
$
no
$
$
no
$
no
$
brwqlqxiuj
texitlfkmu
zbkbcaltiq
pnxmxqeqqm
$
fdeopxdhre
zorbrkgfig
ppehryupoo
jgnfnjlgsj
znytkbwtlb
$
no
$
scafzyizaq
rnljbxsklc
tykhedafhq
texitlfkmu
zbkbcaltiq
$
no
$
$
$
zaczwqdlve
rvxwusndin
mbthmyvpov
qimbhsvozd
alkwabwpti
$
no
$
zmfiylbgkv
zyezmzckai
uzybbtkssj
fpxbpkxpmf
dyficijarp
$
no
$
no
$
$
$
no
$
no
$
kskirwkihj
koqvnsxfyv
iehqqybays
nqwpwkyhjf
$
no
$
uzybbtkssj
fpxbpkxpmf
jjwgaabacz
emrfxueoks
$
no
$
$
syesddhgag
abkztlytzu
edpyosfwjo
kuzchhdlkg
$
rbfhaaabrw
hfdxsmxoyw
akzztqqyog
axuajwaacx
$
$
no
$
dnvgeqmsbf
irzqzlguxv
tjyahossze
bvxbscbvqk
edkebeeecg
$
no
$
$
$
no
$
no
$
gkrevypuvi
qfhflhwfsd
cygctcudfc
$
$
dsxrelywnw
gsbgutvthm
gzmsvlqrah
lxgpgxlcnw
gytsqmrpvh
$
ofjfnxkvub
ixwvqdwcby
fuzlrqvdxf
rnnvthsxre
puaxzzmzak
$
no
$
no
$
no
$
no
$
no
$
no
$
$
yzructugal
rgupzmqflw
zbzpqzosqr
zzxvirmjog
$
$
ilumwsxpvm
psqdmbbzsv
ygimbvljiv
pvkfdwrvrb
riuomwxqjk
$
$
xetwayeawx
segdsdlkvk
alkwabwpti
dyogcijhqr
iiqcqwwnkx
$
no
$
gpmivvkemg
krfsisdwgp
wxqxyymhme
fydpuueqiu
$
$
no
$
no
$
jzzfsuscsd
bdhytyzlhc
jjwgaabacz
fpxbpkxpmf
jkstfduxxx
$
$
no
$
gtglaqlrdc
hqcdbtoobl
rbhzkghnqh
$
yvefflayll
dtkrpsqzlh
rfdkysqsnc
owcdoiregi
$
$
no
$
$
$
fyezdgdkur
$
xfzbdyaxth
kzdisdjxrr
mxpjkzkbcg
kxuownlgox
$
owcdoiregi
awozwngnbq
fbaykynexx
$
$
$
$
$
$
lwzvanywpi
$
$
$
fkqagbjmvu
jdkygnrmcd
yhywmbkedf
xltjgczrdy
ilumwsxpvm
$
no
$
no
$
ljklyfofgk
kgztnttfte
jezkxyclac
ppthiafuzh
dwylnujgwb
$
yolxhatfyd
kuzchhdlkg
ihmggvgzil
bdhytyzlhc
$
sjxjiqdruw
hhvpehcxbh
nyizrqiank
edpyosfwjo
keepabopfy
$
no
$
jpesdpkxpf
xqnshixezl
ejksqmmwxc
vzumalpekd
$
trqsdnpsxk
teztnuepsi
wdhoojfwie
dwyglomhda
qamjrdapuk
$
ecgatvyudd
yidzxizzsn
ilpdeaentt
teonvhclkx
rcjdlwbsrl
$
vmrdeuggzi
tkhohiecxv
sjxjiqdruw
maoqvtytnc
$
whqlhyvjmi
xdqwhkilgw
rfynimxoce
iybzvqlwvs
nekskfkkik
grbgxtaxpx
$
hernfewrhd
yidzxizzsn
ecgatvyudd
pbugvknkak
kqpumefwyi
$
no
$
ckcjgyilax
nmqatgevzz
kurshkqczm
pbnzkhkvhx
badtewxeol
zsvwycjhzm
$
no
$
$
ivlprbuxit
gytsqmrpvh
czuwxywkiv
brwqlqxiuj
cpbtohabah
$
no
$
$
gvdwfganwe
$
ljklyfofgk
ncmjsoyirp
dkzghtzezp
fdodcabope
$
muafevjpws
qsluunluzo
jdcxkrykui
$
gytsqmrpvh
ivlprbuxit
svksuermfn
xydcqwqgkv
btnkyaglda
$
$
no
$
ppthiafuzh
qzmoohpscv
kqozdwmsbx
rraakzboww
zrruxmxplz
$
no
$
no
$
$
$
no
$
no
$
no
$
$
$
no
$
no
$
cvoylwfxze
eoroisvifk
ajzkscgfii
itukbxveyn
ffuiozdblz
$
lubzjzwfhn
tssxzsheql
shvkyqwrkr
jkstfduxxx
fepetgceqs
$
fxzhdtffin
akqsttkszh
vknqnkloym
pkerczltdv
omknhndxxs
$
azqyvenzji
jxodkpmeyb
edkebeeecg
teblsxpxbm
$
$
bnbbqrvvtw
fyezdgdkur
iqobtcpyjr
cgsowpnvvs
ajwngvyrls
$
iiqcqwwnkx
xzcymsireh
ohqbwdoczt
fgzrgmkzuf
$
smvzsvvpri
vetmrpbajl
kkhdimrocq
wyuzbzedsi
jwbrtpnvvf
$
no
$
texitlfkmu
vjnraslmts
blogjyinwr
snzdmnbazx
$
no
$
no
$
mbthmyvpov
lgvtfqlxgr
eeljfpewfe
vibyiaxdwp
aaskuybqyd
$
edkebeeecg
tmerkjqbwp
ljzfjbshot
brijgehfkv
$
no
$
no
$
ofjfnxkvub
mkjehtbkfw
gtrnsviimh
kgztnttfte
xfogiznkcg
voifrgtavt
$
$
qwbiwhpnlj
lzlyhheabe
hhvpehcxbh
ygsvzwjkeq
$
no
$
$
no
$
no
$
no
$
$
no
$
sdbcfcrykv
dtkrpsqzlh
dzdnarvnlx
kdlwcgmgvq
yhvpkrmxyl
$
no
$
$
$
$
jrgatogctj
gfppvejpni
iafymwknev
cisyhteawh
peyanzlyem
lhuioktwqx
$
mmvxcjbiwt
lkjjidttnq
omohclcxkh
bdnhwojltl
aotpghlwev
$
yxbelzvtnw
xqnshixezl
yolxhatfyd
wevrsacvra
$
gjovesjgpq
uvkdaajtov
mgnvmgwkcl
znqtidbmdu
rekoxvtvzl
$
fyezdgdkur
ekojswdmhk
kjjggiadjs
xuvtckipqh
pwwmllviwq
$
dtkrpsqzlh
sdbcfcrykv
ppgwyihdhh
aodnorhfhi
$
no
$
no
$
chdwijuykc
yfqwtjseph
qiocyxjslr
cbxxmukjlw
shvkyqwrkr
$
jzxzpdlrab
blzhxyaaix
qmphtxeylg
uujnwdbeuz
$
$
no
$
$
$
$
bxfjahyxoy
ybkpnsurxw
wkwbtuaepj
datawrgozi
iybzvqlwvs
$
pymeolvzpd
xdrlpqpkus
ybkpnsurxw
znytkbwtlb
$
$
no
$
no
$
$
nyizrqiank
$
no
$
$
outgobeilw
rzfbrdplyu
snvmrjhxvz
lsabctsbrg
lpgskahhyg
$
no
$
no
$
uyrojloavv
esmufiblfq
tvkueetelj
$
jqxwonqttc
flejcpgjni
olnagrzyrc
kdlpdsnivi
$
no
$
necbcdioxv
qsluunluzo
ayepxaknpm
udrvshqsze
$
no
$
no
$
$
motlrblcwh
cgqftxwqbo
hfdxsmxoyw
kycpdwtvqn
atlvfanciy
$
gnnmhwswvp
lwzvanywpi
omefpxgkiy
szsbnuhybh
dzdnarvnlx
cxgoftumur
$
no
$
$
$
$
bqnakncwrf
thncgimbgx
vjspyoxifi
rhsjgqvflb
$
no
$
qrsgzowcka
nntclophdu
iqwlmyqzyf
fkqagbjmvu
zdmjjxhndb
$
rxbapilrha
vlpeemnoav
xfzbdyaxth
qfhflhwfsd
fdeyypssek
$
no
$
rbhzkghnqh
$
$
$
no
$
$
$
$
lkmbxofaon
fubxkinczn
zfqrnmnfgw
zaczwqdlve
$
wnsldyzqdb
praxgyxetf
urnewlwkla
awogsoksum
$
$
expkjyunxi
peyanzlyem
mhzpmmykcc
zeciasshcn
$
no
$
iekpqnfawu
itlzwcxgyz
qahvgyuluk
yafegemeir
$
wguuiaqpzc
isceinmvtb
olzbsnuriy
dtuuofsdkx
swoprbqsdg
$
hkytkwvpuf
iehqqybays
zzkpopaavd
pvubpluuyt
awogsoksum
$
risfpysgef
muafevjpws
qsluunluzo
jdcxkrykui
ohuseqcwtg
$
qvrjldymvw
omefpxgkiy
wqyjneruip
hdjnuaqayy
zjdbintngw
$
no
$
$
no
$
ixhmwilqdc
eoroisvifk
vhaxeupubg
qmphtxeylg
xrmghhouqo
$
$
pqcsrkshuh
wtgemrslay
rvxwusndin
evqmpjselj
ajakagclra
$
$
zjkifdwlpl
prlbxakgmp
hyagcoxtyf
smvzsvvpri
jhrgsfzdcg
$
rnnvthsxre
rlnkiawuox
qyywbkogaw
kdlydbrcqp
$
$
$
$
no
$
$
canvgtroon
xfzbdyaxth
bzswzokiwe
nsftphvqiw
yhvpkrmxyl
$
$
bxfjahyxoy
fklzcgtfij
xjdkkizube
$
$
jaoemvxdyj
jjvgwkzjsi
bosoliwzce
risfpysgef
$
no
$
no
$
no
$
no
$
$
no
$
no
$
$
rnljbxsklc
scafzyizaq
zhjyfekcwk
nuxymlfnln
$
no
$
$
mvyouugdiv
$
no
$
no
$
$
no
$
$
ivocdymlgu
$
$
$
no
$
$
$
xfzbdyaxth
lzaujmvbdw
acwbckaand
mruictojjs
$
$
ihmggvgzil
nirwesprtj
zjmawufsnl
bhkubybbhd
risfpysgef
$
mkjehtbkfw
gtrnsviimh
vtwrftzljm
jtwyggwbzp
zorlmkuxmr
$
tmerkjqbwp
$
$
$
tjdwsgvucw
potrpusvhd
wkqiedmbha
ygimbvljiv
oosaoouaym
prshixiwvv
$
pequrgqdmk
teblsxpxbm
hsmvetiydx
tjyahossze
$
no
$
xvbgtlgcfw
srnkwxysac
qojdgvfkdb
vlpeemnoav
$
no
$
uhorsvxrce
nzvhslhnjf
drocwbguya
ysctgsivvc
qzgnejqepl
$
no
$
zyezmzckai
lpaiilqdyt
iilktlpria
vvrkvkfqjx
$
$
$
$
no
$
gtglaqlrdc
dyuyigyyfo
joeapixdzr
ztsgvwilgw
$
$
jrgatogctj
nsrjiosjfj
xqkecobrfn
xjmmpvlglz
hlpgmlwdhg
ariqcymsuk
$
fmbxyniryk
yctcmcjpgx
wguuiaqpzc
xetwayeawx
$
$
zyjvoykuxy
nkwgaivskz
eeljfpewfe
praxgyxetf
irycjbbrek
$
$
$
$
no
$
fwssqwgpec
gahkqrmjwa
xjlvnrnffw
btnqpihtth
abcnhjixdj
$
$
ghxdwybkzc
kmhsxcpvmj
qamjrdapuk
dwyglomhda
opzjsuadqy
bbqewsmujx
$
mwvilxzrup
$
$
$
uzqcafsvuc
snzdmnbazx
blogjyinwr
idylhjhssu
aaskuybqyd
$
$
$
vllgczonaf
gpmivvkemg
ktqdbzxaiq
dyuyigyyfo
fpxbpkxpmf
ryybiipmfp
$
bbqewsmujx
pixjkastli
uzybbtkssj
zyezmzckai
koulvtjthy
$
ezmpaggmhp
goevrsqoty
mmcmwtmgok
kskirwkihj
$
srfratunbw
jwbrtpnvvf
odhiyrolhg
veqxxhfbgk
gewxuqjhgp
xcgjhxqmpa
$
no
$
$
no
$
diopngrpai
$
no
$
yrnduilvlb
qgyeveoqto
rvuqsenkyt
nzxreblxij
ufvrvdbpua
$
aodnorhfhi
gzmsvlqrah
lxgpgxlcnw
wyopwmflie
$
texitlfkmu
vjnraslmts
qhrvjstviu
zzxvirmjog
$
lghbmjtqvi
$
$
qtbrfptclr
kdlpdsnivi
yctcmcjpgx
mhhcgaboha
olzbsnuriy
$
lyqsrubigi
$
no
$
$
bnnkahqivb
wmshwinulw
nsrjiosjfj
cobapzdaql
jxodkpmeyb
$
no
$
no
$
cechkitrur
isceinmvtb
ysrmvzjbbo
wjibzliaxh
gyoboqnhiz
$
nomduowjrg
akqsttkszh
oosaoouaym
awbutqwplz
$
wkboodqhoy
mhhhgwpegz
azqyvenzji
zmfiylbgkv
$
no
$
$
cjiuswbsxh
tndxugisgv
xijxdgoarg
sywfrgqdhi
pojzkwrtkr
$
$
drocwbguya
scafzyizaq
yhywmbkedf
etbscqsshu
$
no
$
no
$
kdmjzjkavi
vwtozwhilh
olzbsnuriy
dtuuofsdkx
wdhoojfwie
$
fmdiullrpt
icabmyarlm
ohuseqcwtg
lptqyzsvqn
zorbrkgfig
$
0
$
mvyouugdiv
cntchvmpok
ybkpnsurxw
xpnmedawqi
$
no
$
ybkpnsurxw
wkwbtuaepj
vlkiitjqdp
ilpdeaentt
pryqlgwrru
$
$
wmtyqdtnzy
dyagilwvbj
necbcdioxv
kdlpdsnivi
qtbrfptclr
$
ktqdbzxaiq
ttwxiwgwmi
sukjhicuaw
wxedbwoppe
$
$
no
$
jdkygnrmcd
fglcrmthxt
vwzfoliqwg
zgeqlpccte
$
$
$
no
$
no
$
$
no
$
fiizwmkvch
bnwdvmhgtr
yrnduilvlb
sdekeefgxg
akmbywegob
$
$
$
qzgnejqepl
gvdwfganwe
lyfqmrmcka
mvyjglurxa
ravscifnxp
$
$
$
$
canvgtroon
xfzbdyaxth
yajigkngft
vmrdeuggzi
$
azqyvenzji
lzppdpuals
hqlxncuxbd
vyrsflhmlk
$
$
0
$
no
$
$
no
$
no
$
no
$
kqmdxfcepe
ojsznnfabm
praxgyxetf
zikqsvrgiq
ncmjsoyirp
$
ihmggvgzil
cpbtohabah
veqxxhfbgk
odhiyrolhg
jwbrtpnvvf
$
afhpgzfxug
bbffuoyshc
kzdisdjxrr
bxfjahyxoy
wzpmkwwotz
$
ryybiipmfp
rkklyjslyc
iqobtcpyjr
cgsowpnvvs
pkerczltdv
bxrcegspeo
$
xaauapztaa
uyvrscnhvy
xgeickzwum
trqsdnpsxk
$
no
$
cvgvkwulvk
ftjpbixfmf
fgbbcaczwr
fxqeasxkaa
bosoliwzce
$
no
$
$
no
$
no
$
no
$
pldlwbshan
ikexxtbduk
josbwcxwnt
snzdmnbazx
$
xdrlpqpkus
ybkpnsurxw
znytkbwtlb
eeljfpewfe
$
$
pymeolvzpd
ejksqmmwxc
vzumalpekd
ebcysfamzm
hwbjtkxgzl
$
$
$
mjnltsdoyr
koqvnsxfyv
qfbygtwawg
tfrweyqypy
irrjfjrqwu
$
no
$
$
cvoylwfxze
wmtyqdtnzy
dyuyigyyfo
$
lghbmjtqvi
rbhzkghnqh
lkjjidttnq
omohclcxkh
wnrndkrdqw
$
zyezmzckai
koulvtjthy
eunbddgovn
$
ztsgvwilgw
koulvtjthy
nyizrqiank
rvxwusndin
mbthmyvpov
$
ofjfnxkvub
ixwvqdwcby
necbcdioxv
bvqpfkdfaw
kxasotmtyy
$
no
$
wxqxyymhme
krfsisdwgp
msqhtfqhjt
ingwzcrcjt
$
nzvhslhnjf
xvbgtlgcfw
srnkwxysac
osfqrxzgng
qrsgzowcka
$
vllgczonaf
mgxiooypow
emqegdfngv
tvqqbcsevu
glbeyfudcy
$
$
no
$
$
no
$
$
no
$
no
$
$
$
fckcxnsrrl
wguuiaqpzc
isceinmvtb
$
no
$
$
cbxxmukjlw
glqtapdtms
bogjtsvdfo
wvkjspwfaa
bfrglghbfs
$
xfpncwrhqf
osnsvdsegq
praxgyxetf
nqwpwkyhjf
ccmerduhyy
$
isceinmvtb
ysrmvzjbbo
kfftsfxbrf
quyjaxahfw
$
$
no
$
$
rgupzmqflw
$
no
$
no
$
fydpuueqiu
vzumalpekd
iwyrzoukgg
ysctgsivvc
$
no
$
$
no
$
yetqlptslp
ohuseqcwtg
sfzlhepyot
jcesmfingj
$
no
$
$
no
$
lztdbypmww
uffvcypcps
nyfglxecty
bxfjahyxoy
bhkubybbhd
nkqianhpjl
$
no
$
ubsoblfpzb
cgsowpnvvs
ajwngvyrls
kceuabwljl
snvmrjhxvz
$
eeljfpewfe
praxgyxetf
nqwpwkyhjf
drocwbguya
ysctgsivvc
$
no
$
kdlwcgmgvq
wjibzliaxh
ysrmvzjbbo
zorlmkuxmr
$
$
qiocyxjslr
loiagyqntz
gewxuqjhgp
xcgjhxqmpa
lnjdnndwyr
$
gfxttvvnre
xjuqtrsjee
nkfsjumomb
spdinobsdl
zjplxxvafl
ofjfnxkvub
$
no
$
no
$
$
no
$
atjzopjyoa
uuxacegsjt
ovtfyvrmhs
cobapzdaql
xjlvnrnffw
$
no
$
no
$
no
$
maoqvtytnc
jafjivofzg
vknqnkloym
awbutqwplz
aotpghlwev
$
rfdkysqsnc
jzzfsuscsd
odhiyrolhg
jwbrtpnvvf
wyuzbzedsi
$
no
$
cpyilmgmlj
vchlzdqkig
rcjazezfwi
vwzfoliqwg
mwhkgaezdc
$
nyizrqiank
tiksysgzjd
itukbxveyn
kskirwkihj
eefzucmtft
$
$
qzmcpnvfdu
xetwayeawx
oavpvcrtim
cwilbkdxab
bhkubybbhd
$
$
$
batakvrqfv
rvxwusndin
mbthmyvpov
qimbhsvozd
kujiutxlwc
btnkyaglda
$
$
no
$
szqtxhtdnb
lfstnarbgn
mzcnwbsykl
angxnwbehl
zbkbcaltiq
$
$
no
$
no
$
no
$
no
$
xpnmedawqi
zjmawufsnl
chdwijuykc
aodnorhfhi
$
fpxbpkxpmf
jkstfduxxx
kfmkcdesrg
dasyhdugeq
$
no
$
$
$
no
$
0
$
$
fzcltpiouz
wyrfsusbdi
wkqiedmbha
ygimbvljiv
aeprpnrchf
$
no
$
no
$
rcjdlwbsrl
teonvhclkx
rghisbtwbz
fpxbpkxpmf
$
no
$
yzructugal
akqsttkszh
cmbwmperzf
fwapiwqslt
agmhfottmh
$
no
$
blzhxyaaix
bfrglghbfs
$
no
$
no
$
xlnxbaungd
pxodxagryp
rzfbrdplyu
mhuwqjmqjw
$
ariqcymsuk
hlpgmlwdhg
xjmmpvlglz
lfbdvezuaa
sdekeefgxg
akmbywegob
$
no
$
eefzucmtft
bnnkahqivb
sfvqzudsph
jtiiwcohwz
kuzchhdlkg
$
$
$
snzdmnbazx
blogjyinwr
qzmoohpscv
ppthiafuzh
qltvehlaqq
whqlhyvjmi
$
sdekeefgxg
ivlprbuxit
michnhtyoc
$
$
$
$
$
no
$
oebnreyblz
ixctvyywyv
scafzyizaq
itukbxveyn
qouotscwkp
$
$
yzzcgklbsp
jnsyvhnmof
npchssyada
nnsnknufjq
rxodqqbfvo
$
jzxzpdlrab
blogjyinwr
snzdmnbazx
sdojbxudnh
drocwbguya
$
no
$
$
cjwiqqcgst
vlpeemnoav
kdhbfcbwfd
dyogcijhqr
iiqcqwwnkx
$
$
$
ubsoblfpzb
mhzpmmykcc
fsvzstgocx
$
no
$
0
$
gtrnsviimh
vtwrftzljm
vjnraslmts
kidhuzfzzm
aoyfgibyli
$
txtmdkbuvi
wvkjspwfaa
ukjyadrfjy
vhaxeupubg
$
$
wbhbnqxwil
loiagyqntz
gewxuqjhgp
vxxorqbxbg
batakvrqfv
$
no
$
$
no
$
$
no
$
$
zbkbcaltiq
zhpkrdrfgf
jkstfduxxx
fpxbpkxpmf
$
no
$
vjspyoxifi
thncgimbgx
xjlvnrnffw
ofmezrhssy
eoroisvifk
$
wmzstqyvgz
$
$
$
no
$
$
no
$
$
no
$
$
no
$
no
$
$
$
ilpdeaentt
ppehryupoo
bqhfaytzwu
acwbckaand
wmzstqyvgz
sagwhfvrbs
$
$
rpgkizfcpg
jqpzuitqcw
chngqjtrxu
wkpoqlvsnh
wkwrxqdlou
$
0
$
no
$
no
$
no
$
$
$
scafzyizaq
itukbxveyn
wevrsacvra
osfqrxzgng
$
no
$
$
giygrtrylh
vllgczonaf
hsmvetiydx
wjggovzbor
$
$
$
no
$
no
$
vnteglgtbv
xetwayeawx
wyopwmflie
kdlwcgmgvq
yhvpkrmxyl
$
igkawgyike
$
$
no
$
pbugvknkak
kqpumefwyi
lndlmbleai
kxasotmtyy
$
wnxeqnwubf
izrqrmbcfj
lxgpgxlcnw
kdlpdsnivi
yctcmcjpgx
$
$
$
no
$
$
$
no
$
$
$
afhpgzfxug
akzapvbtgm
cobapzdaql
igffejrvmh
$
zorbrkgfig
hfffnbiwzl
xjlvnrnffw
thncgimbgx
kmpzaivxmw
bltebfjmuy
$
no
$
yes
$
no
$
ysctgsivvc
drocwbguya
nqwpwkyhjf
ingwzcrcjt
rykuogcepc
$
no
$
no
$
no
$
no
$
no
$
nsrjiosjfj
xqkecobrfn
giygrtrylh
ztsgvwilgw
koulvtjthy
$
no
$
no
$
$
$
angxnwbehl
zbkbcaltiq
texitlfkmu
izrqrmbcfj
$
$
nyizrqiank
$
no
$
tssxzsheql
cgqftxwqbo
ffzivknkcc
lyfqmrmcka
$
srfratunbw
nupkcilkcm
mhuwqjmqjw
xdtwygeqwx
teonvhclkx
$
riiwyfsbjb
cisyhteawh
hcaaigjvgq
glbeyfudcy
$
no
$
rbfdfptuqn
xydcqwqgkv
nkwgaivskz
yzzcgklbsp
puaxzzmzak
$
no
$
ztsgvwilgw
twpcxfcwbt
xpnmedawqi
xjlvnrnffw
ofmezrhssy
$
no
$
no
$
no
$
no
$
jkstfduxxx
fpxbpkxpmf
tlbratifzq
ffnjbkbynu
hjhfyxlddf
$
no
$
no
$
0
$
wjggovzbor
eaqaxulhaj
zbkbcaltiq
ayepxaknpm
ulttokdgqs
$
ktqdbzxaiq
dyuyigyyfo
bhkubybbhd
hzfazoiehs
awonreuyki
$
no
$
$
ihmggvgzil
qvrjldymvw
omefpxgkiy
ckiwvuvxmt
$
no
$
ppgwyihdhh
zmrbuzsiiu
chngqjtrxu
bvqpfkdfaw
irqaxfmdtp
$
$
$
no
$
$
$
no
$
no
$
yervfdfkiy
$
$
qouotscwkp
itukbxveyn
kskirwkihj
awozwngnbq
uldnyqqyym
$
$
qzgnejqepl
gvdwfganwe
fmbxyniryk
ajwngvyrls
omefpxgkiy
jmhjcvtjvf
$
no
$
jswzzrmezo
hcaaigjvgq
zrqwyhzsqq
jcesmfingj
ncmjsoyirp
$
$
tfrweyqypy
zyezmzckai
krfsisdwgp
wxqxyymhme
zrdgdyfkps
$
$
no
$
$
zhpkrdrfgf
csgrwzkzni
emqegdfngv
tvqqbcsevu
glbeyfudcy
$
qyppszmuoq
yglquyihfn
gcilioeopg
nsftphvqiw
bzswzokiwe
$
no
$
ttbzlyydbl
iehqqybays
zzkpopaavd
yonbysvipn
ejksqmmwxc
$
$
uzyzrzbrcz
lztdbypmww
vwzgftswdu
wvkjspwfaa
lhuioktwqx
$
$
hwbjtkxgzl
ztsgvwilgw
koulvtjthy
nyizrqiank
tmerkjqbwp
$
no
$
$
$
tndxugisgv
$
$
zrdgdyfkps
etbscqsshu
yhywmbkedf
qanhjhaijg
puoyrptbvx
$
no
$
no
$
isceinmvtb
rfdkysqsnc
ayepxaknpm
zbkbcaltiq
pnxmxqeqqm
$
pryqlgwrru
outgobeilw
teridribre
ffzivknkcc
hlpgmlwdhg
ariqcymsuk
$
no
$
$
lndlmbleai
$
sjxjiqdruw
ltxgqeuwwe
ktjjbhpyfu
wvkjspwfaa
bogjtsvdfo
$
$
$
juetarsnla
jnjsyymgkh
fepetgceqs
afhpgzfxug
lptqyzsvqn
$
no
$
$
no
$
no
$
no
$
no
$
no
$
no
$
$
segdsdlkvk
pgzbczkoff
lpgskahhyg
nxpwddvuyf
swoprbqsdg
$
no
$
yfihdnnjyh
mdsvyynhko
mhzpmmykcc
axuajwaacx
akzztqqyog
$
no
$
tclixejuxn
cjiuswbsxh
ivlprbuxit
bzswzokiwe
mgnvmgwkcl
$
hatakllchs
vzjmnsnntc
rmxpdlhqpj
sjlgfnhugn
cufozcvslb
$
$
dutkretuca
csxbvcliki
ovtfyvrmhs
jezkxyclac
$
no
$
no
$
$
fepetgceqs
jkstfduxxx
pbugvknkak
ykjbzodroj
$
no
$
$
no
$
no
$
$
no
$
no
$
$
$
pixjkastli
nirwesprtj
akzztqqyog
upollzbjef
ikexxtbduk
$
no
$
$
no
$
aijrmalzdc
dusivqzfth
erxncxioez
necbcdioxv
pojzkwrtkr
jhrgsfzdcg
$
$
no
$
no
$
$
ohuseqcwtg
icabmyarlm
lgvtfqlxgr
yxpfsyneby
omohclcxkh
$
tmerkjqbwp
texitlfkmu
tykhedafhq
nkfsjumomb
ofkaxzdsnr
$
$
no
$
no
$
$
no
$
fbaykynexx
awozwngnbq
owcdoiregi
uhorsvxrce
cgsowpnvvs
$
$
vzumalpekd
mruictojjs
acwbckaand
lzaujmvbdw
$
no
$
no
$
$
no
$
$
$
bnvlalhwpr
wvkjspwfaa
vwzgftswdu
agmhfottmh
sdekeefgxg
$
no
$
nyizrqiank
hhvpehcxbh
sjxjiqdruw
maoqvtytnc
$
no
$
no
$
pnxmxqeqqm
bvqpfkdfaw
gewxuqjhgp
loiagyqntz
tvqqbcsevu
$
pwwmllviwq
vltniapgzh
wzpmkwwotz
dutkretuca
pojzkwrtkr
myvmglupcr
$
$
mvyjglurxa
lyfqmrmcka
ffzivknkcc
$
mhhcgaboha
brwqlqxiuj
czuwxywkiv
bxrcegspeo
fbmcgzkebo
$
kurshkqczm
pbnzkhkvhx
badtewxeol
kfftsfxbrf
qugyscfyyq
$
$
no
$
$
lndtqckwwb
dnvgeqmsbf
hcaaigjvgq
cisyhteawh
sywfrgqdhi
juetarsnla
$
no
$
eodazfqzge
rbfdfptuqn
eunbddgovn
pryqlgwrru
yynnlwzjol
osfloejkqg
$
fleiaperki
xuvtckipqh
akqsttkszh
nomduowjrg
xzcymsireh
$
no
$
gzmsvlqrah
fwssqwgpec
zjdbintngw
ythakwvaxy
$
no
$
no
$
$
no
$
$
no
$
keufytgphd
cuohecidoo
czuwxywkiv
$
no
$
no
$
$
$
qpzhcrqllp
bfrglghbfs
wvkjspwfaa
xzcymsireh
nomduowjrg
$
no
$
pbnzkhkvhx
svpihhajxp
nyizrqiank
rvxwusndin
$
$
no
$
kskirwkihj
sdbcfcrykv
dyogcijhqr
vwzfoliqwg
bbshzgjlrq
$
no
$
no
$
$
pequrgqdmk
whgwpbgvok
nmqatgevzz
ckcjgyilax
$
kzdisdjxrr
ojsznnfabm
aheyfnpbwa
rfynimxoce
$
$
qhrvjstviu
tvobbdnrsl
aboxgiakcu
zikqsvrgiq
nkormatgts
$
$
srfratunbw
nupkcilkcm
lztdbypmww
zhjyfekcwk
advrngksca
emrfxueoks
$
adpisnpemq
uffvcypcps
uujnwdbeuz
bdnhwojltl
aotpghlwev
$
no
$
pzpzrbakqe
atjouiprrq
rnnvthsxre
itukbxveyn
qouotscwkp
$
$
potrpusvhd
tjdwsgvucw
oavpvcrtim
lqeiaywxcs
fpaeaajozo
eqqnaplfjc
$
no
$
$
qfbygtwawg
fhetixijiy
dzdnarvnlx
dvkjzljiev
$
$
xjdkkizube
bqnakncwrf
thncgimbgx
kmpzaivxmw
$
omefpxgkiy
ingwzcrcjt
iehqqybays
$
$
$
$
dyficijarp
fpxbpkxpmf
dyuyigyyfo
$
juetarsnla
shvkyqwrkr
qfbygtwawg
koqvnsxfyv
mjnltsdoyr
$
no
$
$
$
no
$
no
$
dixaqcfmyl
ycrbxsuajf
wxedbwoppe
$
no
$
kceuabwljl
ajwngvyrls
omefpxgkiy
qvrjldymvw
cbxxmukjlw
$
no
$
no
$
$
$
yajigkngft
hhvpehcxbh
smvzsvvpri
ubsoblfpzb
lcelghgwry
$
qanhjhaijg
cptqzkuoaj
lnrueclced
bogjtsvdfo
$
no
$
no
$
$
$
btnkyaglda
rraakzboww
kqozdwmsbx
hqlxncuxbd
$
$
ihmggvgzil
cvgiuqngqj
fpqiuqwmrz
kflphyqxsr
$
$
$
npchssyada
nnsnknufjq
rzvusswsik
wkboodqhoy
$
zbzpqzosqr
tknbiwmirv
dghccbupcb
shhdrmingk
zgeqlpccte
ggqzwmeicb
$
$
$
0
$
$
koqvnsxfyv
wdhoojfwie
zxogbuqegn
ulrmuratax
tjdwsgvucw
$
omohclcxkh
ewipjxzofu
cpyilmgmlj
sfzlhepyot
rraakzboww
$
ablspnrjyk
hatakllchs
gtrnsviimh
mkjehtbkfw
prshixiwvv
$
$
no
$
no
$
dqszmklebz
$
$
$
vyjwtkhrnb
$
lptqyzsvqn
dixaqcfmyl
yhvpkrmxyl
nsftphvqiw
elwdnwhdet
$
yes
$
svksuermfn
jhfnbamqrv
dxgqjuvqwp
cmbwmperzf
$
0
$
$
vchlzdqkig
emrfxueoks
tlrfrnprtc
vyjwtkhrnb
ltxgqeuwwe
$
$
no
$
xthzclxkqz
edkiksoasr
ykjbzodroj
zjmawufsnl
nirwesprtj
$
no
$
$
axkalvqhrg
wmshwinulw
elwdnwhdet
nsftphvqiw
dumlbeuuhk
$
$
$
no
$
no
$
no
$
$
no
$
dqszmklebz
xjuqtrsjee
thncgimbgx
bqnakncwrf
$
no
$
$
no
$
uiewmvhkjc
iudygbfqgx
ckiwvuvxmt
vxvihksyte
$
no
$
hhvpehcxbh
gtrnsviimh
kgztnttfte
rcitqpiluy
$
$
no
$
pequrgqdmk
qugyscfyyq
kfftsfxbrf
ftjpbixfmf
dmqwiyctcg
$
wpaiebgafq
nptvdfvmwy
svpihhajxp
ddvkpstetx
$
iybzvqlwvs
awogsoksum
itlzwcxgyz
czuwxywkiv
bxrcegspeo
$
no
$
$
$
no
$
$
$
ljzfjbshot
$
$
$
wlvguhnljd
lgvtfqlxgr
yvefflayll
ekojswdmhk
ljzlgxhlgn
$
xjlcwnpenf
jcesmfingj
gvdwfganwe
bxfjahyxoy
$
no
$
no
$
$
no
$
xdtwygeqwx
$
wglqrvlznl
rhsjgqvflb
rppcxcqqmi
vyrsflhmlk
msqhtfqhjt
$
awonreuyki
ljklyfofgk
svzgrahwqy
yhywmbkedf
$
ucrezdxqbf
yynnlwzjol
cjwiqqcgst
ddvkpstetx
$
rekoxvtvzl
wtgemrslay
bxrcegspeo
uyvrscnhvy
hyagcoxtyf
lhbbosqqyx
$
$
yes
$
$
$
iybzvqlwvs
$
$
xpnmedawqi
ybkpnsurxw
bxfjahyxoy
rrgypcmxdj
$
no
$
$
$
xetwayeawx
vnteglgtbv
zbzpqzosqr
mpfnllhbrf
zlatavlohs
$
$
$
$
$
mmcmwtmgok
kskirwkihj
sdbcfcrykv
bmjucstwnz
ggqzwmeicb
$
ppehryupoo
pbugvknkak
awonreuyki
hmvbivcdtk
$
no
$
$
no
$
no
$
no
$
itukbxveyn
rnnvthsxre
lthkdnfatf
cvbxrdpbbm
$
no
$
atjouiprrq
pzpzrbakqe
yhywmbkedf
etbscqsshu
kbmwwkhwqp
$
no
$
$
$
asjcugcyqq
bxrcegspeo
uyvrscnhvy
xgeickzwum
$
$
$
yxtfkecnlm
bswyvdrjgf
xlnxbaungd
rehdzfwsft
$
$
uxzcmixgyh
datawrgozi
nolvrdwwpy
lcelghgwry
ubsoblfpzb
$
qghyarvask
wzpmkwwotz
vltniapgzh
hsphatpmot
lyfqmrmcka
$
hsphatpmot
lyfqmrmcka
gvdwfganwe
dsmaolrwed
$
$
no
$
zrqwyhzsqq
hcaaigjvgq
vtwrftzljm
rolayzvrqb
$
nfltltcfhg
hfdxsmxoyw
ljtxkuiapt
uaalrtxjus
rwegogoimb
$
aeprpnrchf
aotpghlwev
mgxiooypow
yfqwtjseph
oaeppsahok
$
no
$
jkstfduxxx
shvkyqwrkr
cbxxmukjlw
cjwiqqcgst
$
$
zjplxxvafl
rrgypcmxdj
jdkygnrmcd
aqfnzfbjyq
uyrojloavv
$
$
no
$
no
$
no
$
irycjbbrek
praxgyxetf
ojsznnfabm
fepetgceqs
$
$
qfhflhwfsd
eajfcqtxep
zorlmkuxmr
jnsyvhnmof
awozwngnbq
$
no
$
no
$
$
$
no
$
no
$
$
edkebeeecg
szsbnuhybh
qwbiwhpnlj
lzlyhheabe
lztdbypmww
$
$
no
$
zjmawufsnl
bhkubybbhd
rxhrkttfjp
xjmmpvlglz
$
psqdmbbzsv
ilumwsxpvm
nasshudxyi
yxtfkecnlm
$
$
no
$
no
$
no
$
jqxwonqttc
flejcpgjni
irqaxfmdtp
ibeeiuocgw
ivlprbuxit
michnhtyoc
$
$
no
$
no
$
no
$
$
no
$
no
$
jfwdddtjnu
lkujhqqchc
olnagrzyrc
kdlpdsnivi
jtiiwcohwz
$
puoyrptbvx
wqpoyddwja
cntchvmpok
jhrgsfzdcg
smvzsvvpri
$
yakzdgzvao
csothjvrtv
lyyemuxuou
mfojebvwpr
$
vibyiaxdwp
sjlgfnhugn
qyppszmuoq
whgwpbgvok
$
vlpeemnoav
$
$
$
no
$
igffejrvmh
bxrcegspeo
uepphfjnsy
lptqyzsvqn
zorbrkgfig
$
$
$
no
$
no
$
ncmjsoyirp
zikqsvrgiq
bbshzgjlrq
gytsqmrpvh
czuwxywkiv
$
no
$
$
nrbwaowozq
nyizrqiank
cgqftxwqbo
$
pixjkastli
zjdbintngw
ythakwvaxy
krfsisdwgp
wxqxyymhme
$
wmtyqdtnzy
dyagilwvbj
edkebeeecg
fpqiuqwmrz
kflphyqxsr
$
syesddhgag
tjyahossze
jotgxumhyy
iehqqybays
uyrojloavv
$
rocyevorxr
ilpdeaentt
ktjtxaglvx
ufvrvdbpua
knkymzsrxz
$
$
no
$
fmdiullrpt
wnrndkrdqw
ffuiozdblz
fdeyypssek
aexaomefkw
$
udaftmjydm
mhhcgaboha
osfqrxzgng
gkgiimhgep
$
no
$
no
$
kdmjzjkavi
ablspnrjyk
hatakllchs
fepetgceqs
jkstfduxxx
$
bswyvdrjgf
ftjpbixfmf
ktjjbhpyfu
wvkjspwfaa
$
veqxxhfbgk
hernfewrhd
sqhmksmgpz
ezmpaggmhp
$
wekddanlxz
qyppszmuoq
wxedbwoppe
sukjhicuaw
ttwxiwgwmi
$
mpfnllhbrf
iqwlmyqzyf
wkqiedmbha
veqxxhfbgk
scafzyizaq
tltpdzrwxy
$
btnkyaglda
yakxtnfynt
jzxzpdlrab
blzhxyaaix
qmphtxeylg
$
no
$
irmfuupoiw
omuvxxacot
joeapixdzr
ztsgvwilgw
$
no
$
uepphfjnsy
rnkgpksqkd
iqwlmyqzyf
wkqiedmbha
$
$
no
$
$
yolxhatfyd
pewkbmriog
atlvfanciy
csgrwzkzni
xfogiznkcg
$
$
fsvzstgocx
ekojswdmhk
fyezdgdkur
nsftphvqiw
yhvpkrmxyl
$
tssxzsheql
cbpxilblap
cuaveyvcqb
xdtwygeqwx
$
$
no
$
no
$
no
$
no
$
no
$
no
$
rnkgpksqkd
kdlwcgmgvq
giygrtrylh
mfttskbonz
$
$
csgrwzkzni
zhpkrdrfgf
xemhjanylw
kzdisdjxrr
bbffuoyshc
$
no
$
rcjdlwbsrl
vetmrpbajl
iqwlmyqzyf
mpfnllhbrf
zlatavlohs
$
yvshenkubh
mkcsdmhckw
chngqjtrxu
lldvujilba
oaeppsahok
$
nsftphvqiw
elwdnwhdet
wmshwinulw
wtxfyrwvgd
$
zmrbuzsiiu
qwbiwhpnlj
rraakzboww
btnkyaglda
hkytkwvpuf
$
wjggovzbor
rxhrkttfjp
lghbmjtqvi
rbhzkghnqh
ljzfjbshot
$
$
ucrezdxqbf
wzpmkwwotz
kuzchhdlkg
edpyosfwjo
keepabopfy
$
no
$
$
dqszmklebz
ebcysfamzm
$
no
$
no
$
texitlfkmu
vjnraslmts
iafymwknev
cisyhteawh
$
$
zlatavlohs
pojzkwrtkr
necbcdioxv
xqnshixezl
yxbelzvtnw
$
osdlhqvnvi
vlpeemnoav
kdhbfcbwfd
frgaaeeckp
pwwmllviwq
$
no
$
no
$
no
$
no
$
no
$
zjmawufsnl
chdwijuykc
cdpczmsvcl
zrqwyhzsqq
$
no
$
$
rxodqqbfvo
nnsnknufjq
xpnmedawqi
zjmawufsnl
$
xjlvnrnffw
thncgimbgx
lndlmbleai
muafevjpws
$
no
$
no
$
no
$
$
foxgguvgef
wmnhpfztte
jafjivofzg
maoqvtytnc
wnxeqnwubf
$
no
$
nsrjiosjfj
wmshwinulw
cvbxrdpbbm
egcocmtbrc
$
yppipgsoje
ulrmuratax
tvobbdnrsl
fpwfijrvdc
$
no
$
fwssqwgpec
gzmsvlqrah
ttwxiwgwmi
teonvhclkx
rcjdlwbsrl
$
$
ilumwsxpvm
nasshudxyi
rbfhaaabrw
qsluunluzo
wewlmqbdrz
$
jgnfnjlgsj
qyywbkogaw
bqnakncwrf
krrzeyhmmf
yrnduilvlb
$
no
$
no
$
no
$
$
frgaaeeckp
pxgybutilu
zyfaksjlss
mzhozzwsye
sdxfcrtmau
$
icabmyarlm
fpxbpkxpmf
bfrglghbfs
segdsdlkvk
$
fjjkxrrsuw
$
no
$
yxpfsyneby
lgvtfqlxgr
eeljfpewfe
fjoqkxzfwt
vjuaimvyhd
$
dyuyigyyfo
$
$
dghccbupcb
qhrvjstviu
twfglfspqo
mhhcgaboha
yctcmcjpgx
$
no
$
$
$
afhpgzfxug
wtzbmkccqa
jnsyvhnmof
zorlmkuxmr
$
no
$
no
$
no
$
sagwhfvrbs
wmzstqyvgz
yzhykvclzx
qfbygtwawg
tfrweyqypy
epgwehqnfb
$
$
omknhndxxs
pkerczltdv
duyhnkttfm
kxasotmtyy
atlvfanciy
$
no
$
$
pvubpluuyt
zzkpopaavd
atfiervgba
ljtxkuiapt
$
huvlaczsiz
vjnraslmts
ktjtxaglvx
lfbdvezuaa
sdekeefgxg
$
no
$
pbnzkhkvhx
vlpeemnoav
kmpywbvkgl
wqyjneruip
$
no
$
pequrgqdmk
jokmgutdlx
bqnakncwrf
psnsyrmkgk
$
no
$
no
$
$
no
$
kziipblujw
atlvfanciy
csgrwzkzni
emqegdfngv
$
iehqqybays
$
$
$
itlazwaozu
eaqaxulhaj
jafjivofzg
uaalrtxjus
$
cvbxrdpbbm
segdsdlkvk
vxmzmbrlmc
zorlmkuxmr
eajfcqtxep
$
no
$
ukjyadrfjy
wvkjspwfaa
kdlwcgmgvq
kdlydbrcqp
nmqatgevzz
$
$
abkztlytzu
edpyosfwjo
nqwpwkyhjf
rolayzvrqb
yvlhluveqp
$
$
$
qvrjldymvw
omefpxgkiy
ckiwvuvxmt
ncmjsoyirp
aijrmalzdc
$
no
$
brijgehfkv
aqfnzfbjyq
xdrlpqpkus
necbcdioxv
erxncxioez
$
$
kqozdwmsbx
hqlxncuxbd
kmpzaivxmw
rzvusswsik
$
no
$
ibeeiuocgw
ivlprbuxit
cjiuswbsxh
drocwbguya
syesddhgag
$
$
vltniapgzh
wzpmkwwotz
dutkretuca
ggslnxeqwv
tssxzsheql
$
lzlyhheabe
pbugvknkak
jkstfduxxx
ljtxkuiapt
xrmghhouqo
$
$
no
$
no
$
mzxqmpjfex
cgqftxwqbo
nyizrqiank
hktuusqsdg
ckiwvuvxmt
$
whgwpbgvok
ygsvzwjkeq
vwzgftswdu
cuaveyvcqb
mzcnwbsykl
$
$
no
$
$
zjplxxvafl
rrgypcmxdj
jdkygnrmcd
fkqagbjmvu
zmqsxjphpd
$
no
$
pkerczltdv
uffvcypcps
jnjsyymgkh
sdbcfcrykv
tclixejuxn
$
unegtxmbqq
duyhnkttfm
mdsvyynhko
jjwgaabacz
ntdmoljots
$
no
$
no
$
no
$
tjdwsgvucw
oavpvcrtim
fiizwmkvch
idylhjhssu
sdxfcrtmau
$
wktjtbrfyz
rxbapilrha
riuomwxqjk
yrmseviasv
cntchvmpok
$
no
$
$
$
$
$
no
$
no
$
no
$
no
$
wmtyqdtnzy
dyuyigyyfo
tjyahossze
$
myvmglupcr
vxxorqbxbg
kfmkcdesrg
giygrtrylh
$
uyvrscnhvy
xgeickzwum
mapyrhondf
akzapvbtgm
$
vjuaimvyhd
tvkueetelj
ajakagclra
pzpzrbakqe
$
kxuownlgox
$
uzybbtkssj
adwjhbxdlc
gewxuqjhgp
huvlaczsiz
$
no
$
fiosmkjlks
kmfqhoivzo
wbhbnqxwil
loiagyqntz
tvqqbcsevu
$
no
$
$
$
rcitqpiluy
uujnwdbeuz
bdnhwojltl
hdjnuaqayy
$
$
ppthiafuzh
fgzrgmkzuf
aeprpnrchf
aotpghlwev
pewkbmriog
$
knkymzsrxz
ufvrvdbpua
diopngrpai
tkhohiecxv
$
wdhoojfwie
jxodkpmeyb
chngqjtrxu
rzvusswsik
nnsnknufjq
$
$
no
$
$
no
$
$
no
$
qzgnejqepl
gvdwfganwe
lcbewukmnx
wktjtbrfyz
fpwfijrvdc
$
hqlxncuxbd
lnkbijulzj
twfglfspqo
swoprbqsdg
fleiaperki
$
no
$
vllgczonaf
$
$
cbpxilblap
cuaveyvcqb
mhzpmmykcc
njdshcjbxr
$
$
$
no
$
no
$
pvkfdwrvrb
riuomwxqjk
upollzbjef
iehqqybays
nqwpwkyhjf
$
ppehryupoo
ilpdeaentt
urnewlwkla
csothjvrtv
qbsdxwuteu
$
nkfsjumomb
xjuqtrsjee
ddvkpstetx
cjwiqqcgst
pewkbmriog
$
no
$
no
$
no
$
no
$
no
$
btnkyaglda
xydcqwqgkv
tvkueetelj
itlzwcxgyz
adpisnpemq
$
bnwdvmhgtr
fiizwmkvch
idylhjhssu
blogjyinwr
dwuvldarcz
$
no
$
$
$
iafymwknev
bmjucstwnz
chdwijuykc
zjmawufsnl
nirwesprtj
$
pwwmllviwq
vltniapgzh
qiaobqcavt
rkklyjslyc
iqobtcpyjr
$
$
izonivolks
rolayzvrqb
ltxgqeuwwe
kdmgfgwdrq
fjjkxrrsuw
$
$
$
no
$
$
$
no
$
no
$
no
$
$
no
$
0
$
xfpncwrhqf
$
$
no
$
no
$
no
$
$
no
$
yzzcgklbsp
irrjfjrqwu
wyrfsusbdi
wkqiedmbha
ygimbvljiv
$
$
no
$
bswyvdrjgf
ftjpbixfmf
dmqwiyctcg
mzxqmpjfex
$
no
$
$
$
sdxfcrtmau
$
$
$
$
uyvrscnhvy
michnhtyoc
dqszmklebz
sjxjiqdruw
$
djvxmfmhgt
trqsdnpsxk
pixjkastli
evqmpjselj
$
no
$
$
no
$
vllgczonaf
$
mzcnwbsykl
omefpxgkiy
lwzvanywpi
lfbdvezuaa
$
ecupuylmfv
dixaqcfmyl
lztdbypmww
uzyzrzbrcz
$
no
$
no
$
no
$
no
$
no
$
no
$
yervfdfkiy
ljzfjbshot
brijgehfkv
aqfnzfbjyq
akmbywegob
$
$
fckcxnsrrl
ndantgbewj
ekoqthojbm
ppthiafuzh
qzmoohpscv
$
no
$
wtzbmkccqa
xcluszlodn
ihmggvgzil
cpbtohabah
veqxxhfbgk
$
no
$
no
$
no
$
ygimbvljiv
cpbtohabah
brwqlqxiuj
$
yswkgnafcq
fhetixijiy
qfhflhwfsd
bdhytyzlhc
$
no
$
no
$
no
$
$
$
$
$
$
fldvstqefa
cdpczmsvcl
zrqwyhzsqq
awozwngnbq
kskirwkihj
bnwdvmhgtr
$
no
$
snzdmnbazx
sdojbxudnh
batakvrqfv
wersuvpbbp
gjovesjgpq
$
no
$
$
$
$
no
$
no
$
detmrlzwok
lcmmzjpduj
mqixtxplzm
zsvwycjhzm
$
wbhbnqxwil
goximfswid
xjlvnrnffw
tjdwsgvucw
$
no
$
no
$
smzsxoolyr
dxgqjuvqwp
bhkubybbhd
jnsyvhnmof
qahvgyuluk
$
yvshenkubh
mwvilxzrup
uffvcypcps
koulvtjthy
$
no
$
eefzucmtft
fgbbcaczwr
dwyglomhda
zwouxdmeop
ffzivknkcc
$
$
$
$
$
$
no
$
owcdoiregi
nkwgaivskz
jzzfsuscsd
wdhoojfwie
dwyglomhda
$
$
gzysqtjmqw
xcluszlodn
ihmggvgzil
qvrjldymvw
xrimeqzzfi
$
yakzdgzvao
osnsvdsegq
praxgyxetf
tndxugisgv
$
no
$
$
no
$
$
no
$
no
$
fbmcgzkebo
bpwojviilh
adwjhbxdlc
gewxuqjhgp
qzmoohpscv
$
$
no
$
$
no
$
udrvshqsze
hsicrcgauh
vwtozwhilh
gkgiimhgep
$
$
no
$
