$
no
$
yes
$
yes
$
yes
$
yes
$
yes
$
no
$
yes
$
yes
$
yes
$
yes
$
yes
$
no
$
yes
$
yes
$
yes
$
yes
$
yes
$
no
$
yes
$
yes
$
yes
$
yes
$
yes
$
no
$
epsilon
beta
delta
gamma
$
epsilon
delta
gamma
$
epsilon
beta
delta
$
epsilon
beta
gamma
$
beta
delta
gamma
$
delta
epsilon
gamma
$
delta
alpha
epsilon
gamma
$
delta
alpha
epsilon
$
alpha
epsilon
gamma
$
delta
alpha
gamma
$
delta
epsilon
beta
$
delta
epsilon
alpha
$
delta
epsilon
alpha
beta
$
epsilon
alpha
beta
$
delta
alpha
beta
$
gamma
beta
epsilon
$
gamma
alpha
epsilon
$
beta
alpha
epsilon
$
gamma
beta
alpha
epsilon
$
gamma
beta
alpha
$
gamma
beta
delta
$
alpha
gamma
delta
$
alpha
beta
delta
$
alpha
gamma
beta
$
alpha
gamma
beta
delta
$
alpha
$
alpha
beta
$
alpha
gamma
$
alpha
delta
$
alpha
epsilon
$
beta
alpha
$
beta
$
beta
gamma
$
beta
delta
$
beta
epsilon
$
gamma
alpha
$
gamma
beta
$
gamma
$
gamma
delta
$
gamma
epsilon
$
delta
alpha
$
delta
beta
$
delta
gamma
$
delta
$
delta
epsilon
$
epsilon
alpha
$
epsilon
beta
$
epsilon
gamma
$
epsilon
delta
$
epsilon
$
0
$
alpha
beta
gamma
delta
epsilon
$
