$
no
$
yes
$
no
$
yes
$
no
$
yes
$
no
$
no
$
no
$
no
$
no
$
no
$
no
$
no
$
yes
$
yes
$
no
$
no
$
no
$
yes
$
no
$
no
$
yes
$
yes
$
no
$
beta
delta
$
$
$
$
delta
$
$
alpha
$
$
alpha
$
$
$
$
epsilon
$
epsilon
$
$
$
alpha
$
epsilon
$
alpha
epsilon
$
$
delta
$
$
$
$
gamma
delta
$
alpha
$
alpha
beta
$
alpha
delta
epsilon
gamma
$
alpha
delta
$
alpha
delta
epsilon
$
beta
alpha
$
beta
$
beta
alpha
delta
epsilon
gamma
$
beta
alpha
delta
$
beta
alpha
delta
epsilon
$
gamma
epsilon
delta
alpha
$
gamma
epsilon
delta
alpha
beta
$
gamma
$
gamma
epsilon
delta
$
gamma
epsilon
$
delta
alpha
$
delta
alpha
beta
$
delta
epsilon
gamma
$
delta
$
delta
epsilon
$
epsilon
delta
alpha
$
epsilon
delta
alpha
beta
$
epsilon
gamma
$
epsilon
delta
$
epsilon
$
0
$
delta
$
